In clock cycle: 2
Register Write to Reg: 0x00 Val: 0x00000000
In clock cycle: 3
Register Write to Reg: 0x00 Val: 0x00000000
In clock cycle: 4
Register Write to Reg: 0x01 Val: 0x12340000
In clock cycle: 7
Register Write to Reg: 0x01 Val: 0x12345678
In clock cycle: 10
Register Write to Reg: 0x01 Val: 0x2468ACF0
In clock cycle: 13
Register Write to Reg: 0x01 Val: 0x12340000
In clock cycle: 16
Register Write to Reg: 0x01 Val: 0x12345678
In clock cycle: 19
Register Write to Reg: 0x02 Val: 0x12345678
In clock cycle: 20
Register Write to Reg: 0x01 Val: 0x12340000
In clock cycle: 23
Register Write to Reg: 0x01 Val: 0x12345678
In clock cycle: 26
Register Write to Reg: 0x03 Val: 0x12345678
In clock cycle: 27
Register Write to Reg: 0x01 Val: 0x12340000
In clock cycle: 30
Register Write to Reg: 0x01 Val: 0x12345678
In clock cycle: 33
Register Write to Reg: 0x04 Val: 0x12345678
In clock cycle: 34
Register Write to Reg: 0x01 Val: 0x12340000
In clock cycle: 37
Register Write to Reg: 0x01 Val: 0x12345678
In clock cycle: 40
Register Write to Reg: 0x05 Val: 0x12345678
In clock cycle: 41
Register Write to Reg: 0x01 Val: 0x12340000
In clock cycle: 44
Register Write to Reg: 0x01 Val: 0x12345678
In clock cycle: 47
Register Write to Reg: 0x06 Val: 0x12345678
In clock cycle: 48
Register Write to Reg: 0x01 Val: 0x12340000
In clock cycle: 51
Register Write to Reg: 0x01 Val: 0x12345678
In clock cycle: 54
Register Write to Reg: 0x07 Val: 0x12345678
In clock cycle: 55
Register Write to Reg: 0x01 Val: 0x12340000
In clock cycle: 58
Register Write to Reg: 0x01 Val: 0x12345678
In clock cycle: 61
Register Write to Reg: 0x08 Val: 0x12345678
In clock cycle: 62
Register Write to Reg: 0x01 Val: 0x12340000
In clock cycle: 65
Register Write to Reg: 0x01 Val: 0x12345678
In clock cycle: 68
Register Write to Reg: 0x09 Val: 0x12345678
In clock cycle: 69
Register Write to Reg: 0x01 Val: 0x12340000
In clock cycle: 72
Register Write to Reg: 0x01 Val: 0x12345678
In clock cycle: 75
Register Write to Reg: 0x0A Val: 0x12345678
In clock cycle: 76
Register Write to Reg: 0x01 Val: 0x12340000
In clock cycle: 79
Register Write to Reg: 0x01 Val: 0x12345678
In clock cycle: 82
Register Write to Reg: 0x0B Val: 0x12345678
In clock cycle: 83
Register Write to Reg: 0x01 Val: 0x12340000
In clock cycle: 86
Register Write to Reg: 0x01 Val: 0x12345678
In clock cycle: 89
Register Write to Reg: 0x0C Val: 0x12345678
In clock cycle: 90
Register Write to Reg: 0x01 Val: 0x12340000
In clock cycle: 93
Register Write to Reg: 0x01 Val: 0x12345678
In clock cycle: 96
Register Write to Reg: 0x0D Val: 0x12345678
In clock cycle: 97
Register Write to Reg: 0x01 Val: 0x12340000
In clock cycle: 100
Register Write to Reg: 0x01 Val: 0x12345678
In clock cycle: 103
Register Write to Reg: 0x0E Val: 0x12345678
In clock cycle: 104
Register Write to Reg: 0x01 Val: 0x12340000
In clock cycle: 107
Register Write to Reg: 0x01 Val: 0x12345678
In clock cycle: 110
Register Write to Reg: 0x0F Val: 0x12345678
In clock cycle: 111
Register Write to Reg: 0x01 Val: 0x12340000
In clock cycle: 114
Register Write to Reg: 0x01 Val: 0x12345678
In clock cycle: 117
Register Write to Reg: 0x10 Val: 0x12345678
In clock cycle: 118
Register Write to Reg: 0x01 Val: 0x12340000
In clock cycle: 121
Register Write to Reg: 0x01 Val: 0x12345678
In clock cycle: 124
Register Write to Reg: 0x11 Val: 0x12345678
In clock cycle: 125
Register Write to Reg: 0x01 Val: 0x12340000
In clock cycle: 128
Register Write to Reg: 0x01 Val: 0x12345678
In clock cycle: 131
Register Write to Reg: 0x12 Val: 0x12345678
In clock cycle: 132
Register Write to Reg: 0x01 Val: 0x12340000
In clock cycle: 135
Register Write to Reg: 0x01 Val: 0x12345678
In clock cycle: 138
Register Write to Reg: 0x13 Val: 0x12345678
In clock cycle: 139
Register Write to Reg: 0x01 Val: 0x12340000
In clock cycle: 142
Register Write to Reg: 0x01 Val: 0x12345678
In clock cycle: 145
Register Write to Reg: 0x14 Val: 0x12345678
In clock cycle: 146
Register Write to Reg: 0x01 Val: 0x12340000
In clock cycle: 149
Register Write to Reg: 0x01 Val: 0x12345678
In clock cycle: 152
Register Write to Reg: 0x15 Val: 0x12345678
In clock cycle: 153
Register Write to Reg: 0x01 Val: 0x12340000
In clock cycle: 156
Register Write to Reg: 0x01 Val: 0x12345678
In clock cycle: 159
Register Write to Reg: 0x16 Val: 0x12345678
In clock cycle: 160
Register Write to Reg: 0x01 Val: 0x12340000
In clock cycle: 163
Register Write to Reg: 0x01 Val: 0x12345678
In clock cycle: 166
Register Write to Reg: 0x17 Val: 0x12345678
In clock cycle: 167
Register Write to Reg: 0x01 Val: 0x12340000
In clock cycle: 170
Register Write to Reg: 0x01 Val: 0x12345678
In clock cycle: 173
Register Write to Reg: 0x18 Val: 0x12345678
In clock cycle: 174
Register Write to Reg: 0x01 Val: 0x12340000
In clock cycle: 177
Register Write to Reg: 0x01 Val: 0x12345678
In clock cycle: 180
Register Write to Reg: 0x19 Val: 0x12345678
In clock cycle: 181
Register Write to Reg: 0x01 Val: 0x12340000
In clock cycle: 184
Register Write to Reg: 0x01 Val: 0x12345678
In clock cycle: 187
Register Write to Reg: 0x1A Val: 0x12345678
In clock cycle: 188
Register Write to Reg: 0x01 Val: 0x12340000
In clock cycle: 191
Register Write to Reg: 0x01 Val: 0x12345678
In clock cycle: 194
Register Write to Reg: 0x1B Val: 0x12345678
In clock cycle: 195
Register Write to Reg: 0x01 Val: 0x091A2B3C
In clock cycle: 198
Register Write to Reg: 0x01 Val: 0x02468ACF
In clock cycle: 201
Register Write to Reg: 0x01 Val: 0x002468AC
In clock cycle: 204
Register Write to Reg: 0x01 Val: 0x00002468
In clock cycle: 207
Register Write to Reg: 0x01 Val: 0x00000000
In clock cycle: 208
Register Write to Reg: 0x02 Val: 0x091A2B3C
In clock cycle: 211
Register Write to Reg: 0x02 Val: 0x02468ACF
In clock cycle: 214
Register Write to Reg: 0x02 Val: 0x002468AC
In clock cycle: 217
Register Write to Reg: 0x02 Val: 0x00002468
In clock cycle: 220
Register Write to Reg: 0x02 Val: 0x00000000
In clock cycle: 221
Register Write to Reg: 0x03 Val: 0x091A2B3C
In clock cycle: 224
Register Write to Reg: 0x03 Val: 0x02468ACF
In clock cycle: 227
Register Write to Reg: 0x03 Val: 0x002468AC
In clock cycle: 230
Register Write to Reg: 0x03 Val: 0x00002468
In clock cycle: 233
Register Write to Reg: 0x03 Val: 0x00000000
In clock cycle: 234
Register Write to Reg: 0x04 Val: 0x091A2B3C
In clock cycle: 237
Register Write to Reg: 0x04 Val: 0x02468ACF
In clock cycle: 240
Register Write to Reg: 0x04 Val: 0x002468AC
In clock cycle: 243
Register Write to Reg: 0x04 Val: 0x00002468
In clock cycle: 246
Register Write to Reg: 0x04 Val: 0x00000000
In clock cycle: 247
Register Write to Reg: 0x05 Val: 0x091A2B3C
In clock cycle: 250
Register Write to Reg: 0x05 Val: 0x02468ACF
In clock cycle: 253
Register Write to Reg: 0x05 Val: 0x002468AC
In clock cycle: 256
Register Write to Reg: 0x05 Val: 0x00002468
In clock cycle: 259
Register Write to Reg: 0x05 Val: 0x00000000
In clock cycle: 260
Register Write to Reg: 0x06 Val: 0x091A2B3C
In clock cycle: 263
Register Write to Reg: 0x06 Val: 0x02468ACF
In clock cycle: 266
Register Write to Reg: 0x06 Val: 0x002468AC
In clock cycle: 269
Register Write to Reg: 0x06 Val: 0x00002468
In clock cycle: 272
Register Write to Reg: 0x06 Val: 0x00000000
In clock cycle: 273
Register Write to Reg: 0x07 Val: 0x091A2B3C
In clock cycle: 276
Register Write to Reg: 0x07 Val: 0x02468ACF
In clock cycle: 279
Register Write to Reg: 0x07 Val: 0x002468AC
In clock cycle: 282
Register Write to Reg: 0x07 Val: 0x00002468
In clock cycle: 285
Register Write to Reg: 0x07 Val: 0x00000000
In clock cycle: 286
Register Write to Reg: 0x08 Val: 0x091A2B3C
In clock cycle: 289
Register Write to Reg: 0x08 Val: 0x02468ACF
In clock cycle: 292
Register Write to Reg: 0x08 Val: 0x002468AC
In clock cycle: 295
Register Write to Reg: 0x08 Val: 0x00002468
In clock cycle: 298
Register Write to Reg: 0x08 Val: 0x00000000
In clock cycle: 299
Register Write to Reg: 0x09 Val: 0x091A2B3C
In clock cycle: 302
Register Write to Reg: 0x09 Val: 0x02468ACF
In clock cycle: 305
Register Write to Reg: 0x09 Val: 0x002468AC
In clock cycle: 308
Register Write to Reg: 0x09 Val: 0x00002468
In clock cycle: 311
Register Write to Reg: 0x09 Val: 0x00000000
In clock cycle: 312
Register Write to Reg: 0x0A Val: 0x091A2B3C
In clock cycle: 315
Register Write to Reg: 0x0A Val: 0x02468ACF
In clock cycle: 318
Register Write to Reg: 0x0A Val: 0x002468AC
In clock cycle: 321
Register Write to Reg: 0x0A Val: 0x00002468
In clock cycle: 324
Register Write to Reg: 0x0A Val: 0x00000000
In clock cycle: 325
Register Write to Reg: 0x0B Val: 0x091A2B3C
In clock cycle: 328
Register Write to Reg: 0x0B Val: 0x02468ACF
In clock cycle: 331
Register Write to Reg: 0x0B Val: 0x002468AC
In clock cycle: 334
Register Write to Reg: 0x0B Val: 0x00002468
In clock cycle: 337
Register Write to Reg: 0x0B Val: 0x00000000
In clock cycle: 338
Register Write to Reg: 0x0C Val: 0x091A2B3C
In clock cycle: 341
Register Write to Reg: 0x0C Val: 0x02468ACF
In clock cycle: 344
Register Write to Reg: 0x0C Val: 0x002468AC
In clock cycle: 347
Register Write to Reg: 0x0C Val: 0x00002468
In clock cycle: 350
Register Write to Reg: 0x0C Val: 0x00000000
In clock cycle: 351
Register Write to Reg: 0x0D Val: 0x091A2B3C
In clock cycle: 354
Register Write to Reg: 0x0D Val: 0x02468ACF
In clock cycle: 357
Register Write to Reg: 0x0D Val: 0x002468AC
In clock cycle: 360
Register Write to Reg: 0x0D Val: 0x00002468
In clock cycle: 363
Register Write to Reg: 0x0D Val: 0x00000000
In clock cycle: 364
Register Write to Reg: 0x0E Val: 0x091A2B3C
In clock cycle: 367
Register Write to Reg: 0x0E Val: 0x02468ACF
In clock cycle: 370
Register Write to Reg: 0x0E Val: 0x002468AC
In clock cycle: 373
Register Write to Reg: 0x0E Val: 0x00002468
In clock cycle: 376
Register Write to Reg: 0x0E Val: 0x00000000
In clock cycle: 377
Register Write to Reg: 0x0F Val: 0x091A2B3C
In clock cycle: 380
Register Write to Reg: 0x0F Val: 0x02468ACF
In clock cycle: 383
Register Write to Reg: 0x0F Val: 0x002468AC
In clock cycle: 386
Register Write to Reg: 0x0F Val: 0x00002468
In clock cycle: 389
Register Write to Reg: 0x0F Val: 0x00000000
In clock cycle: 390
Register Write to Reg: 0x10 Val: 0x091A2B3C
In clock cycle: 393
Register Write to Reg: 0x10 Val: 0x02468ACF
In clock cycle: 396
Register Write to Reg: 0x10 Val: 0x002468AC
In clock cycle: 399
Register Write to Reg: 0x10 Val: 0x00002468
In clock cycle: 402
Register Write to Reg: 0x10 Val: 0x00000000
In clock cycle: 403
Register Write to Reg: 0x11 Val: 0x091A2B3C
In clock cycle: 406
Register Write to Reg: 0x11 Val: 0x02468ACF
In clock cycle: 409
Register Write to Reg: 0x11 Val: 0x002468AC
In clock cycle: 412
Register Write to Reg: 0x11 Val: 0x00002468
In clock cycle: 415
Register Write to Reg: 0x11 Val: 0x00000000
In clock cycle: 416
Register Write to Reg: 0x12 Val: 0x091A2B3C
In clock cycle: 419
Register Write to Reg: 0x12 Val: 0x02468ACF
In clock cycle: 422
Register Write to Reg: 0x12 Val: 0x002468AC
In clock cycle: 425
Register Write to Reg: 0x12 Val: 0x00002468
In clock cycle: 428
Register Write to Reg: 0x12 Val: 0x00000000
In clock cycle: 429
Register Write to Reg: 0x13 Val: 0x091A2B3C
In clock cycle: 432
Register Write to Reg: 0x13 Val: 0x02468ACF
In clock cycle: 435
Register Write to Reg: 0x13 Val: 0x002468AC
In clock cycle: 438
Register Write to Reg: 0x13 Val: 0x00002468
In clock cycle: 441
Register Write to Reg: 0x13 Val: 0x00000000
In clock cycle: 442
Register Write to Reg: 0x14 Val: 0x091A2B3C
In clock cycle: 445
Register Write to Reg: 0x14 Val: 0x02468ACF
In clock cycle: 448
Register Write to Reg: 0x14 Val: 0x002468AC
In clock cycle: 451
Register Write to Reg: 0x14 Val: 0x00002468
In clock cycle: 454
Register Write to Reg: 0x14 Val: 0x00000000
In clock cycle: 455
Register Write to Reg: 0x15 Val: 0x091A2B3C
In clock cycle: 458
Register Write to Reg: 0x15 Val: 0x02468ACF
In clock cycle: 461
Register Write to Reg: 0x15 Val: 0x002468AC
In clock cycle: 464
Register Write to Reg: 0x15 Val: 0x00002468
In clock cycle: 467
Register Write to Reg: 0x15 Val: 0x00000000
In clock cycle: 468
Register Write to Reg: 0x16 Val: 0x091A2B3C
In clock cycle: 471
Register Write to Reg: 0x16 Val: 0x02468ACF
In clock cycle: 474
Register Write to Reg: 0x16 Val: 0x002468AC
In clock cycle: 477
Register Write to Reg: 0x16 Val: 0x00002468
In clock cycle: 480
Register Write to Reg: 0x16 Val: 0x00000000
In clock cycle: 481
Register Write to Reg: 0x17 Val: 0x091A2B3C
In clock cycle: 484
Register Write to Reg: 0x17 Val: 0x02468ACF
In clock cycle: 487
Register Write to Reg: 0x17 Val: 0x002468AC
In clock cycle: 490
Register Write to Reg: 0x17 Val: 0x00002468
In clock cycle: 493
Register Write to Reg: 0x17 Val: 0x00000000
In clock cycle: 494
Register Write to Reg: 0x18 Val: 0x091A2B3C
In clock cycle: 497
Register Write to Reg: 0x18 Val: 0x02468ACF
In clock cycle: 500
Register Write to Reg: 0x18 Val: 0x002468AC
In clock cycle: 503
Register Write to Reg: 0x18 Val: 0x00002468
In clock cycle: 506
Register Write to Reg: 0x18 Val: 0x00000000
In clock cycle: 507
Register Write to Reg: 0x19 Val: 0x091A2B3C
In clock cycle: 510
Register Write to Reg: 0x19 Val: 0x02468ACF
In clock cycle: 513
Register Write to Reg: 0x19 Val: 0x002468AC
In clock cycle: 516
Register Write to Reg: 0x19 Val: 0x00002468
In clock cycle: 519
Register Write to Reg: 0x19 Val: 0x00000000
In clock cycle: 520
Register Write to Reg: 0x1A Val: 0x091A2B3C
In clock cycle: 523
Register Write to Reg: 0x1A Val: 0x02468ACF
In clock cycle: 526
Register Write to Reg: 0x1A Val: 0x002468AC
In clock cycle: 529
Register Write to Reg: 0x1A Val: 0x00002468
In clock cycle: 532
Register Write to Reg: 0x1A Val: 0x00000000
In clock cycle: 533
Register Write to Reg: 0x1B Val: 0x091A2B3C
In clock cycle: 536
Register Write to Reg: 0x1B Val: 0x02468ACF
In clock cycle: 539
Register Write to Reg: 0x1B Val: 0x002468AC
In clock cycle: 542
Register Write to Reg: 0x1B Val: 0x00002468
In clock cycle: 545
Register Write to Reg: 0x1B Val: 0x00000000
Execution is stopping! Clock Cycle: 546
