In clock cycle: 2
Register Write to Reg: 0x00 Val: 0x00000000
In clock cycle: 3
Register Write to Reg: 0x00 Val: 0x00000000
In clock cycle: 4
Register Write to Reg: 0x01 Val: 0x10010000
In clock cycle: 7
Register Write to Reg: 0x10 Val: 0x10010000
In clock cycle: 8
Register Write to Reg: 0x01 Val: 0x10010000
In clock cycle: 11
Register Write to Reg: 0x15 Val: 0x1001004C
In clock cycle: 14
Register Write to Reg: 0x15 Val: 0x00000013
In clock cycle: 15
Register Write to Reg: 0x12 Val: 0x00000001
In clock cycle: 17
Memory Write to Addr: 0x10010000 Val: 0x00000001
In clock cycle: 18
Memory Write to Addr: 0x10010004 Val: 0x00000001
In clock cycle: 20
Register Write to Reg: 0x11 Val: 0x00000011
In clock cycle: 21
Register Write to Reg: 0x13 Val: 0x00000001
In clock cycle: 22
Register Write to Reg: 0x14 Val: 0x00000001
In clock cycle: 25
Register Write to Reg: 0x12 Val: 0x00000002
In clock cycle: 27
Memory Write to Addr: 0x10010008 Val: 0x00000002
In clock cycle: 29
Register Write to Reg: 0x10 Val: 0x10010004
In clock cycle: 30
Register Write to Reg: 0x11 Val: 0x00000010
In clock cycle: 36
Register Write to Reg: 0x00 Val: 0x00000000
In clock cycle: 37
Register Write to Reg: 0x13 Val: 0x00000001
In clock cycle: 38
Register Write to Reg: 0x14 Val: 0x00000002
In clock cycle: 41
Register Write to Reg: 0x12 Val: 0x00000003
In clock cycle: 43
Memory Write to Addr: 0x1001000C Val: 0x00000003
In clock cycle: 45
Register Write to Reg: 0x10 Val: 0x10010008
In clock cycle: 46
Register Write to Reg: 0x11 Val: 0x0000000F
In clock cycle: 52
Register Write to Reg: 0x00 Val: 0x00000000
In clock cycle: 53
Register Write to Reg: 0x13 Val: 0x00000002
In clock cycle: 54
Register Write to Reg: 0x14 Val: 0x00000003
In clock cycle: 57
Register Write to Reg: 0x12 Val: 0x00000005
In clock cycle: 59
Memory Write to Addr: 0x10010010 Val: 0x00000005
In clock cycle: 61
Register Write to Reg: 0x10 Val: 0x1001000C
In clock cycle: 62
Register Write to Reg: 0x11 Val: 0x0000000E
In clock cycle: 68
Register Write to Reg: 0x00 Val: 0x00000000
In clock cycle: 69
Register Write to Reg: 0x13 Val: 0x00000003
In clock cycle: 70
Register Write to Reg: 0x14 Val: 0x00000005
In clock cycle: 73
Register Write to Reg: 0x12 Val: 0x00000008
In clock cycle: 75
Memory Write to Addr: 0x10010014 Val: 0x00000008
In clock cycle: 77
Register Write to Reg: 0x10 Val: 0x10010010
In clock cycle: 78
Register Write to Reg: 0x11 Val: 0x0000000D
In clock cycle: 84
Register Write to Reg: 0x00 Val: 0x00000000
In clock cycle: 85
Register Write to Reg: 0x13 Val: 0x00000005
In clock cycle: 86
Register Write to Reg: 0x14 Val: 0x00000008
In clock cycle: 89
Register Write to Reg: 0x12 Val: 0x0000000D
In clock cycle: 91
Memory Write to Addr: 0x10010018 Val: 0x0000000D
In clock cycle: 93
Register Write to Reg: 0x10 Val: 0x10010014
In clock cycle: 94
Register Write to Reg: 0x11 Val: 0x0000000C
In clock cycle: 100
Register Write to Reg: 0x00 Val: 0x00000000
In clock cycle: 101
Register Write to Reg: 0x13 Val: 0x00000008
In clock cycle: 102
Register Write to Reg: 0x14 Val: 0x0000000D
In clock cycle: 105
Register Write to Reg: 0x12 Val: 0x00000015
In clock cycle: 107
Memory Write to Addr: 0x1001001C Val: 0x00000015
In clock cycle: 109
Register Write to Reg: 0x10 Val: 0x10010018
In clock cycle: 110
Register Write to Reg: 0x11 Val: 0x0000000B
In clock cycle: 116
Register Write to Reg: 0x00 Val: 0x00000000
In clock cycle: 117
Register Write to Reg: 0x13 Val: 0x0000000D
In clock cycle: 118
Register Write to Reg: 0x14 Val: 0x00000015
In clock cycle: 121
Register Write to Reg: 0x12 Val: 0x00000022
In clock cycle: 123
Memory Write to Addr: 0x10010020 Val: 0x00000022
In clock cycle: 125
Register Write to Reg: 0x10 Val: 0x1001001C
In clock cycle: 126
Register Write to Reg: 0x11 Val: 0x0000000A
In clock cycle: 132
Register Write to Reg: 0x00 Val: 0x00000000
In clock cycle: 133
Register Write to Reg: 0x13 Val: 0x00000015
In clock cycle: 134
Register Write to Reg: 0x14 Val: 0x00000022
In clock cycle: 137
Register Write to Reg: 0x12 Val: 0x00000037
In clock cycle: 139
Memory Write to Addr: 0x10010024 Val: 0x00000037
In clock cycle: 141
Register Write to Reg: 0x10 Val: 0x10010020
In clock cycle: 142
Register Write to Reg: 0x11 Val: 0x00000009
In clock cycle: 148
Register Write to Reg: 0x00 Val: 0x00000000
In clock cycle: 149
Register Write to Reg: 0x13 Val: 0x00000022
In clock cycle: 150
Register Write to Reg: 0x14 Val: 0x00000037
In clock cycle: 153
Register Write to Reg: 0x12 Val: 0x00000059
In clock cycle: 155
Memory Write to Addr: 0x10010028 Val: 0x00000059
In clock cycle: 157
Register Write to Reg: 0x10 Val: 0x10010024
In clock cycle: 158
Register Write to Reg: 0x11 Val: 0x00000008
In clock cycle: 164
Register Write to Reg: 0x00 Val: 0x00000000
In clock cycle: 165
Register Write to Reg: 0x13 Val: 0x00000037
In clock cycle: 166
Register Write to Reg: 0x14 Val: 0x00000059
In clock cycle: 169
Register Write to Reg: 0x12 Val: 0x00000090
In clock cycle: 171
Memory Write to Addr: 0x1001002C Val: 0x00000090
In clock cycle: 173
Register Write to Reg: 0x10 Val: 0x10010028
In clock cycle: 174
Register Write to Reg: 0x11 Val: 0x00000007
In clock cycle: 180
Register Write to Reg: 0x00 Val: 0x00000000
In clock cycle: 181
Register Write to Reg: 0x13 Val: 0x00000059
In clock cycle: 182
Register Write to Reg: 0x14 Val: 0x00000090
In clock cycle: 185
Register Write to Reg: 0x12 Val: 0x000000E9
In clock cycle: 187
Memory Write to Addr: 0x10010030 Val: 0x000000E9
In clock cycle: 189
Register Write to Reg: 0x10 Val: 0x1001002C
In clock cycle: 190
Register Write to Reg: 0x11 Val: 0x00000006
In clock cycle: 196
Register Write to Reg: 0x00 Val: 0x00000000
In clock cycle: 197
Register Write to Reg: 0x13 Val: 0x00000090
In clock cycle: 198
Register Write to Reg: 0x14 Val: 0x000000E9
In clock cycle: 201
Register Write to Reg: 0x12 Val: 0x00000179
In clock cycle: 203
Memory Write to Addr: 0x10010034 Val: 0x00000179
In clock cycle: 205
Register Write to Reg: 0x10 Val: 0x10010030
In clock cycle: 206
Register Write to Reg: 0x11 Val: 0x00000005
In clock cycle: 212
Register Write to Reg: 0x00 Val: 0x00000000
In clock cycle: 213
Register Write to Reg: 0x13 Val: 0x000000E9
In clock cycle: 214
Register Write to Reg: 0x14 Val: 0x00000179
In clock cycle: 217
Register Write to Reg: 0x12 Val: 0x00000262
In clock cycle: 219
Memory Write to Addr: 0x10010038 Val: 0x00000262
In clock cycle: 221
Register Write to Reg: 0x10 Val: 0x10010034
In clock cycle: 222
Register Write to Reg: 0x11 Val: 0x00000004
In clock cycle: 228
Register Write to Reg: 0x00 Val: 0x00000000
In clock cycle: 229
Register Write to Reg: 0x13 Val: 0x00000179
In clock cycle: 230
Register Write to Reg: 0x14 Val: 0x00000262
In clock cycle: 233
Register Write to Reg: 0x12 Val: 0x000003DB
In clock cycle: 235
Memory Write to Addr: 0x1001003C Val: 0x000003DB
In clock cycle: 237
Register Write to Reg: 0x10 Val: 0x10010038
In clock cycle: 238
Register Write to Reg: 0x11 Val: 0x00000003
In clock cycle: 244
Register Write to Reg: 0x00 Val: 0x00000000
In clock cycle: 245
Register Write to Reg: 0x13 Val: 0x00000262
In clock cycle: 246
Register Write to Reg: 0x14 Val: 0x000003DB
In clock cycle: 249
Register Write to Reg: 0x12 Val: 0x0000063D
In clock cycle: 251
Memory Write to Addr: 0x10010040 Val: 0x0000063D
In clock cycle: 253
Register Write to Reg: 0x10 Val: 0x1001003C
In clock cycle: 254
Register Write to Reg: 0x11 Val: 0x00000002
In clock cycle: 260
Register Write to Reg: 0x00 Val: 0x00000000
In clock cycle: 261
Register Write to Reg: 0x13 Val: 0x000003DB
In clock cycle: 262
Register Write to Reg: 0x14 Val: 0x0000063D
In clock cycle: 265
Register Write to Reg: 0x12 Val: 0x00000A18
In clock cycle: 267
Memory Write to Addr: 0x10010044 Val: 0x00000A18
In clock cycle: 269
Register Write to Reg: 0x10 Val: 0x10010040
In clock cycle: 270
Register Write to Reg: 0x11 Val: 0x00000001
In clock cycle: 276
Register Write to Reg: 0x00 Val: 0x00000000
In clock cycle: 277
Register Write to Reg: 0x13 Val: 0x0000063D
In clock cycle: 278
Register Write to Reg: 0x14 Val: 0x00000A18
In clock cycle: 281
Register Write to Reg: 0x12 Val: 0x00001055
In clock cycle: 283
Memory Write to Addr: 0x10010048 Val: 0x00001055
In clock cycle: 285
Register Write to Reg: 0x10 Val: 0x10010044
In clock cycle: 286
Register Write to Reg: 0x11 Val: 0x00000000
In clock cycle: 290
Register Write to Reg: 0x01 Val: 0x10010000
In clock cycle: 293
Register Write to Reg: 0x04 Val: 0x10010000
In clock cycle: 294
Register Write to Reg: 0x05 Val: 0x00000013
In clock cycle: 295
Register Write to Reg: 0x1F Val: 0x00400050
In clock cycle: 298
Register Write to Reg: 0x00 Val: 0x00000000
In clock cycle: 299
Register Write to Reg: 0x08 Val: 0x10010000
In clock cycle: 300
Register Write to Reg: 0x09 Val: 0x00000013
In clock cycle: 301
Register Write to Reg: 0x01 Val: 0x10010000
In clock cycle: 304
Register Write to Reg: 0x04 Val: 0x10010089
In clock cycle: 305
Register Write to Reg: 0x02 Val: 0x00000004
In clock cycle: 307
Register Write to Reg: 0x04 Val: 0x00000001
In clock cycle: 308
Register Write to Reg: 0x02 Val: 0x00000001
In clock cycle: 310
Register Write to Reg: 0x01 Val: 0x10010000
In clock cycle: 313
Register Write to Reg: 0x04 Val: 0x10010087
In clock cycle: 314
Register Write to Reg: 0x02 Val: 0x00000004
In clock cycle: 316
Register Write to Reg: 0x08 Val: 0x10010004
In clock cycle: 317
Register Write to Reg: 0x09 Val: 0x00000012
In clock cycle: 323
Register Write to Reg: 0x00 Val: 0x00000000
In clock cycle: 324
Register Write to Reg: 0x04 Val: 0x00000001
In clock cycle: 325
Register Write to Reg: 0x02 Val: 0x00000001
In clock cycle: 327
Register Write to Reg: 0x01 Val: 0x10010000
In clock cycle: 330
Register Write to Reg: 0x04 Val: 0x10010087
In clock cycle: 331
Register Write to Reg: 0x02 Val: 0x00000004
In clock cycle: 333
Register Write to Reg: 0x08 Val: 0x10010008
In clock cycle: 334
Register Write to Reg: 0x09 Val: 0x00000011
In clock cycle: 340
Register Write to Reg: 0x00 Val: 0x00000000
In clock cycle: 341
Register Write to Reg: 0x04 Val: 0x00000002
In clock cycle: 342
Register Write to Reg: 0x02 Val: 0x00000001
In clock cycle: 344
Register Write to Reg: 0x01 Val: 0x10010000
In clock cycle: 347
Register Write to Reg: 0x04 Val: 0x10010087
In clock cycle: 348
Register Write to Reg: 0x02 Val: 0x00000004
In clock cycle: 350
Register Write to Reg: 0x08 Val: 0x1001000C
In clock cycle: 351
Register Write to Reg: 0x09 Val: 0x00000010
In clock cycle: 357
Register Write to Reg: 0x00 Val: 0x00000000
In clock cycle: 358
Register Write to Reg: 0x04 Val: 0x00000003
In clock cycle: 359
Register Write to Reg: 0x02 Val: 0x00000001
In clock cycle: 361
Register Write to Reg: 0x01 Val: 0x10010000
In clock cycle: 364
Register Write to Reg: 0x04 Val: 0x10010087
In clock cycle: 365
Register Write to Reg: 0x02 Val: 0x00000004
In clock cycle: 367
Register Write to Reg: 0x08 Val: 0x10010010
In clock cycle: 368
Register Write to Reg: 0x09 Val: 0x0000000F
In clock cycle: 374
Register Write to Reg: 0x00 Val: 0x00000000
In clock cycle: 375
Register Write to Reg: 0x04 Val: 0x00000005
In clock cycle: 376
Register Write to Reg: 0x02 Val: 0x00000001
In clock cycle: 378
Register Write to Reg: 0x01 Val: 0x10010000
In clock cycle: 381
Register Write to Reg: 0x04 Val: 0x10010087
In clock cycle: 382
Register Write to Reg: 0x02 Val: 0x00000004
In clock cycle: 384
Register Write to Reg: 0x08 Val: 0x10010014
In clock cycle: 385
Register Write to Reg: 0x09 Val: 0x0000000E
In clock cycle: 391
Register Write to Reg: 0x00 Val: 0x00000000
In clock cycle: 392
Register Write to Reg: 0x04 Val: 0x00000008
In clock cycle: 393
Register Write to Reg: 0x02 Val: 0x00000001
In clock cycle: 395
Register Write to Reg: 0x01 Val: 0x10010000
In clock cycle: 398
Register Write to Reg: 0x04 Val: 0x10010087
In clock cycle: 399
Register Write to Reg: 0x02 Val: 0x00000004
In clock cycle: 401
Register Write to Reg: 0x08 Val: 0x10010018
In clock cycle: 402
Register Write to Reg: 0x09 Val: 0x0000000D
In clock cycle: 408
Register Write to Reg: 0x00 Val: 0x00000000
In clock cycle: 409
Register Write to Reg: 0x04 Val: 0x0000000D
In clock cycle: 410
Register Write to Reg: 0x02 Val: 0x00000001
In clock cycle: 412
Register Write to Reg: 0x01 Val: 0x10010000
In clock cycle: 415
Register Write to Reg: 0x04 Val: 0x10010087
In clock cycle: 416
Register Write to Reg: 0x02 Val: 0x00000004
In clock cycle: 418
Register Write to Reg: 0x08 Val: 0x1001001C
In clock cycle: 419
Register Write to Reg: 0x09 Val: 0x0000000C
In clock cycle: 425
Register Write to Reg: 0x00 Val: 0x00000000
In clock cycle: 426
Register Write to Reg: 0x04 Val: 0x00000015
In clock cycle: 427
Register Write to Reg: 0x02 Val: 0x00000001
In clock cycle: 429
Register Write to Reg: 0x01 Val: 0x10010000
In clock cycle: 432
Register Write to Reg: 0x04 Val: 0x10010087
In clock cycle: 433
Register Write to Reg: 0x02 Val: 0x00000004
In clock cycle: 435
Register Write to Reg: 0x08 Val: 0x10010020
In clock cycle: 436
Register Write to Reg: 0x09 Val: 0x0000000B
In clock cycle: 442
Register Write to Reg: 0x00 Val: 0x00000000
In clock cycle: 443
Register Write to Reg: 0x04 Val: 0x00000022
In clock cycle: 444
Register Write to Reg: 0x02 Val: 0x00000001
In clock cycle: 446
Register Write to Reg: 0x01 Val: 0x10010000
In clock cycle: 449
Register Write to Reg: 0x04 Val: 0x10010087
In clock cycle: 450
Register Write to Reg: 0x02 Val: 0x00000004
In clock cycle: 452
Register Write to Reg: 0x08 Val: 0x10010024
In clock cycle: 453
Register Write to Reg: 0x09 Val: 0x0000000A
In clock cycle: 459
Register Write to Reg: 0x00 Val: 0x00000000
In clock cycle: 460
Register Write to Reg: 0x04 Val: 0x00000037
In clock cycle: 461
Register Write to Reg: 0x02 Val: 0x00000001
In clock cycle: 463
Register Write to Reg: 0x01 Val: 0x10010000
In clock cycle: 466
Register Write to Reg: 0x04 Val: 0x10010087
In clock cycle: 467
Register Write to Reg: 0x02 Val: 0x00000004
In clock cycle: 469
Register Write to Reg: 0x08 Val: 0x10010028
In clock cycle: 470
Register Write to Reg: 0x09 Val: 0x00000009
In clock cycle: 476
Register Write to Reg: 0x00 Val: 0x00000000
In clock cycle: 477
Register Write to Reg: 0x04 Val: 0x00000059
In clock cycle: 478
Register Write to Reg: 0x02 Val: 0x00000001
In clock cycle: 480
Register Write to Reg: 0x01 Val: 0x10010000
In clock cycle: 483
Register Write to Reg: 0x04 Val: 0x10010087
In clock cycle: 484
Register Write to Reg: 0x02 Val: 0x00000004
In clock cycle: 486
Register Write to Reg: 0x08 Val: 0x1001002C
In clock cycle: 487
Register Write to Reg: 0x09 Val: 0x00000008
In clock cycle: 493
Register Write to Reg: 0x00 Val: 0x00000000
In clock cycle: 494
Register Write to Reg: 0x04 Val: 0x00000090
In clock cycle: 495
Register Write to Reg: 0x02 Val: 0x00000001
In clock cycle: 497
Register Write to Reg: 0x01 Val: 0x10010000
In clock cycle: 500
Register Write to Reg: 0x04 Val: 0x10010087
In clock cycle: 501
Register Write to Reg: 0x02 Val: 0x00000004
In clock cycle: 503
Register Write to Reg: 0x08 Val: 0x10010030
In clock cycle: 504
Register Write to Reg: 0x09 Val: 0x00000007
In clock cycle: 510
Register Write to Reg: 0x00 Val: 0x00000000
In clock cycle: 511
Register Write to Reg: 0x04 Val: 0x000000E9
In clock cycle: 512
Register Write to Reg: 0x02 Val: 0x00000001
In clock cycle: 514
Register Write to Reg: 0x01 Val: 0x10010000
In clock cycle: 517
Register Write to Reg: 0x04 Val: 0x10010087
In clock cycle: 518
Register Write to Reg: 0x02 Val: 0x00000004
In clock cycle: 520
Register Write to Reg: 0x08 Val: 0x10010034
In clock cycle: 521
Register Write to Reg: 0x09 Val: 0x00000006
In clock cycle: 527
Register Write to Reg: 0x00 Val: 0x00000000
In clock cycle: 528
Register Write to Reg: 0x04 Val: 0x00000179
In clock cycle: 529
Register Write to Reg: 0x02 Val: 0x00000001
In clock cycle: 531
Register Write to Reg: 0x01 Val: 0x10010000
In clock cycle: 534
Register Write to Reg: 0x04 Val: 0x10010087
In clock cycle: 535
Register Write to Reg: 0x02 Val: 0x00000004
In clock cycle: 537
Register Write to Reg: 0x08 Val: 0x10010038
In clock cycle: 538
Register Write to Reg: 0x09 Val: 0x00000005
In clock cycle: 544
Register Write to Reg: 0x00 Val: 0x00000000
In clock cycle: 545
Register Write to Reg: 0x04 Val: 0x00000262
In clock cycle: 546
Register Write to Reg: 0x02 Val: 0x00000001
In clock cycle: 548
Register Write to Reg: 0x01 Val: 0x10010000
In clock cycle: 551
Register Write to Reg: 0x04 Val: 0x10010087
In clock cycle: 552
Register Write to Reg: 0x02 Val: 0x00000004
In clock cycle: 554
Register Write to Reg: 0x08 Val: 0x1001003C
In clock cycle: 555
Register Write to Reg: 0x09 Val: 0x00000004
In clock cycle: 561
Register Write to Reg: 0x00 Val: 0x00000000
In clock cycle: 562
Register Write to Reg: 0x04 Val: 0x000003DB
In clock cycle: 563
Register Write to Reg: 0x02 Val: 0x00000001
In clock cycle: 565
Register Write to Reg: 0x01 Val: 0x10010000
In clock cycle: 568
Register Write to Reg: 0x04 Val: 0x10010087
In clock cycle: 569
Register Write to Reg: 0x02 Val: 0x00000004
In clock cycle: 571
Register Write to Reg: 0x08 Val: 0x10010040
In clock cycle: 572
Register Write to Reg: 0x09 Val: 0x00000003
In clock cycle: 578
Register Write to Reg: 0x00 Val: 0x00000000
In clock cycle: 579
Register Write to Reg: 0x04 Val: 0x0000063D
In clock cycle: 580
Register Write to Reg: 0x02 Val: 0x00000001
In clock cycle: 582
Register Write to Reg: 0x01 Val: 0x10010000
In clock cycle: 585
Register Write to Reg: 0x04 Val: 0x10010087
In clock cycle: 586
Register Write to Reg: 0x02 Val: 0x00000004
In clock cycle: 588
Register Write to Reg: 0x08 Val: 0x10010044
In clock cycle: 589
Register Write to Reg: 0x09 Val: 0x00000002
In clock cycle: 595
Register Write to Reg: 0x00 Val: 0x00000000
In clock cycle: 596
Register Write to Reg: 0x04 Val: 0x00000A18
In clock cycle: 597
Register Write to Reg: 0x02 Val: 0x00000001
In clock cycle: 599
Register Write to Reg: 0x01 Val: 0x10010000
In clock cycle: 602
Register Write to Reg: 0x04 Val: 0x10010087
In clock cycle: 603
Register Write to Reg: 0x02 Val: 0x00000004
In clock cycle: 605
Register Write to Reg: 0x08 Val: 0x10010048
In clock cycle: 606
Register Write to Reg: 0x09 Val: 0x00000001
In clock cycle: 612
Register Write to Reg: 0x00 Val: 0x00000000
In clock cycle: 613
Register Write to Reg: 0x04 Val: 0x00001055
In clock cycle: 614
Register Write to Reg: 0x02 Val: 0x00000001
In clock cycle: 616
Register Write to Reg: 0x01 Val: 0x10010000
In clock cycle: 619
Register Write to Reg: 0x04 Val: 0x10010087
In clock cycle: 620
Register Write to Reg: 0x02 Val: 0x00000004
In clock cycle: 622
Register Write to Reg: 0x08 Val: 0x1001004C
In clock cycle: 623
Register Write to Reg: 0x09 Val: 0x00000000
In clock cycle: 630
Register Write to Reg: 0x00 Val: 0x00000000
Execution is stopping! Clock Cycle: 631
