Info: *******************************************************************
Info: Running Quartus Prime Analysis & Synthesis
    Info: Version 20.1.1 Build 720 11/11/2020 SJ Standard Edition
    Info: Copyright (C) 2020  Intel Corporation. All rights reserved.
    Info: Your use of Intel Corporation's design tools, logic functions 
    Info: and other software and tools, and any partner logic 
    Info: functions, and any output files from any of the foregoing 
    Info: (including device programming or simulation files), and any 
    Info: associated documentation or information are expressly subject 
    Info: to the terms and conditions of the Intel Program License 
    Info: Subscription Agreement, the Intel Quartus Prime License Agreement,
    Info: the Intel FPGA IP License Agreement, or other applicable license
    Info: agreement, including, without limitation, that your use is for
    Info: the sole purpose of programming logic devices manufactured by
    Info: Intel and sold by Intel or its authorized distributors.  Please
    Info: refer to the applicable agreement for further details, at
    Info: https://fpgasoftware.intel.com/eula.
    Info: Processing started: Tue Apr 16 22:52:34 2024
Info: Command: quartus_map --read_settings_files=on --write_settings_files=off toolflow -c toolflow
Warning (18236): Number of processors has not been specified which may cause overloading on shared machines.  Set the global assignment NUM_PARALLEL_PROCESSORS in your QSF to an appropriate value for best performance.
Info (20030): Parallel compilation is enabled and will use 4 of the 4 processors detected
Info (12021): Found 2 design units, including 1 entities, in source file /home/anorris/CPRE381/ProjectGit/cpre_381/toolflow/proj/src/ALU.vhd
    Info (12022): Found design unit 1: ALU-mixed File: /home/anorris/CPRE381/ProjectGit/cpre_381/toolflow/proj/src/ALU.vhd Line: 25
    Info (12023): Found entity 1: ALU File: /home/anorris/CPRE381/ProjectGit/cpre_381/toolflow/proj/src/ALU.vhd Line: 13
Info (12021): Found 2 design units, including 1 entities, in source file /home/anorris/CPRE381/ProjectGit/cpre_381/toolflow/proj/src/Adder.vhd
    Info (12022): Found design unit 1: Adder-structure File: /home/anorris/CPRE381/ProjectGit/cpre_381/toolflow/proj/src/Adder.vhd Line: 24
    Info (12023): Found entity 1: Adder File: /home/anorris/CPRE381/ProjectGit/cpre_381/toolflow/proj/src/Adder.vhd Line: 12
Info (12021): Found 2 design units, including 1 entities, in source file /home/anorris/CPRE381/ProjectGit/cpre_381/toolflow/proj/src/AdderSubtractor.vhd
    Info (12022): Found design unit 1: AdderSubtractor-Structural File: /home/anorris/CPRE381/ProjectGit/cpre_381/toolflow/proj/src/AdderSubtractor.vhd Line: 30
    Info (12023): Found entity 1: AdderSubtractor File: /home/anorris/CPRE381/ProjectGit/cpre_381/toolflow/proj/src/AdderSubtractor.vhd Line: 14
Info (12021): Found 2 design units, including 1 entities, in source file /home/anorris/CPRE381/ProjectGit/cpre_381/toolflow/proj/src/BarrelShifter.vhd
    Info (12022): Found design unit 1: BarrelShifter-behavior File: /home/anorris/CPRE381/ProjectGit/cpre_381/toolflow/proj/src/BarrelShifter.vhd Line: 31
    Info (12023): Found entity 1: BarrelShifter File: /home/anorris/CPRE381/ProjectGit/cpre_381/toolflow/proj/src/BarrelShifter.vhd Line: 20
Info (12021): Found 2 design units, including 1 entities, in source file /home/anorris/CPRE381/ProjectGit/cpre_381/toolflow/proj/src/ByteDecoder.vhd
    Info (12022): Found design unit 1: ByteDecoder-Behavioral File: /home/anorris/CPRE381/ProjectGit/cpre_381/toolflow/proj/src/ByteDecoder.vhd Line: 11
    Info (12023): Found entity 1: ByteDecoder File: /home/anorris/CPRE381/ProjectGit/cpre_381/toolflow/proj/src/ByteDecoder.vhd Line: 6
Info (12021): Found 2 design units, including 1 entities, in source file /home/anorris/CPRE381/ProjectGit/cpre_381/toolflow/proj/src/ByteShifter.vhd
    Info (12022): Found design unit 1: ByteShifter-behavior File: /home/anorris/CPRE381/ProjectGit/cpre_381/toolflow/proj/src/ByteShifter.vhd Line: 15
    Info (12023): Found entity 1: ByteShifter File: /home/anorris/CPRE381/ProjectGit/cpre_381/toolflow/proj/src/ByteShifter.vhd Line: 6
Info (12021): Found 2 design units, including 1 entities, in source file /home/anorris/CPRE381/ProjectGit/cpre_381/toolflow/proj/src/ControlDecoderLogic.vhd
    Info (12022): Found design unit 1: ControlDecoderLogic-sel_when File: /home/anorris/CPRE381/ProjectGit/cpre_381/toolflow/proj/src/ControlDecoderLogic.vhd Line: 20
    Info (12023): Found entity 1: ControlDecoderLogic File: /home/anorris/CPRE381/ProjectGit/cpre_381/toolflow/proj/src/ControlDecoderLogic.vhd Line: 12
Info (12021): Found 2 design units, including 1 entities, in source file /home/anorris/CPRE381/ProjectGit/cpre_381/toolflow/proj/src/Controller.vhd
    Info (12022): Found design unit 1: Controller-structure File: /home/anorris/CPRE381/ProjectGit/cpre_381/toolflow/proj/src/Controller.vhd Line: 33
    Info (12023): Found entity 1: Controller File: /home/anorris/CPRE381/ProjectGit/cpre_381/toolflow/proj/src/Controller.vhd Line: 14
Info (12021): Found 2 design units, including 1 entities, in source file /home/anorris/CPRE381/ProjectGit/cpre_381/toolflow/proj/src/EX_MEM_pipe.vhd
    Info (12022): Found design unit 1: EX_MEM_pipe-mixed File: /home/anorris/CPRE381/ProjectGit/cpre_381/toolflow/proj/src/EX_MEM_pipe.vhd Line: 60
    Info (12023): Found entity 1: EX_MEM_pipe File: /home/anorris/CPRE381/ProjectGit/cpre_381/toolflow/proj/src/EX_MEM_pipe.vhd Line: 15
Info (12021): Found 2 design units, including 1 entities, in source file /home/anorris/CPRE381/ProjectGit/cpre_381/toolflow/proj/src/ID_EX_pipe.vhd
    Info (12022): Found design unit 1: ID_EX_pipe-mixed File: /home/anorris/CPRE381/ProjectGit/cpre_381/toolflow/proj/src/ID_EX_pipe.vhd Line: 66
    Info (12023): Found entity 1: ID_EX_pipe File: /home/anorris/CPRE381/ProjectGit/cpre_381/toolflow/proj/src/ID_EX_pipe.vhd Line: 15
Info (12021): Found 2 design units, including 1 entities, in source file /home/anorris/CPRE381/ProjectGit/cpre_381/toolflow/proj/src/IF_ID_pipe.vhd
    Info (12022): Found design unit 1: IF_ID_pipe-mixed File: /home/anorris/CPRE381/ProjectGit/cpre_381/toolflow/proj/src/IF_ID_pipe.vhd Line: 29
    Info (12023): Found entity 1: IF_ID_pipe File: /home/anorris/CPRE381/ProjectGit/cpre_381/toolflow/proj/src/IF_ID_pipe.vhd Line: 15
Info (12021): Found 2 design units, including 1 entities, in source file /home/anorris/CPRE381/ProjectGit/cpre_381/toolflow/proj/src/MEM_WB_pipe.vhd
    Info (12022): Found design unit 1: MEM_WB_pipe-mixed File: /home/anorris/CPRE381/ProjectGit/cpre_381/toolflow/proj/src/MEM_WB_pipe.vhd Line: 48
    Info (12023): Found entity 1: MEM_WB_pipe File: /home/anorris/CPRE381/ProjectGit/cpre_381/toolflow/proj/src/MEM_WB_pipe.vhd Line: 15
Info (12021): Found 2 design units, including 0 entities, in source file /home/anorris/CPRE381/ProjectGit/cpre_381/toolflow/proj/src/MIPS_types.vhd
    Info (12022): Found design unit 1: MIPS_types File: /home/anorris/CPRE381/ProjectGit/cpre_381/toolflow/proj/src/MIPS_types.vhd Line: 15
    Info (12022): Found design unit 2: MIPS_types-body File: /home/anorris/CPRE381/ProjectGit/cpre_381/toolflow/proj/src/MIPS_types.vhd Line: 31
Info (12021): Found 2 design units, including 1 entities, in source file /home/anorris/CPRE381/ProjectGit/cpre_381/toolflow/proj/src/OnesComplementor.vhd
    Info (12022): Found design unit 1: OnesComplementor-Structural File: /home/anorris/CPRE381/ProjectGit/cpre_381/toolflow/proj/src/OnesComplementor.vhd Line: 21
    Info (12023): Found entity 1: OnesComplementor File: /home/anorris/CPRE381/ProjectGit/cpre_381/toolflow/proj/src/OnesComplementor.vhd Line: 12
Info (12021): Found 2 design units, including 1 entities, in source file /home/anorris/CPRE381/ProjectGit/cpre_381/toolflow/proj/src/RippleCarryAdder.vhd
    Info (12022): Found design unit 1: RippleCarryAdder-Structural File: /home/anorris/CPRE381/ProjectGit/cpre_381/toolflow/proj/src/RippleCarryAdder.vhd Line: 22
    Info (12023): Found entity 1: RippleCarryAdder File: /home/anorris/CPRE381/ProjectGit/cpre_381/toolflow/proj/src/RippleCarryAdder.vhd Line: 11
Info (12021): Found 2 design units, including 1 entities, in source file /home/anorris/CPRE381/ProjectGit/cpre_381/toolflow/proj/src/Shifter.vhd
    Info (12022): Found design unit 1: Shifter-behavior File: /home/anorris/CPRE381/ProjectGit/cpre_381/toolflow/proj/src/Shifter.vhd Line: 23
    Info (12023): Found entity 1: Shifter File: /home/anorris/CPRE381/ProjectGit/cpre_381/toolflow/proj/src/Shifter.vhd Line: 12
Info (12021): Found 2 design units, including 1 entities, in source file /home/anorris/CPRE381/ProjectGit/cpre_381/toolflow/proj/src/TopLevel/MIPS_Processor.vhd
    Info (12022): Found design unit 1: MIPS_Processor-structure File: /home/anorris/CPRE381/ProjectGit/cpre_381/toolflow/proj/src/TopLevel/MIPS_Processor.vhd Line: 32
    Info (12023): Found entity 1: MIPS_Processor File: /home/anorris/CPRE381/ProjectGit/cpre_381/toolflow/proj/src/TopLevel/MIPS_Processor.vhd Line: 20
Info (12021): Found 2 design units, including 1 entities, in source file /home/anorris/CPRE381/ProjectGit/cpre_381/toolflow/proj/src/TopLevel/mem.vhd
    Info (12022): Found design unit 1: mem-rtl File: /home/anorris/CPRE381/ProjectGit/cpre_381/toolflow/proj/src/TopLevel/mem.vhd Line: 27
    Info (12023): Found entity 1: mem File: /home/anorris/CPRE381/ProjectGit/cpre_381/toolflow/proj/src/TopLevel/mem.vhd Line: 8
Info (12021): Found 2 design units, including 1 entities, in source file /home/anorris/CPRE381/ProjectGit/cpre_381/toolflow/proj/src/WordDecoder.vhd
    Info (12022): Found design unit 1: WordDecoder-Behavioral File: /home/anorris/CPRE381/ProjectGit/cpre_381/toolflow/proj/src/WordDecoder.vhd Line: 11
    Info (12023): Found entity 1: WordDecoder File: /home/anorris/CPRE381/ProjectGit/cpre_381/toolflow/proj/src/WordDecoder.vhd Line: 6
Info (12021): Found 2 design units, including 1 entities, in source file /home/anorris/CPRE381/ProjectGit/cpre_381/toolflow/proj/src/WordShifter.vhd
    Info (12022): Found design unit 1: WordShifter-behavior File: /home/anorris/CPRE381/ProjectGit/cpre_381/toolflow/proj/src/WordShifter.vhd Line: 15
    Info (12023): Found entity 1: WordShifter File: /home/anorris/CPRE381/ProjectGit/cpre_381/toolflow/proj/src/WordShifter.vhd Line: 6
Info (12021): Found 2 design units, including 1 entities, in source file /home/anorris/CPRE381/ProjectGit/cpre_381/toolflow/proj/src/andg2.vhd
    Info (12022): Found design unit 1: andg2-dataflow File: /home/anorris/CPRE381/ProjectGit/cpre_381/toolflow/proj/src/andg2.vhd Line: 31
    Info (12023): Found entity 1: andg2 File: /home/anorris/CPRE381/ProjectGit/cpre_381/toolflow/proj/src/andg2.vhd Line: 23
Info (12021): Found 2 design units, including 1 entities, in source file /home/anorris/CPRE381/ProjectGit/cpre_381/toolflow/proj/src/andg_N.vhd
    Info (12022): Found design unit 1: andg_N-structure File: /home/anorris/CPRE381/ProjectGit/cpre_381/toolflow/proj/src/andg_N.vhd Line: 22
    Info (12023): Found entity 1: andg_N File: /home/anorris/CPRE381/ProjectGit/cpre_381/toolflow/proj/src/andg_N.vhd Line: 15
Info (12021): Found 2 design units, including 1 entities, in source file /home/anorris/CPRE381/ProjectGit/cpre_381/toolflow/proj/src/decoder5_32.vhd
    Info (12022): Found design unit 1: decoder5_32-mixed File: /home/anorris/CPRE381/ProjectGit/cpre_381/toolflow/proj/src/decoder5_32.vhd Line: 14
    Info (12023): Found entity 1: decoder5_32 File: /home/anorris/CPRE381/ProjectGit/cpre_381/toolflow/proj/src/decoder5_32.vhd Line: 7
Info (12021): Found 2 design units, including 1 entities, in source file /home/anorris/CPRE381/ProjectGit/cpre_381/toolflow/proj/src/dffg.vhd
    Info (12022): Found design unit 1: dffg-mixed File: /home/anorris/CPRE381/ProjectGit/cpre_381/toolflow/proj/src/dffg.vhd Line: 33
    Info (12023): Found entity 1: dffg File: /home/anorris/CPRE381/ProjectGit/cpre_381/toolflow/proj/src/dffg.vhd Line: 23
Info (12021): Found 2 design units, including 1 entities, in source file /home/anorris/CPRE381/ProjectGit/cpre_381/toolflow/proj/src/dffg_N.vhd
    Info (12022): Found design unit 1: dffg_N-structural File: /home/anorris/CPRE381/ProjectGit/cpre_381/toolflow/proj/src/dffg_N.vhd Line: 32
    Info (12023): Found entity 1: dffg_N File: /home/anorris/CPRE381/ProjectGit/cpre_381/toolflow/proj/src/dffg_N.vhd Line: 21
Info (12021): Found 2 design units, including 1 entities, in source file /home/anorris/CPRE381/ProjectGit/cpre_381/toolflow/proj/src/extender16t32.vhd
    Info (12022): Found design unit 1: extender16t32-dataflow File: /home/anorris/CPRE381/ProjectGit/cpre_381/toolflow/proj/src/extender16t32.vhd Line: 14
    Info (12023): Found entity 1: extender16t32 File: /home/anorris/CPRE381/ProjectGit/cpre_381/toolflow/proj/src/extender16t32.vhd Line: 7
Info (12021): Found 2 design units, including 1 entities, in source file /home/anorris/CPRE381/ProjectGit/cpre_381/toolflow/proj/src/fetchLogic.vhd
    Info (12022): Found design unit 1: fetchLogic-structural File: /home/anorris/CPRE381/ProjectGit/cpre_381/toolflow/proj/src/fetchLogic.vhd Line: 31
    Info (12023): Found entity 1: fetchLogic File: /home/anorris/CPRE381/ProjectGit/cpre_381/toolflow/proj/src/fetchLogic.vhd Line: 16
Info (12021): Found 2 design units, including 1 entities, in source file /home/anorris/CPRE381/ProjectGit/cpre_381/toolflow/proj/src/invg.vhd
    Info (12022): Found design unit 1: invg-dataflow File: /home/anorris/CPRE381/ProjectGit/cpre_381/toolflow/proj/src/invg.vhd Line: 30
    Info (12023): Found entity 1: invg File: /home/anorris/CPRE381/ProjectGit/cpre_381/toolflow/proj/src/invg.vhd Line: 23
Info (12021): Found 2 design units, including 1 entities, in source file /home/anorris/CPRE381/ProjectGit/cpre_381/toolflow/proj/src/mux2t1.vhd
    Info (12022): Found design unit 1: mux2t1-structure File: /home/anorris/CPRE381/ProjectGit/cpre_381/toolflow/proj/src/mux2t1.vhd Line: 25
    Info (12023): Found entity 1: mux2t1 File: /home/anorris/CPRE381/ProjectGit/cpre_381/toolflow/proj/src/mux2t1.vhd Line: 15
Info (12021): Found 2 design units, including 1 entities, in source file /home/anorris/CPRE381/ProjectGit/cpre_381/toolflow/proj/src/mux2t1_N.vhd
    Info (12022): Found design unit 1: mux2t1_N-structural File: /home/anorris/CPRE381/ProjectGit/cpre_381/toolflow/proj/src/mux2t1_N.vhd Line: 30
    Info (12023): Found entity 1: mux2t1_N File: /home/anorris/CPRE381/ProjectGit/cpre_381/toolflow/proj/src/mux2t1_N.vhd Line: 21
Info (12021): Found 2 design units, including 1 entities, in source file /home/anorris/CPRE381/ProjectGit/cpre_381/toolflow/proj/src/mux32t1.vhd
    Info (12022): Found design unit 1: mux32t1-dataflow File: /home/anorris/CPRE381/ProjectGit/cpre_381/toolflow/proj/src/mux32t1.vhd Line: 17
    Info (12023): Found entity 1: mux32t1 File: /home/anorris/CPRE381/ProjectGit/cpre_381/toolflow/proj/src/mux32t1.vhd Line: 9
Info (12021): Found 2 design units, including 1 entities, in source file /home/anorris/CPRE381/ProjectGit/cpre_381/toolflow/proj/src/mux4t1_N.vhd
    Info (12022): Found design unit 1: mux4t1_N-Dataflow File: /home/anorris/CPRE381/ProjectGit/cpre_381/toolflow/proj/src/mux4t1_N.vhd Line: 23
    Info (12023): Found entity 1: mux4t1_N File: /home/anorris/CPRE381/ProjectGit/cpre_381/toolflow/proj/src/mux4t1_N.vhd Line: 16
Info (12021): Found 2 design units, including 1 entities, in source file /home/anorris/CPRE381/ProjectGit/cpre_381/toolflow/proj/src/mux8t1_N.vhd
    Info (12022): Found design unit 1: mux8t1_N-Dataflow File: /home/anorris/CPRE381/ProjectGit/cpre_381/toolflow/proj/src/mux8t1_N.vhd Line: 24
    Info (12023): Found entity 1: mux8t1_N File: /home/anorris/CPRE381/ProjectGit/cpre_381/toolflow/proj/src/mux8t1_N.vhd Line: 16
Info (12021): Found 2 design units, including 1 entities, in source file /home/anorris/CPRE381/ProjectGit/cpre_381/toolflow/proj/src/norg_N.vhd
    Info (12022): Found design unit 1: norg_N-structure File: /home/anorris/CPRE381/ProjectGit/cpre_381/toolflow/proj/src/norg_N.vhd Line: 22
    Info (12023): Found entity 1: norg_N File: /home/anorris/CPRE381/ProjectGit/cpre_381/toolflow/proj/src/norg_N.vhd Line: 15
Info (12021): Found 2 design units, including 1 entities, in source file /home/anorris/CPRE381/ProjectGit/cpre_381/toolflow/proj/src/org2.vhd
    Info (12022): Found design unit 1: org2-dataflow File: /home/anorris/CPRE381/ProjectGit/cpre_381/toolflow/proj/src/org2.vhd Line: 31
    Info (12023): Found entity 1: org2 File: /home/anorris/CPRE381/ProjectGit/cpre_381/toolflow/proj/src/org2.vhd Line: 23
Info (12021): Found 2 design units, including 1 entities, in source file /home/anorris/CPRE381/ProjectGit/cpre_381/toolflow/proj/src/org_N.vhd
    Info (12022): Found design unit 1: org_N-structure File: /home/anorris/CPRE381/ProjectGit/cpre_381/toolflow/proj/src/org_N.vhd Line: 22
    Info (12023): Found entity 1: org_N File: /home/anorris/CPRE381/ProjectGit/cpre_381/toolflow/proj/src/org_N.vhd Line: 15
Info (12021): Found 2 design units, including 1 entities, in source file /home/anorris/CPRE381/ProjectGit/cpre_381/toolflow/proj/src/pc_dffg.vhd
    Info (12022): Found design unit 1: pc_dffg-mixed File: /home/anorris/CPRE381/ProjectGit/cpre_381/toolflow/proj/src/pc_dffg.vhd Line: 27
    Info (12023): Found entity 1: pc_dffg File: /home/anorris/CPRE381/ProjectGit/cpre_381/toolflow/proj/src/pc_dffg.vhd Line: 17
Info (12021): Found 2 design units, including 1 entities, in source file /home/anorris/CPRE381/ProjectGit/cpre_381/toolflow/proj/src/reg.vhd
    Info (12022): Found design unit 1: reg-structural File: /home/anorris/CPRE381/ProjectGit/cpre_381/toolflow/proj/src/reg.vhd Line: 24
    Info (12023): Found entity 1: reg File: /home/anorris/CPRE381/ProjectGit/cpre_381/toolflow/proj/src/reg.vhd Line: 9
Info (12021): Found 2 design units, including 1 entities, in source file /home/anorris/CPRE381/ProjectGit/cpre_381/toolflow/proj/src/tb_ALU.vhd
    Info (12022): Found design unit 1: tb_ALU-behavior File: /home/anorris/CPRE381/ProjectGit/cpre_381/toolflow/proj/src/tb_ALU.vhd Line: 8
    Info (12023): Found entity 1: tb_ALU File: /home/anorris/CPRE381/ProjectGit/cpre_381/toolflow/proj/src/tb_ALU.vhd Line: 5
Info (12021): Found 2 design units, including 1 entities, in source file /home/anorris/CPRE381/ProjectGit/cpre_381/toolflow/proj/src/xorg2.vhd
    Info (12022): Found design unit 1: xorg2-dataflow File: /home/anorris/CPRE381/ProjectGit/cpre_381/toolflow/proj/src/xorg2.vhd Line: 32
    Info (12023): Found entity 1: xorg2 File: /home/anorris/CPRE381/ProjectGit/cpre_381/toolflow/proj/src/xorg2.vhd Line: 24
Info (12021): Found 2 design units, including 1 entities, in source file /home/anorris/CPRE381/ProjectGit/cpre_381/toolflow/proj/src/xorg_N.vhd
    Info (12022): Found design unit 1: xorg_N-structure File: /home/anorris/CPRE381/ProjectGit/cpre_381/toolflow/proj/src/xorg_N.vhd Line: 21
    Info (12023): Found entity 1: xorg_N File: /home/anorris/CPRE381/ProjectGit/cpre_381/toolflow/proj/src/xorg_N.vhd Line: 14
Info (12127): Elaborating entity "MIPS_Processor" for the top level hierarchy
Warning (10036): Verilog HDL or VHDL warning at MIPS_Processor.vhd(51): object "s_Halt" assigned a value but never read File: /home/anorris/CPRE381/ProjectGit/cpre_381/toolflow/proj/src/TopLevel/MIPS_Processor.vhd Line: 51
Warning (10036): Verilog HDL or VHDL warning at MIPS_Processor.vhd(54): object "s_Ovfl" assigned a value but never read File: /home/anorris/CPRE381/ProjectGit/cpre_381/toolflow/proj/src/TopLevel/MIPS_Processor.vhd Line: 54
Warning (10036): Verilog HDL or VHDL warning at MIPS_Processor.vhd(335): object "s_add0_carry" assigned a value but never read File: /home/anorris/CPRE381/ProjectGit/cpre_381/toolflow/proj/src/TopLevel/MIPS_Processor.vhd Line: 335
Warning (10036): Verilog HDL or VHDL warning at MIPS_Processor.vhd(336): object "s_add0_overflow" assigned a value but never read File: /home/anorris/CPRE381/ProjectGit/cpre_381/toolflow/proj/src/TopLevel/MIPS_Processor.vhd Line: 336
Warning (10036): Verilog HDL or VHDL warning at MIPS_Processor.vhd(381): object "s_EX_ALU_Carry" assigned a value but never read File: /home/anorris/CPRE381/ProjectGit/cpre_381/toolflow/proj/src/TopLevel/MIPS_Processor.vhd Line: 381
Warning (10036): Verilog HDL or VHDL warning at MIPS_Processor.vhd(382): object "s_EX_ALU_Zero" assigned a value but never read File: /home/anorris/CPRE381/ProjectGit/cpre_381/toolflow/proj/src/TopLevel/MIPS_Processor.vhd Line: 382
Warning (10036): Verilog HDL or VHDL warning at MIPS_Processor.vhd(386): object "s_add1_carry" assigned a value but never read File: /home/anorris/CPRE381/ProjectGit/cpre_381/toolflow/proj/src/TopLevel/MIPS_Processor.vhd Line: 386
Warning (10036): Verilog HDL or VHDL warning at MIPS_Processor.vhd(387): object "s_add1_overflow" assigned a value but never read File: /home/anorris/CPRE381/ProjectGit/cpre_381/toolflow/proj/src/TopLevel/MIPS_Processor.vhd Line: 387
Info (12128): Elaborating entity "mem" for hierarchy "mem:IMem" File: /home/anorris/CPRE381/ProjectGit/cpre_381/toolflow/proj/src/TopLevel/MIPS_Processor.vhd Line: 438
Info (12128): Elaborating entity "mux2t1_N" for hierarchy "mux2t1_N:mux8" File: /home/anorris/CPRE381/ProjectGit/cpre_381/toolflow/proj/src/TopLevel/MIPS_Processor.vhd Line: 449
Info (12128): Elaborating entity "mux2t1" for hierarchy "mux2t1_N:mux8|mux2t1:\G_NBit_MUX:0:MUXI" File: /home/anorris/CPRE381/ProjectGit/cpre_381/toolflow/proj/src/mux2t1_N.vhd Line: 43
Info (12128): Elaborating entity "invg" for hierarchy "mux2t1_N:mux8|mux2t1:\G_NBit_MUX:0:MUXI|invg:not_1" File: /home/anorris/CPRE381/ProjectGit/cpre_381/toolflow/proj/src/mux2t1.vhd Line: 59
Info (12128): Elaborating entity "andg2" for hierarchy "mux2t1_N:mux8|mux2t1:\G_NBit_MUX:0:MUXI|andg2:and_1" File: /home/anorris/CPRE381/ProjectGit/cpre_381/toolflow/proj/src/mux2t1.vhd Line: 68
Info (12128): Elaborating entity "org2" for hierarchy "mux2t1_N:mux8|mux2t1:\G_NBit_MUX:0:MUXI|org2:or_1" File: /home/anorris/CPRE381/ProjectGit/cpre_381/toolflow/proj/src/mux2t1.vhd Line: 84
Info (12128): Elaborating entity "RippleCarryAdder" for hierarchy "RippleCarryAdder:add0" File: /home/anorris/CPRE381/ProjectGit/cpre_381/toolflow/proj/src/TopLevel/MIPS_Processor.vhd Line: 456
Info (12128): Elaborating entity "Adder" for hierarchy "RippleCarryAdder:add0|Adder:\Gen_Adders:0:FullAdder" File: /home/anorris/CPRE381/ProjectGit/cpre_381/toolflow/proj/src/RippleCarryAdder.vhd Line: 40
Info (12128): Elaborating entity "xorg2" for hierarchy "RippleCarryAdder:add0|Adder:\Gen_Adders:0:FullAdder|xorg2:Xor0" File: /home/anorris/CPRE381/ProjectGit/cpre_381/toolflow/proj/src/Adder.vhd Line: 65
Info (12128): Elaborating entity "pc_dffg" for hierarchy "pc_dffg:pc_dff" File: /home/anorris/CPRE381/ProjectGit/cpre_381/toolflow/proj/src/TopLevel/MIPS_Processor.vhd Line: 464
Info (12128): Elaborating entity "IF_ID_pipe" for hierarchy "IF_ID_pipe:IFID_pipe" File: /home/anorris/CPRE381/ProjectGit/cpre_381/toolflow/proj/src/TopLevel/MIPS_Processor.vhd Line: 476
Warning (10492): VHDL Process Statement warning at IF_ID_pipe.vhd(58): signal "s_ID_PC_P4" is read inside the Process Statement but isn't in the Process Statement's sensitivity list File: /home/anorris/CPRE381/ProjectGit/cpre_381/toolflow/proj/src/IF_ID_pipe.vhd Line: 58
Warning (10492): VHDL Process Statement warning at IF_ID_pipe.vhd(59): signal "s_ID_instr31t0" is read inside the Process Statement but isn't in the Process Statement's sensitivity list File: /home/anorris/CPRE381/ProjectGit/cpre_381/toolflow/proj/src/IF_ID_pipe.vhd Line: 59
Info (12128): Elaborating entity "Controller" for hierarchy "Controller:control" File: /home/anorris/CPRE381/ProjectGit/cpre_381/toolflow/proj/src/TopLevel/MIPS_Processor.vhd Line: 492
Info (12128): Elaborating entity "ControlDecoderLogic" for hierarchy "Controller:control|ControlDecoderLogic:ControllerDecoder_0" File: /home/anorris/CPRE381/ProjectGit/cpre_381/toolflow/proj/src/Controller.vhd Line: 65
Info (12128): Elaborating entity "reg" for hierarchy "reg:regist" File: /home/anorris/CPRE381/ProjectGit/cpre_381/toolflow/proj/src/TopLevel/MIPS_Processor.vhd Line: 513
Info (12128): Elaborating entity "decoder5_32" for hierarchy "reg:regist|decoder5_32:decoder" File: /home/anorris/CPRE381/ProjectGit/cpre_381/toolflow/proj/src/reg.vhd Line: 64
Info (12128): Elaborating entity "dffg_N" for hierarchy "reg:regist|dffg_N:dffg_0" File: /home/anorris/CPRE381/ProjectGit/cpre_381/toolflow/proj/src/reg.vhd Line: 76
Info (12128): Elaborating entity "dffg" for hierarchy "reg:regist|dffg_N:dffg_0|dffg:\Nbit_dffg:0:DFFGG" File: /home/anorris/CPRE381/ProjectGit/cpre_381/toolflow/proj/src/dffg_N.vhd Line: 50
Info (12128): Elaborating entity "mux32t1" for hierarchy "reg:regist|mux32t1:rt_bus" File: /home/anorris/CPRE381/ProjectGit/cpre_381/toolflow/proj/src/reg.vhd Line: 92
Info (12128): Elaborating entity "extender16t32" for hierarchy "extender16t32:ext" File: /home/anorris/CPRE381/ProjectGit/cpre_381/toolflow/proj/src/TopLevel/MIPS_Processor.vhd Line: 525
Info (12128): Elaborating entity "ID_EX_pipe" for hierarchy "ID_EX_pipe:IDEX_pipe" File: /home/anorris/CPRE381/ProjectGit/cpre_381/toolflow/proj/src/TopLevel/MIPS_Processor.vhd Line: 535
Warning (10492): VHDL Process Statement warning at ID_EX_pipe.vhd(179): signal "s_EX_halt" is read inside the Process Statement but isn't in the Process Statement's sensitivity list File: /home/anorris/CPRE381/ProjectGit/cpre_381/toolflow/proj/src/ID_EX_pipe.vhd Line: 179
Warning (10492): VHDL Process Statement warning at ID_EX_pipe.vhd(180): signal "s_EX_STD_Shift" is read inside the Process Statement but isn't in the Process Statement's sensitivity list File: /home/anorris/CPRE381/ProjectGit/cpre_381/toolflow/proj/src/ID_EX_pipe.vhd Line: 180
Warning (10492): VHDL Process Statement warning at ID_EX_pipe.vhd(181): signal "s_EX_ALU_Src" is read inside the Process Statement but isn't in the Process Statement's sensitivity list File: /home/anorris/CPRE381/ProjectGit/cpre_381/toolflow/proj/src/ID_EX_pipe.vhd Line: 181
Warning (10492): VHDL Process Statement warning at ID_EX_pipe.vhd(182): signal "s_EX_ALU_Control" is read inside the Process Statement but isn't in the Process Statement's sensitivity list File: /home/anorris/CPRE381/ProjectGit/cpre_381/toolflow/proj/src/ID_EX_pipe.vhd Line: 182
Warning (10492): VHDL Process Statement warning at ID_EX_pipe.vhd(183): signal "s_EX_MemToReg" is read inside the Process Statement but isn't in the Process Statement's sensitivity list File: /home/anorris/CPRE381/ProjectGit/cpre_381/toolflow/proj/src/ID_EX_pipe.vhd Line: 183
Warning (10492): VHDL Process Statement warning at ID_EX_pipe.vhd(184): signal "s_EX_MemWrite" is read inside the Process Statement but isn't in the Process Statement's sensitivity list File: /home/anorris/CPRE381/ProjectGit/cpre_381/toolflow/proj/src/ID_EX_pipe.vhd Line: 184
Warning (10492): VHDL Process Statement warning at ID_EX_pipe.vhd(185): signal "s_EX_RegWrite" is read inside the Process Statement but isn't in the Process Statement's sensitivity list File: /home/anorris/CPRE381/ProjectGit/cpre_381/toolflow/proj/src/ID_EX_pipe.vhd Line: 185
Warning (10492): VHDL Process Statement warning at ID_EX_pipe.vhd(186): signal "s_EX_RegDst" is read inside the Process Statement but isn't in the Process Statement's sensitivity list File: /home/anorris/CPRE381/ProjectGit/cpre_381/toolflow/proj/src/ID_EX_pipe.vhd Line: 186
Warning (10492): VHDL Process Statement warning at ID_EX_pipe.vhd(187): signal "s_EX_Jump" is read inside the Process Statement but isn't in the Process Statement's sensitivity list File: /home/anorris/CPRE381/ProjectGit/cpre_381/toolflow/proj/src/ID_EX_pipe.vhd Line: 187
Warning (10492): VHDL Process Statement warning at ID_EX_pipe.vhd(188): signal "s_EX_ext_ctl" is read inside the Process Statement but isn't in the Process Statement's sensitivity list File: /home/anorris/CPRE381/ProjectGit/cpre_381/toolflow/proj/src/ID_EX_pipe.vhd Line: 188
Warning (10492): VHDL Process Statement warning at ID_EX_pipe.vhd(189): signal "s_EX_jal" is read inside the Process Statement but isn't in the Process Statement's sensitivity list File: /home/anorris/CPRE381/ProjectGit/cpre_381/toolflow/proj/src/ID_EX_pipe.vhd Line: 189
Warning (10492): VHDL Process Statement warning at ID_EX_pipe.vhd(190): signal "s_EX_jr" is read inside the Process Statement but isn't in the Process Statement's sensitivity list File: /home/anorris/CPRE381/ProjectGit/cpre_381/toolflow/proj/src/ID_EX_pipe.vhd Line: 190
Warning (10492): VHDL Process Statement warning at ID_EX_pipe.vhd(191): signal "s_EX_PCP4" is read inside the Process Statement but isn't in the Process Statement's sensitivity list File: /home/anorris/CPRE381/ProjectGit/cpre_381/toolflow/proj/src/ID_EX_pipe.vhd Line: 191
Warning (10492): VHDL Process Statement warning at ID_EX_pipe.vhd(192): signal "s_EX_instr20t16" is read inside the Process Statement but isn't in the Process Statement's sensitivity list File: /home/anorris/CPRE381/ProjectGit/cpre_381/toolflow/proj/src/ID_EX_pipe.vhd Line: 192
Warning (10492): VHDL Process Statement warning at ID_EX_pipe.vhd(193): signal "s_EX_instr15t11" is read inside the Process Statement but isn't in the Process Statement's sensitivity list File: /home/anorris/CPRE381/ProjectGit/cpre_381/toolflow/proj/src/ID_EX_pipe.vhd Line: 193
Warning (10492): VHDL Process Statement warning at ID_EX_pipe.vhd(194): signal "s_EX_rs_data_o" is read inside the Process Statement but isn't in the Process Statement's sensitivity list File: /home/anorris/CPRE381/ProjectGit/cpre_381/toolflow/proj/src/ID_EX_pipe.vhd Line: 194
Warning (10492): VHDL Process Statement warning at ID_EX_pipe.vhd(195): signal "s_EX_rt_data_o" is read inside the Process Statement but isn't in the Process Statement's sensitivity list File: /home/anorris/CPRE381/ProjectGit/cpre_381/toolflow/proj/src/ID_EX_pipe.vhd Line: 195
Warning (10492): VHDL Process Statement warning at ID_EX_pipe.vhd(196): signal "s_EX_ext_o" is read inside the Process Statement but isn't in the Process Statement's sensitivity list File: /home/anorris/CPRE381/ProjectGit/cpre_381/toolflow/proj/src/ID_EX_pipe.vhd Line: 196
Warning (10492): VHDL Process Statement warning at ID_EX_pipe.vhd(197): signal "s_EX_s120_o" is read inside the Process Statement but isn't in the Process Statement's sensitivity list File: /home/anorris/CPRE381/ProjectGit/cpre_381/toolflow/proj/src/ID_EX_pipe.vhd Line: 197
Info (12128): Elaborating entity "mux4t1_N" for hierarchy "mux4t1_N:mux0" File: /home/anorris/CPRE381/ProjectGit/cpre_381/toolflow/proj/src/TopLevel/MIPS_Processor.vhd Line: 598
Info (12128): Elaborating entity "ALU" for hierarchy "ALU:ALU0" File: /home/anorris/CPRE381/ProjectGit/cpre_381/toolflow/proj/src/TopLevel/MIPS_Processor.vhd Line: 626
Info (12128): Elaborating entity "AdderSubtractor" for hierarchy "ALU:ALU0|AdderSubtractor:addsub" File: /home/anorris/CPRE381/ProjectGit/cpre_381/toolflow/proj/src/ALU.vhd Line: 122
Warning (10541): VHDL Signal Declaration warning at AdderSubtractor.vhd(74): used implicit default value for signal "w_adder0Overflow" because signal was never assigned a value or an explicit default value. Use of implicit default value may introduce unintended design optimizations. File: /home/anorris/CPRE381/ProjectGit/cpre_381/toolflow/proj/src/AdderSubtractor.vhd Line: 74
Info (12128): Elaborating entity "OnesComplementor" for hierarchy "ALU:ALU0|AdderSubtractor:addsub|OnesComplementor:Complementor0" File: /home/anorris/CPRE381/ProjectGit/cpre_381/toolflow/proj/src/AdderSubtractor.vhd Line: 110
Info (12128): Elaborating entity "andg_N" for hierarchy "ALU:ALU0|andg_N:and_32" File: /home/anorris/CPRE381/ProjectGit/cpre_381/toolflow/proj/src/ALU.vhd Line: 149
Info (12128): Elaborating entity "org_N" for hierarchy "ALU:ALU0|org_N:or_32" File: /home/anorris/CPRE381/ProjectGit/cpre_381/toolflow/proj/src/ALU.vhd Line: 156
Info (12128): Elaborating entity "xorg_N" for hierarchy "ALU:ALU0|xorg_N:xor_32" File: /home/anorris/CPRE381/ProjectGit/cpre_381/toolflow/proj/src/ALU.vhd Line: 163
Info (12128): Elaborating entity "norg_N" for hierarchy "ALU:ALU0|norg_N:nor_32" File: /home/anorris/CPRE381/ProjectGit/cpre_381/toolflow/proj/src/ALU.vhd Line: 170
Info (12128): Elaborating entity "Shifter" for hierarchy "ALU:ALU0|Shifter:shift" File: /home/anorris/CPRE381/ProjectGit/cpre_381/toolflow/proj/src/ALU.vhd Line: 186
Info (12128): Elaborating entity "BarrelShifter" for hierarchy "ALU:ALU0|Shifter:shift|BarrelShifter:ShiftOperation" File: /home/anorris/CPRE381/ProjectGit/cpre_381/toolflow/proj/src/Shifter.vhd Line: 88
Info (12128): Elaborating entity "mux8t1_N" for hierarchy "ALU:ALU0|mux8t1_N:mux" File: /home/anorris/CPRE381/ProjectGit/cpre_381/toolflow/proj/src/ALU.vhd Line: 199
Info (12128): Elaborating entity "EX_MEM_pipe" for hierarchy "EX_MEM_pipe:EXMEM_pipe" File: /home/anorris/CPRE381/ProjectGit/cpre_381/toolflow/proj/src/TopLevel/MIPS_Processor.vhd Line: 640
Warning (10492): VHDL Process Statement warning at EX_MEM_pipe.vhd(158): signal "s_MEM_halt" is read inside the Process Statement but isn't in the Process Statement's sensitivity list File: /home/anorris/CPRE381/ProjectGit/cpre_381/toolflow/proj/src/EX_MEM_pipe.vhd Line: 158
Warning (10492): VHDL Process Statement warning at EX_MEM_pipe.vhd(159): signal "s_MEM_MemToReg" is read inside the Process Statement but isn't in the Process Statement's sensitivity list File: /home/anorris/CPRE381/ProjectGit/cpre_381/toolflow/proj/src/EX_MEM_pipe.vhd Line: 159
Warning (10492): VHDL Process Statement warning at EX_MEM_pipe.vhd(160): signal "s_MEM_MemWrite" is read inside the Process Statement but isn't in the Process Statement's sensitivity list File: /home/anorris/CPRE381/ProjectGit/cpre_381/toolflow/proj/src/EX_MEM_pipe.vhd Line: 160
Warning (10492): VHDL Process Statement warning at EX_MEM_pipe.vhd(161): signal "s_MEM_RegWrite" is read inside the Process Statement but isn't in the Process Statement's sensitivity list File: /home/anorris/CPRE381/ProjectGit/cpre_381/toolflow/proj/src/EX_MEM_pipe.vhd Line: 161
Warning (10492): VHDL Process Statement warning at EX_MEM_pipe.vhd(162): signal "s_MEM_Jump" is read inside the Process Statement but isn't in the Process Statement's sensitivity list File: /home/anorris/CPRE381/ProjectGit/cpre_381/toolflow/proj/src/EX_MEM_pipe.vhd Line: 162
Warning (10492): VHDL Process Statement warning at EX_MEM_pipe.vhd(163): signal "s_MEM_ext_ctl" is read inside the Process Statement but isn't in the Process Statement's sensitivity list File: /home/anorris/CPRE381/ProjectGit/cpre_381/toolflow/proj/src/EX_MEM_pipe.vhd Line: 163
Warning (10492): VHDL Process Statement warning at EX_MEM_pipe.vhd(164): signal "s_MEM_jal" is read inside the Process Statement but isn't in the Process Statement's sensitivity list File: /home/anorris/CPRE381/ProjectGit/cpre_381/toolflow/proj/src/EX_MEM_pipe.vhd Line: 164
Warning (10492): VHDL Process Statement warning at EX_MEM_pipe.vhd(165): signal "s_MEM_jr" is read inside the Process Statement but isn't in the Process Statement's sensitivity list File: /home/anorris/CPRE381/ProjectGit/cpre_381/toolflow/proj/src/EX_MEM_pipe.vhd Line: 165
Warning (10492): VHDL Process Statement warning at EX_MEM_pipe.vhd(166): signal "s_MEM_branch" is read inside the Process Statement but isn't in the Process Statement's sensitivity list File: /home/anorris/CPRE381/ProjectGit/cpre_381/toolflow/proj/src/EX_MEM_pipe.vhd Line: 166
Warning (10492): VHDL Process Statement warning at EX_MEM_pipe.vhd(167): signal "s_MEM_PCP4" is read inside the Process Statement but isn't in the Process Statement's sensitivity list File: /home/anorris/CPRE381/ProjectGit/cpre_381/toolflow/proj/src/EX_MEM_pipe.vhd Line: 167
Warning (10492): VHDL Process Statement warning at EX_MEM_pipe.vhd(168): signal "s_MEM_rs_data_o" is read inside the Process Statement but isn't in the Process Statement's sensitivity list File: /home/anorris/CPRE381/ProjectGit/cpre_381/toolflow/proj/src/EX_MEM_pipe.vhd Line: 168
Warning (10492): VHDL Process Statement warning at EX_MEM_pipe.vhd(169): signal "s_MEM_rt_data_o" is read inside the Process Statement but isn't in the Process Statement's sensitivity list File: /home/anorris/CPRE381/ProjectGit/cpre_381/toolflow/proj/src/EX_MEM_pipe.vhd Line: 169
Warning (10492): VHDL Process Statement warning at EX_MEM_pipe.vhd(170): signal "s_MEM_pc4_s120_o" is read inside the Process Statement but isn't in the Process Statement's sensitivity list File: /home/anorris/CPRE381/ProjectGit/cpre_381/toolflow/proj/src/EX_MEM_pipe.vhd Line: 170
Warning (10492): VHDL Process Statement warning at EX_MEM_pipe.vhd(171): signal "s_MEM_RegWrAddr" is read inside the Process Statement but isn't in the Process Statement's sensitivity list File: /home/anorris/CPRE381/ProjectGit/cpre_381/toolflow/proj/src/EX_MEM_pipe.vhd Line: 171
Warning (10492): VHDL Process Statement warning at EX_MEM_pipe.vhd(172): signal "s_MEM_Dmem_Addr" is read inside the Process Statement but isn't in the Process Statement's sensitivity list File: /home/anorris/CPRE381/ProjectGit/cpre_381/toolflow/proj/src/EX_MEM_pipe.vhd Line: 172
Warning (10492): VHDL Process Statement warning at EX_MEM_pipe.vhd(173): signal "s_MEM_add1_mux2" is read inside the Process Statement but isn't in the Process Statement's sensitivity list File: /home/anorris/CPRE381/ProjectGit/cpre_381/toolflow/proj/src/EX_MEM_pipe.vhd Line: 173
Info (12128): Elaborating entity "ByteShifter" for hierarchy "ByteShifter:ByteShifter0" File: /home/anorris/CPRE381/ProjectGit/cpre_381/toolflow/proj/src/TopLevel/MIPS_Processor.vhd Line: 732
Info (12128): Elaborating entity "ByteDecoder" for hierarchy "ByteShifter:ByteShifter0|ByteDecoder:ByteDecoder_inst" File: /home/anorris/CPRE381/ProjectGit/cpre_381/toolflow/proj/src/ByteShifter.vhd Line: 48
Info (12128): Elaborating entity "WordShifter" for hierarchy "WordShifter:WordShifter0" File: /home/anorris/CPRE381/ProjectGit/cpre_381/toolflow/proj/src/TopLevel/MIPS_Processor.vhd Line: 740
Info (12128): Elaborating entity "WordDecoder" for hierarchy "WordShifter:WordShifter0|WordDecoder:WordDecoder_inst" File: /home/anorris/CPRE381/ProjectGit/cpre_381/toolflow/proj/src/WordShifter.vhd Line: 48
Info (12128): Elaborating entity "MEM_WB_pipe" for hierarchy "MEM_WB_pipe:MEMWB_pipe" File: /home/anorris/CPRE381/ProjectGit/cpre_381/toolflow/proj/src/TopLevel/MIPS_Processor.vhd Line: 753
Warning (10492): VHDL Process Statement warning at MEM_WB_pipe.vhd(116): signal "s_WB_halt" is read inside the Process Statement but isn't in the Process Statement's sensitivity list File: /home/anorris/CPRE381/ProjectGit/cpre_381/toolflow/proj/src/MEM_WB_pipe.vhd Line: 116
Warning (10492): VHDL Process Statement warning at MEM_WB_pipe.vhd(117): signal "s_WB_MemToReg" is read inside the Process Statement but isn't in the Process Statement's sensitivity list File: /home/anorris/CPRE381/ProjectGit/cpre_381/toolflow/proj/src/MEM_WB_pipe.vhd Line: 117
Warning (10492): VHDL Process Statement warning at MEM_WB_pipe.vhd(118): signal "s_WB_RegWrite" is read inside the Process Statement but isn't in the Process Statement's sensitivity list File: /home/anorris/CPRE381/ProjectGit/cpre_381/toolflow/proj/src/MEM_WB_pipe.vhd Line: 118
Warning (10492): VHDL Process Statement warning at MEM_WB_pipe.vhd(119): signal "s_WB_jal" is read inside the Process Statement but isn't in the Process Statement's sensitivity list File: /home/anorris/CPRE381/ProjectGit/cpre_381/toolflow/proj/src/MEM_WB_pipe.vhd Line: 119
Warning (10492): VHDL Process Statement warning at MEM_WB_pipe.vhd(120): signal "s_WB_PCP4" is read inside the Process Statement but isn't in the Process Statement's sensitivity list File: /home/anorris/CPRE381/ProjectGit/cpre_381/toolflow/proj/src/MEM_WB_pipe.vhd Line: 120
Warning (10492): VHDL Process Statement warning at MEM_WB_pipe.vhd(121): signal "s_WB_RegWrAddr" is read inside the Process Statement but isn't in the Process Statement's sensitivity list File: /home/anorris/CPRE381/ProjectGit/cpre_381/toolflow/proj/src/MEM_WB_pipe.vhd Line: 121
Warning (10492): VHDL Process Statement warning at MEM_WB_pipe.vhd(122): signal "s_WB_Dmem_Addr" is read inside the Process Statement but isn't in the Process Statement's sensitivity list File: /home/anorris/CPRE381/ProjectGit/cpre_381/toolflow/proj/src/MEM_WB_pipe.vhd Line: 122
Warning (10492): VHDL Process Statement warning at MEM_WB_pipe.vhd(123): signal "s_WB_Dmem_out" is read inside the Process Statement but isn't in the Process Statement's sensitivity list File: /home/anorris/CPRE381/ProjectGit/cpre_381/toolflow/proj/src/MEM_WB_pipe.vhd Line: 123
Warning (10492): VHDL Process Statement warning at MEM_WB_pipe.vhd(124): signal "s_WB_Dmem_Lb" is read inside the Process Statement but isn't in the Process Statement's sensitivity list File: /home/anorris/CPRE381/ProjectGit/cpre_381/toolflow/proj/src/MEM_WB_pipe.vhd Line: 124
Warning (10492): VHDL Process Statement warning at MEM_WB_pipe.vhd(125): signal "s_WB_Dmem_Lh" is read inside the Process Statement but isn't in the Process Statement's sensitivity list File: /home/anorris/CPRE381/ProjectGit/cpre_381/toolflow/proj/src/MEM_WB_pipe.vhd Line: 125
Info (12128): Elaborating entity "mux4t1_N" for hierarchy "mux4t1_N:mux4" File: /home/anorris/CPRE381/ProjectGit/cpre_381/toolflow/proj/src/TopLevel/MIPS_Processor.vhd Line: 785
Info (276014): Found 1 instances of uninferred RAM logic
    Info (276007): RAM logic "mem:DMem|ram" is uninferred due to asynchronous read logic File: /home/anorris/CPRE381/ProjectGit/cpre_381/toolflow/proj/src/TopLevel/mem.vhd Line: 35
Info (19000): Inferred 1 megafunctions from design logic
    Info (276029): Inferred altsyncram megafunction from the following design logic: "mem:IMem|ram_rtl_0" 
        Info (286033): Parameter OPERATION_MODE set to SINGLE_PORT
        Info (286033): Parameter WIDTH_A set to 32
        Info (286033): Parameter WIDTHAD_A set to 10
        Info (286033): Parameter NUMWORDS_A set to 1024
        Info (286033): Parameter OUTDATA_REG_A set to UNREGISTERED
        Info (286033): Parameter ADDRESS_ACLR_A set to NONE
        Info (286033): Parameter OUTDATA_ACLR_A set to NONE
        Info (286033): Parameter READ_DURING_WRITE_MODE_PORT_A set to OLD_DATA
        Info (286033): Parameter INDATA_ACLR_A set to NONE
        Info (286033): Parameter WRCONTROL_ACLR_A set to NONE
Info (12130): Elaborated megafunction instantiation "mem:IMem|altsyncram:ram_rtl_0"
Info (12133): Instantiated megafunction "mem:IMem|altsyncram:ram_rtl_0" with the following parameter:
    Info (12134): Parameter "OPERATION_MODE" = "SINGLE_PORT"
    Info (12134): Parameter "WIDTH_A" = "32"
    Info (12134): Parameter "WIDTHAD_A" = "10"
    Info (12134): Parameter "NUMWORDS_A" = "1024"
    Info (12134): Parameter "OUTDATA_REG_A" = "UNREGISTERED"
    Info (12134): Parameter "ADDRESS_ACLR_A" = "NONE"
    Info (12134): Parameter "OUTDATA_ACLR_A" = "NONE"
    Info (12134): Parameter "READ_DURING_WRITE_MODE_PORT_A" = "OLD_DATA"
    Info (12134): Parameter "INDATA_ACLR_A" = "NONE"
    Info (12134): Parameter "WRCONTROL_ACLR_A" = "NONE"
Info (12021): Found 1 design units, including 1 entities, in source file db/altsyncram_eg81.tdf
    Info (12023): Found entity 1: altsyncram_eg81 File: /home/anorris/CPRE381/ProjectGit/cpre_381/toolflow/internal/QuartusWork/db/altsyncram_eg81.tdf Line: 28
Info (13000): Registers with preset signals will power-up high File: /home/anorris/CPRE381/ProjectGit/cpre_381/toolflow/proj/src/pc_dffg.vhd Line: 47
Info (13003): DEV_CLRn pin will set, and not reset, register with preset signal due to NOT Gate Push-Back
Info (286030): Timing-Driven Synthesis is running
Info (16010): Generating hard_block partition "hard_block:auto_generated_inst"
    Info (16011): Adding 0 node(s), including 0 DDIO, 0 PLL, 0 transceiver and 0 LCELL
Warning (21074): Design contains 22 input pin(s) that do not drive logic
    Warning (15610): No output dependent on input pin "iInstAddr[0]" File: /home/anorris/CPRE381/ProjectGit/cpre_381/toolflow/proj/src/TopLevel/MIPS_Processor.vhd Line: 26
    Warning (15610): No output dependent on input pin "iInstAddr[1]" File: /home/anorris/CPRE381/ProjectGit/cpre_381/toolflow/proj/src/TopLevel/MIPS_Processor.vhd Line: 26
    Warning (15610): No output dependent on input pin "iInstAddr[12]" File: /home/anorris/CPRE381/ProjectGit/cpre_381/toolflow/proj/src/TopLevel/MIPS_Processor.vhd Line: 26
    Warning (15610): No output dependent on input pin "iInstAddr[13]" File: /home/anorris/CPRE381/ProjectGit/cpre_381/toolflow/proj/src/TopLevel/MIPS_Processor.vhd Line: 26
    Warning (15610): No output dependent on input pin "iInstAddr[14]" File: /home/anorris/CPRE381/ProjectGit/cpre_381/toolflow/proj/src/TopLevel/MIPS_Processor.vhd Line: 26
    Warning (15610): No output dependent on input pin "iInstAddr[15]" File: /home/anorris/CPRE381/ProjectGit/cpre_381/toolflow/proj/src/TopLevel/MIPS_Processor.vhd Line: 26
    Warning (15610): No output dependent on input pin "iInstAddr[16]" File: /home/anorris/CPRE381/ProjectGit/cpre_381/toolflow/proj/src/TopLevel/MIPS_Processor.vhd Line: 26
    Warning (15610): No output dependent on input pin "iInstAddr[17]" File: /home/anorris/CPRE381/ProjectGit/cpre_381/toolflow/proj/src/TopLevel/MIPS_Processor.vhd Line: 26
    Warning (15610): No output dependent on input pin "iInstAddr[18]" File: /home/anorris/CPRE381/ProjectGit/cpre_381/toolflow/proj/src/TopLevel/MIPS_Processor.vhd Line: 26
    Warning (15610): No output dependent on input pin "iInstAddr[19]" File: /home/anorris/CPRE381/ProjectGit/cpre_381/toolflow/proj/src/TopLevel/MIPS_Processor.vhd Line: 26
    Warning (15610): No output dependent on input pin "iInstAddr[20]" File: /home/anorris/CPRE381/ProjectGit/cpre_381/toolflow/proj/src/TopLevel/MIPS_Processor.vhd Line: 26
    Warning (15610): No output dependent on input pin "iInstAddr[21]" File: /home/anorris/CPRE381/ProjectGit/cpre_381/toolflow/proj/src/TopLevel/MIPS_Processor.vhd Line: 26
    Warning (15610): No output dependent on input pin "iInstAddr[22]" File: /home/anorris/CPRE381/ProjectGit/cpre_381/toolflow/proj/src/TopLevel/MIPS_Processor.vhd Line: 26
    Warning (15610): No output dependent on input pin "iInstAddr[23]" File: /home/anorris/CPRE381/ProjectGit/cpre_381/toolflow/proj/src/TopLevel/MIPS_Processor.vhd Line: 26
    Warning (15610): No output dependent on input pin "iInstAddr[24]" File: /home/anorris/CPRE381/ProjectGit/cpre_381/toolflow/proj/src/TopLevel/MIPS_Processor.vhd Line: 26
    Warning (15610): No output dependent on input pin "iInstAddr[25]" File: /home/anorris/CPRE381/ProjectGit/cpre_381/toolflow/proj/src/TopLevel/MIPS_Processor.vhd Line: 26
    Warning (15610): No output dependent on input pin "iInstAddr[26]" File: /home/anorris/CPRE381/ProjectGit/cpre_381/toolflow/proj/src/TopLevel/MIPS_Processor.vhd Line: 26
    Warning (15610): No output dependent on input pin "iInstAddr[27]" File: /home/anorris/CPRE381/ProjectGit/cpre_381/toolflow/proj/src/TopLevel/MIPS_Processor.vhd Line: 26
    Warning (15610): No output dependent on input pin "iInstAddr[28]" File: /home/anorris/CPRE381/ProjectGit/cpre_381/toolflow/proj/src/TopLevel/MIPS_Processor.vhd Line: 26
    Warning (15610): No output dependent on input pin "iInstAddr[29]" File: /home/anorris/CPRE381/ProjectGit/cpre_381/toolflow/proj/src/TopLevel/MIPS_Processor.vhd Line: 26
    Warning (15610): No output dependent on input pin "iInstAddr[30]" File: /home/anorris/CPRE381/ProjectGit/cpre_381/toolflow/proj/src/TopLevel/MIPS_Processor.vhd Line: 26
    Warning (15610): No output dependent on input pin "iInstAddr[31]" File: /home/anorris/CPRE381/ProjectGit/cpre_381/toolflow/proj/src/TopLevel/MIPS_Processor.vhd Line: 26
Info (21057): Implemented 59620 device resources after synthesis - the final resource count might be different
    Info (21058): Implemented 67 input pins
    Info (21059): Implemented 32 output pins
    Info (21061): Implemented 59489 logic cells
    Info (21064): Implemented 32 RAM segments
Info: Quartus Prime Analysis & Synthesis was successful. 0 errors, 80 warnings
    Info: Peak virtual memory: 964 megabytes
    Info: Processing ended: Tue Apr 16 22:54:27 2024
    Info: Elapsed time: 00:01:53
    Info: Total CPU time (on all processors): 00:01:55
Info: *******************************************************************
Info: Running Quartus Prime Fitter
    Info: Version 20.1.1 Build 720 11/11/2020 SJ Standard Edition
    Info: Copyright (C) 2020  Intel Corporation. All rights reserved.
    Info: Your use of Intel Corporation's design tools, logic functions 
    Info: and other software and tools, and any partner logic 
    Info: functions, and any output files from any of the foregoing 
    Info: (including device programming or simulation files), and any 
    Info: associated documentation or information are expressly subject 
    Info: to the terms and conditions of the Intel Program License 
    Info: Subscription Agreement, the Intel Quartus Prime License Agreement,
    Info: the Intel FPGA IP License Agreement, or other applicable license
    Info: agreement, including, without limitation, that your use is for
    Info: the sole purpose of programming logic devices manufactured by
    Info: Intel and sold by Intel or its authorized distributors.  Please
    Info: refer to the applicable agreement for further details, at
    Info: https://fpgasoftware.intel.com/eula.
    Info: Processing started: Tue Apr 16 22:54:28 2024
Info: Command: quartus_fit --read_settings_files=on --write_settings_files=off toolflow -c toolflow
Info: qfit2_default_script.tcl version: #1
Info: Project  = toolflow
Info: Revision = toolflow
Warning (18236): Number of processors has not been specified which may cause overloading on shared machines.  Set the global assignment NUM_PARALLEL_PROCESSORS in your QSF to an appropriate value for best performance.
Info (20030): Parallel compilation is enabled and will use 4 of the 4 processors detected
Info (119006): Selected device EP4CE115F29C7 for design "toolflow"
Info (21076): High junction temperature operating condition is not set. Assuming a default value of '85'.
Info (21076): Low junction temperature operating condition is not set. Assuming a default value of '0'.
Info (171003): Fitter is performing an Auto Fit compilation, which may decrease Fitter effort to reduce compilation time
Info (176444): Device migration not selected. If you intend to use device migration later, you may need to change the pin assignments as they may be incompatible with other devices
    Info (176445): Device EP4CE40F29C7 is compatible
    Info (176445): Device EP4CE40F29I7 is compatible
    Info (176445): Device EP4CE30F29C7 is compatible
    Info (176445): Device EP4CE30F29I7 is compatible
    Info (176445): Device EP4CE55F29C7 is compatible
    Info (176445): Device EP4CE55F29I7 is compatible
    Info (176445): Device EP4CE75F29C7 is compatible
    Info (176445): Device EP4CE75F29I7 is compatible
    Info (176445): Device EP4CE115F29I7 is compatible
Info (169124): Fitter converted 5 user pins into dedicated programming pins
    Info (169125): Pin ~ALTERA_ASDO_DATA1~ is reserved at location F4
    Info (169125): Pin ~ALTERA_FLASH_nCE_nCSO~ is reserved at location E2
    Info (169125): Pin ~ALTERA_DCLK~ is reserved at location P3
    Info (169125): Pin ~ALTERA_DATA0~ is reserved at location N7
    Info (169125): Pin ~ALTERA_nCEO~ is reserved at location P28
Warning (15714): Some pins have incomplete I/O assignments. Refer to the I/O Assignment Warnings report for details
Info (176045): Design uses memory blocks. Violating setup or hold times of memory block address registers for either read or write operations could cause memory contents to be corrupted. Make sure that all memory block address registers meet the setup and hold time requirements.
Critical Warning (169085): No exact pin location assignment(s) for 99 pins of 99 total pins. For the list of pins please refer to the I/O Assignment Warnings table in the fitter report.
Info (332104): Reading SDC File: 'toolflow.sdc'
Info (332129): Detected timing requirements -- optimizing circuit to achieve only the specified requirements
Info (332111): Found 1 clocks
    Info (332111):   Period   Clock Name
    Info (332111): ======== ============
    Info (332111):   20.000         iCLK
Info (176353): Automatically promoted node iCLK~input (placed in PIN J1 (CLK1, DIFFCLK_0n)) File: /home/anorris/CPRE381/ProjectGit/cpre_381/toolflow/proj/src/TopLevel/MIPS_Processor.vhd Line: 23
    Info (176355): Automatically promoted destinations to use location or clock signal Global Clock CLKCTRL_G2
Info (176353): Automatically promoted node iRST~input (placed in PIN Y2 (CLK2, DIFFCLK_1p)) File: /home/anorris/CPRE381/ProjectGit/cpre_381/toolflow/proj/src/TopLevel/MIPS_Processor.vhd Line: 24
    Info (176355): Automatically promoted destinations to use location or clock signal Global Clock CLKCTRL_G4
Info (176233): Starting register packing
Info (176235): Finished register packing
    Extra Info (176219): No registers were packed into other blocks
Info (176214): Statistics of I/O pins that need to be placed that use the same VCCIO and VREF, before I/O pin placement
    Info (176211): Number of I/O pins in group: 97 (unused VREF, 2.5V VCCIO, 65 input, 32 output, 0 bidirectional)
        Info (176212): I/O standards used: 2.5 V.
Info (176215): I/O bank details before I/O pin placement
    Info (176214): Statistics of I/O banks
        Info (176213): I/O bank number 1 does not use VREF pins and has undetermined VCCIO pins. 5 total pin(s) used --  51 pins available
        Info (176213): I/O bank number 2 does not use VREF pins and has undetermined VCCIO pins. 1 total pin(s) used --  62 pins available
        Info (176213): I/O bank number 3 does not use VREF pins and has undetermined VCCIO pins. 0 total pin(s) used --  73 pins available
        Info (176213): I/O bank number 4 does not use VREF pins and has undetermined VCCIO pins. 0 total pin(s) used --  71 pins available
        Info (176213): I/O bank number 5 does not use VREF pins and has undetermined VCCIO pins. 0 total pin(s) used --  65 pins available
        Info (176213): I/O bank number 6 does not use VREF pins and has undetermined VCCIO pins. 1 total pin(s) used --  57 pins available
        Info (176213): I/O bank number 7 does not use VREF pins and has undetermined VCCIO pins. 0 total pin(s) used --  72 pins available
        Info (176213): I/O bank number 8 does not use VREF pins and has undetermined VCCIO pins. 0 total pin(s) used --  71 pins available
Info (171121): Fitter preparation operations ending: elapsed time is 00:00:45
Info (14896): Fitter has disabled Advanced Physical Optimization because it is not supported for the current family.
Info (170189): Fitter placement preparation operations beginning
Info (170190): Fitter placement preparation operations ending: elapsed time is 00:00:18
Info (170191): Fitter placement operations beginning
Info (170137): Fitter placement was successful
Info (170192): Fitter placement operations ending: elapsed time is 00:01:57
Info (170193): Fitter routing operations beginning
Info (170195): Router estimated average interconnect usage is 17% of the available device resources
    Info (170196): Router estimated peak interconnect usage is 40% of the available device resources in the region that extends from location X23_Y24 to location X33_Y36
Info (170199): The Fitter performed an Auto Fit compilation.  Optimizations were skipped to reduce compilation time.
    Info (170201): Optimizations that may affect the design's routability were skipped
    Info (170200): Optimizations that may affect the design's timing were skipped
Info (170194): Fitter routing operations ending: elapsed time is 00:01:01
Info (11888): Total time spent on timing analysis during the Fitter is 19.78 seconds.
Info (334003): Started post-fitting delay annotation
Info (334004): Delay annotation completed successfully
Info (334003): Started post-fitting delay annotation
Info (334004): Delay annotation completed successfully
Info (11218): Fitter post-fit operations ending: elapsed time is 00:00:19
Info (144001): Generated suppressed messages file /home/anorris/CPRE381/ProjectGit/cpre_381/toolflow/internal/QuartusWork/output_files/toolflow.fit.smsg
Info: Quartus Prime Fitter was successful. 0 errors, 3 warnings
    Info: Peak virtual memory: 1968 megabytes
    Info: Processing ended: Tue Apr 16 22:59:35 2024
    Info: Elapsed time: 00:05:07
    Info: Total CPU time (on all processors): 00:09:29
Info: *******************************************************************
Info: Running Quartus Prime Assembler
    Info: Version 20.1.1 Build 720 11/11/2020 SJ Standard Edition
    Info: Copyright (C) 2020  Intel Corporation. All rights reserved.
    Info: Your use of Intel Corporation's design tools, logic functions 
    Info: and other software and tools, and any partner logic 
    Info: functions, and any output files from any of the foregoing 
    Info: (including device programming or simulation files), and any 
    Info: associated documentation or information are expressly subject 
    Info: to the terms and conditions of the Intel Program License 
    Info: Subscription Agreement, the Intel Quartus Prime License Agreement,
    Info: the Intel FPGA IP License Agreement, or other applicable license
    Info: agreement, including, without limitation, that your use is for
    Info: the sole purpose of programming logic devices manufactured by
    Info: Intel and sold by Intel or its authorized distributors.  Please
    Info: refer to the applicable agreement for further details, at
    Info: https://fpgasoftware.intel.com/eula.
    Info: Processing started: Tue Apr 16 22:59:36 2024
Info: Command: quartus_asm --read_settings_files=on --write_settings_files=off toolflow -c toolflow
Warning (18236): Number of processors has not been specified which may cause overloading on shared machines.  Set the global assignment NUM_PARALLEL_PROCESSORS in your QSF to an appropriate value for best performance.
Info (115031): Writing out detailed assembly data for power analysis
Info (115030): Assembler is generating device programming files
Info: Quartus Prime Assembler was successful. 0 errors, 1 warning
    Info: Peak virtual memory: 747 megabytes
    Info: Processing ended: Tue Apr 16 22:59:43 2024
    Info: Elapsed time: 00:00:07
    Info: Total CPU time (on all processors): 00:00:06
