In clock cycle: 2
Register Write to Reg: 0x00 Val: 0x00000000
In clock cycle: 3
Register Write to Reg: 0x00 Val: 0x00000000
In clock cycle: 4
Register Write to Reg: 0x01 Val: 0xFFFFFFFF
In clock cycle: 5
Register Write to Reg: 0x02 Val: 0xFFFFFFFF
In clock cycle: 6
Register Write to Reg: 0x03 Val: 0xFFFFFFFF
In clock cycle: 7
Register Write to Reg: 0x04 Val: 0xFFFFFFFF
In clock cycle: 8
Register Write to Reg: 0x05 Val: 0xFFFFFFFF
In clock cycle: 9
Register Write to Reg: 0x06 Val: 0xFFFFFFFF
In clock cycle: 10
Register Write to Reg: 0x07 Val: 0xFFFFFFFF
In clock cycle: 11
Register Write to Reg: 0x08 Val: 0xFFFFFFFF
In clock cycle: 12
Register Write to Reg: 0x09 Val: 0xFFFFFFFF
In clock cycle: 13
Register Write to Reg: 0x0A Val: 0xFFFFFFFF
In clock cycle: 14
Register Write to Reg: 0x0B Val: 0xFFFFFFFF
In clock cycle: 15
Register Write to Reg: 0x0C Val: 0xFFFFFFFF
In clock cycle: 16
Register Write to Reg: 0x0D Val: 0xFFFFFFFF
In clock cycle: 17
Register Write to Reg: 0x0E Val: 0xFFFFFFFF
In clock cycle: 18
Register Write to Reg: 0x0F Val: 0xFFFFFFFF
In clock cycle: 19
Register Write to Reg: 0x10 Val: 0xFFFFFFFF
In clock cycle: 20
Register Write to Reg: 0x11 Val: 0xFFFFFFFF
In clock cycle: 21
Register Write to Reg: 0x12 Val: 0xFFFFFFFF
In clock cycle: 22
Register Write to Reg: 0x13 Val: 0xFFFFFFFF
In clock cycle: 23
Register Write to Reg: 0x14 Val: 0xFFFFFFFF
In clock cycle: 24
Register Write to Reg: 0x15 Val: 0xFFFFFFFF
In clock cycle: 25
Register Write to Reg: 0x16 Val: 0xFFFFFFFF
In clock cycle: 26
Register Write to Reg: 0x17 Val: 0xFFFFFFFF
In clock cycle: 27
Register Write to Reg: 0x18 Val: 0xFFFFFFFF
In clock cycle: 28
Register Write to Reg: 0x19 Val: 0xFFFFFFFF
In clock cycle: 29
Register Write to Reg: 0x1A Val: 0xFFFFFFFF
In clock cycle: 30
Register Write to Reg: 0x1B Val: 0xFFFFFFFF
In clock cycle: 31
Register Write to Reg: 0x1C Val: 0xFFFFFFFF
In clock cycle: 32
Register Write to Reg: 0x1D Val: 0xFFFFFFFF
In clock cycle: 33
Register Write to Reg: 0x1E Val: 0xFFFFFFFF
In clock cycle: 34
Register Write to Reg: 0x1F Val: 0xFFFFFFFF
In clock cycle: 35
Register Write to Reg: 0x01 Val: 0x00FFFFFF
In clock cycle: 38
Register Write to Reg: 0x01 Val: 0x000000FF
In clock cycle: 39
Register Write to Reg: 0x02 Val: 0x00FFFFFF
In clock cycle: 42
Register Write to Reg: 0x02 Val: 0x000000FF
In clock cycle: 43
Register Write to Reg: 0x03 Val: 0x00FFFFFF
In clock cycle: 46
Register Write to Reg: 0x03 Val: 0x000000FF
In clock cycle: 47
Register Write to Reg: 0x04 Val: 0x00FFFFFF
In clock cycle: 50
Register Write to Reg: 0x04 Val: 0x000000FF
In clock cycle: 51
Register Write to Reg: 0x05 Val: 0x00FFFFFF
In clock cycle: 54
Register Write to Reg: 0x05 Val: 0x000000FF
In clock cycle: 55
Register Write to Reg: 0x06 Val: 0x00FFFFFF
In clock cycle: 58
Register Write to Reg: 0x06 Val: 0x000000FF
In clock cycle: 59
Register Write to Reg: 0x07 Val: 0x00FFFFFF
In clock cycle: 62
Register Write to Reg: 0x07 Val: 0x000000FF
In clock cycle: 63
Register Write to Reg: 0x08 Val: 0x00FFFFFF
In clock cycle: 66
Register Write to Reg: 0x08 Val: 0x000000FF
In clock cycle: 67
Register Write to Reg: 0x09 Val: 0x00FFFFFF
In clock cycle: 70
Register Write to Reg: 0x09 Val: 0x000000FF
In clock cycle: 71
Register Write to Reg: 0x0A Val: 0x00FFFFFF
In clock cycle: 74
Register Write to Reg: 0x0A Val: 0x000000FF
In clock cycle: 75
Register Write to Reg: 0x0B Val: 0x00FFFFFF
In clock cycle: 78
Register Write to Reg: 0x0B Val: 0x000000FF
In clock cycle: 79
Register Write to Reg: 0x0C Val: 0x00FFFFFF
In clock cycle: 82
Register Write to Reg: 0x0C Val: 0x000000FF
In clock cycle: 83
Register Write to Reg: 0x0D Val: 0x00FFFFFF
In clock cycle: 86
Register Write to Reg: 0x0D Val: 0x000000FF
In clock cycle: 87
Register Write to Reg: 0x0E Val: 0x00FFFFFF
In clock cycle: 90
Register Write to Reg: 0x0E Val: 0x000000FF
In clock cycle: 91
Register Write to Reg: 0x0F Val: 0x00FFFFFF
In clock cycle: 94
Register Write to Reg: 0x0F Val: 0x000000FF
In clock cycle: 95
Register Write to Reg: 0x10 Val: 0x00FFFFFF
In clock cycle: 98
Register Write to Reg: 0x10 Val: 0x000000FF
In clock cycle: 99
Register Write to Reg: 0x11 Val: 0x00FFFFFF
In clock cycle: 102
Register Write to Reg: 0x11 Val: 0x000000FF
In clock cycle: 103
Register Write to Reg: 0x12 Val: 0x00FFFFFF
In clock cycle: 106
Register Write to Reg: 0x12 Val: 0x000000FF
In clock cycle: 107
Register Write to Reg: 0x13 Val: 0x00FFFFFF
In clock cycle: 110
Register Write to Reg: 0x13 Val: 0x000000FF
In clock cycle: 111
Register Write to Reg: 0x14 Val: 0x00FFFFFF
In clock cycle: 114
Register Write to Reg: 0x14 Val: 0x000000FF
In clock cycle: 115
Register Write to Reg: 0x15 Val: 0x00FFFFFF
In clock cycle: 118
Register Write to Reg: 0x15 Val: 0x000000FF
In clock cycle: 119
Register Write to Reg: 0x16 Val: 0x00FFFFFF
In clock cycle: 122
Register Write to Reg: 0x16 Val: 0x000000FF
In clock cycle: 123
Register Write to Reg: 0x17 Val: 0x00FFFFFF
In clock cycle: 126
Register Write to Reg: 0x17 Val: 0x000000FF
In clock cycle: 127
Register Write to Reg: 0x18 Val: 0x00FFFFFF
In clock cycle: 130
Register Write to Reg: 0x18 Val: 0x000000FF
In clock cycle: 131
Register Write to Reg: 0x19 Val: 0x00FFFFFF
In clock cycle: 134
Register Write to Reg: 0x19 Val: 0x000000FF
In clock cycle: 135
Register Write to Reg: 0x1A Val: 0x00FFFFFF
In clock cycle: 138
Register Write to Reg: 0x1A Val: 0x000000FF
In clock cycle: 139
Register Write to Reg: 0x1B Val: 0x00FFFFFF
In clock cycle: 142
Register Write to Reg: 0x1B Val: 0x000000FF
In clock cycle: 143
Register Write to Reg: 0x1C Val: 0x00FFFFFF
In clock cycle: 146
Register Write to Reg: 0x1C Val: 0x000000FF
In clock cycle: 147
Register Write to Reg: 0x1D Val: 0x00FFFFFF
In clock cycle: 150
Register Write to Reg: 0x1D Val: 0x000000FF
In clock cycle: 151
Register Write to Reg: 0x1E Val: 0x00FFFFFF
In clock cycle: 154
Register Write to Reg: 0x1E Val: 0x000000FF
In clock cycle: 155
Register Write to Reg: 0x1F Val: 0x00FFFFFF
In clock cycle: 158
Register Write to Reg: 0x1F Val: 0x000000FF
Execution is stopping! Clock Cycle: 159
