Reading pref.tcl

# 2023.2_2

# vsim -postsimdataflow -debugdb -c -voptargs=""+acc"" tb -do "modelsim_framework.do" -gOUTPUT_TRACE=ms.trace 
# Start time: 13:19:14 on Apr 26,2024
# ** Note: (vsim-3812) Design is being optimized...
# ** Note: (vsim-8611) Generating debug db.
# ** Warning: (vopt-10587) Some optimizations are turned off because the +acc switch is in effect. This will cause your simulation to run slowly. Please use -access/-debug to maintain needed visibility.
# ** Note: (vopt-4301) Memory core inferred for signal 'ram' width=32, depth=1024, type=RAM at location proj/src/TopLevel/mem.vhd:35
# ** Note: (vsim-12126) Error and warning message counts have been restored: Errors=0, Warnings=1.
# //  Questa Sim-64
# //  Version 2023.2_2 linux_x86_64 Jun  9 2023
# //
# //  Copyright 1991-2023 Mentor Graphics Corporation
# //  All Rights Reserved.
# //
# //  QuestaSim and its associated documentation contain trade
# //  secrets and commercial or financial information that are the property of
# //  Mentor Graphics Corporation and are privileged, confidential,
# //  and exempt from disclosure under the Freedom of Information Act,
# //  5 U.S.C. Section 552. Furthermore, this information
# //  is prohibited from disclosure under the Trade Secrets Act,
# //  18 U.S.C. Section 1905.
# //
# Loading std.standard
# Loading std.textio(body)
# Loading ieee.std_logic_1164(body)
# Loading ieee.std_logic_textio(body)
# Loading std.env(body)
# Loading work.tb(mixed)#1
# Loading ieee.numeric_std(body)
# Loading work.mips_types(body)
# Loading work.mips_processor(structure)#1
# Loading work.mem(rtl)#1
# Loading work.mux2t1_n(structural)#1
# Loading work.mux2t1(structure)#1
# Loading work.invg(dataflow)#1
# Loading work.andg2(dataflow)#1
# Loading work.org2(dataflow)#1
# Loading work.ripplecarryadder(structural)#1
# Loading work.adder(structure)#1
# Loading work.xorg2(dataflow)#1
# Loading work.pc_dffg(mixed)#1
# Loading work.if_id_pipe(mixed)#1
# Loading work.controller(structure)#1
# Loading work.controldecoderlogic(sel_when)#1
# Loading work.reg(structural)#1
# Loading work.decoder5_32(mixed)#1
# Loading work.dffg_n(structural)#1
# Loading work.dffg(mixed)#1
# Loading work.mux32t1(dataflow)#1
# Loading work.extender16t32(dataflow)#1
# Loading work.hazarddetectionunit(mixed)#1
# Loading work.id_ex_pipe(mixed)#1
# Loading work.mux4t1_n(dataflow)#1
# Loading work.alu(mixed)#1
# Loading work.addersubtractor(structural)#1
# Loading work.onescomplementor(structural)#1
# Loading work.andg_n(structure)#1
# Loading work.org_n(structure)#1
# Loading work.xorg_n(structure)#1
# Loading work.norg_n(structure)#1
# Loading work.shifter(behavior)#1
# Loading work.barrelshifter(behavior)#1
# Loading work.mux8t1_n(dataflow)#1
# Loading work.mux8t1_n(dataflow)#2
# Loading work.ex_mem_pipe(mixed)#1
# Loading ieee.std_logic_arith(body)
# Loading ieee.std_logic_unsigned(body)
# Loading work.byteshifter(behavior)#1
# Loading work.bytedecoder(behavioral)#1
# Loading work.shifter(behavior)#2
# Loading work.andg2(dataflow)#2
# Loading work.wordshifter(behavior)#1
# Loading work.worddecoder(behavioral)#1
# Loading work.mem_wb_pipe(mixed)#1
# Loading work.mux4t1_n(dataflow)#2
# ** Note: (vsim-8900) Creating design debug database vsim.dbg.
# do modelsim_framework.do
# ** Warning: NUMERIC_STD.TO_INTEGER: metavalue detected, returning 0
#    Time: 0 ns  Iteration: 0  Instance: /tb/MyMips/DMem
# ** Warning: NUMERIC_STD.TO_INTEGER: metavalue detected, returning 0
#    Time: 0 ns  Iteration: 0  Instance: /tb/MyMips/regist/rs_bus
# ** Warning: NUMERIC_STD.TO_INTEGER: metavalue detected, returning 0
#    Time: 0 ns  Iteration: 0  Instance: /tb/MyMips/regist/rt_bus
# ** Warning: NUMERIC_STD.TO_INTEGER: metavalue detected, returning 0
#    Time: 0 ns  Iteration: 0  Instance: /tb/MyMips/IMem
# ** Warning: NUMERIC_STD.TO_INTEGER: metavalue detected, returning 0
#    Time: 0 ns  Iteration: 3  Instance: /tb/MyMips/regist/rs_bus
# ** Warning: NUMERIC_STD.TO_INTEGER: metavalue detected, returning 0
#    Time: 0 ns  Iteration: 3  Instance: /tb/MyMips/regist/rt_bus
# ** Warning: NUMERIC_STD.TO_INTEGER: metavalue detected, returning 0
#    Time: 160 ns  Iteration: 3  Instance: /tb/MyMips/regist/rs_bus
# ** Warning: NUMERIC_STD.TO_INTEGER: metavalue detected, returning 0
#    Time: 160 ns  Iteration: 3  Instance: /tb/MyMips/regist/rt_bus
# ** Warning: NUMERIC_STD.TO_INTEGER: metavalue detected, returning 0
#    Time: 170 ns  Iteration: 5  Instance: /tb/MyMips/regist/rs_bus
# ** Warning: NUMERIC_STD.TO_INTEGER: metavalue detected, returning 0
#    Time: 170 ns  Iteration: 5  Instance: /tb/MyMips/regist/rt_bus
# ** Warning: NUMERIC_STD.TO_INTEGER: metavalue detected, returning 0
#    Time: 190 ns  Iteration: 5  Instance: /tb/MyMips/regist/rs_bus
# ** Warning: NUMERIC_STD.TO_INTEGER: metavalue detected, returning 0
#    Time: 190 ns  Iteration: 5  Instance: /tb/MyMips/regist/rt_bus
# ** Note: Data structure takes 73626056 bytes of memory
#          Process time 0.24 seconds
#          stop
#    Time: 220 ns  Iteration: 1  Instance: /tb
# Break in Process P_DUMP_STATE at /home/anorris/CPRE381/ProjectGit/cpre_381/toolflow/internal/testpy/tb.vhd line 150
# Stopped at /home/anorris/CPRE381/ProjectGit/cpre_381/toolflow/internal/testpy/tb.vhd line 150
# End time: 13:19:30 on Apr 26,2024, Elapsed time: 0:00:16
# Errors: 0, Warnings: 13
