In clock cycle: 2
Register Write to Reg: 0x00 Val: 0x00000000
In clock cycle: 3
Register Write to Reg: 0x00 Val: 0x00000000
In clock cycle: 4
Register Write to Reg: 0x08 Val: 0x000000FF
In clock cycle: 5
Register Write to Reg: 0x01 Val: 0x00000000
In clock cycle: 8
Register Write to Reg: 0x01 Val: 0x0000FF00
In clock cycle: 11
Register Write to Reg: 0x09 Val: 0x0000FF00
In clock cycle: 12
Register Write to Reg: 0x0A Val: 0x00000F0F
In clock cycle: 13
Register Write to Reg: 0x01 Val: 0x00000000
In clock cycle: 16
Register Write to Reg: 0x01 Val: 0x0000F0F0
In clock cycle: 19
Register Write to Reg: 0x0B Val: 0x0000F0F0
In clock cycle: 20
Register Write to Reg: 0x0C Val: 0x00003333
In clock cycle: 21
Register Write to Reg: 0x01 Val: 0x00000000
In clock cycle: 24
Register Write to Reg: 0x01 Val: 0x0000CCCC
In clock cycle: 27
Register Write to Reg: 0x0D Val: 0x0000CCCC
In clock cycle: 28
Register Write to Reg: 0x0E Val: 0x00005555
In clock cycle: 29
Register Write to Reg: 0x01 Val: 0x00000000
In clock cycle: 32
Register Write to Reg: 0x01 Val: 0x0000AAAA
In clock cycle: 35
Register Write to Reg: 0x0F Val: 0x0000AAAA
In clock cycle: 36
Register Write to Reg: 0x18 Val: 0x0000000F
In clock cycle: 39
Register Write to Reg: 0x18 Val: 0x00000003
In clock cycle: 42
Register Write to Reg: 0x18 Val: 0x00000001
In clock cycle: 43
Register Write to Reg: 0x18 Val: 0x0000000F
In clock cycle: 46
Register Write to Reg: 0x18 Val: 0x00000003
In clock cycle: 49
Register Write to Reg: 0x18 Val: 0x00000002
In clock cycle: 50
Register Write to Reg: 0x18 Val: 0x0000000F
In clock cycle: 53
Register Write to Reg: 0x18 Val: 0x0000000C
In clock cycle: 56
Register Write to Reg: 0x18 Val: 0x00000004
In clock cycle: 57
Register Write to Reg: 0x18 Val: 0x0000000F
In clock cycle: 60
Register Write to Reg: 0x18 Val: 0x0000000C
In clock cycle: 63
Register Write to Reg: 0x18 Val: 0x00000008
In clock cycle: 64
Register Write to Reg: 0x18 Val: 0x000000F0
In clock cycle: 67
Register Write to Reg: 0x18 Val: 0x00000030
In clock cycle: 70
Register Write to Reg: 0x18 Val: 0x00000010
In clock cycle: 71
Register Write to Reg: 0x18 Val: 0x000000F0
In clock cycle: 74
Register Write to Reg: 0x18 Val: 0x00000030
In clock cycle: 77
Register Write to Reg: 0x18 Val: 0x00000020
In clock cycle: 78
Register Write to Reg: 0x18 Val: 0x000000F0
In clock cycle: 81
Register Write to Reg: 0x18 Val: 0x000000C0
In clock cycle: 84
Register Write to Reg: 0x18 Val: 0x00000040
In clock cycle: 85
Register Write to Reg: 0x18 Val: 0x000000F0
In clock cycle: 88
Register Write to Reg: 0x18 Val: 0x000000C0
In clock cycle: 91
Register Write to Reg: 0x18 Val: 0x00000080
In clock cycle: 92
Register Write to Reg: 0x18 Val: 0x00000F00
In clock cycle: 95
Register Write to Reg: 0x18 Val: 0x00000300
In clock cycle: 98
Register Write to Reg: 0x18 Val: 0x00000100
In clock cycle: 99
Register Write to Reg: 0x18 Val: 0x00000F00
In clock cycle: 102
Register Write to Reg: 0x18 Val: 0x00000300
In clock cycle: 105
Register Write to Reg: 0x18 Val: 0x00000200
In clock cycle: 106
Register Write to Reg: 0x18 Val: 0x00000F00
In clock cycle: 109
Register Write to Reg: 0x18 Val: 0x00000C00
In clock cycle: 112
Register Write to Reg: 0x18 Val: 0x00000400
In clock cycle: 113
Register Write to Reg: 0x18 Val: 0x00000F00
In clock cycle: 116
Register Write to Reg: 0x18 Val: 0x00000C00
In clock cycle: 119
Register Write to Reg: 0x18 Val: 0x00000800
In clock cycle: 120
Register Write to Reg: 0x18 Val: 0x0000F000
In clock cycle: 123
Register Write to Reg: 0x18 Val: 0x00003000
In clock cycle: 126
Register Write to Reg: 0x18 Val: 0x00001000
In clock cycle: 127
Register Write to Reg: 0x18 Val: 0x0000F000
In clock cycle: 130
Register Write to Reg: 0x18 Val: 0x00003000
In clock cycle: 133
Register Write to Reg: 0x18 Val: 0x00002000
In clock cycle: 134
Register Write to Reg: 0x18 Val: 0x0000F000
In clock cycle: 137
Register Write to Reg: 0x18 Val: 0x0000C000
In clock cycle: 140
Register Write to Reg: 0x18 Val: 0x00004000
In clock cycle: 141
Register Write to Reg: 0x18 Val: 0x0000F000
In clock cycle: 144
Register Write to Reg: 0x18 Val: 0x0000C000
In clock cycle: 147
Register Write to Reg: 0x18 Val: 0x00008000
Execution is stopping! Clock Cycle: 148
