Info: *******************************************************************
Info: Running Quartus Prime Analysis & Synthesis
    Info: Version 20.1.1 Build 720 11/11/2020 SJ Standard Edition
    Info: Copyright (C) 2020  Intel Corporation. All rights reserved.
    Info: Your use of Intel Corporation's design tools, logic functions 
    Info: and other software and tools, and any partner logic 
    Info: functions, and any output files from any of the foregoing 
    Info: (including device programming or simulation files), and any 
    Info: associated documentation or information are expressly subject 
    Info: to the terms and conditions of the Intel Program License 
    Info: Subscription Agreement, the Intel Quartus Prime License Agreement,
    Info: the Intel FPGA IP License Agreement, or other applicable license
    Info: agreement, including, without limitation, that your use is for
    Info: the sole purpose of programming logic devices manufactured by
    Info: Intel and sold by Intel or its authorized distributors.  Please
    Info: refer to the applicable agreement for further details, at
    Info: https://fpgasoftware.intel.com/eula.
    Info: Processing started: Tue Apr 16 21:43:29 2024
Info: Command: quartus_map --read_settings_files=on --write_settings_files=off toolflow -c toolflow
Warning (18236): Number of processors has not been specified which may cause overloading on shared machines.  Set the global assignment NUM_PARALLEL_PROCESSORS in your QSF to an appropriate value for best performance.
Info (20030): Parallel compilation is enabled and will use 4 of the 4 processors detected
Info (12021): Found 2 design units, including 1 entities, in source file /home/anorris/CPRE381/ProjectGit/cpre_381/toolflow/proj/src/ALU.vhd
    Info (12022): Found design unit 1: ALU-mixed File: /home/anorris/CPRE381/ProjectGit/cpre_381/toolflow/proj/src/ALU.vhd Line: 25
    Info (12023): Found entity 1: ALU File: /home/anorris/CPRE381/ProjectGit/cpre_381/toolflow/proj/src/ALU.vhd Line: 13
Info (12021): Found 2 design units, including 1 entities, in source file /home/anorris/CPRE381/ProjectGit/cpre_381/toolflow/proj/src/Adder.vhd
    Info (12022): Found design unit 1: Adder-structure File: /home/anorris/CPRE381/ProjectGit/cpre_381/toolflow/proj/src/Adder.vhd Line: 24
    Info (12023): Found entity 1: Adder File: /home/anorris/CPRE381/ProjectGit/cpre_381/toolflow/proj/src/Adder.vhd Line: 12
Info (12021): Found 2 design units, including 1 entities, in source file /home/anorris/CPRE381/ProjectGit/cpre_381/toolflow/proj/src/AdderSubtractor.vhd
    Info (12022): Found design unit 1: AdderSubtractor-Structural File: /home/anorris/CPRE381/ProjectGit/cpre_381/toolflow/proj/src/AdderSubtractor.vhd Line: 30
    Info (12023): Found entity 1: AdderSubtractor File: /home/anorris/CPRE381/ProjectGit/cpre_381/toolflow/proj/src/AdderSubtractor.vhd Line: 14
Info (12021): Found 2 design units, including 1 entities, in source file /home/anorris/CPRE381/ProjectGit/cpre_381/toolflow/proj/src/BarrelShifter.vhd
    Info (12022): Found design unit 1: BarrelShifter-behavior File: /home/anorris/CPRE381/ProjectGit/cpre_381/toolflow/proj/src/BarrelShifter.vhd Line: 31
    Info (12023): Found entity 1: BarrelShifter File: /home/anorris/CPRE381/ProjectGit/cpre_381/toolflow/proj/src/BarrelShifter.vhd Line: 20
Info (12021): Found 2 design units, including 1 entities, in source file /home/anorris/CPRE381/ProjectGit/cpre_381/toolflow/proj/src/ByteDecoder.vhd
    Info (12022): Found design unit 1: ByteDecoder-Behavioral File: /home/anorris/CPRE381/ProjectGit/cpre_381/toolflow/proj/src/ByteDecoder.vhd Line: 11
    Info (12023): Found entity 1: ByteDecoder File: /home/anorris/CPRE381/ProjectGit/cpre_381/toolflow/proj/src/ByteDecoder.vhd Line: 6
Info (12021): Found 2 design units, including 1 entities, in source file /home/anorris/CPRE381/ProjectGit/cpre_381/toolflow/proj/src/ByteShifter.vhd
    Info (12022): Found design unit 1: ByteShifter-behavior File: /home/anorris/CPRE381/ProjectGit/cpre_381/toolflow/proj/src/ByteShifter.vhd Line: 15
    Info (12023): Found entity 1: ByteShifter File: /home/anorris/CPRE381/ProjectGit/cpre_381/toolflow/proj/src/ByteShifter.vhd Line: 6
Info (12021): Found 2 design units, including 1 entities, in source file /home/anorris/CPRE381/ProjectGit/cpre_381/toolflow/proj/src/ControlDecoderLogic.vhd
    Info (12022): Found design unit 1: ControlDecoderLogic-sel_when File: /home/anorris/CPRE381/ProjectGit/cpre_381/toolflow/proj/src/ControlDecoderLogic.vhd Line: 20
    Info (12023): Found entity 1: ControlDecoderLogic File: /home/anorris/CPRE381/ProjectGit/cpre_381/toolflow/proj/src/ControlDecoderLogic.vhd Line: 12
Info (12021): Found 2 design units, including 1 entities, in source file /home/anorris/CPRE381/ProjectGit/cpre_381/toolflow/proj/src/Controller.vhd
    Info (12022): Found design unit 1: Controller-structure File: /home/anorris/CPRE381/ProjectGit/cpre_381/toolflow/proj/src/Controller.vhd Line: 33
    Info (12023): Found entity 1: Controller File: /home/anorris/CPRE381/ProjectGit/cpre_381/toolflow/proj/src/Controller.vhd Line: 14
Info (12021): Found 2 design units, including 1 entities, in source file /home/anorris/CPRE381/ProjectGit/cpre_381/toolflow/proj/src/EX_MEM_pipe.vhd
    Info (12022): Found design unit 1: EX_MEM_pipe-mixed File: /home/anorris/CPRE381/ProjectGit/cpre_381/toolflow/proj/src/EX_MEM_pipe.vhd Line: 60
    Info (12023): Found entity 1: EX_MEM_pipe File: /home/anorris/CPRE381/ProjectGit/cpre_381/toolflow/proj/src/EX_MEM_pipe.vhd Line: 15
Info (12021): Found 2 design units, including 1 entities, in source file /home/anorris/CPRE381/ProjectGit/cpre_381/toolflow/proj/src/ID_EX_pipe.vhd
    Info (12022): Found design unit 1: ID_EX_pipe-mixed File: /home/anorris/CPRE381/ProjectGit/cpre_381/toolflow/proj/src/ID_EX_pipe.vhd Line: 66
    Info (12023): Found entity 1: ID_EX_pipe File: /home/anorris/CPRE381/ProjectGit/cpre_381/toolflow/proj/src/ID_EX_pipe.vhd Line: 15
Info (12021): Found 2 design units, including 1 entities, in source file /home/anorris/CPRE381/ProjectGit/cpre_381/toolflow/proj/src/IF_ID_pipe.vhd
    Info (12022): Found design unit 1: IF_ID_pipe-mixed File: /home/anorris/CPRE381/ProjectGit/cpre_381/toolflow/proj/src/IF_ID_pipe.vhd Line: 29
    Info (12023): Found entity 1: IF_ID_pipe File: /home/anorris/CPRE381/ProjectGit/cpre_381/toolflow/proj/src/IF_ID_pipe.vhd Line: 15
Info (12021): Found 2 design units, including 1 entities, in source file /home/anorris/CPRE381/ProjectGit/cpre_381/toolflow/proj/src/MEM_WB_pipe.vhd
    Info (12022): Found design unit 1: MEM_WB_pipe-mixed File: /home/anorris/CPRE381/ProjectGit/cpre_381/toolflow/proj/src/MEM_WB_pipe.vhd Line: 48
    Info (12023): Found entity 1: MEM_WB_pipe File: /home/anorris/CPRE381/ProjectGit/cpre_381/toolflow/proj/src/MEM_WB_pipe.vhd Line: 15
Info (12021): Found 2 design units, including 0 entities, in source file /home/anorris/CPRE381/ProjectGit/cpre_381/toolflow/proj/src/MIPS_types.vhd
    Info (12022): Found design unit 1: MIPS_types File: /home/anorris/CPRE381/ProjectGit/cpre_381/toolflow/proj/src/MIPS_types.vhd Line: 15
    Info (12022): Found design unit 2: MIPS_types-body File: /home/anorris/CPRE381/ProjectGit/cpre_381/toolflow/proj/src/MIPS_types.vhd Line: 31
Info (12021): Found 2 design units, including 1 entities, in source file /home/anorris/CPRE381/ProjectGit/cpre_381/toolflow/proj/src/OnesComplementor.vhd
    Info (12022): Found design unit 1: OnesComplementor-Structural File: /home/anorris/CPRE381/ProjectGit/cpre_381/toolflow/proj/src/OnesComplementor.vhd Line: 21
    Info (12023): Found entity 1: OnesComplementor File: /home/anorris/CPRE381/ProjectGit/cpre_381/toolflow/proj/src/OnesComplementor.vhd Line: 12
Info (12021): Found 2 design units, including 1 entities, in source file /home/anorris/CPRE381/ProjectGit/cpre_381/toolflow/proj/src/RippleCarryAdder.vhd
    Info (12022): Found design unit 1: RippleCarryAdder-Structural File: /home/anorris/CPRE381/ProjectGit/cpre_381/toolflow/proj/src/RippleCarryAdder.vhd Line: 22
    Info (12023): Found entity 1: RippleCarryAdder File: /home/anorris/CPRE381/ProjectGit/cpre_381/toolflow/proj/src/RippleCarryAdder.vhd Line: 11
Info (12021): Found 2 design units, including 1 entities, in source file /home/anorris/CPRE381/ProjectGit/cpre_381/toolflow/proj/src/Shifter.vhd
    Info (12022): Found design unit 1: Shifter-behavior File: /home/anorris/CPRE381/ProjectGit/cpre_381/toolflow/proj/src/Shifter.vhd Line: 23
    Info (12023): Found entity 1: Shifter File: /home/anorris/CPRE381/ProjectGit/cpre_381/toolflow/proj/src/Shifter.vhd Line: 12
Info (12021): Found 2 design units, including 1 entities, in source file /home/anorris/CPRE381/ProjectGit/cpre_381/toolflow/proj/src/TopLevel/MIPS_Processor.vhd
    Info (12022): Found design unit 1: MIPS_Processor-structure File: /home/anorris/CPRE381/ProjectGit/cpre_381/toolflow/proj/src/TopLevel/MIPS_Processor.vhd Line: 32
    Info (12023): Found entity 1: MIPS_Processor File: /home/anorris/CPRE381/ProjectGit/cpre_381/toolflow/proj/src/TopLevel/MIPS_Processor.vhd Line: 20
Info (12021): Found 2 design units, including 1 entities, in source file /home/anorris/CPRE381/ProjectGit/cpre_381/toolflow/proj/src/TopLevel/mem.vhd
    Info (12022): Found design unit 1: mem-rtl File: /home/anorris/CPRE381/ProjectGit/cpre_381/toolflow/proj/src/TopLevel/mem.vhd Line: 27
    Info (12023): Found entity 1: mem File: /home/anorris/CPRE381/ProjectGit/cpre_381/toolflow/proj/src/TopLevel/mem.vhd Line: 8
Info (12021): Found 2 design units, including 1 entities, in source file /home/anorris/CPRE381/ProjectGit/cpre_381/toolflow/proj/src/WordDecoder.vhd
    Info (12022): Found design unit 1: WordDecoder-Behavioral File: /home/anorris/CPRE381/ProjectGit/cpre_381/toolflow/proj/src/WordDecoder.vhd Line: 11
    Info (12023): Found entity 1: WordDecoder File: /home/anorris/CPRE381/ProjectGit/cpre_381/toolflow/proj/src/WordDecoder.vhd Line: 6
Info (12021): Found 2 design units, including 1 entities, in source file /home/anorris/CPRE381/ProjectGit/cpre_381/toolflow/proj/src/WordShifter.vhd
    Info (12022): Found design unit 1: WordShifter-behavior File: /home/anorris/CPRE381/ProjectGit/cpre_381/toolflow/proj/src/WordShifter.vhd Line: 15
    Info (12023): Found entity 1: WordShifter File: /home/anorris/CPRE381/ProjectGit/cpre_381/toolflow/proj/src/WordShifter.vhd Line: 6
Info (12021): Found 2 design units, including 1 entities, in source file /home/anorris/CPRE381/ProjectGit/cpre_381/toolflow/proj/src/andg2.vhd
    Info (12022): Found design unit 1: andg2-dataflow File: /home/anorris/CPRE381/ProjectGit/cpre_381/toolflow/proj/src/andg2.vhd Line: 31
    Info (12023): Found entity 1: andg2 File: /home/anorris/CPRE381/ProjectGit/cpre_381/toolflow/proj/src/andg2.vhd Line: 23
Info (12021): Found 2 design units, including 1 entities, in source file /home/anorris/CPRE381/ProjectGit/cpre_381/toolflow/proj/src/andg_N.vhd
    Info (12022): Found design unit 1: andg_N-structure File: /home/anorris/CPRE381/ProjectGit/cpre_381/toolflow/proj/src/andg_N.vhd Line: 22
    Info (12023): Found entity 1: andg_N File: /home/anorris/CPRE381/ProjectGit/cpre_381/toolflow/proj/src/andg_N.vhd Line: 15
Info (12021): Found 2 design units, including 1 entities, in source file /home/anorris/CPRE381/ProjectGit/cpre_381/toolflow/proj/src/decoder5_32.vhd
    Info (12022): Found design unit 1: decoder5_32-mixed File: /home/anorris/CPRE381/ProjectGit/cpre_381/toolflow/proj/src/decoder5_32.vhd Line: 14
    Info (12023): Found entity 1: decoder5_32 File: /home/anorris/CPRE381/ProjectGit/cpre_381/toolflow/proj/src/decoder5_32.vhd Line: 7
Info (12021): Found 2 design units, including 1 entities, in source file /home/anorris/CPRE381/ProjectGit/cpre_381/toolflow/proj/src/dffg.vhd
    Info (12022): Found design unit 1: dffg-mixed File: /home/anorris/CPRE381/ProjectGit/cpre_381/toolflow/proj/src/dffg.vhd Line: 33
    Info (12023): Found entity 1: dffg File: /home/anorris/CPRE381/ProjectGit/cpre_381/toolflow/proj/src/dffg.vhd Line: 23
Info (12021): Found 2 design units, including 1 entities, in source file /home/anorris/CPRE381/ProjectGit/cpre_381/toolflow/proj/src/dffg_N.vhd
    Info (12022): Found design unit 1: dffg_N-structural File: /home/anorris/CPRE381/ProjectGit/cpre_381/toolflow/proj/src/dffg_N.vhd Line: 32
    Info (12023): Found entity 1: dffg_N File: /home/anorris/CPRE381/ProjectGit/cpre_381/toolflow/proj/src/dffg_N.vhd Line: 21
Info (12021): Found 2 design units, including 1 entities, in source file /home/anorris/CPRE381/ProjectGit/cpre_381/toolflow/proj/src/extender16t32.vhd
    Info (12022): Found design unit 1: extender16t32-dataflow File: /home/anorris/CPRE381/ProjectGit/cpre_381/toolflow/proj/src/extender16t32.vhd Line: 14
    Info (12023): Found entity 1: extender16t32 File: /home/anorris/CPRE381/ProjectGit/cpre_381/toolflow/proj/src/extender16t32.vhd Line: 7
Info (12021): Found 2 design units, including 1 entities, in source file /home/anorris/CPRE381/ProjectGit/cpre_381/toolflow/proj/src/fetchLogic.vhd
    Info (12022): Found design unit 1: fetchLogic-structural File: /home/anorris/CPRE381/ProjectGit/cpre_381/toolflow/proj/src/fetchLogic.vhd Line: 31
    Info (12023): Found entity 1: fetchLogic File: /home/anorris/CPRE381/ProjectGit/cpre_381/toolflow/proj/src/fetchLogic.vhd Line: 16
Info (12021): Found 2 design units, including 1 entities, in source file /home/anorris/CPRE381/ProjectGit/cpre_381/toolflow/proj/src/invg.vhd
    Info (12022): Found design unit 1: invg-dataflow File: /home/anorris/CPRE381/ProjectGit/cpre_381/toolflow/proj/src/invg.vhd Line: 30
    Info (12023): Found entity 1: invg File: /home/anorris/CPRE381/ProjectGit/cpre_381/toolflow/proj/src/invg.vhd Line: 23
Info (12021): Found 2 design units, including 1 entities, in source file /home/anorris/CPRE381/ProjectGit/cpre_381/toolflow/proj/src/mux2t1.vhd
    Info (12022): Found design unit 1: mux2t1-structure File: /home/anorris/CPRE381/ProjectGit/cpre_381/toolflow/proj/src/mux2t1.vhd Line: 25
    Info (12023): Found entity 1: mux2t1 File: /home/anorris/CPRE381/ProjectGit/cpre_381/toolflow/proj/src/mux2t1.vhd Line: 15
Info (12021): Found 2 design units, including 1 entities, in source file /home/anorris/CPRE381/ProjectGit/cpre_381/toolflow/proj/src/mux2t1_N.vhd
    Info (12022): Found design unit 1: mux2t1_N-structural File: /home/anorris/CPRE381/ProjectGit/cpre_381/toolflow/proj/src/mux2t1_N.vhd Line: 30
    Info (12023): Found entity 1: mux2t1_N File: /home/anorris/CPRE381/ProjectGit/cpre_381/toolflow/proj/src/mux2t1_N.vhd Line: 21
Info (12021): Found 2 design units, including 1 entities, in source file /home/anorris/CPRE381/ProjectGit/cpre_381/toolflow/proj/src/mux32t1.vhd
    Info (12022): Found design unit 1: mux32t1-dataflow File: /home/anorris/CPRE381/ProjectGit/cpre_381/toolflow/proj/src/mux32t1.vhd Line: 17
    Info (12023): Found entity 1: mux32t1 File: /home/anorris/CPRE381/ProjectGit/cpre_381/toolflow/proj/src/mux32t1.vhd Line: 9
Info (12021): Found 2 design units, including 1 entities, in source file /home/anorris/CPRE381/ProjectGit/cpre_381/toolflow/proj/src/mux4t1_N.vhd
    Info (12022): Found design unit 1: mux4t1_N-Dataflow File: /home/anorris/CPRE381/ProjectGit/cpre_381/toolflow/proj/src/mux4t1_N.vhd Line: 23
    Info (12023): Found entity 1: mux4t1_N File: /home/anorris/CPRE381/ProjectGit/cpre_381/toolflow/proj/src/mux4t1_N.vhd Line: 16
Info (12021): Found 2 design units, including 1 entities, in source file /home/anorris/CPRE381/ProjectGit/cpre_381/toolflow/proj/src/mux8t1_N.vhd
    Info (12022): Found design unit 1: mux8t1_N-Dataflow File: /home/anorris/CPRE381/ProjectGit/cpre_381/toolflow/proj/src/mux8t1_N.vhd Line: 24
    Info (12023): Found entity 1: mux8t1_N File: /home/anorris/CPRE381/ProjectGit/cpre_381/toolflow/proj/src/mux8t1_N.vhd Line: 16
Info (12021): Found 2 design units, including 1 entities, in source file /home/anorris/CPRE381/ProjectGit/cpre_381/toolflow/proj/src/norg_N.vhd
    Info (12022): Found design unit 1: norg_N-structure File: /home/anorris/CPRE381/ProjectGit/cpre_381/toolflow/proj/src/norg_N.vhd Line: 22
    Info (12023): Found entity 1: norg_N File: /home/anorris/CPRE381/ProjectGit/cpre_381/toolflow/proj/src/norg_N.vhd Line: 15
Info (12021): Found 2 design units, including 1 entities, in source file /home/anorris/CPRE381/ProjectGit/cpre_381/toolflow/proj/src/org2.vhd
    Info (12022): Found design unit 1: org2-dataflow File: /home/anorris/CPRE381/ProjectGit/cpre_381/toolflow/proj/src/org2.vhd Line: 31
    Info (12023): Found entity 1: org2 File: /home/anorris/CPRE381/ProjectGit/cpre_381/toolflow/proj/src/org2.vhd Line: 23
Info (12021): Found 2 design units, including 1 entities, in source file /home/anorris/CPRE381/ProjectGit/cpre_381/toolflow/proj/src/org_N.vhd
    Info (12022): Found design unit 1: org_N-structure File: /home/anorris/CPRE381/ProjectGit/cpre_381/toolflow/proj/src/org_N.vhd Line: 22
    Info (12023): Found entity 1: org_N File: /home/anorris/CPRE381/ProjectGit/cpre_381/toolflow/proj/src/org_N.vhd Line: 15
Info (12021): Found 2 design units, including 1 entities, in source file /home/anorris/CPRE381/ProjectGit/cpre_381/toolflow/proj/src/pc_dffg.vhd
    Info (12022): Found design unit 1: pc_dffg-mixed File: /home/anorris/CPRE381/ProjectGit/cpre_381/toolflow/proj/src/pc_dffg.vhd Line: 27
    Info (12023): Found entity 1: pc_dffg File: /home/anorris/CPRE381/ProjectGit/cpre_381/toolflow/proj/src/pc_dffg.vhd Line: 17
Info (12021): Found 2 design units, including 1 entities, in source file /home/anorris/CPRE381/ProjectGit/cpre_381/toolflow/proj/src/reg.vhd
    Info (12022): Found design unit 1: reg-structural File: /home/anorris/CPRE381/ProjectGit/cpre_381/toolflow/proj/src/reg.vhd Line: 24
    Info (12023): Found entity 1: reg File: /home/anorris/CPRE381/ProjectGit/cpre_381/toolflow/proj/src/reg.vhd Line: 9
Info (12021): Found 2 design units, including 1 entities, in source file /home/anorris/CPRE381/ProjectGit/cpre_381/toolflow/proj/src/tb_ALU.vhd
    Info (12022): Found design unit 1: tb_ALU-behavior File: /home/anorris/CPRE381/ProjectGit/cpre_381/toolflow/proj/src/tb_ALU.vhd Line: 8
    Info (12023): Found entity 1: tb_ALU File: /home/anorris/CPRE381/ProjectGit/cpre_381/toolflow/proj/src/tb_ALU.vhd Line: 5
Info (12021): Found 2 design units, including 1 entities, in source file /home/anorris/CPRE381/ProjectGit/cpre_381/toolflow/proj/src/xorg2.vhd
    Info (12022): Found design unit 1: xorg2-dataflow File: /home/anorris/CPRE381/ProjectGit/cpre_381/toolflow/proj/src/xorg2.vhd Line: 32
    Info (12023): Found entity 1: xorg2 File: /home/anorris/CPRE381/ProjectGit/cpre_381/toolflow/proj/src/xorg2.vhd Line: 24
Info (12021): Found 2 design units, including 1 entities, in source file /home/anorris/CPRE381/ProjectGit/cpre_381/toolflow/proj/src/xorg_N.vhd
    Info (12022): Found design unit 1: xorg_N-structure File: /home/anorris/CPRE381/ProjectGit/cpre_381/toolflow/proj/src/xorg_N.vhd Line: 21
    Info (12023): Found entity 1: xorg_N File: /home/anorris/CPRE381/ProjectGit/cpre_381/toolflow/proj/src/xorg_N.vhd Line: 14
Info (12127): Elaborating entity "MIPS_Processor" for the top level hierarchy
Warning (10036): Verilog HDL or VHDL warning at MIPS_Processor.vhd(51): object "s_Halt" assigned a value but never read File: /home/anorris/CPRE381/ProjectGit/cpre_381/toolflow/proj/src/TopLevel/MIPS_Processor.vhd Line: 51
Warning (10036): Verilog HDL or VHDL warning at MIPS_Processor.vhd(54): object "s_Ovfl" assigned a value but never read File: /home/anorris/CPRE381/ProjectGit/cpre_381/toolflow/proj/src/TopLevel/MIPS_Processor.vhd Line: 54
Warning (10036): Verilog HDL or VHDL warning at MIPS_Processor.vhd(335): object "s_add0_carry" assigned a value but never read File: /home/anorris/CPRE381/ProjectGit/cpre_381/toolflow/proj/src/TopLevel/MIPS_Processor.vhd Line: 335
Warning (10036): Verilog HDL or VHDL warning at MIPS_Processor.vhd(336): object "s_add0_overflow" assigned a value but never read File: /home/anorris/CPRE381/ProjectGit/cpre_381/toolflow/proj/src/TopLevel/MIPS_Processor.vhd Line: 336
Warning (10036): Verilog HDL or VHDL warning at MIPS_Processor.vhd(381): object "s_EX_ALU_Carry" assigned a value but never read File: /home/anorris/CPRE381/ProjectGit/cpre_381/toolflow/proj/src/TopLevel/MIPS_Processor.vhd Line: 381
Warning (10036): Verilog HDL or VHDL warning at MIPS_Processor.vhd(382): object "s_EX_ALU_Zero" assigned a value but never read File: /home/anorris/CPRE381/ProjectGit/cpre_381/toolflow/proj/src/TopLevel/MIPS_Processor.vhd Line: 382
Warning (10036): Verilog HDL or VHDL warning at MIPS_Processor.vhd(386): object "s_add1_carry" assigned a value but never read File: /home/anorris/CPRE381/ProjectGit/cpre_381/toolflow/proj/src/TopLevel/MIPS_Processor.vhd Line: 386
Warning (10036): Verilog HDL or VHDL warning at MIPS_Processor.vhd(387): object "s_add1_overflow" assigned a value but never read File: /home/anorris/CPRE381/ProjectGit/cpre_381/toolflow/proj/src/TopLevel/MIPS_Processor.vhd Line: 387
Info (12128): Elaborating entity "mem" for hierarchy "mem:IMem" File: /home/anorris/CPRE381/ProjectGit/cpre_381/toolflow/proj/src/TopLevel/MIPS_Processor.vhd Line: 438
Info (12128): Elaborating entity "mux2t1_N" for hierarchy "mux2t1_N:mux8" File: /home/anorris/CPRE381/ProjectGit/cpre_381/toolflow/proj/src/TopLevel/MIPS_Processor.vhd Line: 449
Info (12128): Elaborating entity "mux2t1" for hierarchy "mux2t1_N:mux8|mux2t1:\G_NBit_MUX:0:MUXI" File: /home/anorris/CPRE381/ProjectGit/cpre_381/toolflow/proj/src/mux2t1_N.vhd Line: 43
Info (12128): Elaborating entity "invg" for hierarchy "mux2t1_N:mux8|mux2t1:\G_NBit_MUX:0:MUXI|invg:not_1" File: /home/anorris/CPRE381/ProjectGit/cpre_381/toolflow/proj/src/mux2t1.vhd Line: 59
Info (12128): Elaborating entity "andg2" for hierarchy "mux2t1_N:mux8|mux2t1:\G_NBit_MUX:0:MUXI|andg2:and_1" File: /home/anorris/CPRE381/ProjectGit/cpre_381/toolflow/proj/src/mux2t1.vhd Line: 68
Info (12128): Elaborating entity "org2" for hierarchy "mux2t1_N:mux8|mux2t1:\G_NBit_MUX:0:MUXI|org2:or_1" File: /home/anorris/CPRE381/ProjectGit/cpre_381/toolflow/proj/src/mux2t1.vhd Line: 84
Info (12128): Elaborating entity "RippleCarryAdder" for hierarchy "RippleCarryAdder:add0" File: /home/anorris/CPRE381/ProjectGit/cpre_381/toolflow/proj/src/TopLevel/MIPS_Processor.vhd Line: 456
Info (12128): Elaborating entity "Adder" for hierarchy "RippleCarryAdder:add0|Adder:\Gen_Adders:0:FullAdder" File: /home/anorris/CPRE381/ProjectGit/cpre_381/toolflow/proj/src/RippleCarryAdder.vhd Line: 40
Info (12128): Elaborating entity "xorg2" for hierarchy "RippleCarryAdder:add0|Adder:\Gen_Adders:0:FullAdder|xorg2:Xor0" File: /home/anorris/CPRE381/ProjectGit/cpre_381/toolflow/proj/src/Adder.vhd Line: 65
Info (12128): Elaborating entity "pc_dffg" for hierarchy "pc_dffg:pc_dff" File: /home/anorris/CPRE381/ProjectGit/cpre_381/toolflow/proj/src/TopLevel/MIPS_Processor.vhd Line: 464
Info (12128): Elaborating entity "IF_ID_pipe" for hierarchy "IF_ID_pipe:IFID_pipe" File: /home/anorris/CPRE381/ProjectGit/cpre_381/toolflow/proj/src/TopLevel/MIPS_Processor.vhd Line: 476
Warning (10492): VHDL Process Statement warning at IF_ID_pipe.vhd(58): signal "s_ID_PC_P4" is read inside the Process Statement but isn't in the Process Statement's sensitivity list File: /home/anorris/CPRE381/ProjectGit/cpre_381/toolflow/proj/src/IF_ID_pipe.vhd Line: 58
Warning (10492): VHDL Process Statement warning at IF_ID_pipe.vhd(59): signal "s_ID_instr31t0" is read inside the Process Statement but isn't in the Process Statement's sensitivity list File: /home/anorris/CPRE381/ProjectGit/cpre_381/toolflow/proj/src/IF_ID_pipe.vhd Line: 59
Info (12128): Elaborating entity "Controller" for hierarchy "Controller:control" File: /home/anorris/CPRE381/ProjectGit/cpre_381/toolflow/proj/src/TopLevel/MIPS_Processor.vhd Line: 492
Info (12128): Elaborating entity "ControlDecoderLogic" for hierarchy "Controller:control|ControlDecoderLogic:ControllerDecoder_0" File: /home/anorris/CPRE381/ProjectGit/cpre_381/toolflow/proj/src/Controller.vhd Line: 65
Info (12128): Elaborating entity "reg" for hierarchy "reg:regist" File: /home/anorris/CPRE381/ProjectGit/cpre_381/toolflow/proj/src/TopLevel/MIPS_Processor.vhd Line: 513
Info (12128): Elaborating entity "decoder5_32" for hierarchy "reg:regist|decoder5_32:decoder" File: /home/anorris/CPRE381/ProjectGit/cpre_381/toolflow/proj/src/reg.vhd Line: 64
Info (12128): Elaborating entity "dffg_N" for hierarchy "reg:regist|dffg_N:dffg_0" File: /home/anorris/CPRE381/ProjectGit/cpre_381/toolflow/proj/src/reg.vhd Line: 76
Info (12128): Elaborating entity "dffg" for hierarchy "reg:regist|dffg_N:dffg_0|dffg:\Nbit_dffg:0:DFFGG" File: /home/anorris/CPRE381/ProjectGit/cpre_381/toolflow/proj/src/dffg_N.vhd Line: 50
Info (12128): Elaborating entity "mux32t1" for hierarchy "reg:regist|mux32t1:rt_bus" File: /home/anorris/CPRE381/ProjectGit/cpre_381/toolflow/proj/src/reg.vhd Line: 92
Info (12128): Elaborating entity "extender16t32" for hierarchy "extender16t32:ext" File: /home/anorris/CPRE381/ProjectGit/cpre_381/toolflow/proj/src/TopLevel/MIPS_Processor.vhd Line: 525
Info (12128): Elaborating entity "ID_EX_pipe" for hierarchy "ID_EX_pipe:IDEX_pipe" File: /home/anorris/CPRE381/ProjectGit/cpre_381/toolflow/proj/src/TopLevel/MIPS_Processor.vhd Line: 535
Warning (10492): VHDL Process Statement warning at ID_EX_pipe.vhd(179): signal "s_EX_halt" is read inside the Process Statement but isn't in the Process Statement's sensitivity list File: /home/anorris/CPRE381/ProjectGit/cpre_381/toolflow/proj/src/ID_EX_pipe.vhd Line: 179
Warning (10492): VHDL Process Statement warning at ID_EX_pipe.vhd(180): signal "s_EX_STD_Shift" is read inside the Process Statement but isn't in the Process Statement's sensitivity list File: /home/anorris/CPRE381/ProjectGit/cpre_381/toolflow/proj/src/ID_EX_pipe.vhd Line: 180
Warning (10492): VHDL Process Statement warning at ID_EX_pipe.vhd(181): signal "s_EX_ALU_Src" is read inside the Process Statement but isn't in the Process Statement's sensitivity list File: /home/anorris/CPRE381/ProjectGit/cpre_381/toolflow/proj/src/ID_EX_pipe.vhd Line: 181
Warning (10492): VHDL Process Statement warning at ID_EX_pipe.vhd(182): signal "s_EX_ALU_Control" is read inside the Process Statement but isn't in the Process Statement's sensitivity list File: /home/anorris/CPRE381/ProjectGit/cpre_381/toolflow/proj/src/ID_EX_pipe.vhd Line: 182
Warning (10492): VHDL Process Statement warning at ID_EX_pipe.vhd(183): signal "s_EX_MemToReg" is read inside the Process Statement but isn't in the Process Statement's sensitivity list File: /home/anorris/CPRE381/ProjectGit/cpre_381/toolflow/proj/src/ID_EX_pipe.vhd Line: 183
Warning (10492): VHDL Process Statement warning at ID_EX_pipe.vhd(184): signal "s_EX_MemWrite" is read inside the Process Statement but isn't in the Process Statement's sensitivity list File: /home/anorris/CPRE381/ProjectGit/cpre_381/toolflow/proj/src/ID_EX_pipe.vhd Line: 184
Warning (10492): VHDL Process Statement warning at ID_EX_pipe.vhd(185): signal "s_EX_RegWrite" is read inside the Process Statement but isn't in the Process Statement's sensitivity list File: /home/anorris/CPRE381/ProjectGit/cpre_381/toolflow/proj/src/ID_EX_pipe.vhd Line: 185
Warning (10492): VHDL Process Statement warning at ID_EX_pipe.vhd(186): signal "s_EX_RegDst" is read inside the Process Statement but isn't in the Process Statement's sensitivity list File: /home/anorris/CPRE381/ProjectGit/cpre_381/toolflow/proj/src/ID_EX_pipe.vhd Line: 186
Warning (10492): VHDL Process Statement warning at ID_EX_pipe.vhd(187): signal "s_EX_Jump" is read inside the Process Statement but isn't in the Process Statement's sensitivity list File: /home/anorris/CPRE381/ProjectGit/cpre_381/toolflow/proj/src/ID_EX_pipe.vhd Line: 187
Warning (10492): VHDL Process Statement warning at ID_EX_pipe.vhd(188): signal "s_EX_ext_ctl" is read inside the Process Statement but isn't in the Process Statement's sensitivity list File: /home/anorris/CPRE381/ProjectGit/cpre_381/toolflow/proj/src/ID_EX_pipe.vhd Line: 188
Warning (10492): VHDL Process Statement warning at ID_EX_pipe.vhd(189): signal "s_EX_jal" is read inside the Process Statement but isn't in the Process Statement's sensitivity list File: /home/anorris/CPRE381/ProjectGit/cpre_381/toolflow/proj/src/ID_EX_pipe.vhd Line: 189
Warning (10492): VHDL Process Statement warning at ID_EX_pipe.vhd(190): signal "s_EX_jr" is read inside the Process Statement but isn't in the Process Statement's sensitivity list File: /home/anorris/CPRE381/ProjectGit/cpre_381/toolflow/proj/src/ID_EX_pipe.vhd Line: 190
Warning (10492): VHDL Process Statement warning at ID_EX_pipe.vhd(191): signal "s_EX_PCP4" is read inside the Process Statement but isn't in the Process Statement's sensitivity list File: /home/anorris/CPRE381/ProjectGit/cpre_381/toolflow/proj/src/ID_EX_pipe.vhd Line: 191
Warning (10492): VHDL Process Statement warning at ID_EX_pipe.vhd(192): signal "s_EX_instr20t16" is read inside the Process Statement but isn't in the Process Statement's sensitivity list File: /home/anorris/CPRE381/ProjectGit/cpre_381/toolflow/proj/src/ID_EX_pipe.vhd Line: 192
Warning (10492): VHDL Process Statement warning at ID_EX_pipe.vhd(193): signal "s_EX_instr15t11" is read inside the Process Statement but isn't in the Process Statement's sensitivity list File: /home/anorris/CPRE381/ProjectGit/cpre_381/toolflow/proj/src/ID_EX_pipe.vhd Line: 193
Warning (10492): VHDL Process Statement warning at ID_EX_pipe.vhd(194): signal "s_EX_rs_data_o" is read inside the Process Statement but isn't in the Process Statement's sensitivity list File: /home/anorris/CPRE381/ProjectGit/cpre_381/toolflow/proj/src/ID_EX_pipe.vhd Line: 194
Warning (10492): VHDL Process Statement warning at ID_EX_pipe.vhd(195): signal "s_EX_rt_data_o" is read inside the Process Statement but isn't in the Process Statement's sensitivity list File: /home/anorris/CPRE381/ProjectGit/cpre_381/toolflow/proj/src/ID_EX_pipe.vhd Line: 195
Warning (10492): VHDL Process Statement warning at ID_EX_pipe.vhd(196): signal "s_EX_ext_o" is read inside the Process Statement but isn't in the Process Statement's sensitivity list File: /home/anorris/CPRE381/ProjectGit/cpre_381/toolflow/proj/src/ID_EX_pipe.vhd Line: 196
Warning (10492): VHDL Process Statement warning at ID_EX_pipe.vhd(197): signal "s_EX_s120_o" is read inside the Process Statement but isn't in the Process Statement's sensitivity list File: /home/anorris/CPRE381/ProjectGit/cpre_381/toolflow/proj/src/ID_EX_pipe.vhd Line: 197
Info (12128): Elaborating entity "mux4t1_N" for hierarchy "mux4t1_N:mux0" File: /home/anorris/CPRE381/ProjectGit/cpre_381/toolflow/proj/src/TopLevel/MIPS_Processor.vhd Line: 598
Info (12128): Elaborating entity "ALU" for hierarchy "ALU:ALU0" File: /home/anorris/CPRE381/ProjectGit/cpre_381/toolflow/proj/src/TopLevel/MIPS_Processor.vhd Line: 626
Info (12128): Elaborating entity "AdderSubtractor" for hierarchy "ALU:ALU0|AdderSubtractor:addsub" File: /home/anorris/CPRE381/ProjectGit/cpre_381/toolflow/proj/src/ALU.vhd Line: 122
Warning (10541): VHDL Signal Declaration warning at AdderSubtractor.vhd(74): used implicit default value for signal "w_adder0Overflow" because signal was never assigned a value or an explicit default value. Use of implicit default value may introduce unintended design optimizations. File: /home/anorris/CPRE381/ProjectGit/cpre_381/toolflow/proj/src/AdderSubtractor.vhd Line: 74
Info (12128): Elaborating entity "OnesComplementor" for hierarchy "ALU:ALU0|AdderSubtractor:addsub|OnesComplementor:Complementor0" File: /home/anorris/CPRE381/ProjectGit/cpre_381/toolflow/proj/src/AdderSubtractor.vhd Line: 110
Info (12128): Elaborating entity "andg_N" for hierarchy "ALU:ALU0|andg_N:and_32" File: /home/anorris/CPRE381/ProjectGit/cpre_381/toolflow/proj/src/ALU.vhd Line: 149
Info (12128): Elaborating entity "org_N" for hierarchy "ALU:ALU0|org_N:or_32" File: /home/anorris/CPRE381/ProjectGit/cpre_381/toolflow/proj/src/ALU.vhd Line: 156
Info (12128): Elaborating entity "xorg_N" for hierarchy "ALU:ALU0|xorg_N:xor_32" File: /home/anorris/CPRE381/ProjectGit/cpre_381/toolflow/proj/src/ALU.vhd Line: 163
Info (12128): Elaborating entity "norg_N" for hierarchy "ALU:ALU0|norg_N:nor_32" File: /home/anorris/CPRE381/ProjectGit/cpre_381/toolflow/proj/src/ALU.vhd Line: 170
Info (12128): Elaborating entity "Shifter" for hierarchy "ALU:ALU0|Shifter:shift" File: /home/anorris/CPRE381/ProjectGit/cpre_381/toolflow/proj/src/ALU.vhd Line: 186
Info (12128): Elaborating entity "BarrelShifter" for hierarchy "ALU:ALU0|Shifter:shift|BarrelShifter:ShiftOperation" File: /home/anorris/CPRE381/ProjectGit/cpre_381/toolflow/proj/src/Shifter.vhd Line: 88
Info (12128): Elaborating entity "mux8t1_N" for hierarchy "ALU:ALU0|mux8t1_N:mux" File: /home/anorris/CPRE381/ProjectGit/cpre_381/toolflow/proj/src/ALU.vhd Line: 199
Info (12128): Elaborating entity "EX_MEM_pipe" for hierarchy "EX_MEM_pipe:EXMEM_pipe" File: /home/anorris/CPRE381/ProjectGit/cpre_381/toolflow/proj/src/TopLevel/MIPS_Processor.vhd Line: 640
Warning (10492): VHDL Process Statement warning at EX_MEM_pipe.vhd(158): signal "s_MEM_halt" is read inside the Process Statement but isn't in the Process Statement's sensitivity list File: /home/anorris/CPRE381/ProjectGit/cpre_381/toolflow/proj/src/EX_MEM_pipe.vhd Line: 158
Warning (10492): VHDL Process Statement warning at EX_MEM_pipe.vhd(159): signal "s_MEM_MemToReg" is read inside the Process Statement but isn't in the Process Statement's sensitivity list File: /home/anorris/CPRE381/ProjectGit/cpre_381/toolflow/proj/src/EX_MEM_pipe.vhd Line: 159
Warning (10492): VHDL Process Statement warning at EX_MEM_pipe.vhd(160): signal "s_MEM_MemWrite" is read inside the Process Statement but isn't in the Process Statement's sensitivity list File: /home/anorris/CPRE381/ProjectGit/cpre_381/toolflow/proj/src/EX_MEM_pipe.vhd Line: 160
Warning (10492): VHDL Process Statement warning at EX_MEM_pipe.vhd(161): signal "s_MEM_RegWrite" is read inside the Process Statement but isn't in the Process Statement's sensitivity list File: /home/anorris/CPRE381/ProjectGit/cpre_381/toolflow/proj/src/EX_MEM_pipe.vhd Line: 161
Warning (10492): VHDL Process Statement warning at EX_MEM_pipe.vhd(162): signal "s_MEM_Jump" is read inside the Process Statement but isn't in the Process Statement's sensitivity list File: /home/anorris/CPRE381/ProjectGit/cpre_381/toolflow/proj/src/EX_MEM_pipe.vhd Line: 162
Warning (10492): VHDL Process Statement warning at EX_MEM_pipe.vhd(163): signal "s_MEM_ext_ctl" is read inside the Process Statement but isn't in the Process Statement's sensitivity list File: /home/anorris/CPRE381/ProjectGit/cpre_381/toolflow/proj/src/EX_MEM_pipe.vhd Line: 163
Warning (10492): VHDL Process Statement warning at EX_MEM_pipe.vhd(164): signal "s_MEM_jal" is read inside the Process Statement but isn't in the Process Statement's sensitivity list File: /home/anorris/CPRE381/ProjectGit/cpre_381/toolflow/proj/src/EX_MEM_pipe.vhd Line: 164
Warning (10492): VHDL Process Statement warning at EX_MEM_pipe.vhd(165): signal "s_MEM_jr" is read inside the Process Statement but isn't in the Process Statement's sensitivity list File: /home/anorris/CPRE381/ProjectGit/cpre_381/toolflow/proj/src/EX_MEM_pipe.vhd Line: 165
Warning (10492): VHDL Process Statement warning at EX_MEM_pipe.vhd(166): signal "s_MEM_branch" is read inside the Process Statement but isn't in the Process Statement's sensitivity list File: /home/anorris/CPRE381/ProjectGit/cpre_381/toolflow/proj/src/EX_MEM_pipe.vhd Line: 166
Warning (10492): VHDL Process Statement warning at EX_MEM_pipe.vhd(167): signal "s_MEM_PCP4" is read inside the Process Statement but isn't in the Process Statement's sensitivity list File: /home/anorris/CPRE381/ProjectGit/cpre_381/toolflow/proj/src/EX_MEM_pipe.vhd Line: 167
Warning (10492): VHDL Process Statement warning at EX_MEM_pipe.vhd(168): signal "s_MEM_rs_data_o" is read inside the Process Statement but isn't in the Process Statement's sensitivity list File: /home/anorris/CPRE381/ProjectGit/cpre_381/toolflow/proj/src/EX_MEM_pipe.vhd Line: 168
Warning (10492): VHDL Process Statement warning at EX_MEM_pipe.vhd(169): signal "s_MEM_rt_data_o" is read inside the Process Statement but isn't in the Process Statement's sensitivity list File: /home/anorris/CPRE381/ProjectGit/cpre_381/toolflow/proj/src/EX_MEM_pipe.vhd Line: 169
Warning (10492): VHDL Process Statement warning at EX_MEM_pipe.vhd(170): signal "s_MEM_pc4_s120_o" is read inside the Process Statement but isn't in the Process Statement's sensitivity list File: /home/anorris/CPRE381/ProjectGit/cpre_381/toolflow/proj/src/EX_MEM_pipe.vhd Line: 170
Warning (10492): VHDL Process Statement warning at EX_MEM_pipe.vhd(171): signal "s_MEM_RegWrAddr" is read inside the Process Statement but isn't in the Process Statement's sensitivity list File: /home/anorris/CPRE381/ProjectGit/cpre_381/toolflow/proj/src/EX_MEM_pipe.vhd Line: 171
Warning (10492): VHDL Process Statement warning at EX_MEM_pipe.vhd(172): signal "s_MEM_Dmem_Addr" is read inside the Process Statement but isn't in the Process Statement's sensitivity list File: /home/anorris/CPRE381/ProjectGit/cpre_381/toolflow/proj/src/EX_MEM_pipe.vhd Line: 172
Warning (10492): VHDL Process Statement warning at EX_MEM_pipe.vhd(173): signal "s_MEM_add1_mux2" is read inside the Process Statement but isn't in the Process Statement's sensitivity list File: /home/anorris/CPRE381/ProjectGit/cpre_381/toolflow/proj/src/EX_MEM_pipe.vhd Line: 173
Info (12128): Elaborating entity "ByteShifter" for hierarchy "ByteShifter:ByteShifter0" File: /home/anorris/CPRE381/ProjectGit/cpre_381/toolflow/proj/src/TopLevel/MIPS_Processor.vhd Line: 732
Info (12128): Elaborating entity "ByteDecoder" for hierarchy "ByteShifter:ByteShifter0|ByteDecoder:ByteDecoder_inst" File: /home/anorris/CPRE381/ProjectGit/cpre_381/toolflow/proj/src/ByteShifter.vhd Line: 48
Info (12128): Elaborating entity "WordShifter" for hierarchy "WordShifter:WordShifter0" File: /home/anorris/CPRE381/ProjectGit/cpre_381/toolflow/proj/src/TopLevel/MIPS_Processor.vhd Line: 740
Info (12128): Elaborating entity "WordDecoder" for hierarchy "WordShifter:WordShifter0|WordDecoder:WordDecoder_inst" File: /home/anorris/CPRE381/ProjectGit/cpre_381/toolflow/proj/src/WordShifter.vhd Line: 48
Info (12128): Elaborating entity "MEM_WB_pipe" for hierarchy "MEM_WB_pipe:MEMWB_pipe" File: /home/anorris/CPRE381/ProjectGit/cpre_381/toolflow/proj/src/TopLevel/MIPS_Processor.vhd Line: 753
Warning (10492): VHDL Process Statement warning at MEM_WB_pipe.vhd(116): signal "s_WB_halt" is read inside the Process Statement but isn't in the Process Statement's sensitivity list File: /home/anorris/CPRE381/ProjectGit/cpre_381/toolflow/proj/src/MEM_WB_pipe.vhd Line: 116
Warning (10492): VHDL Process Statement warning at MEM_WB_pipe.vhd(117): signal "s_WB_MemToReg" is read inside the Process Statement but isn't in the Process Statement's sensitivity list File: /home/anorris/CPRE381/ProjectGit/cpre_381/toolflow/proj/src/MEM_WB_pipe.vhd Line: 117
Warning (10492): VHDL Process Statement warning at MEM_WB_pipe.vhd(118): signal "s_WB_RegWrite" is read inside the Process Statement but isn't in the Process Statement's sensitivity list File: /home/anorris/CPRE381/ProjectGit/cpre_381/toolflow/proj/src/MEM_WB_pipe.vhd Line: 118
Warning (10492): VHDL Process Statement warning at MEM_WB_pipe.vhd(119): signal "s_WB_jal" is read inside the Process Statement but isn't in the Process Statement's sensitivity list File: /home/anorris/CPRE381/ProjectGit/cpre_381/toolflow/proj/src/MEM_WB_pipe.vhd Line: 119
Warning (10492): VHDL Process Statement warning at MEM_WB_pipe.vhd(120): signal "s_WB_PCP4" is read inside the Process Statement but isn't in the Process Statement's sensitivity list File: /home/anorris/CPRE381/ProjectGit/cpre_381/toolflow/proj/src/MEM_WB_pipe.vhd Line: 120
Warning (10492): VHDL Process Statement warning at MEM_WB_pipe.vhd(121): signal "s_WB_RegWrAddr" is read inside the Process Statement but isn't in the Process Statement's sensitivity list File: /home/anorris/CPRE381/ProjectGit/cpre_381/toolflow/proj/src/MEM_WB_pipe.vhd Line: 121
Warning (10492): VHDL Process Statement warning at MEM_WB_pipe.vhd(122): signal "s_WB_Dmem_Addr" is read inside the Process Statement but isn't in the Process Statement's sensitivity list File: /home/anorris/CPRE381/ProjectGit/cpre_381/toolflow/proj/src/MEM_WB_pipe.vhd Line: 122
Warning (10492): VHDL Process Statement warning at MEM_WB_pipe.vhd(123): signal "s_WB_Dmem_out" is read inside the Process Statement but isn't in the Process Statement's sensitivity list File: /home/anorris/CPRE381/ProjectGit/cpre_381/toolflow/proj/src/MEM_WB_pipe.vhd Line: 123
Warning (10492): VHDL Process Statement warning at MEM_WB_pipe.vhd(124): signal "s_WB_Dmem_Lb" is read inside the Process Statement but isn't in the Process Statement's sensitivity list File: /home/anorris/CPRE381/ProjectGit/cpre_381/toolflow/proj/src/MEM_WB_pipe.vhd Line: 124
Warning (10492): VHDL Process Statement warning at MEM_WB_pipe.vhd(125): signal "s_WB_Dmem_Lh" is read inside the Process Statement but isn't in the Process Statement's sensitivity list File: /home/anorris/CPRE381/ProjectGit/cpre_381/toolflow/proj/src/MEM_WB_pipe.vhd Line: 125
Info (12128): Elaborating entity "mux4t1_N" for hierarchy "mux4t1_N:mux4" File: /home/anorris/CPRE381/ProjectGit/cpre_381/toolflow/proj/src/TopLevel/MIPS_Processor.vhd Line: 785
Error (12014): Net "s_RegWrData[31]", which fans out to "mux2t1_N:mux6|i_D0[31]", cannot be assigned more than one value File: /home/anorris/CPRE381/ProjectGit/cpre_381/toolflow/proj/src/TopLevel/MIPS_Processor.vhd Line: 43
    Error (12015): Net is fed by "mux4t1_N:mux4|o_Y[31]" File: /home/anorris/CPRE381/ProjectGit/cpre_381/toolflow/proj/src/mux4t1_N.vhd Line: 20
    Error (12015): Net is fed by "mux2t1_N:mux6|o_O[31]" File: /home/anorris/CPRE381/ProjectGit/cpre_381/toolflow/proj/src/mux2t1_N.vhd Line: 26
Error (12014): Net "s_RegWrData[30]", which fans out to "mux2t1_N:mux6|i_D0[30]", cannot be assigned more than one value File: /home/anorris/CPRE381/ProjectGit/cpre_381/toolflow/proj/src/TopLevel/MIPS_Processor.vhd Line: 43
    Error (12015): Net is fed by "mux4t1_N:mux4|o_Y[30]" File: /home/anorris/CPRE381/ProjectGit/cpre_381/toolflow/proj/src/mux4t1_N.vhd Line: 20
    Error (12015): Net is fed by "mux2t1_N:mux6|o_O[30]" File: /home/anorris/CPRE381/ProjectGit/cpre_381/toolflow/proj/src/mux2t1_N.vhd Line: 26
Error (12014): Net "s_RegWrData[29]", which fans out to "mux2t1_N:mux6|i_D0[29]", cannot be assigned more than one value File: /home/anorris/CPRE381/ProjectGit/cpre_381/toolflow/proj/src/TopLevel/MIPS_Processor.vhd Line: 43
    Error (12015): Net is fed by "mux4t1_N:mux4|o_Y[29]" File: /home/anorris/CPRE381/ProjectGit/cpre_381/toolflow/proj/src/mux4t1_N.vhd Line: 20
    Error (12015): Net is fed by "mux2t1_N:mux6|o_O[29]" File: /home/anorris/CPRE381/ProjectGit/cpre_381/toolflow/proj/src/mux2t1_N.vhd Line: 26
Error (12014): Net "s_RegWrData[28]", which fans out to "mux2t1_N:mux6|i_D0[28]", cannot be assigned more than one value File: /home/anorris/CPRE381/ProjectGit/cpre_381/toolflow/proj/src/TopLevel/MIPS_Processor.vhd Line: 43
    Error (12015): Net is fed by "mux4t1_N:mux4|o_Y[28]" File: /home/anorris/CPRE381/ProjectGit/cpre_381/toolflow/proj/src/mux4t1_N.vhd Line: 20
    Error (12015): Net is fed by "mux2t1_N:mux6|o_O[28]" File: /home/anorris/CPRE381/ProjectGit/cpre_381/toolflow/proj/src/mux2t1_N.vhd Line: 26
Error (12014): Net "s_RegWrData[27]", which fans out to "mux2t1_N:mux6|i_D0[27]", cannot be assigned more than one value File: /home/anorris/CPRE381/ProjectGit/cpre_381/toolflow/proj/src/TopLevel/MIPS_Processor.vhd Line: 43
    Error (12015): Net is fed by "mux4t1_N:mux4|o_Y[27]" File: /home/anorris/CPRE381/ProjectGit/cpre_381/toolflow/proj/src/mux4t1_N.vhd Line: 20
    Error (12015): Net is fed by "mux2t1_N:mux6|o_O[27]" File: /home/anorris/CPRE381/ProjectGit/cpre_381/toolflow/proj/src/mux2t1_N.vhd Line: 26
Error (12014): Net "s_RegWrData[26]", which fans out to "mux2t1_N:mux6|i_D0[26]", cannot be assigned more than one value File: /home/anorris/CPRE381/ProjectGit/cpre_381/toolflow/proj/src/TopLevel/MIPS_Processor.vhd Line: 43
    Error (12015): Net is fed by "mux4t1_N:mux4|o_Y[26]" File: /home/anorris/CPRE381/ProjectGit/cpre_381/toolflow/proj/src/mux4t1_N.vhd Line: 20
    Error (12015): Net is fed by "mux2t1_N:mux6|o_O[26]" File: /home/anorris/CPRE381/ProjectGit/cpre_381/toolflow/proj/src/mux2t1_N.vhd Line: 26
Error (12014): Net "s_RegWrData[25]", which fans out to "mux2t1_N:mux6|i_D0[25]", cannot be assigned more than one value File: /home/anorris/CPRE381/ProjectGit/cpre_381/toolflow/proj/src/TopLevel/MIPS_Processor.vhd Line: 43
    Error (12015): Net is fed by "mux4t1_N:mux4|o_Y[25]" File: /home/anorris/CPRE381/ProjectGit/cpre_381/toolflow/proj/src/mux4t1_N.vhd Line: 20
    Error (12015): Net is fed by "mux2t1_N:mux6|o_O[25]" File: /home/anorris/CPRE381/ProjectGit/cpre_381/toolflow/proj/src/mux2t1_N.vhd Line: 26
Error (12014): Net "s_RegWrData[24]", which fans out to "mux2t1_N:mux6|i_D0[24]", cannot be assigned more than one value File: /home/anorris/CPRE381/ProjectGit/cpre_381/toolflow/proj/src/TopLevel/MIPS_Processor.vhd Line: 43
    Error (12015): Net is fed by "mux4t1_N:mux4|o_Y[24]" File: /home/anorris/CPRE381/ProjectGit/cpre_381/toolflow/proj/src/mux4t1_N.vhd Line: 20
    Error (12015): Net is fed by "mux2t1_N:mux6|o_O[24]" File: /home/anorris/CPRE381/ProjectGit/cpre_381/toolflow/proj/src/mux2t1_N.vhd Line: 26
Error (12014): Net "s_RegWrData[23]", which fans out to "mux2t1_N:mux6|i_D0[23]", cannot be assigned more than one value File: /home/anorris/CPRE381/ProjectGit/cpre_381/toolflow/proj/src/TopLevel/MIPS_Processor.vhd Line: 43
    Error (12015): Net is fed by "mux4t1_N:mux4|o_Y[23]" File: /home/anorris/CPRE381/ProjectGit/cpre_381/toolflow/proj/src/mux4t1_N.vhd Line: 20
    Error (12015): Net is fed by "mux2t1_N:mux6|o_O[23]" File: /home/anorris/CPRE381/ProjectGit/cpre_381/toolflow/proj/src/mux2t1_N.vhd Line: 26
Error (12014): Net "s_RegWrData[22]", which fans out to "mux2t1_N:mux6|i_D0[22]", cannot be assigned more than one value File: /home/anorris/CPRE381/ProjectGit/cpre_381/toolflow/proj/src/TopLevel/MIPS_Processor.vhd Line: 43
    Error (12015): Net is fed by "mux4t1_N:mux4|o_Y[22]" File: /home/anorris/CPRE381/ProjectGit/cpre_381/toolflow/proj/src/mux4t1_N.vhd Line: 20
    Error (12015): Net is fed by "mux2t1_N:mux6|o_O[22]" File: /home/anorris/CPRE381/ProjectGit/cpre_381/toolflow/proj/src/mux2t1_N.vhd Line: 26
Error (12014): Net "s_RegWrData[21]", which fans out to "mux2t1_N:mux6|i_D0[21]", cannot be assigned more than one value File: /home/anorris/CPRE381/ProjectGit/cpre_381/toolflow/proj/src/TopLevel/MIPS_Processor.vhd Line: 43
    Error (12015): Net is fed by "mux4t1_N:mux4|o_Y[21]" File: /home/anorris/CPRE381/ProjectGit/cpre_381/toolflow/proj/src/mux4t1_N.vhd Line: 20
    Error (12015): Net is fed by "mux2t1_N:mux6|o_O[21]" File: /home/anorris/CPRE381/ProjectGit/cpre_381/toolflow/proj/src/mux2t1_N.vhd Line: 26
Error (12014): Net "s_RegWrData[20]", which fans out to "mux2t1_N:mux6|i_D0[20]", cannot be assigned more than one value File: /home/anorris/CPRE381/ProjectGit/cpre_381/toolflow/proj/src/TopLevel/MIPS_Processor.vhd Line: 43
    Error (12015): Net is fed by "mux4t1_N:mux4|o_Y[20]" File: /home/anorris/CPRE381/ProjectGit/cpre_381/toolflow/proj/src/mux4t1_N.vhd Line: 20
    Error (12015): Net is fed by "mux2t1_N:mux6|o_O[20]" File: /home/anorris/CPRE381/ProjectGit/cpre_381/toolflow/proj/src/mux2t1_N.vhd Line: 26
Error (12014): Net "s_RegWrData[19]", which fans out to "mux2t1_N:mux6|i_D0[19]", cannot be assigned more than one value File: /home/anorris/CPRE381/ProjectGit/cpre_381/toolflow/proj/src/TopLevel/MIPS_Processor.vhd Line: 43
    Error (12015): Net is fed by "mux4t1_N:mux4|o_Y[19]" File: /home/anorris/CPRE381/ProjectGit/cpre_381/toolflow/proj/src/mux4t1_N.vhd Line: 20
    Error (12015): Net is fed by "mux2t1_N:mux6|o_O[19]" File: /home/anorris/CPRE381/ProjectGit/cpre_381/toolflow/proj/src/mux2t1_N.vhd Line: 26
Error (12014): Net "s_RegWrData[18]", which fans out to "mux2t1_N:mux6|i_D0[18]", cannot be assigned more than one value File: /home/anorris/CPRE381/ProjectGit/cpre_381/toolflow/proj/src/TopLevel/MIPS_Processor.vhd Line: 43
    Error (12015): Net is fed by "mux4t1_N:mux4|o_Y[18]" File: /home/anorris/CPRE381/ProjectGit/cpre_381/toolflow/proj/src/mux4t1_N.vhd Line: 20
    Error (12015): Net is fed by "mux2t1_N:mux6|o_O[18]" File: /home/anorris/CPRE381/ProjectGit/cpre_381/toolflow/proj/src/mux2t1_N.vhd Line: 26
Error (12014): Net "s_RegWrData[17]", which fans out to "mux2t1_N:mux6|i_D0[17]", cannot be assigned more than one value File: /home/anorris/CPRE381/ProjectGit/cpre_381/toolflow/proj/src/TopLevel/MIPS_Processor.vhd Line: 43
    Error (12015): Net is fed by "mux4t1_N:mux4|o_Y[17]" File: /home/anorris/CPRE381/ProjectGit/cpre_381/toolflow/proj/src/mux4t1_N.vhd Line: 20
    Error (12015): Net is fed by "mux2t1_N:mux6|o_O[17]" File: /home/anorris/CPRE381/ProjectGit/cpre_381/toolflow/proj/src/mux2t1_N.vhd Line: 26
Error (12014): Net "s_RegWrData[16]", which fans out to "mux2t1_N:mux6|i_D0[16]", cannot be assigned more than one value File: /home/anorris/CPRE381/ProjectGit/cpre_381/toolflow/proj/src/TopLevel/MIPS_Processor.vhd Line: 43
    Error (12015): Net is fed by "mux4t1_N:mux4|o_Y[16]" File: /home/anorris/CPRE381/ProjectGit/cpre_381/toolflow/proj/src/mux4t1_N.vhd Line: 20
    Error (12015): Net is fed by "mux2t1_N:mux6|o_O[16]" File: /home/anorris/CPRE381/ProjectGit/cpre_381/toolflow/proj/src/mux2t1_N.vhd Line: 26
Error (12014): Net "s_RegWrData[15]", which fans out to "mux2t1_N:mux6|i_D0[15]", cannot be assigned more than one value File: /home/anorris/CPRE381/ProjectGit/cpre_381/toolflow/proj/src/TopLevel/MIPS_Processor.vhd Line: 43
    Error (12015): Net is fed by "mux4t1_N:mux4|o_Y[15]" File: /home/anorris/CPRE381/ProjectGit/cpre_381/toolflow/proj/src/mux4t1_N.vhd Line: 20
    Error (12015): Net is fed by "mux2t1_N:mux6|o_O[15]" File: /home/anorris/CPRE381/ProjectGit/cpre_381/toolflow/proj/src/mux2t1_N.vhd Line: 26
Error (12014): Net "s_RegWrData[14]", which fans out to "mux2t1_N:mux6|i_D0[14]", cannot be assigned more than one value File: /home/anorris/CPRE381/ProjectGit/cpre_381/toolflow/proj/src/TopLevel/MIPS_Processor.vhd Line: 43
    Error (12015): Net is fed by "mux4t1_N:mux4|o_Y[14]" File: /home/anorris/CPRE381/ProjectGit/cpre_381/toolflow/proj/src/mux4t1_N.vhd Line: 20
    Error (12015): Net is fed by "mux2t1_N:mux6|o_O[14]" File: /home/anorris/CPRE381/ProjectGit/cpre_381/toolflow/proj/src/mux2t1_N.vhd Line: 26
Error (12014): Net "s_RegWrData[13]", which fans out to "mux2t1_N:mux6|i_D0[13]", cannot be assigned more than one value File: /home/anorris/CPRE381/ProjectGit/cpre_381/toolflow/proj/src/TopLevel/MIPS_Processor.vhd Line: 43
    Error (12015): Net is fed by "mux4t1_N:mux4|o_Y[13]" File: /home/anorris/CPRE381/ProjectGit/cpre_381/toolflow/proj/src/mux4t1_N.vhd Line: 20
    Error (12015): Net is fed by "mux2t1_N:mux6|o_O[13]" File: /home/anorris/CPRE381/ProjectGit/cpre_381/toolflow/proj/src/mux2t1_N.vhd Line: 26
Error (12014): Net "s_RegWrData[12]", which fans out to "mux2t1_N:mux6|i_D0[12]", cannot be assigned more than one value File: /home/anorris/CPRE381/ProjectGit/cpre_381/toolflow/proj/src/TopLevel/MIPS_Processor.vhd Line: 43
    Error (12015): Net is fed by "mux4t1_N:mux4|o_Y[12]" File: /home/anorris/CPRE381/ProjectGit/cpre_381/toolflow/proj/src/mux4t1_N.vhd Line: 20
    Error (12015): Net is fed by "mux2t1_N:mux6|o_O[12]" File: /home/anorris/CPRE381/ProjectGit/cpre_381/toolflow/proj/src/mux2t1_N.vhd Line: 26
Error (12014): Net "s_RegWrData[11]", which fans out to "mux2t1_N:mux6|i_D0[11]", cannot be assigned more than one value File: /home/anorris/CPRE381/ProjectGit/cpre_381/toolflow/proj/src/TopLevel/MIPS_Processor.vhd Line: 43
    Error (12015): Net is fed by "mux4t1_N:mux4|o_Y[11]" File: /home/anorris/CPRE381/ProjectGit/cpre_381/toolflow/proj/src/mux4t1_N.vhd Line: 20
    Error (12015): Net is fed by "mux2t1_N:mux6|o_O[11]" File: /home/anorris/CPRE381/ProjectGit/cpre_381/toolflow/proj/src/mux2t1_N.vhd Line: 26
Error (12014): Net "s_RegWrData[10]", which fans out to "mux2t1_N:mux6|i_D0[10]", cannot be assigned more than one value File: /home/anorris/CPRE381/ProjectGit/cpre_381/toolflow/proj/src/TopLevel/MIPS_Processor.vhd Line: 43
    Error (12015): Net is fed by "mux4t1_N:mux4|o_Y[10]" File: /home/anorris/CPRE381/ProjectGit/cpre_381/toolflow/proj/src/mux4t1_N.vhd Line: 20
    Error (12015): Net is fed by "mux2t1_N:mux6|o_O[10]" File: /home/anorris/CPRE381/ProjectGit/cpre_381/toolflow/proj/src/mux2t1_N.vhd Line: 26
Error (12014): Net "s_RegWrData[9]", which fans out to "mux2t1_N:mux6|i_D0[9]", cannot be assigned more than one value File: /home/anorris/CPRE381/ProjectGit/cpre_381/toolflow/proj/src/TopLevel/MIPS_Processor.vhd Line: 43
    Error (12015): Net is fed by "mux4t1_N:mux4|o_Y[9]" File: /home/anorris/CPRE381/ProjectGit/cpre_381/toolflow/proj/src/mux4t1_N.vhd Line: 20
    Error (12015): Net is fed by "mux2t1_N:mux6|o_O[9]" File: /home/anorris/CPRE381/ProjectGit/cpre_381/toolflow/proj/src/mux2t1_N.vhd Line: 26
Error (12014): Net "s_RegWrData[8]", which fans out to "mux2t1_N:mux6|i_D0[8]", cannot be assigned more than one value File: /home/anorris/CPRE381/ProjectGit/cpre_381/toolflow/proj/src/TopLevel/MIPS_Processor.vhd Line: 43
    Error (12015): Net is fed by "mux4t1_N:mux4|o_Y[8]" File: /home/anorris/CPRE381/ProjectGit/cpre_381/toolflow/proj/src/mux4t1_N.vhd Line: 20
    Error (12015): Net is fed by "mux2t1_N:mux6|o_O[8]" File: /home/anorris/CPRE381/ProjectGit/cpre_381/toolflow/proj/src/mux2t1_N.vhd Line: 26
Error (12014): Net "s_RegWrData[7]", which fans out to "mux2t1_N:mux6|i_D0[7]", cannot be assigned more than one value File: /home/anorris/CPRE381/ProjectGit/cpre_381/toolflow/proj/src/TopLevel/MIPS_Processor.vhd Line: 43
    Error (12015): Net is fed by "mux4t1_N:mux4|o_Y[7]" File: /home/anorris/CPRE381/ProjectGit/cpre_381/toolflow/proj/src/mux4t1_N.vhd Line: 20
    Error (12015): Net is fed by "mux2t1_N:mux6|o_O[7]" File: /home/anorris/CPRE381/ProjectGit/cpre_381/toolflow/proj/src/mux2t1_N.vhd Line: 26
Error (12014): Net "s_RegWrData[6]", which fans out to "mux2t1_N:mux6|i_D0[6]", cannot be assigned more than one value File: /home/anorris/CPRE381/ProjectGit/cpre_381/toolflow/proj/src/TopLevel/MIPS_Processor.vhd Line: 43
    Error (12015): Net is fed by "mux4t1_N:mux4|o_Y[6]" File: /home/anorris/CPRE381/ProjectGit/cpre_381/toolflow/proj/src/mux4t1_N.vhd Line: 20
    Error (12015): Net is fed by "mux2t1_N:mux6|o_O[6]" File: /home/anorris/CPRE381/ProjectGit/cpre_381/toolflow/proj/src/mux2t1_N.vhd Line: 26
Error (12014): Net "s_RegWrData[5]", which fans out to "mux2t1_N:mux6|i_D0[5]", cannot be assigned more than one value File: /home/anorris/CPRE381/ProjectGit/cpre_381/toolflow/proj/src/TopLevel/MIPS_Processor.vhd Line: 43
    Error (12015): Net is fed by "mux4t1_N:mux4|o_Y[5]" File: /home/anorris/CPRE381/ProjectGit/cpre_381/toolflow/proj/src/mux4t1_N.vhd Line: 20
    Error (12015): Net is fed by "mux2t1_N:mux6|o_O[5]" File: /home/anorris/CPRE381/ProjectGit/cpre_381/toolflow/proj/src/mux2t1_N.vhd Line: 26
Error (12014): Net "s_RegWrData[4]", which fans out to "mux2t1_N:mux6|i_D0[4]", cannot be assigned more than one value File: /home/anorris/CPRE381/ProjectGit/cpre_381/toolflow/proj/src/TopLevel/MIPS_Processor.vhd Line: 43
    Error (12015): Net is fed by "mux4t1_N:mux4|o_Y[4]" File: /home/anorris/CPRE381/ProjectGit/cpre_381/toolflow/proj/src/mux4t1_N.vhd Line: 20
    Error (12015): Net is fed by "mux2t1_N:mux6|o_O[4]" File: /home/anorris/CPRE381/ProjectGit/cpre_381/toolflow/proj/src/mux2t1_N.vhd Line: 26
Error (12014): Net "s_RegWrData[3]", which fans out to "mux2t1_N:mux6|i_D0[3]", cannot be assigned more than one value File: /home/anorris/CPRE381/ProjectGit/cpre_381/toolflow/proj/src/TopLevel/MIPS_Processor.vhd Line: 43
    Error (12015): Net is fed by "mux4t1_N:mux4|o_Y[3]" File: /home/anorris/CPRE381/ProjectGit/cpre_381/toolflow/proj/src/mux4t1_N.vhd Line: 20
    Error (12015): Net is fed by "mux2t1_N:mux6|o_O[3]" File: /home/anorris/CPRE381/ProjectGit/cpre_381/toolflow/proj/src/mux2t1_N.vhd Line: 26
Error (12014): Net "s_RegWrData[2]", which fans out to "mux2t1_N:mux6|i_D0[2]", cannot be assigned more than one value File: /home/anorris/CPRE381/ProjectGit/cpre_381/toolflow/proj/src/TopLevel/MIPS_Processor.vhd Line: 43
    Error (12015): Net is fed by "mux4t1_N:mux4|o_Y[2]" File: /home/anorris/CPRE381/ProjectGit/cpre_381/toolflow/proj/src/mux4t1_N.vhd Line: 20
    Error (12015): Net is fed by "mux2t1_N:mux6|o_O[2]" File: /home/anorris/CPRE381/ProjectGit/cpre_381/toolflow/proj/src/mux2t1_N.vhd Line: 26
Error (12014): Net "s_RegWrData[1]", which fans out to "mux2t1_N:mux6|i_D0[1]", cannot be assigned more than one value File: /home/anorris/CPRE381/ProjectGit/cpre_381/toolflow/proj/src/TopLevel/MIPS_Processor.vhd Line: 43
    Error (12015): Net is fed by "mux4t1_N:mux4|o_Y[1]" File: /home/anorris/CPRE381/ProjectGit/cpre_381/toolflow/proj/src/mux4t1_N.vhd Line: 20
    Error (12015): Net is fed by "mux2t1_N:mux6|o_O[1]" File: /home/anorris/CPRE381/ProjectGit/cpre_381/toolflow/proj/src/mux2t1_N.vhd Line: 26
Error (12014): Net "s_RegWrData[0]", which fans out to "mux2t1_N:mux6|i_D0[0]", cannot be assigned more than one value File: /home/anorris/CPRE381/ProjectGit/cpre_381/toolflow/proj/src/TopLevel/MIPS_Processor.vhd Line: 43
    Error (12015): Net is fed by "mux4t1_N:mux4|o_Y[0]" File: /home/anorris/CPRE381/ProjectGit/cpre_381/toolflow/proj/src/mux4t1_N.vhd Line: 20
    Error (12015): Net is fed by "mux2t1_N:mux6|o_O[0]" File: /home/anorris/CPRE381/ProjectGit/cpre_381/toolflow/proj/src/mux2t1_N.vhd Line: 26
Error: Quartus Prime Analysis & Synthesis was unsuccessful. 96 errors, 57 warnings
    Error: Peak virtual memory: 741 megabytes
    Error: Processing ended: Tue Apr 16 21:43:52 2024
    Error: Elapsed time: 00:00:23
    Error: Total CPU time (on all processors): 00:00:24
