In clock cycle: 0
Register Write to Reg: 0x10 Val: 0x00000001
In clock cycle: 1
Register Write to Reg: 0x12 Val: 0x00000009
In clock cycle: 3
Register Write to Reg: 0x11 Val: 0x00000000
In clock cycle: 4
Register Write to Reg: 0x01 Val: 0x00000000
In clock cycle: 6
Register Write to Reg: 0x10 Val: 0x00000000
In clock cycle: 7
Register Write to Reg: 0x01 Val: 0x10010000
In clock cycle: 8
Register Write to Reg: 0x17 Val: 0x10010000
In clock cycle: 9
Register Write to Reg: 0x08 Val: 0x00000003
In clock cycle: 10
Register Write to Reg: 0x09 Val: 0x00000000
In clock cycle: 11
Register Write to Reg: 0x01 Val: 0x00000001
In clock cycle: 13
Register Write to Reg: 0x10 Val: 0x00000001
In clock cycle: 14
Memory Write to Addr: 0x10010004 Val: 0x00000003
In clock cycle: 15
Memory Write to Addr: 0x10010000 Val: 0x00000000
In clock cycle: 16
Register Write to Reg: 0x17 Val: 0x10010004
In clock cycle: 17
Register Write to Reg: 0x11 Val: 0x00000001
In clock cycle: 20
Register Write to Reg: 0x08 Val: 0x00000003
In clock cycle: 21
Register Write to Reg: 0x09 Val: 0x00000000
In clock cycle: 22
Register Write to Reg: 0x01 Val: 0x00000001
In clock cycle: 24
Register Write to Reg: 0x10 Val: 0x00000001
In clock cycle: 25
Memory Write to Addr: 0x10010008 Val: 0x00000003
In clock cycle: 26
Memory Write to Addr: 0x10010004 Val: 0x00000000
In clock cycle: 27
Register Write to Reg: 0x17 Val: 0x10010008
In clock cycle: 28
Register Write to Reg: 0x11 Val: 0x00000002
In clock cycle: 31
Register Write to Reg: 0x08 Val: 0x00000003
In clock cycle: 32
Register Write to Reg: 0x09 Val: 0x00000003
In clock cycle: 33
Register Write to Reg: 0x01 Val: 0x00000000
In clock cycle: 36
Register Write to Reg: 0x17 Val: 0x1001000C
In clock cycle: 37
Register Write to Reg: 0x11 Val: 0x00000003
In clock cycle: 40
Register Write to Reg: 0x08 Val: 0x00000003
In clock cycle: 41
Register Write to Reg: 0x09 Val: 0x00000036
In clock cycle: 42
Register Write to Reg: 0x01 Val: 0x00000000
In clock cycle: 45
Register Write to Reg: 0x17 Val: 0x10010010
In clock cycle: 46
Register Write to Reg: 0x11 Val: 0x00000004
In clock cycle: 49
Register Write to Reg: 0x08 Val: 0x00000036
In clock cycle: 50
Register Write to Reg: 0x09 Val: 0xFFFFFFFF
In clock cycle: 51
Register Write to Reg: 0x01 Val: 0x00000001
In clock cycle: 53
Register Write to Reg: 0x10 Val: 0x00000001
In clock cycle: 54
Memory Write to Addr: 0x10010014 Val: 0x00000036
In clock cycle: 55
Memory Write to Addr: 0x10010010 Val: 0xFFFFFFFF
In clock cycle: 56
Register Write to Reg: 0x17 Val: 0x10010014
In clock cycle: 57
Register Write to Reg: 0x11 Val: 0x00000005
In clock cycle: 60
Register Write to Reg: 0x08 Val: 0x00000036
In clock cycle: 61
Register Write to Reg: 0x09 Val: 0x00000002
In clock cycle: 62
Register Write to Reg: 0x01 Val: 0x00000001
In clock cycle: 64
Register Write to Reg: 0x10 Val: 0x00000001
In clock cycle: 65
Memory Write to Addr: 0x10010018 Val: 0x00000036
In clock cycle: 66
Memory Write to Addr: 0x10010014 Val: 0x00000002
In clock cycle: 67
Register Write to Reg: 0x17 Val: 0x10010018
In clock cycle: 68
Register Write to Reg: 0x11 Val: 0x00000006
In clock cycle: 71
Register Write to Reg: 0x08 Val: 0x00000036
In clock cycle: 72
Register Write to Reg: 0x09 Val: 0x00000100
In clock cycle: 73
Register Write to Reg: 0x01 Val: 0x00000000
In clock cycle: 76
Register Write to Reg: 0x17 Val: 0x1001001C
In clock cycle: 77
Register Write to Reg: 0x11 Val: 0x00000007
In clock cycle: 80
Register Write to Reg: 0x08 Val: 0x00000100
In clock cycle: 81
Register Write to Reg: 0x09 Val: 0xFFFFFFFD
In clock cycle: 82
Register Write to Reg: 0x01 Val: 0x00000001
In clock cycle: 84
Register Write to Reg: 0x10 Val: 0x00000001
In clock cycle: 85
Memory Write to Addr: 0x10010020 Val: 0x00000100
In clock cycle: 86
Memory Write to Addr: 0x1001001C Val: 0xFFFFFFFD
In clock cycle: 87
Register Write to Reg: 0x17 Val: 0x10010020
In clock cycle: 88
Register Write to Reg: 0x11 Val: 0x00000008
In clock cycle: 91
Register Write to Reg: 0x08 Val: 0x00000100
In clock cycle: 92
Register Write to Reg: 0x09 Val: 0x00000000
In clock cycle: 93
Register Write to Reg: 0x01 Val: 0x00000001
In clock cycle: 95
Register Write to Reg: 0x10 Val: 0x00000001
In clock cycle: 96
Memory Write to Addr: 0x10010024 Val: 0x00000100
In clock cycle: 97
Memory Write to Addr: 0x10010020 Val: 0x00000000
In clock cycle: 98
Register Write to Reg: 0x17 Val: 0x10010024
In clock cycle: 99
Register Write to Reg: 0x11 Val: 0x00000009
In clock cycle: 101
Register Write to Reg: 0x11 Val: 0x00000000
In clock cycle: 102
Register Write to Reg: 0x01 Val: 0x00000000
In clock cycle: 104
Register Write to Reg: 0x10 Val: 0x00000000
In clock cycle: 105
Register Write to Reg: 0x01 Val: 0x10010000
In clock cycle: 106
Register Write to Reg: 0x17 Val: 0x10010000
In clock cycle: 107
Register Write to Reg: 0x08 Val: 0x00000000
In clock cycle: 108
Register Write to Reg: 0x09 Val: 0x00000000
In clock cycle: 109
Register Write to Reg: 0x01 Val: 0x00000000
In clock cycle: 112
Register Write to Reg: 0x17 Val: 0x10010004
In clock cycle: 113
Register Write to Reg: 0x11 Val: 0x00000001
In clock cycle: 116
Register Write to Reg: 0x08 Val: 0x00000000
In clock cycle: 117
Register Write to Reg: 0x09 Val: 0x00000003
In clock cycle: 118
Register Write to Reg: 0x01 Val: 0x00000000
In clock cycle: 121
Register Write to Reg: 0x17 Val: 0x10010008
In clock cycle: 122
Register Write to Reg: 0x11 Val: 0x00000002
In clock cycle: 125
Register Write to Reg: 0x08 Val: 0x00000003
In clock cycle: 126
Register Write to Reg: 0x09 Val: 0x00000003
In clock cycle: 127
Register Write to Reg: 0x01 Val: 0x00000000
In clock cycle: 130
Register Write to Reg: 0x17 Val: 0x1001000C
In clock cycle: 131
Register Write to Reg: 0x11 Val: 0x00000003
In clock cycle: 134
Register Write to Reg: 0x08 Val: 0x00000003
In clock cycle: 135
Register Write to Reg: 0x09 Val: 0xFFFFFFFF
In clock cycle: 136
Register Write to Reg: 0x01 Val: 0x00000001
In clock cycle: 138
Register Write to Reg: 0x10 Val: 0x00000001
In clock cycle: 139
Memory Write to Addr: 0x10010010 Val: 0x00000003
In clock cycle: 140
Memory Write to Addr: 0x1001000C Val: 0xFFFFFFFF
In clock cycle: 141
Register Write to Reg: 0x17 Val: 0x10010010
In clock cycle: 142
Register Write to Reg: 0x11 Val: 0x00000004
In clock cycle: 145
Register Write to Reg: 0x08 Val: 0x00000003
In clock cycle: 146
Register Write to Reg: 0x09 Val: 0x00000002
In clock cycle: 147
Register Write to Reg: 0x01 Val: 0x00000001
In clock cycle: 149
Register Write to Reg: 0x10 Val: 0x00000001
In clock cycle: 150
Memory Write to Addr: 0x10010014 Val: 0x00000003
In clock cycle: 151
Memory Write to Addr: 0x10010010 Val: 0x00000002
In clock cycle: 152
Register Write to Reg: 0x17 Val: 0x10010014
In clock cycle: 153
Register Write to Reg: 0x11 Val: 0x00000005
In clock cycle: 156
Register Write to Reg: 0x08 Val: 0x00000003
In clock cycle: 157
Register Write to Reg: 0x09 Val: 0x00000036
In clock cycle: 158
Register Write to Reg: 0x01 Val: 0x00000000
In clock cycle: 161
Register Write to Reg: 0x17 Val: 0x10010018
In clock cycle: 162
Register Write to Reg: 0x11 Val: 0x00000006
In clock cycle: 165
Register Write to Reg: 0x08 Val: 0x00000036
In clock cycle: 166
Register Write to Reg: 0x09 Val: 0xFFFFFFFD
In clock cycle: 167
Register Write to Reg: 0x01 Val: 0x00000001
In clock cycle: 169
Register Write to Reg: 0x10 Val: 0x00000001
In clock cycle: 170
Memory Write to Addr: 0x1001001C Val: 0x00000036
In clock cycle: 171
Memory Write to Addr: 0x10010018 Val: 0xFFFFFFFD
In clock cycle: 172
Register Write to Reg: 0x17 Val: 0x1001001C
In clock cycle: 173
Register Write to Reg: 0x11 Val: 0x00000007
In clock cycle: 176
Register Write to Reg: 0x08 Val: 0x00000036
In clock cycle: 177
Register Write to Reg: 0x09 Val: 0x00000000
In clock cycle: 178
Register Write to Reg: 0x01 Val: 0x00000001
In clock cycle: 180
Register Write to Reg: 0x10 Val: 0x00000001
In clock cycle: 181
Memory Write to Addr: 0x10010020 Val: 0x00000036
In clock cycle: 182
Memory Write to Addr: 0x1001001C Val: 0x00000000
In clock cycle: 183
Register Write to Reg: 0x17 Val: 0x10010020
In clock cycle: 184
Register Write to Reg: 0x11 Val: 0x00000008
In clock cycle: 187
Register Write to Reg: 0x08 Val: 0x00000036
In clock cycle: 188
Register Write to Reg: 0x09 Val: 0x00000100
In clock cycle: 189
Register Write to Reg: 0x01 Val: 0x00000000
In clock cycle: 192
Register Write to Reg: 0x17 Val: 0x10010024
In clock cycle: 193
Register Write to Reg: 0x11 Val: 0x00000009
In clock cycle: 195
Register Write to Reg: 0x11 Val: 0x00000000
In clock cycle: 196
Register Write to Reg: 0x01 Val: 0x00000000
In clock cycle: 198
Register Write to Reg: 0x10 Val: 0x00000000
In clock cycle: 199
Register Write to Reg: 0x01 Val: 0x10010000
In clock cycle: 200
Register Write to Reg: 0x17 Val: 0x10010000
In clock cycle: 201
Register Write to Reg: 0x08 Val: 0x00000000
In clock cycle: 202
Register Write to Reg: 0x09 Val: 0x00000000
In clock cycle: 203
Register Write to Reg: 0x01 Val: 0x00000000
In clock cycle: 206
Register Write to Reg: 0x17 Val: 0x10010004
In clock cycle: 207
Register Write to Reg: 0x11 Val: 0x00000001
In clock cycle: 210
Register Write to Reg: 0x08 Val: 0x00000000
In clock cycle: 211
Register Write to Reg: 0x09 Val: 0x00000003
In clock cycle: 212
Register Write to Reg: 0x01 Val: 0x00000000
In clock cycle: 215
Register Write to Reg: 0x17 Val: 0x10010008
In clock cycle: 216
Register Write to Reg: 0x11 Val: 0x00000002
In clock cycle: 219
Register Write to Reg: 0x08 Val: 0x00000003
In clock cycle: 220
Register Write to Reg: 0x09 Val: 0xFFFFFFFF
In clock cycle: 221
Register Write to Reg: 0x01 Val: 0x00000001
In clock cycle: 223
Register Write to Reg: 0x10 Val: 0x00000001
In clock cycle: 224
Memory Write to Addr: 0x1001000C Val: 0x00000003
In clock cycle: 225
Memory Write to Addr: 0x10010008 Val: 0xFFFFFFFF
In clock cycle: 226
Register Write to Reg: 0x17 Val: 0x1001000C
In clock cycle: 227
Register Write to Reg: 0x11 Val: 0x00000003
In clock cycle: 230
Register Write to Reg: 0x08 Val: 0x00000003
In clock cycle: 231
Register Write to Reg: 0x09 Val: 0x00000002
In clock cycle: 232
Register Write to Reg: 0x01 Val: 0x00000001
In clock cycle: 234
Register Write to Reg: 0x10 Val: 0x00000001
In clock cycle: 235
Memory Write to Addr: 0x10010010 Val: 0x00000003
In clock cycle: 236
Memory Write to Addr: 0x1001000C Val: 0x00000002
In clock cycle: 237
Register Write to Reg: 0x17 Val: 0x10010010
In clock cycle: 238
Register Write to Reg: 0x11 Val: 0x00000004
In clock cycle: 241
Register Write to Reg: 0x08 Val: 0x00000003
In clock cycle: 242
Register Write to Reg: 0x09 Val: 0x00000003
In clock cycle: 243
Register Write to Reg: 0x01 Val: 0x00000000
In clock cycle: 246
Register Write to Reg: 0x17 Val: 0x10010014
In clock cycle: 247
Register Write to Reg: 0x11 Val: 0x00000005
In clock cycle: 250
Register Write to Reg: 0x08 Val: 0x00000003
In clock cycle: 251
Register Write to Reg: 0x09 Val: 0xFFFFFFFD
In clock cycle: 252
Register Write to Reg: 0x01 Val: 0x00000001
In clock cycle: 254
Register Write to Reg: 0x10 Val: 0x00000001
In clock cycle: 255
Memory Write to Addr: 0x10010018 Val: 0x00000003
In clock cycle: 256
Memory Write to Addr: 0x10010014 Val: 0xFFFFFFFD
In clock cycle: 257
Register Write to Reg: 0x17 Val: 0x10010018
In clock cycle: 258
Register Write to Reg: 0x11 Val: 0x00000006
In clock cycle: 261
Register Write to Reg: 0x08 Val: 0x00000003
In clock cycle: 262
Register Write to Reg: 0x09 Val: 0x00000000
In clock cycle: 263
Register Write to Reg: 0x01 Val: 0x00000001
In clock cycle: 265
Register Write to Reg: 0x10 Val: 0x00000001
In clock cycle: 266
Memory Write to Addr: 0x1001001C Val: 0x00000003
In clock cycle: 267
Memory Write to Addr: 0x10010018 Val: 0x00000000
In clock cycle: 268
Register Write to Reg: 0x17 Val: 0x1001001C
In clock cycle: 269
Register Write to Reg: 0x11 Val: 0x00000007
In clock cycle: 272
Register Write to Reg: 0x08 Val: 0x00000003
In clock cycle: 273
Register Write to Reg: 0x09 Val: 0x00000036
In clock cycle: 274
Register Write to Reg: 0x01 Val: 0x00000000
In clock cycle: 277
Register Write to Reg: 0x17 Val: 0x10010020
In clock cycle: 278
Register Write to Reg: 0x11 Val: 0x00000008
In clock cycle: 281
Register Write to Reg: 0x08 Val: 0x00000036
In clock cycle: 282
Register Write to Reg: 0x09 Val: 0x00000100
In clock cycle: 283
Register Write to Reg: 0x01 Val: 0x00000000
In clock cycle: 286
Register Write to Reg: 0x17 Val: 0x10010024
In clock cycle: 287
Register Write to Reg: 0x11 Val: 0x00000009
In clock cycle: 289
Register Write to Reg: 0x11 Val: 0x00000000
In clock cycle: 290
Register Write to Reg: 0x01 Val: 0x00000000
In clock cycle: 292
Register Write to Reg: 0x10 Val: 0x00000000
In clock cycle: 293
Register Write to Reg: 0x01 Val: 0x10010000
In clock cycle: 294
Register Write to Reg: 0x17 Val: 0x10010000
In clock cycle: 295
Register Write to Reg: 0x08 Val: 0x00000000
In clock cycle: 296
Register Write to Reg: 0x09 Val: 0x00000000
In clock cycle: 297
Register Write to Reg: 0x01 Val: 0x00000000
In clock cycle: 300
Register Write to Reg: 0x17 Val: 0x10010004
In clock cycle: 301
Register Write to Reg: 0x11 Val: 0x00000001
In clock cycle: 304
Register Write to Reg: 0x08 Val: 0x00000000
In clock cycle: 305
Register Write to Reg: 0x09 Val: 0xFFFFFFFF
In clock cycle: 306
Register Write to Reg: 0x01 Val: 0x00000001
In clock cycle: 308
Register Write to Reg: 0x10 Val: 0x00000001
In clock cycle: 309
Memory Write to Addr: 0x10010008 Val: 0x00000000
In clock cycle: 310
Memory Write to Addr: 0x10010004 Val: 0xFFFFFFFF
In clock cycle: 311
Register Write to Reg: 0x17 Val: 0x10010008
In clock cycle: 312
Register Write to Reg: 0x11 Val: 0x00000002
In clock cycle: 315
Register Write to Reg: 0x08 Val: 0x00000000
In clock cycle: 316
Register Write to Reg: 0x09 Val: 0x00000002
In clock cycle: 317
Register Write to Reg: 0x01 Val: 0x00000000
In clock cycle: 320
Register Write to Reg: 0x17 Val: 0x1001000C
In clock cycle: 321
Register Write to Reg: 0x11 Val: 0x00000003
In clock cycle: 324
Register Write to Reg: 0x08 Val: 0x00000002
In clock cycle: 325
Register Write to Reg: 0x09 Val: 0x00000003
In clock cycle: 326
Register Write to Reg: 0x01 Val: 0x00000000
In clock cycle: 329
Register Write to Reg: 0x17 Val: 0x10010010
In clock cycle: 330
Register Write to Reg: 0x11 Val: 0x00000004
In clock cycle: 333
Register Write to Reg: 0x08 Val: 0x00000003
In clock cycle: 334
Register Write to Reg: 0x09 Val: 0xFFFFFFFD
In clock cycle: 335
Register Write to Reg: 0x01 Val: 0x00000001
In clock cycle: 337
Register Write to Reg: 0x10 Val: 0x00000001
In clock cycle: 338
Memory Write to Addr: 0x10010014 Val: 0x00000003
In clock cycle: 339
Memory Write to Addr: 0x10010010 Val: 0xFFFFFFFD
In clock cycle: 340
Register Write to Reg: 0x17 Val: 0x10010014
In clock cycle: 341
Register Write to Reg: 0x11 Val: 0x00000005
In clock cycle: 344
Register Write to Reg: 0x08 Val: 0x00000003
In clock cycle: 345
Register Write to Reg: 0x09 Val: 0x00000000
In clock cycle: 346
Register Write to Reg: 0x01 Val: 0x00000001
In clock cycle: 348
Register Write to Reg: 0x10 Val: 0x00000001
In clock cycle: 349
Memory Write to Addr: 0x10010018 Val: 0x00000003
In clock cycle: 350
Memory Write to Addr: 0x10010014 Val: 0x00000000
In clock cycle: 351
Register Write to Reg: 0x17 Val: 0x10010018
In clock cycle: 352
Register Write to Reg: 0x11 Val: 0x00000006
In clock cycle: 355
Register Write to Reg: 0x08 Val: 0x00000003
In clock cycle: 356
Register Write to Reg: 0x09 Val: 0x00000003
In clock cycle: 357
Register Write to Reg: 0x01 Val: 0x00000000
In clock cycle: 360
Register Write to Reg: 0x17 Val: 0x1001001C
In clock cycle: 361
Register Write to Reg: 0x11 Val: 0x00000007
In clock cycle: 364
Register Write to Reg: 0x08 Val: 0x00000003
In clock cycle: 365
Register Write to Reg: 0x09 Val: 0x00000036
In clock cycle: 366
Register Write to Reg: 0x01 Val: 0x00000000
In clock cycle: 369
Register Write to Reg: 0x17 Val: 0x10010020
In clock cycle: 370
Register Write to Reg: 0x11 Val: 0x00000008
In clock cycle: 373
Register Write to Reg: 0x08 Val: 0x00000036
In clock cycle: 374
Register Write to Reg: 0x09 Val: 0x00000100
In clock cycle: 375
Register Write to Reg: 0x01 Val: 0x00000000
In clock cycle: 378
Register Write to Reg: 0x17 Val: 0x10010024
In clock cycle: 379
Register Write to Reg: 0x11 Val: 0x00000009
In clock cycle: 381
Register Write to Reg: 0x11 Val: 0x00000000
In clock cycle: 382
Register Write to Reg: 0x01 Val: 0x00000000
In clock cycle: 384
Register Write to Reg: 0x10 Val: 0x00000000
In clock cycle: 385
Register Write to Reg: 0x01 Val: 0x10010000
In clock cycle: 386
Register Write to Reg: 0x17 Val: 0x10010000
In clock cycle: 387
Register Write to Reg: 0x08 Val: 0x00000000
In clock cycle: 388
Register Write to Reg: 0x09 Val: 0xFFFFFFFF
In clock cycle: 389
Register Write to Reg: 0x01 Val: 0x00000001
In clock cycle: 391
Register Write to Reg: 0x10 Val: 0x00000001
In clock cycle: 392
Memory Write to Addr: 0x10010004 Val: 0x00000000
In clock cycle: 393
Memory Write to Addr: 0x10010000 Val: 0xFFFFFFFF
In clock cycle: 394
Register Write to Reg: 0x17 Val: 0x10010004
In clock cycle: 395
Register Write to Reg: 0x11 Val: 0x00000001
In clock cycle: 398
Register Write to Reg: 0x08 Val: 0x00000000
In clock cycle: 399
Register Write to Reg: 0x09 Val: 0x00000000
In clock cycle: 400
Register Write to Reg: 0x01 Val: 0x00000000
In clock cycle: 403
Register Write to Reg: 0x17 Val: 0x10010008
In clock cycle: 404
Register Write to Reg: 0x11 Val: 0x00000002
In clock cycle: 407
Register Write to Reg: 0x08 Val: 0x00000000
In clock cycle: 408
Register Write to Reg: 0x09 Val: 0x00000002
In clock cycle: 409
Register Write to Reg: 0x01 Val: 0x00000000
In clock cycle: 412
Register Write to Reg: 0x17 Val: 0x1001000C
In clock cycle: 413
Register Write to Reg: 0x11 Val: 0x00000003
In clock cycle: 416
Register Write to Reg: 0x08 Val: 0x00000002
In clock cycle: 417
Register Write to Reg: 0x09 Val: 0xFFFFFFFD
In clock cycle: 418
Register Write to Reg: 0x01 Val: 0x00000001
In clock cycle: 420
Register Write to Reg: 0x10 Val: 0x00000001
In clock cycle: 421
Memory Write to Addr: 0x10010010 Val: 0x00000002
In clock cycle: 422
Memory Write to Addr: 0x1001000C Val: 0xFFFFFFFD
In clock cycle: 423
Register Write to Reg: 0x17 Val: 0x10010010
In clock cycle: 424
Register Write to Reg: 0x11 Val: 0x00000004
In clock cycle: 427
Register Write to Reg: 0x08 Val: 0x00000002
In clock cycle: 428
Register Write to Reg: 0x09 Val: 0x00000000
In clock cycle: 429
Register Write to Reg: 0x01 Val: 0x00000001
In clock cycle: 431
Register Write to Reg: 0x10 Val: 0x00000001
In clock cycle: 432
Memory Write to Addr: 0x10010014 Val: 0x00000002
In clock cycle: 433
Memory Write to Addr: 0x10010010 Val: 0x00000000
In clock cycle: 434
Register Write to Reg: 0x17 Val: 0x10010014
In clock cycle: 435
Register Write to Reg: 0x11 Val: 0x00000005
In clock cycle: 438
Register Write to Reg: 0x08 Val: 0x00000002
In clock cycle: 439
Register Write to Reg: 0x09 Val: 0x00000003
In clock cycle: 440
Register Write to Reg: 0x01 Val: 0x00000000
In clock cycle: 443
Register Write to Reg: 0x17 Val: 0x10010018
In clock cycle: 444
Register Write to Reg: 0x11 Val: 0x00000006
In clock cycle: 447
Register Write to Reg: 0x08 Val: 0x00000003
In clock cycle: 448
Register Write to Reg: 0x09 Val: 0x00000003
In clock cycle: 449
Register Write to Reg: 0x01 Val: 0x00000000
In clock cycle: 452
Register Write to Reg: 0x17 Val: 0x1001001C
In clock cycle: 453
Register Write to Reg: 0x11 Val: 0x00000007
In clock cycle: 456
Register Write to Reg: 0x08 Val: 0x00000003
In clock cycle: 457
Register Write to Reg: 0x09 Val: 0x00000036
In clock cycle: 458
Register Write to Reg: 0x01 Val: 0x00000000
In clock cycle: 461
Register Write to Reg: 0x17 Val: 0x10010020
In clock cycle: 462
Register Write to Reg: 0x11 Val: 0x00000008
In clock cycle: 465
Register Write to Reg: 0x08 Val: 0x00000036
In clock cycle: 466
Register Write to Reg: 0x09 Val: 0x00000100
In clock cycle: 467
Register Write to Reg: 0x01 Val: 0x00000000
In clock cycle: 470
Register Write to Reg: 0x17 Val: 0x10010024
In clock cycle: 471
Register Write to Reg: 0x11 Val: 0x00000009
In clock cycle: 473
Register Write to Reg: 0x11 Val: 0x00000000
In clock cycle: 474
Register Write to Reg: 0x01 Val: 0x00000000
In clock cycle: 476
Register Write to Reg: 0x10 Val: 0x00000000
In clock cycle: 477
Register Write to Reg: 0x01 Val: 0x10010000
In clock cycle: 478
Register Write to Reg: 0x17 Val: 0x10010000
In clock cycle: 479
Register Write to Reg: 0x08 Val: 0xFFFFFFFF
In clock cycle: 480
Register Write to Reg: 0x09 Val: 0x00000000
In clock cycle: 481
Register Write to Reg: 0x01 Val: 0x00000000
In clock cycle: 484
Register Write to Reg: 0x17 Val: 0x10010004
In clock cycle: 485
Register Write to Reg: 0x11 Val: 0x00000001
In clock cycle: 488
Register Write to Reg: 0x08 Val: 0x00000000
In clock cycle: 489
Register Write to Reg: 0x09 Val: 0x00000000
In clock cycle: 490
Register Write to Reg: 0x01 Val: 0x00000000
In clock cycle: 493
Register Write to Reg: 0x17 Val: 0x10010008
In clock cycle: 494
Register Write to Reg: 0x11 Val: 0x00000002
In clock cycle: 497
Register Write to Reg: 0x08 Val: 0x00000000
In clock cycle: 498
Register Write to Reg: 0x09 Val: 0xFFFFFFFD
In clock cycle: 499
Register Write to Reg: 0x01 Val: 0x00000001
In clock cycle: 501
Register Write to Reg: 0x10 Val: 0x00000001
In clock cycle: 502
Memory Write to Addr: 0x1001000C Val: 0x00000000
In clock cycle: 503
Memory Write to Addr: 0x10010008 Val: 0xFFFFFFFD
In clock cycle: 504
Register Write to Reg: 0x17 Val: 0x1001000C
In clock cycle: 505
Register Write to Reg: 0x11 Val: 0x00000003
In clock cycle: 508
Register Write to Reg: 0x08 Val: 0x00000000
In clock cycle: 509
Register Write to Reg: 0x09 Val: 0x00000000
In clock cycle: 510
Register Write to Reg: 0x01 Val: 0x00000000
In clock cycle: 513
Register Write to Reg: 0x17 Val: 0x10010010
In clock cycle: 514
Register Write to Reg: 0x11 Val: 0x00000004
In clock cycle: 517
Register Write to Reg: 0x08 Val: 0x00000000
In clock cycle: 518
Register Write to Reg: 0x09 Val: 0x00000002
In clock cycle: 519
Register Write to Reg: 0x01 Val: 0x00000000
In clock cycle: 522
Register Write to Reg: 0x17 Val: 0x10010014
In clock cycle: 523
Register Write to Reg: 0x11 Val: 0x00000005
In clock cycle: 526
Register Write to Reg: 0x08 Val: 0x00000002
In clock cycle: 527
Register Write to Reg: 0x09 Val: 0x00000003
In clock cycle: 528
Register Write to Reg: 0x01 Val: 0x00000000
In clock cycle: 531
Register Write to Reg: 0x17 Val: 0x10010018
In clock cycle: 532
Register Write to Reg: 0x11 Val: 0x00000006
In clock cycle: 535
Register Write to Reg: 0x08 Val: 0x00000003
In clock cycle: 536
Register Write to Reg: 0x09 Val: 0x00000003
In clock cycle: 537
Register Write to Reg: 0x01 Val: 0x00000000
In clock cycle: 540
Register Write to Reg: 0x17 Val: 0x1001001C
In clock cycle: 541
Register Write to Reg: 0x11 Val: 0x00000007
In clock cycle: 544
Register Write to Reg: 0x08 Val: 0x00000003
In clock cycle: 545
Register Write to Reg: 0x09 Val: 0x00000036
In clock cycle: 546
Register Write to Reg: 0x01 Val: 0x00000000
In clock cycle: 549
Register Write to Reg: 0x17 Val: 0x10010020
In clock cycle: 550
Register Write to Reg: 0x11 Val: 0x00000008
In clock cycle: 553
Register Write to Reg: 0x08 Val: 0x00000036
In clock cycle: 554
Register Write to Reg: 0x09 Val: 0x00000100
In clock cycle: 555
Register Write to Reg: 0x01 Val: 0x00000000
In clock cycle: 558
Register Write to Reg: 0x17 Val: 0x10010024
In clock cycle: 559
Register Write to Reg: 0x11 Val: 0x00000009
In clock cycle: 561
Register Write to Reg: 0x11 Val: 0x00000000
In clock cycle: 562
Register Write to Reg: 0x01 Val: 0x00000000
In clock cycle: 564
Register Write to Reg: 0x10 Val: 0x00000000
In clock cycle: 565
Register Write to Reg: 0x01 Val: 0x10010000
In clock cycle: 566
Register Write to Reg: 0x17 Val: 0x10010000
In clock cycle: 567
Register Write to Reg: 0x08 Val: 0xFFFFFFFF
In clock cycle: 568
Register Write to Reg: 0x09 Val: 0x00000000
In clock cycle: 569
Register Write to Reg: 0x01 Val: 0x00000000
In clock cycle: 572
Register Write to Reg: 0x17 Val: 0x10010004
In clock cycle: 573
Register Write to Reg: 0x11 Val: 0x00000001
In clock cycle: 576
Register Write to Reg: 0x08 Val: 0x00000000
In clock cycle: 577
Register Write to Reg: 0x09 Val: 0xFFFFFFFD
In clock cycle: 578
Register Write to Reg: 0x01 Val: 0x00000001
In clock cycle: 580
Register Write to Reg: 0x10 Val: 0x00000001
In clock cycle: 581
Memory Write to Addr: 0x10010008 Val: 0x00000000
In clock cycle: 582
Memory Write to Addr: 0x10010004 Val: 0xFFFFFFFD
In clock cycle: 583
Register Write to Reg: 0x17 Val: 0x10010008
In clock cycle: 584
Register Write to Reg: 0x11 Val: 0x00000002
In clock cycle: 587
Register Write to Reg: 0x08 Val: 0x00000000
In clock cycle: 588
Register Write to Reg: 0x09 Val: 0x00000000
In clock cycle: 589
Register Write to Reg: 0x01 Val: 0x00000000
In clock cycle: 592
Register Write to Reg: 0x17 Val: 0x1001000C
In clock cycle: 593
Register Write to Reg: 0x11 Val: 0x00000003
In clock cycle: 596
Register Write to Reg: 0x08 Val: 0x00000000
In clock cycle: 597
Register Write to Reg: 0x09 Val: 0x00000000
In clock cycle: 598
Register Write to Reg: 0x01 Val: 0x00000000
In clock cycle: 601
Register Write to Reg: 0x17 Val: 0x10010010
In clock cycle: 602
Register Write to Reg: 0x11 Val: 0x00000004
In clock cycle: 605
Register Write to Reg: 0x08 Val: 0x00000000
In clock cycle: 606
Register Write to Reg: 0x09 Val: 0x00000002
In clock cycle: 607
Register Write to Reg: 0x01 Val: 0x00000000
In clock cycle: 610
Register Write to Reg: 0x17 Val: 0x10010014
In clock cycle: 611
Register Write to Reg: 0x11 Val: 0x00000005
In clock cycle: 614
Register Write to Reg: 0x08 Val: 0x00000002
In clock cycle: 615
Register Write to Reg: 0x09 Val: 0x00000003
In clock cycle: 616
Register Write to Reg: 0x01 Val: 0x00000000
In clock cycle: 619
Register Write to Reg: 0x17 Val: 0x10010018
In clock cycle: 620
Register Write to Reg: 0x11 Val: 0x00000006
In clock cycle: 623
Register Write to Reg: 0x08 Val: 0x00000003
In clock cycle: 624
Register Write to Reg: 0x09 Val: 0x00000003
In clock cycle: 625
Register Write to Reg: 0x01 Val: 0x00000000
In clock cycle: 628
Register Write to Reg: 0x17 Val: 0x1001001C
In clock cycle: 629
Register Write to Reg: 0x11 Val: 0x00000007
In clock cycle: 632
Register Write to Reg: 0x08 Val: 0x00000003
In clock cycle: 633
Register Write to Reg: 0x09 Val: 0x00000036
In clock cycle: 634
Register Write to Reg: 0x01 Val: 0x00000000
In clock cycle: 637
Register Write to Reg: 0x17 Val: 0x10010020
In clock cycle: 638
Register Write to Reg: 0x11 Val: 0x00000008
In clock cycle: 641
Register Write to Reg: 0x08 Val: 0x00000036
In clock cycle: 642
Register Write to Reg: 0x09 Val: 0x00000100
In clock cycle: 643
Register Write to Reg: 0x01 Val: 0x00000000
In clock cycle: 646
Register Write to Reg: 0x17 Val: 0x10010024
In clock cycle: 647
Register Write to Reg: 0x11 Val: 0x00000009
In clock cycle: 649
Register Write to Reg: 0x11 Val: 0x00000000
In clock cycle: 650
Register Write to Reg: 0x01 Val: 0x00000000
In clock cycle: 652
Register Write to Reg: 0x10 Val: 0x00000000
In clock cycle: 653
Register Write to Reg: 0x01 Val: 0x10010000
In clock cycle: 654
Register Write to Reg: 0x17 Val: 0x10010000
In clock cycle: 655
Register Write to Reg: 0x08 Val: 0xFFFFFFFF
In clock cycle: 656
Register Write to Reg: 0x09 Val: 0xFFFFFFFD
In clock cycle: 657
Register Write to Reg: 0x01 Val: 0x00000001
In clock cycle: 659
Register Write to Reg: 0x10 Val: 0x00000001
In clock cycle: 660
Memory Write to Addr: 0x10010004 Val: 0xFFFFFFFF
In clock cycle: 661
Memory Write to Addr: 0x10010000 Val: 0xFFFFFFFD
In clock cycle: 662
Register Write to Reg: 0x17 Val: 0x10010004
In clock cycle: 663
Register Write to Reg: 0x11 Val: 0x00000001
In clock cycle: 666
Register Write to Reg: 0x08 Val: 0xFFFFFFFF
In clock cycle: 667
Register Write to Reg: 0x09 Val: 0x00000000
In clock cycle: 668
Register Write to Reg: 0x01 Val: 0x00000000
In clock cycle: 671
Register Write to Reg: 0x17 Val: 0x10010008
In clock cycle: 672
Register Write to Reg: 0x11 Val: 0x00000002
In clock cycle: 675
Register Write to Reg: 0x08 Val: 0x00000000
In clock cycle: 676
Register Write to Reg: 0x09 Val: 0x00000000
In clock cycle: 677
Register Write to Reg: 0x01 Val: 0x00000000
In clock cycle: 680
Register Write to Reg: 0x17 Val: 0x1001000C
In clock cycle: 681
Register Write to Reg: 0x11 Val: 0x00000003
In clock cycle: 684
Register Write to Reg: 0x08 Val: 0x00000000
In clock cycle: 685
Register Write to Reg: 0x09 Val: 0x00000000
In clock cycle: 686
Register Write to Reg: 0x01 Val: 0x00000000
In clock cycle: 689
Register Write to Reg: 0x17 Val: 0x10010010
In clock cycle: 690
Register Write to Reg: 0x11 Val: 0x00000004
In clock cycle: 693
Register Write to Reg: 0x08 Val: 0x00000000
In clock cycle: 694
Register Write to Reg: 0x09 Val: 0x00000002
In clock cycle: 695
Register Write to Reg: 0x01 Val: 0x00000000
In clock cycle: 698
Register Write to Reg: 0x17 Val: 0x10010014
In clock cycle: 699
Register Write to Reg: 0x11 Val: 0x00000005
In clock cycle: 702
Register Write to Reg: 0x08 Val: 0x00000002
In clock cycle: 703
Register Write to Reg: 0x09 Val: 0x00000003
In clock cycle: 704
Register Write to Reg: 0x01 Val: 0x00000000
In clock cycle: 707
Register Write to Reg: 0x17 Val: 0x10010018
In clock cycle: 708
Register Write to Reg: 0x11 Val: 0x00000006
In clock cycle: 711
Register Write to Reg: 0x08 Val: 0x00000003
In clock cycle: 712
Register Write to Reg: 0x09 Val: 0x00000003
In clock cycle: 713
Register Write to Reg: 0x01 Val: 0x00000000
In clock cycle: 716
Register Write to Reg: 0x17 Val: 0x1001001C
In clock cycle: 717
Register Write to Reg: 0x11 Val: 0x00000007
In clock cycle: 720
Register Write to Reg: 0x08 Val: 0x00000003
In clock cycle: 721
Register Write to Reg: 0x09 Val: 0x00000036
In clock cycle: 722
Register Write to Reg: 0x01 Val: 0x00000000
In clock cycle: 725
Register Write to Reg: 0x17 Val: 0x10010020
In clock cycle: 726
Register Write to Reg: 0x11 Val: 0x00000008
In clock cycle: 729
Register Write to Reg: 0x08 Val: 0x00000036
In clock cycle: 730
Register Write to Reg: 0x09 Val: 0x00000100
In clock cycle: 731
Register Write to Reg: 0x01 Val: 0x00000000
In clock cycle: 734
Register Write to Reg: 0x17 Val: 0x10010024
In clock cycle: 735
Register Write to Reg: 0x11 Val: 0x00000009
In clock cycle: 737
Register Write to Reg: 0x11 Val: 0x00000000
In clock cycle: 738
Register Write to Reg: 0x01 Val: 0x00000000
In clock cycle: 740
Register Write to Reg: 0x10 Val: 0x00000000
In clock cycle: 741
Register Write to Reg: 0x01 Val: 0x10010000
In clock cycle: 742
Register Write to Reg: 0x17 Val: 0x10010000
In clock cycle: 743
Register Write to Reg: 0x08 Val: 0xFFFFFFFD
In clock cycle: 744
Register Write to Reg: 0x09 Val: 0xFFFFFFFF
In clock cycle: 745
Register Write to Reg: 0x01 Val: 0x00000000
In clock cycle: 748
Register Write to Reg: 0x17 Val: 0x10010004
In clock cycle: 749
Register Write to Reg: 0x11 Val: 0x00000001
In clock cycle: 752
Register Write to Reg: 0x08 Val: 0xFFFFFFFF
In clock cycle: 753
Register Write to Reg: 0x09 Val: 0x00000000
In clock cycle: 754
Register Write to Reg: 0x01 Val: 0x00000000
In clock cycle: 757
Register Write to Reg: 0x17 Val: 0x10010008
In clock cycle: 758
Register Write to Reg: 0x11 Val: 0x00000002
In clock cycle: 761
Register Write to Reg: 0x08 Val: 0x00000000
In clock cycle: 762
Register Write to Reg: 0x09 Val: 0x00000000
In clock cycle: 763
Register Write to Reg: 0x01 Val: 0x00000000
In clock cycle: 766
Register Write to Reg: 0x17 Val: 0x1001000C
In clock cycle: 767
Register Write to Reg: 0x11 Val: 0x00000003
In clock cycle: 770
Register Write to Reg: 0x08 Val: 0x00000000
In clock cycle: 771
Register Write to Reg: 0x09 Val: 0x00000000
In clock cycle: 772
Register Write to Reg: 0x01 Val: 0x00000000
In clock cycle: 775
Register Write to Reg: 0x17 Val: 0x10010010
In clock cycle: 776
Register Write to Reg: 0x11 Val: 0x00000004
In clock cycle: 779
Register Write to Reg: 0x08 Val: 0x00000000
In clock cycle: 780
Register Write to Reg: 0x09 Val: 0x00000002
In clock cycle: 781
Register Write to Reg: 0x01 Val: 0x00000000
In clock cycle: 784
Register Write to Reg: 0x17 Val: 0x10010014
In clock cycle: 785
Register Write to Reg: 0x11 Val: 0x00000005
In clock cycle: 788
Register Write to Reg: 0x08 Val: 0x00000002
In clock cycle: 789
Register Write to Reg: 0x09 Val: 0x00000003
In clock cycle: 790
Register Write to Reg: 0x01 Val: 0x00000000
In clock cycle: 793
Register Write to Reg: 0x17 Val: 0x10010018
In clock cycle: 794
Register Write to Reg: 0x11 Val: 0x00000006
In clock cycle: 797
Register Write to Reg: 0x08 Val: 0x00000003
In clock cycle: 798
Register Write to Reg: 0x09 Val: 0x00000003
In clock cycle: 799
Register Write to Reg: 0x01 Val: 0x00000000
In clock cycle: 802
Register Write to Reg: 0x17 Val: 0x1001001C
In clock cycle: 803
Register Write to Reg: 0x11 Val: 0x00000007
In clock cycle: 806
Register Write to Reg: 0x08 Val: 0x00000003
In clock cycle: 807
Register Write to Reg: 0x09 Val: 0x00000036
In clock cycle: 808
Register Write to Reg: 0x01 Val: 0x00000000
In clock cycle: 811
Register Write to Reg: 0x17 Val: 0x10010020
In clock cycle: 812
Register Write to Reg: 0x11 Val: 0x00000008
In clock cycle: 815
Register Write to Reg: 0x08 Val: 0x00000036
In clock cycle: 816
Register Write to Reg: 0x09 Val: 0x00000100
In clock cycle: 817
Register Write to Reg: 0x01 Val: 0x00000000
In clock cycle: 820
Register Write to Reg: 0x17 Val: 0x10010024
In clock cycle: 821
Register Write to Reg: 0x11 Val: 0x00000009
In clock cycle: 823
Register Write to Reg: 0x11 Val: 0x00000000
In clock cycle: 824
Register Write to Reg: 0x01 Val: 0x00000000
Execution is stopping! Clock Cycle: 826
