In clock cycle: 2
Register Write to Reg: 0x00 Val: 0x00000000
In clock cycle: 3
Register Write to Reg: 0x00 Val: 0x00000000
In clock cycle: 4
Register Write to Reg: 0x01 Val: 0x10010000
In clock cycle: 7
Register Write to Reg: 0x08 Val: 0x10010000
In clock cycle: 10
Register Write to Reg: 0x09 Val: 0x0000000A
In clock cycle: 14
Register Write to Reg: 0x01 Val: 0x00000001
In clock cycle: 17
Register Write to Reg: 0x09 Val: 0x00000009
In clock cycle: 19
Memory Write to Addr: 0x10010000 Val: 0x00000009
In clock cycle: 21
Register Write to Reg: 0x01 Val: 0x00400000
In clock cycle: 24
Register Write to Reg: 0x1F Val: 0x0040000C
In clock cycle: 30
Register Write to Reg: 0x00 Val: 0x00000000
In clock cycle: 32
Register Write to Reg: 0x01 Val: 0x00000001
In clock cycle: 35
Register Write to Reg: 0x09 Val: 0x00000008
In clock cycle: 37
Memory Write to Addr: 0x10010000 Val: 0x00000008
In clock cycle: 39
Register Write to Reg: 0x01 Val: 0x00400000
In clock cycle: 42
Register Write to Reg: 0x1F Val: 0x0040000C
In clock cycle: 48
Register Write to Reg: 0x00 Val: 0x00000000
In clock cycle: 50
Register Write to Reg: 0x01 Val: 0x00000001
In clock cycle: 53
Register Write to Reg: 0x09 Val: 0x00000007
In clock cycle: 55
Memory Write to Addr: 0x10010000 Val: 0x00000007
In clock cycle: 57
Register Write to Reg: 0x01 Val: 0x00400000
In clock cycle: 60
Register Write to Reg: 0x1F Val: 0x0040000C
In clock cycle: 66
Register Write to Reg: 0x00 Val: 0x00000000
In clock cycle: 68
Register Write to Reg: 0x01 Val: 0x00000001
In clock cycle: 71
Register Write to Reg: 0x09 Val: 0x00000006
In clock cycle: 73
Memory Write to Addr: 0x10010000 Val: 0x00000006
In clock cycle: 75
Register Write to Reg: 0x01 Val: 0x00400000
In clock cycle: 78
Register Write to Reg: 0x1F Val: 0x0040000C
In clock cycle: 84
Register Write to Reg: 0x00 Val: 0x00000000
In clock cycle: 86
Register Write to Reg: 0x01 Val: 0x00000001
In clock cycle: 89
Register Write to Reg: 0x09 Val: 0x00000005
In clock cycle: 91
Memory Write to Addr: 0x10010000 Val: 0x00000005
In clock cycle: 93
Register Write to Reg: 0x01 Val: 0x00400000
In clock cycle: 96
Register Write to Reg: 0x1F Val: 0x0040000C
In clock cycle: 102
Register Write to Reg: 0x00 Val: 0x00000000
In clock cycle: 104
Register Write to Reg: 0x01 Val: 0x00000001
In clock cycle: 107
Register Write to Reg: 0x09 Val: 0x00000004
In clock cycle: 109
Memory Write to Addr: 0x10010000 Val: 0x00000004
In clock cycle: 111
Register Write to Reg: 0x01 Val: 0x00400000
In clock cycle: 114
Register Write to Reg: 0x1F Val: 0x0040000C
In clock cycle: 120
Register Write to Reg: 0x00 Val: 0x00000000
In clock cycle: 122
Register Write to Reg: 0x01 Val: 0x00000001
In clock cycle: 125
Register Write to Reg: 0x09 Val: 0x00000003
In clock cycle: 127
Memory Write to Addr: 0x10010000 Val: 0x00000003
In clock cycle: 129
Register Write to Reg: 0x01 Val: 0x00400000
In clock cycle: 132
Register Write to Reg: 0x1F Val: 0x0040000C
In clock cycle: 138
Register Write to Reg: 0x00 Val: 0x00000000
In clock cycle: 140
Register Write to Reg: 0x01 Val: 0x00000001
In clock cycle: 143
Register Write to Reg: 0x09 Val: 0x00000002
In clock cycle: 145
Memory Write to Addr: 0x10010000 Val: 0x00000002
In clock cycle: 147
Register Write to Reg: 0x01 Val: 0x00400000
In clock cycle: 150
Register Write to Reg: 0x1F Val: 0x0040000C
In clock cycle: 156
Register Write to Reg: 0x00 Val: 0x00000000
In clock cycle: 158
Register Write to Reg: 0x01 Val: 0x00000001
In clock cycle: 161
Register Write to Reg: 0x09 Val: 0x00000001
In clock cycle: 163
Memory Write to Addr: 0x10010000 Val: 0x00000001
In clock cycle: 165
Register Write to Reg: 0x01 Val: 0x00400000
In clock cycle: 168
Register Write to Reg: 0x1F Val: 0x0040000C
In clock cycle: 174
Register Write to Reg: 0x00 Val: 0x00000000
In clock cycle: 176
Register Write to Reg: 0x01 Val: 0x00000001
In clock cycle: 179
Register Write to Reg: 0x09 Val: 0x00000000
In clock cycle: 181
Memory Write to Addr: 0x10010000 Val: 0x00000000
In clock cycle: 183
Register Write to Reg: 0x01 Val: 0x00400000
In clock cycle: 186
Register Write to Reg: 0x1F Val: 0x0040000C
In clock cycle: 192
Register Write to Reg: 0x00 Val: 0x00000000
In clock cycle: 196
Register Write to Reg: 0x00 Val: 0x00000000
Execution is stopping! Clock Cycle: 197
