Reading pref.tcl

# 2023.2_2

# vsim -postsimdataflow -debugdb -c -voptargs=""+acc"" tb -do "modelsim_framework.do" -gOUTPUT_TRACE=ms.trace 
# Start time: 13:20:57 on Apr 26,2024
# ** Note: (vsim-8009) Loading existing optimized design _opt
# //  Questa Sim-64
# //  Version 2023.2_2 linux_x86_64 Jun  9 2023
# //
# //  Copyright 1991-2023 Mentor Graphics Corporation
# //  All Rights Reserved.
# //
# //  QuestaSim and its associated documentation contain trade
# //  secrets and commercial or financial information that are the property of
# //  Mentor Graphics Corporation and are privileged, confidential,
# //  and exempt from disclosure under the Freedom of Information Act,
# //  5 U.S.C. Section 552. Furthermore, this information
# //  is prohibited from disclosure under the Trade Secrets Act,
# //  18 U.S.C. Section 1905.
# //
# Loading std.standard
# Loading std.textio(body)
# Loading ieee.std_logic_1164(body)
# Loading ieee.std_logic_textio(body)
# Loading std.env(body)
# Loading work.tb(mixed)#1
# Loading ieee.numeric_std(body)
# Loading work.mips_types(body)
# Loading work.mips_processor(structure)#1
# Loading work.mem(rtl)#1
# Loading work.mux2t1_n(structural)#1
# Loading work.mux2t1(structure)#1
# Loading work.invg(dataflow)#1
# Loading work.andg2(dataflow)#1
# Loading work.org2(dataflow)#1
# Loading work.ripplecarryadder(structural)#1
# Loading work.adder(structure)#1
# Loading work.xorg2(dataflow)#1
# Loading work.pc_dffg(mixed)#1
# Loading work.if_id_pipe(mixed)#1
# Loading work.controller(structure)#1
# Loading work.controldecoderlogic(sel_when)#1
# Loading work.reg(structural)#1
# Loading work.decoder5_32(mixed)#1
# Loading work.dffg_n(structural)#1
# Loading work.dffg(mixed)#1
# Loading work.mux32t1(dataflow)#1
# Loading work.extender16t32(dataflow)#1
# Loading work.hazarddetectionunit(mixed)#1
# Loading work.id_ex_pipe(mixed)#1
# Loading work.mux4t1_n(dataflow)#1
# Loading work.alu(mixed)#1
# Loading work.addersubtractor(structural)#1
# Loading work.onescomplementor(structural)#1
# Loading work.andg_n(structure)#1
# Loading work.org_n(structure)#1
# Loading work.xorg_n(structure)#1
# Loading work.norg_n(structure)#1
# Loading work.shifter(behavior)#1
# Loading work.barrelshifter(behavior)#1
# Loading work.mux8t1_n(dataflow)#1
# Loading work.mux8t1_n(dataflow)#2
# Loading work.ex_mem_pipe(mixed)#1
# Loading ieee.std_logic_arith(body)
# Loading ieee.std_logic_unsigned(body)
# Loading work.byteshifter(behavior)#1
# Loading work.bytedecoder(behavioral)#1
# Loading work.shifter(behavior)#2
# Loading work.andg2(dataflow)#2
# Loading work.wordshifter(behavior)#1
# Loading work.worddecoder(behavioral)#1
# Loading work.mem_wb_pipe(mixed)#1
# Loading work.mux4t1_n(dataflow)#2
# ** Note: (vsim-8716) Reusing existing debug database vsim.dbg.
# do modelsim_framework.do
# ** Warning: NUMERIC_STD.TO_INTEGER: metavalue detected, returning 0
#    Time: 0 ns  Iteration: 0  Instance: /tb/MyMips/DMem
# ** Warning: NUMERIC_STD.TO_INTEGER: metavalue detected, returning 0
#    Time: 0 ns  Iteration: 0  Instance: /tb/MyMips/regist/rs_bus
# ** Warning: NUMERIC_STD.TO_INTEGER: metavalue detected, returning 0
#    Time: 0 ns  Iteration: 0  Instance: /tb/MyMips/regist/rt_bus
# ** Warning: NUMERIC_STD.TO_INTEGER: metavalue detected, returning 0
#    Time: 0 ns  Iteration: 0  Instance: /tb/MyMips/IMem
# ** Warning: NUMERIC_STD.TO_INTEGER: metavalue detected, returning 0
#    Time: 0 ns  Iteration: 3  Instance: /tb/MyMips/regist/rs_bus
# ** Warning: NUMERIC_STD.TO_INTEGER: metavalue detected, returning 0
#    Time: 0 ns  Iteration: 3  Instance: /tb/MyMips/regist/rt_bus
# ** Warning: NUMERIC_STD.TO_INTEGER: metavalue detected, returning 0
#    Time: 840 ns  Iteration: 3  Instance: /tb/MyMips/regist/rs_bus
# ** Warning: NUMERIC_STD.TO_INTEGER: metavalue detected, returning 0
#    Time: 840 ns  Iteration: 3  Instance: /tb/MyMips/regist/rt_bus
# ** Warning: NUMERIC_STD.TO_INTEGER: metavalue detected, returning 0
#    Time: 1300 ns  Iteration: 3  Instance: /tb/MyMips/regist/rs_bus
# ** Warning: NUMERIC_STD.TO_INTEGER: metavalue detected, returning 0
#    Time: 1300 ns  Iteration: 3  Instance: /tb/MyMips/regist/rt_bus
# ** Warning: NUMERIC_STD.TO_INTEGER: metavalue detected, returning 0
#    Time: 1720 ns  Iteration: 3  Instance: /tb/MyMips/regist/rs_bus
# ** Warning: NUMERIC_STD.TO_INTEGER: metavalue detected, returning 0
#    Time: 1720 ns  Iteration: 3  Instance: /tb/MyMips/regist/rt_bus
# ** Warning: NUMERIC_STD.TO_INTEGER: metavalue detected, returning 0
#    Time: 2140 ns  Iteration: 3  Instance: /tb/MyMips/regist/rs_bus
# ** Warning: NUMERIC_STD.TO_INTEGER: metavalue detected, returning 0
#    Time: 2140 ns  Iteration: 3  Instance: /tb/MyMips/regist/rt_bus
# ** Warning: NUMERIC_STD.TO_INTEGER: metavalue detected, returning 0
#    Time: 2600 ns  Iteration: 3  Instance: /tb/MyMips/regist/rs_bus
# ** Warning: NUMERIC_STD.TO_INTEGER: metavalue detected, returning 0
#    Time: 2600 ns  Iteration: 3  Instance: /tb/MyMips/regist/rt_bus
# ** Warning: NUMERIC_STD.TO_INTEGER: metavalue detected, returning 0
#    Time: 3060 ns  Iteration: 3  Instance: /tb/MyMips/regist/rs_bus
# ** Warning: NUMERIC_STD.TO_INTEGER: metavalue detected, returning 0
#    Time: 3060 ns  Iteration: 3  Instance: /tb/MyMips/regist/rt_bus
# ** Warning: NUMERIC_STD.TO_INTEGER: metavalue detected, returning 0
#    Time: 3480 ns  Iteration: 3  Instance: /tb/MyMips/regist/rs_bus
# ** Warning: NUMERIC_STD.TO_INTEGER: metavalue detected, returning 0
#    Time: 3480 ns  Iteration: 3  Instance: /tb/MyMips/regist/rt_bus
# ** Warning: NUMERIC_STD.TO_INTEGER: metavalue detected, returning 0
#    Time: 3940 ns  Iteration: 3  Instance: /tb/MyMips/regist/rs_bus
# ** Warning: NUMERIC_STD.TO_INTEGER: metavalue detected, returning 0
#    Time: 3940 ns  Iteration: 3  Instance: /tb/MyMips/regist/rt_bus
# ** Warning: NUMERIC_STD.TO_INTEGER: metavalue detected, returning 0
#    Time: 5040 ns  Iteration: 3  Instance: /tb/MyMips/regist/rs_bus
# ** Warning: NUMERIC_STD.TO_INTEGER: metavalue detected, returning 0
#    Time: 5040 ns  Iteration: 3  Instance: /tb/MyMips/regist/rt_bus
# ** Warning: NUMERIC_STD.TO_INTEGER: metavalue detected, returning 0
#    Time: 5460 ns  Iteration: 3  Instance: /tb/MyMips/regist/rs_bus
# ** Warning: NUMERIC_STD.TO_INTEGER: metavalue detected, returning 0
#    Time: 5460 ns  Iteration: 3  Instance: /tb/MyMips/regist/rt_bus
# ** Warning: NUMERIC_STD.TO_INTEGER: metavalue detected, returning 0
#    Time: 5880 ns  Iteration: 3  Instance: /tb/MyMips/regist/rs_bus
# ** Warning: NUMERIC_STD.TO_INTEGER: metavalue detected, returning 0
#    Time: 5880 ns  Iteration: 3  Instance: /tb/MyMips/regist/rt_bus
# ** Warning: NUMERIC_STD.TO_INTEGER: metavalue detected, returning 0
#    Time: 6340 ns  Iteration: 3  Instance: /tb/MyMips/regist/rs_bus
# ** Warning: NUMERIC_STD.TO_INTEGER: metavalue detected, returning 0
#    Time: 6340 ns  Iteration: 3  Instance: /tb/MyMips/regist/rt_bus
# ** Warning: NUMERIC_STD.TO_INTEGER: metavalue detected, returning 0
#    Time: 6800 ns  Iteration: 3  Instance: /tb/MyMips/regist/rs_bus
# ** Warning: NUMERIC_STD.TO_INTEGER: metavalue detected, returning 0
#    Time: 6800 ns  Iteration: 3  Instance: /tb/MyMips/regist/rt_bus
# ** Warning: NUMERIC_STD.TO_INTEGER: metavalue detected, returning 0
#    Time: 7220 ns  Iteration: 3  Instance: /tb/MyMips/regist/rs_bus
# ** Warning: NUMERIC_STD.TO_INTEGER: metavalue detected, returning 0
#    Time: 7220 ns  Iteration: 3  Instance: /tb/MyMips/regist/rt_bus
# ** Warning: NUMERIC_STD.TO_INTEGER: metavalue detected, returning 0
#    Time: 7680 ns  Iteration: 3  Instance: /tb/MyMips/regist/rs_bus
# ** Warning: NUMERIC_STD.TO_INTEGER: metavalue detected, returning 0
#    Time: 7680 ns  Iteration: 3  Instance: /tb/MyMips/regist/rt_bus
# ** Warning: NUMERIC_STD.TO_INTEGER: metavalue detected, returning 0
#    Time: 8140 ns  Iteration: 3  Instance: /tb/MyMips/regist/rs_bus
# ** Warning: NUMERIC_STD.TO_INTEGER: metavalue detected, returning 0
#    Time: 8140 ns  Iteration: 3  Instance: /tb/MyMips/regist/rt_bus
# ** Warning: NUMERIC_STD.TO_INTEGER: metavalue detected, returning 0
#    Time: 9200 ns  Iteration: 3  Instance: /tb/MyMips/regist/rs_bus
# ** Warning: NUMERIC_STD.TO_INTEGER: metavalue detected, returning 0
#    Time: 9200 ns  Iteration: 3  Instance: /tb/MyMips/regist/rt_bus
# ** Warning: NUMERIC_STD.TO_INTEGER: metavalue detected, returning 0
#    Time: 9620 ns  Iteration: 3  Instance: /tb/MyMips/regist/rs_bus
# ** Warning: NUMERIC_STD.TO_INTEGER: metavalue detected, returning 0
#    Time: 9620 ns  Iteration: 3  Instance: /tb/MyMips/regist/rt_bus
# ** Warning: NUMERIC_STD.TO_INTEGER: metavalue detected, returning 0
#    Time: 10080 ns  Iteration: 3  Instance: /tb/MyMips/regist/rs_bus
# ** Warning: NUMERIC_STD.TO_INTEGER: metavalue detected, returning 0
#    Time: 10080 ns  Iteration: 3  Instance: /tb/MyMips/regist/rt_bus
# ** Warning: NUMERIC_STD.TO_INTEGER: metavalue detected, returning 0
#    Time: 10540 ns  Iteration: 3  Instance: /tb/MyMips/regist/rs_bus
# ** Warning: NUMERIC_STD.TO_INTEGER: metavalue detected, returning 0
#    Time: 10540 ns  Iteration: 3  Instance: /tb/MyMips/regist/rt_bus
# ** Warning: NUMERIC_STD.TO_INTEGER: metavalue detected, returning 0
#    Time: 10960 ns  Iteration: 3  Instance: /tb/MyMips/regist/rs_bus
# ** Warning: NUMERIC_STD.TO_INTEGER: metavalue detected, returning 0
#    Time: 10960 ns  Iteration: 3  Instance: /tb/MyMips/regist/rt_bus
# ** Warning: NUMERIC_STD.TO_INTEGER: metavalue detected, returning 0
#    Time: 11420 ns  Iteration: 3  Instance: /tb/MyMips/regist/rs_bus
# ** Warning: NUMERIC_STD.TO_INTEGER: metavalue detected, returning 0
#    Time: 11420 ns  Iteration: 3  Instance: /tb/MyMips/regist/rt_bus
# ** Warning: NUMERIC_STD.TO_INTEGER: metavalue detected, returning 0
#    Time: 11880 ns  Iteration: 3  Instance: /tb/MyMips/regist/rs_bus
# ** Warning: NUMERIC_STD.TO_INTEGER: metavalue detected, returning 0
#    Time: 11880 ns  Iteration: 3  Instance: /tb/MyMips/regist/rt_bus
# ** Warning: NUMERIC_STD.TO_INTEGER: metavalue detected, returning 0
#    Time: 12300 ns  Iteration: 3  Instance: /tb/MyMips/regist/rs_bus
# ** Warning: NUMERIC_STD.TO_INTEGER: metavalue detected, returning 0
#    Time: 12300 ns  Iteration: 3  Instance: /tb/MyMips/regist/rt_bus
# ** Warning: NUMERIC_STD.TO_INTEGER: metavalue detected, returning 0
#    Time: 13360 ns  Iteration: 3  Instance: /tb/MyMips/regist/rs_bus
# ** Warning: NUMERIC_STD.TO_INTEGER: metavalue detected, returning 0
#    Time: 13360 ns  Iteration: 3  Instance: /tb/MyMips/regist/rt_bus
# ** Warning: NUMERIC_STD.TO_INTEGER: metavalue detected, returning 0
#    Time: 13820 ns  Iteration: 3  Instance: /tb/MyMips/regist/rs_bus
# ** Warning: NUMERIC_STD.TO_INTEGER: metavalue detected, returning 0
#    Time: 13820 ns  Iteration: 3  Instance: /tb/MyMips/regist/rt_bus
# ** Warning: NUMERIC_STD.TO_INTEGER: metavalue detected, returning 0
#    Time: 14240 ns  Iteration: 3  Instance: /tb/MyMips/regist/rs_bus
# ** Warning: NUMERIC_STD.TO_INTEGER: metavalue detected, returning 0
#    Time: 14240 ns  Iteration: 3  Instance: /tb/MyMips/regist/rt_bus
# ** Warning: NUMERIC_STD.TO_INTEGER: metavalue detected, returning 0
#    Time: 14660 ns  Iteration: 3  Instance: /tb/MyMips/regist/rs_bus
# ** Warning: NUMERIC_STD.TO_INTEGER: metavalue detected, returning 0
#    Time: 14660 ns  Iteration: 3  Instance: /tb/MyMips/regist/rt_bus
# ** Warning: NUMERIC_STD.TO_INTEGER: metavalue detected, returning 0
#    Time: 15120 ns  Iteration: 3  Instance: /tb/MyMips/regist/rs_bus
# ** Warning: NUMERIC_STD.TO_INTEGER: metavalue detected, returning 0
#    Time: 15120 ns  Iteration: 3  Instance: /tb/MyMips/regist/rt_bus
# ** Warning: NUMERIC_STD.TO_INTEGER: metavalue detected, returning 0
#    Time: 15580 ns  Iteration: 3  Instance: /tb/MyMips/regist/rs_bus
# ** Warning: NUMERIC_STD.TO_INTEGER: metavalue detected, returning 0
#    Time: 15580 ns  Iteration: 3  Instance: /tb/MyMips/regist/rt_bus
# ** Warning: NUMERIC_STD.TO_INTEGER: metavalue detected, returning 0
#    Time: 16 us  Iteration: 3  Instance: /tb/MyMips/regist/rs_bus
# ** Warning: NUMERIC_STD.TO_INTEGER: metavalue detected, returning 0
#    Time: 16 us  Iteration: 3  Instance: /tb/MyMips/regist/rt_bus
# ** Warning: NUMERIC_STD.TO_INTEGER: metavalue detected, returning 0
#    Time: 16420 ns  Iteration: 3  Instance: /tb/MyMips/regist/rs_bus
# ** Warning: NUMERIC_STD.TO_INTEGER: metavalue detected, returning 0
#    Time: 16420 ns  Iteration: 3  Instance: /tb/MyMips/regist/rt_bus
# ** Warning: NUMERIC_STD.TO_INTEGER: metavalue detected, returning 0
#    Time: 17520 ns  Iteration: 3  Instance: /tb/MyMips/regist/rs_bus
# ** Warning: NUMERIC_STD.TO_INTEGER: metavalue detected, returning 0
#    Time: 17520 ns  Iteration: 3  Instance: /tb/MyMips/regist/rt_bus
# ** Warning: NUMERIC_STD.TO_INTEGER: metavalue detected, returning 0
#    Time: 17940 ns  Iteration: 3  Instance: /tb/MyMips/regist/rs_bus
# ** Warning: NUMERIC_STD.TO_INTEGER: metavalue detected, returning 0
#    Time: 17940 ns  Iteration: 3  Instance: /tb/MyMips/regist/rt_bus
# ** Warning: NUMERIC_STD.TO_INTEGER: metavalue detected, returning 0
#    Time: 18360 ns  Iteration: 3  Instance: /tb/MyMips/regist/rs_bus
# ** Warning: NUMERIC_STD.TO_INTEGER: metavalue detected, returning 0
#    Time: 18360 ns  Iteration: 3  Instance: /tb/MyMips/regist/rt_bus
# ** Warning: NUMERIC_STD.TO_INTEGER: metavalue detected, returning 0
#    Time: 18820 ns  Iteration: 3  Instance: /tb/MyMips/regist/rs_bus
# ** Warning: NUMERIC_STD.TO_INTEGER: metavalue detected, returning 0
#    Time: 18820 ns  Iteration: 3  Instance: /tb/MyMips/regist/rt_bus
# ** Warning: NUMERIC_STD.TO_INTEGER: metavalue detected, returning 0
#    Time: 19280 ns  Iteration: 3  Instance: /tb/MyMips/regist/rs_bus
# ** Warning: NUMERIC_STD.TO_INTEGER: metavalue detected, returning 0
#    Time: 19280 ns  Iteration: 3  Instance: /tb/MyMips/regist/rt_bus
# ** Warning: NUMERIC_STD.TO_INTEGER: metavalue detected, returning 0
#    Time: 19700 ns  Iteration: 3  Instance: /tb/MyMips/regist/rs_bus
# ** Warning: NUMERIC_STD.TO_INTEGER: metavalue detected, returning 0
#    Time: 19700 ns  Iteration: 3  Instance: /tb/MyMips/regist/rt_bus
# ** Warning: NUMERIC_STD.TO_INTEGER: metavalue detected, returning 0
#    Time: 20120 ns  Iteration: 3  Instance: /tb/MyMips/regist/rs_bus
# ** Warning: NUMERIC_STD.TO_INTEGER: metavalue detected, returning 0
#    Time: 20120 ns  Iteration: 3  Instance: /tb/MyMips/regist/rt_bus
# ** Warning: NUMERIC_STD.TO_INTEGER: metavalue detected, returning 0
#    Time: 20540 ns  Iteration: 3  Instance: /tb/MyMips/regist/rs_bus
# ** Warning: NUMERIC_STD.TO_INTEGER: metavalue detected, returning 0
#    Time: 20540 ns  Iteration: 3  Instance: /tb/MyMips/regist/rt_bus
# ** Warning: NUMERIC_STD.TO_INTEGER: metavalue detected, returning 0
#    Time: 21600 ns  Iteration: 3  Instance: /tb/MyMips/regist/rs_bus
# ** Warning: NUMERIC_STD.TO_INTEGER: metavalue detected, returning 0
#    Time: 21600 ns  Iteration: 3  Instance: /tb/MyMips/regist/rt_bus
# ** Warning: NUMERIC_STD.TO_INTEGER: metavalue detected, returning 0
#    Time: 22020 ns  Iteration: 3  Instance: /tb/MyMips/regist/rs_bus
# ** Warning: NUMERIC_STD.TO_INTEGER: metavalue detected, returning 0
#    Time: 22020 ns  Iteration: 3  Instance: /tb/MyMips/regist/rt_bus
# ** Warning: NUMERIC_STD.TO_INTEGER: metavalue detected, returning 0
#    Time: 22480 ns  Iteration: 3  Instance: /tb/MyMips/regist/rs_bus
# ** Warning: NUMERIC_STD.TO_INTEGER: metavalue detected, returning 0
#    Time: 22480 ns  Iteration: 3  Instance: /tb/MyMips/regist/rt_bus
# ** Warning: NUMERIC_STD.TO_INTEGER: metavalue detected, returning 0
#    Time: 22900 ns  Iteration: 3  Instance: /tb/MyMips/regist/rs_bus
# ** Warning: NUMERIC_STD.TO_INTEGER: metavalue detected, returning 0
#    Time: 22900 ns  Iteration: 3  Instance: /tb/MyMips/regist/rt_bus
# ** Warning: NUMERIC_STD.TO_INTEGER: metavalue detected, returning 0
#    Time: 23320 ns  Iteration: 3  Instance: /tb/MyMips/regist/rs_bus
# ** Warning: NUMERIC_STD.TO_INTEGER: metavalue detected, returning 0
#    Time: 23320 ns  Iteration: 3  Instance: /tb/MyMips/regist/rt_bus
# ** Warning: NUMERIC_STD.TO_INTEGER: metavalue detected, returning 0
#    Time: 23740 ns  Iteration: 3  Instance: /tb/MyMips/regist/rs_bus
# ** Warning: NUMERIC_STD.TO_INTEGER: metavalue detected, returning 0
#    Time: 23740 ns  Iteration: 3  Instance: /tb/MyMips/regist/rt_bus
# ** Warning: NUMERIC_STD.TO_INTEGER: metavalue detected, returning 0
#    Time: 24160 ns  Iteration: 3  Instance: /tb/MyMips/regist/rs_bus
# ** Warning: NUMERIC_STD.TO_INTEGER: metavalue detected, returning 0
#    Time: 24160 ns  Iteration: 3  Instance: /tb/MyMips/regist/rt_bus
# ** Warning: NUMERIC_STD.TO_INTEGER: metavalue detected, returning 0
#    Time: 24580 ns  Iteration: 3  Instance: /tb/MyMips/regist/rs_bus
# ** Warning: NUMERIC_STD.TO_INTEGER: metavalue detected, returning 0
#    Time: 24580 ns  Iteration: 3  Instance: /tb/MyMips/regist/rt_bus
# ** Warning: NUMERIC_STD.TO_INTEGER: metavalue detected, returning 0
#    Time: 25640 ns  Iteration: 3  Instance: /tb/MyMips/regist/rs_bus
# ** Warning: NUMERIC_STD.TO_INTEGER: metavalue detected, returning 0
#    Time: 25640 ns  Iteration: 3  Instance: /tb/MyMips/regist/rt_bus
# ** Warning: NUMERIC_STD.TO_INTEGER: metavalue detected, returning 0
#    Time: 26100 ns  Iteration: 3  Instance: /tb/MyMips/regist/rs_bus
# ** Warning: NUMERIC_STD.TO_INTEGER: metavalue detected, returning 0
#    Time: 26100 ns  Iteration: 3  Instance: /tb/MyMips/regist/rt_bus
# ** Warning: NUMERIC_STD.TO_INTEGER: metavalue detected, returning 0
#    Time: 26520 ns  Iteration: 3  Instance: /tb/MyMips/regist/rs_bus
# ** Warning: NUMERIC_STD.TO_INTEGER: metavalue detected, returning 0
#    Time: 26520 ns  Iteration: 3  Instance: /tb/MyMips/regist/rt_bus
# ** Warning: NUMERIC_STD.TO_INTEGER: metavalue detected, returning 0
#    Time: 26940 ns  Iteration: 3  Instance: /tb/MyMips/regist/rs_bus
# ** Warning: NUMERIC_STD.TO_INTEGER: metavalue detected, returning 0
#    Time: 26940 ns  Iteration: 3  Instance: /tb/MyMips/regist/rt_bus
# ** Warning: NUMERIC_STD.TO_INTEGER: metavalue detected, returning 0
#    Time: 27360 ns  Iteration: 3  Instance: /tb/MyMips/regist/rs_bus
# ** Warning: NUMERIC_STD.TO_INTEGER: metavalue detected, returning 0
#    Time: 27360 ns  Iteration: 3  Instance: /tb/MyMips/regist/rt_bus
# ** Warning: NUMERIC_STD.TO_INTEGER: metavalue detected, returning 0
#    Time: 27780 ns  Iteration: 3  Instance: /tb/MyMips/regist/rs_bus
# ** Warning: NUMERIC_STD.TO_INTEGER: metavalue detected, returning 0
#    Time: 27780 ns  Iteration: 3  Instance: /tb/MyMips/regist/rt_bus
# ** Warning: NUMERIC_STD.TO_INTEGER: metavalue detected, returning 0
#    Time: 28200 ns  Iteration: 3  Instance: /tb/MyMips/regist/rs_bus
# ** Warning: NUMERIC_STD.TO_INTEGER: metavalue detected, returning 0
#    Time: 28200 ns  Iteration: 3  Instance: /tb/MyMips/regist/rt_bus
# ** Warning: NUMERIC_STD.TO_INTEGER: metavalue detected, returning 0
#    Time: 28620 ns  Iteration: 3  Instance: /tb/MyMips/regist/rs_bus
# ** Warning: NUMERIC_STD.TO_INTEGER: metavalue detected, returning 0
#    Time: 28620 ns  Iteration: 3  Instance: /tb/MyMips/regist/rt_bus
# ** Warning: NUMERIC_STD.TO_INTEGER: metavalue detected, returning 0
#    Time: 29720 ns  Iteration: 3  Instance: /tb/MyMips/regist/rs_bus
# ** Warning: NUMERIC_STD.TO_INTEGER: metavalue detected, returning 0
#    Time: 29720 ns  Iteration: 3  Instance: /tb/MyMips/regist/rt_bus
# ** Warning: NUMERIC_STD.TO_INTEGER: metavalue detected, returning 0
#    Time: 30140 ns  Iteration: 3  Instance: /tb/MyMips/regist/rs_bus
# ** Warning: NUMERIC_STD.TO_INTEGER: metavalue detected, returning 0
#    Time: 30140 ns  Iteration: 3  Instance: /tb/MyMips/regist/rt_bus
# ** Warning: NUMERIC_STD.TO_INTEGER: metavalue detected, returning 0
#    Time: 30560 ns  Iteration: 3  Instance: /tb/MyMips/regist/rs_bus
# ** Warning: NUMERIC_STD.TO_INTEGER: metavalue detected, returning 0
#    Time: 30560 ns  Iteration: 3  Instance: /tb/MyMips/regist/rt_bus
# ** Warning: NUMERIC_STD.TO_INTEGER: metavalue detected, returning 0
#    Time: 30980 ns  Iteration: 3  Instance: /tb/MyMips/regist/rs_bus
# ** Warning: NUMERIC_STD.TO_INTEGER: metavalue detected, returning 0
#    Time: 30980 ns  Iteration: 3  Instance: /tb/MyMips/regist/rt_bus
# ** Warning: NUMERIC_STD.TO_INTEGER: metavalue detected, returning 0
#    Time: 31400 ns  Iteration: 3  Instance: /tb/MyMips/regist/rs_bus
# ** Warning: NUMERIC_STD.TO_INTEGER: metavalue detected, returning 0
#    Time: 31400 ns  Iteration: 3  Instance: /tb/MyMips/regist/rt_bus
# ** Warning: NUMERIC_STD.TO_INTEGER: metavalue detected, returning 0
#    Time: 31820 ns  Iteration: 3  Instance: /tb/MyMips/regist/rs_bus
# ** Warning: NUMERIC_STD.TO_INTEGER: metavalue detected, returning 0
#    Time: 31820 ns  Iteration: 3  Instance: /tb/MyMips/regist/rt_bus
# ** Warning: NUMERIC_STD.TO_INTEGER: metavalue detected, returning 0
#    Time: 32240 ns  Iteration: 3  Instance: /tb/MyMips/regist/rs_bus
# ** Warning: NUMERIC_STD.TO_INTEGER: metavalue detected, returning 0
#    Time: 32240 ns  Iteration: 3  Instance: /tb/MyMips/regist/rt_bus
# ** Warning: NUMERIC_STD.TO_INTEGER: metavalue detected, returning 0
#    Time: 32660 ns  Iteration: 3  Instance: /tb/MyMips/regist/rs_bus
# ** Warning: NUMERIC_STD.TO_INTEGER: metavalue detected, returning 0
#    Time: 32660 ns  Iteration: 3  Instance: /tb/MyMips/regist/rt_bus
# ** Warning: NUMERIC_STD.TO_INTEGER: metavalue detected, returning 0
#    Time: 33720 ns  Iteration: 3  Instance: /tb/MyMips/regist/rs_bus
# ** Warning: NUMERIC_STD.TO_INTEGER: metavalue detected, returning 0
#    Time: 33720 ns  Iteration: 3  Instance: /tb/MyMips/regist/rt_bus
# ** Warning: NUMERIC_STD.TO_INTEGER: metavalue detected, returning 0
#    Time: 34140 ns  Iteration: 3  Instance: /tb/MyMips/regist/rs_bus
# ** Warning: NUMERIC_STD.TO_INTEGER: metavalue detected, returning 0
#    Time: 34140 ns  Iteration: 3  Instance: /tb/MyMips/regist/rt_bus
# ** Warning: NUMERIC_STD.TO_INTEGER: metavalue detected, returning 0
#    Time: 34560 ns  Iteration: 3  Instance: /tb/MyMips/regist/rs_bus
# ** Warning: NUMERIC_STD.TO_INTEGER: metavalue detected, returning 0
#    Time: 34560 ns  Iteration: 3  Instance: /tb/MyMips/regist/rt_bus
# ** Warning: NUMERIC_STD.TO_INTEGER: metavalue detected, returning 0
#    Time: 34980 ns  Iteration: 3  Instance: /tb/MyMips/regist/rs_bus
# ** Warning: NUMERIC_STD.TO_INTEGER: metavalue detected, returning 0
#    Time: 34980 ns  Iteration: 3  Instance: /tb/MyMips/regist/rt_bus
# ** Warning: NUMERIC_STD.TO_INTEGER: metavalue detected, returning 0
#    Time: 35400 ns  Iteration: 3  Instance: /tb/MyMips/regist/rs_bus
# ** Warning: NUMERIC_STD.TO_INTEGER: metavalue detected, returning 0
#    Time: 35400 ns  Iteration: 3  Instance: /tb/MyMips/regist/rt_bus
# ** Warning: NUMERIC_STD.TO_INTEGER: metavalue detected, returning 0
#    Time: 35820 ns  Iteration: 3  Instance: /tb/MyMips/regist/rs_bus
# ** Warning: NUMERIC_STD.TO_INTEGER: metavalue detected, returning 0
#    Time: 35820 ns  Iteration: 3  Instance: /tb/MyMips/regist/rt_bus
# ** Warning: NUMERIC_STD.TO_INTEGER: metavalue detected, returning 0
#    Time: 36240 ns  Iteration: 3  Instance: /tb/MyMips/regist/rs_bus
# ** Warning: NUMERIC_STD.TO_INTEGER: metavalue detected, returning 0
#    Time: 36240 ns  Iteration: 3  Instance: /tb/MyMips/regist/rt_bus
# ** Warning: NUMERIC_STD.TO_INTEGER: metavalue detected, returning 0
#    Time: 36660 ns  Iteration: 3  Instance: /tb/MyMips/regist/rs_bus
# ** Warning: NUMERIC_STD.TO_INTEGER: metavalue detected, returning 0
#    Time: 36660 ns  Iteration: 3  Instance: /tb/MyMips/regist/rt_bus
# ** Warning: NUMERIC_STD.TO_INTEGER: metavalue detected, returning 0
#    Time: 37280 ns  Iteration: 3  Instance: /tb/MyMips/regist/rs_bus
# ** Warning: NUMERIC_STD.TO_INTEGER: metavalue detected, returning 0
#    Time: 37280 ns  Iteration: 3  Instance: /tb/MyMips/regist/rt_bus
# ** Note: Data structure takes 73724312 bytes of memory
#          Process time 0.73 seconds
#          stop
#    Time: 37340 ns  Iteration: 1  Instance: /tb
# Break in Process P_DUMP_STATE at /home/anorris/CPRE381/ProjectGit/cpre_381/toolflow/internal/testpy/tb.vhd line 150
# Stopped at /home/anorris/CPRE381/ProjectGit/cpre_381/toolflow/internal/testpy/tb.vhd line 150
# End time: 13:21:01 on Apr 26,2024, Elapsed time: 0:00:04
# Errors: 0, Warnings: 152
