In clock cycle: 2
Register Write to Reg: 0x00 Val: 0x00000000
In clock cycle: 3
Register Write to Reg: 0x00 Val: 0x00000000
In clock cycle: 4
Register Write to Reg: 0x01 Val: 0x7FFF0000
In clock cycle: 7
Register Write to Reg: 0x01 Val: 0x7FFFFFFF
In clock cycle: 10
Register Write to Reg: 0x08 Val: 0x7FFFFFFF
In clock cycle: 11
Register Write to Reg: 0x01 Val: 0x80000000
In clock cycle: 14
Register Write to Reg: 0x01 Val: 0x80000000
In clock cycle: 17
Register Write to Reg: 0x09 Val: 0x80000000
In clock cycle: 20
Register Write to Reg: 0x19 Val: 0x00000000
In clock cycle: 21
Register Write to Reg: 0x01 Val: 0x12340000
In clock cycle: 24
Register Write to Reg: 0x01 Val: 0x12345678
In clock cycle: 27
Register Write to Reg: 0x0B Val: 0x12345678
In clock cycle: 28
Register Write to Reg: 0x01 Val: 0xABCD0000
In clock cycle: 31
Register Write to Reg: 0x01 Val: 0xABCDEFFF
In clock cycle: 34
Register Write to Reg: 0x0A Val: 0xABCDEFFF
In clock cycle: 37
Register Write to Reg: 0x19 Val: 0x02044678
In clock cycle: 38
Register Write to Reg: 0x0C Val: 0xFFFFFFFF
In clock cycle: 39
Register Write to Reg: 0x01 Val: 0x80000000
In clock cycle: 42
Register Write to Reg: 0x01 Val: 0x80000000
In clock cycle: 45
Register Write to Reg: 0x0D Val: 0x80000000
In clock cycle: 48
Register Write to Reg: 0x0F Val: 0x80000000
Execution is stopping! Clock Cycle: 49
