In clock cycle: 2
Register Write to Reg: 0x00 Val: 0x00000000
In clock cycle: 3
Register Write to Reg: 0x00 Val: 0x00000000
In clock cycle: 4
Register Write to Reg: 0x0F Val: 0x00000001
In clock cycle: 7
Register Write to Reg: 0x10 Val: 0x00000003
In clock cycle: 10
Register Write to Reg: 0x11 Val: 0x00000007
In clock cycle: 13
Register Write to Reg: 0x12 Val: 0x0000000F
In clock cycle: 16
Register Write to Reg: 0x13 Val: 0x0000001F
In clock cycle: 19
Register Write to Reg: 0x14 Val: 0x0000003F
In clock cycle: 22
Register Write to Reg: 0x15 Val: 0x0000007F
In clock cycle: 25
Register Write to Reg: 0x16 Val: 0x000000FF
Execution is stopping! Clock Cycle: 26
