In clock cycle: 2
Register Write to Reg: 0x00 Val: 0x00000000
In clock cycle: 3
Register Write to Reg: 0x00 Val: 0x00000000
In clock cycle: 4
Register Write to Reg: 0x01 Val: 0x80000000
In clock cycle: 7
Register Write to Reg: 0x01 Val: 0x80000000
In clock cycle: 10
Register Write to Reg: 0x02 Val: 0x80000000
In clock cycle: 11
Register Write to Reg: 0x01 Val: 0x80000000
In clock cycle: 14
Register Write to Reg: 0x01 Val: 0x80000000
In clock cycle: 17
Register Write to Reg: 0x03 Val: 0x80000000
In clock cycle: 18
Register Write to Reg: 0x01 Val: 0x80000000
In clock cycle: 21
Register Write to Reg: 0x01 Val: 0x80000000
In clock cycle: 24
Register Write to Reg: 0x04 Val: 0x80000000
In clock cycle: 25
Register Write to Reg: 0x01 Val: 0x80000000
In clock cycle: 28
Register Write to Reg: 0x01 Val: 0x80000000
In clock cycle: 31
Register Write to Reg: 0x05 Val: 0x80000000
In clock cycle: 32
Register Write to Reg: 0x01 Val: 0x80000000
In clock cycle: 35
Register Write to Reg: 0x01 Val: 0x80000000
In clock cycle: 38
Register Write to Reg: 0x06 Val: 0x80000000
In clock cycle: 39
Register Write to Reg: 0x01 Val: 0x80000000
In clock cycle: 42
Register Write to Reg: 0x01 Val: 0x80000000
In clock cycle: 45
Register Write to Reg: 0x07 Val: 0x80000000
In clock cycle: 46
Register Write to Reg: 0x01 Val: 0x80000000
In clock cycle: 49
Register Write to Reg: 0x01 Val: 0x80000000
In clock cycle: 52
Register Write to Reg: 0x08 Val: 0x80000000
In clock cycle: 53
Register Write to Reg: 0x01 Val: 0x80000000
In clock cycle: 56
Register Write to Reg: 0x01 Val: 0x80000000
In clock cycle: 59
Register Write to Reg: 0x09 Val: 0x80000000
In clock cycle: 60
Register Write to Reg: 0x01 Val: 0x80000000
In clock cycle: 63
Register Write to Reg: 0x01 Val: 0x80000000
In clock cycle: 66
Register Write to Reg: 0x0A Val: 0x80000000
In clock cycle: 67
Register Write to Reg: 0x01 Val: 0x80000000
In clock cycle: 70
Register Write to Reg: 0x01 Val: 0x80000000
In clock cycle: 73
Register Write to Reg: 0x0B Val: 0x80000000
In clock cycle: 74
Register Write to Reg: 0x01 Val: 0x80000000
In clock cycle: 77
Register Write to Reg: 0x01 Val: 0x80000000
In clock cycle: 80
Register Write to Reg: 0x0C Val: 0x80000000
In clock cycle: 81
Register Write to Reg: 0x01 Val: 0x80000000
In clock cycle: 84
Register Write to Reg: 0x01 Val: 0x80000000
In clock cycle: 87
Register Write to Reg: 0x0D Val: 0x80000000
In clock cycle: 88
Register Write to Reg: 0x01 Val: 0x80000000
In clock cycle: 91
Register Write to Reg: 0x01 Val: 0x80000000
In clock cycle: 94
Register Write to Reg: 0x0E Val: 0x80000000
In clock cycle: 95
Register Write to Reg: 0x01 Val: 0x80000000
In clock cycle: 98
Register Write to Reg: 0x01 Val: 0x80000000
In clock cycle: 101
Register Write to Reg: 0x0F Val: 0x80000000
In clock cycle: 102
Register Write to Reg: 0x01 Val: 0x80000000
In clock cycle: 105
Register Write to Reg: 0x01 Val: 0x80000000
In clock cycle: 108
Register Write to Reg: 0x10 Val: 0x80000000
In clock cycle: 109
Register Write to Reg: 0x01 Val: 0x80000000
In clock cycle: 112
Register Write to Reg: 0x01 Val: 0x80000000
In clock cycle: 115
Register Write to Reg: 0x11 Val: 0x80000000
In clock cycle: 116
Register Write to Reg: 0x01 Val: 0x80000000
In clock cycle: 119
Register Write to Reg: 0x01 Val: 0x80000000
In clock cycle: 122
Register Write to Reg: 0x12 Val: 0x80000000
In clock cycle: 123
Register Write to Reg: 0x01 Val: 0x80000000
In clock cycle: 126
Register Write to Reg: 0x01 Val: 0x80000000
In clock cycle: 129
Register Write to Reg: 0x13 Val: 0x80000000
In clock cycle: 130
Register Write to Reg: 0x01 Val: 0x80000000
In clock cycle: 133
Register Write to Reg: 0x01 Val: 0x80000000
In clock cycle: 136
Register Write to Reg: 0x14 Val: 0x80000000
In clock cycle: 137
Register Write to Reg: 0x01 Val: 0x80000000
In clock cycle: 140
Register Write to Reg: 0x01 Val: 0x80000000
In clock cycle: 143
Register Write to Reg: 0x15 Val: 0x80000000
In clock cycle: 144
Register Write to Reg: 0x01 Val: 0x80000000
In clock cycle: 147
Register Write to Reg: 0x01 Val: 0x80000000
In clock cycle: 150
Register Write to Reg: 0x16 Val: 0x80000000
In clock cycle: 151
Register Write to Reg: 0x01 Val: 0x80000000
In clock cycle: 154
Register Write to Reg: 0x01 Val: 0x80000000
In clock cycle: 157
Register Write to Reg: 0x17 Val: 0x80000000
In clock cycle: 158
Register Write to Reg: 0x01 Val: 0x80000000
In clock cycle: 161
Register Write to Reg: 0x01 Val: 0x80000000
In clock cycle: 164
Register Write to Reg: 0x18 Val: 0x80000000
In clock cycle: 165
Register Write to Reg: 0x01 Val: 0x80000000
In clock cycle: 168
Register Write to Reg: 0x01 Val: 0x80000000
In clock cycle: 171
Register Write to Reg: 0x19 Val: 0x80000000
In clock cycle: 172
Register Write to Reg: 0x01 Val: 0x80000000
In clock cycle: 175
Register Write to Reg: 0x01 Val: 0x80000000
In clock cycle: 178
Register Write to Reg: 0x1A Val: 0x80000000
In clock cycle: 179
Register Write to Reg: 0x01 Val: 0x80000000
In clock cycle: 182
Register Write to Reg: 0x01 Val: 0x80000000
In clock cycle: 185
Register Write to Reg: 0x1B Val: 0x80000000
In clock cycle: 186
Register Write to Reg: 0x01 Val: 0x80000000
In clock cycle: 189
Register Write to Reg: 0x01 Val: 0x80000000
In clock cycle: 192
Register Write to Reg: 0x1C Val: 0x80000000
In clock cycle: 193
Register Write to Reg: 0x01 Val: 0x80000000
In clock cycle: 196
Register Write to Reg: 0x01 Val: 0x80000000
In clock cycle: 199
Register Write to Reg: 0x1D Val: 0x80000000
In clock cycle: 200
Register Write to Reg: 0x01 Val: 0x80000000
In clock cycle: 203
Register Write to Reg: 0x01 Val: 0x80000000
In clock cycle: 206
Register Write to Reg: 0x1E Val: 0x80000000
In clock cycle: 207
Register Write to Reg: 0x01 Val: 0x80000000
In clock cycle: 210
Register Write to Reg: 0x01 Val: 0x80000000
In clock cycle: 213
Register Write to Reg: 0x1F Val: 0x80000000
In clock cycle: 214
Register Write to Reg: 0x01 Val: 0x80000000
In clock cycle: 217
Register Write to Reg: 0x01 Val: 0x80000000
In clock cycle: 220
Register Write to Reg: 0x01 Val: 0x80000000
In clock cycle: 223
Register Write to Reg: 0x01 Val: 0xC0000000
In clock cycle: 224
Register Write to Reg: 0x02 Val: 0xE0000000
In clock cycle: 225
Register Write to Reg: 0x03 Val: 0xF0000000
In clock cycle: 226
Register Write to Reg: 0x04 Val: 0xF8000000
In clock cycle: 227
Register Write to Reg: 0x05 Val: 0xFC000000
In clock cycle: 228
Register Write to Reg: 0x06 Val: 0xFE000000
In clock cycle: 229
Register Write to Reg: 0x07 Val: 0xFF000000
In clock cycle: 230
Register Write to Reg: 0x08 Val: 0xFF800000
In clock cycle: 231
Register Write to Reg: 0x09 Val: 0xFFC00000
In clock cycle: 232
Register Write to Reg: 0x0A Val: 0xFFE00000
In clock cycle: 233
Register Write to Reg: 0x0B Val: 0xFFF00000
In clock cycle: 234
Register Write to Reg: 0x0C Val: 0xFFF80000
In clock cycle: 235
Register Write to Reg: 0x0D Val: 0xFFFC0000
In clock cycle: 236
Register Write to Reg: 0x0E Val: 0xFFFE0000
In clock cycle: 237
Register Write to Reg: 0x0F Val: 0xFFFF0000
In clock cycle: 238
Register Write to Reg: 0x10 Val: 0xFFFF8000
In clock cycle: 239
Register Write to Reg: 0x11 Val: 0xFFFFC000
In clock cycle: 240
Register Write to Reg: 0x12 Val: 0xFFFFE000
In clock cycle: 241
Register Write to Reg: 0x13 Val: 0xFFFFF000
In clock cycle: 242
Register Write to Reg: 0x14 Val: 0xFFFFF800
In clock cycle: 243
Register Write to Reg: 0x15 Val: 0xFFFFFC00
In clock cycle: 244
Register Write to Reg: 0x16 Val: 0xFFFFFE00
In clock cycle: 245
Register Write to Reg: 0x17 Val: 0xFFFFFF00
In clock cycle: 246
Register Write to Reg: 0x18 Val: 0xFFFFFF80
In clock cycle: 247
Register Write to Reg: 0x19 Val: 0xFFFFFFC0
In clock cycle: 248
Register Write to Reg: 0x1A Val: 0xFFFFFFE0
In clock cycle: 249
Register Write to Reg: 0x1B Val: 0xFFFFFFF0
In clock cycle: 250
Register Write to Reg: 0x1C Val: 0xFFFFFFF8
In clock cycle: 251
Register Write to Reg: 0x1D Val: 0xFFFFFFFC
In clock cycle: 252
Register Write to Reg: 0x1E Val: 0xFFFFFFFE
In clock cycle: 253
Register Write to Reg: 0x1F Val: 0xFFFFFFFF
Execution is stopping! Clock Cycle: 254
