[inst #1] addiu $16,$0,1
Register Write to Reg: 0x10 Val: 0x00000001
[inst #2] addiu $18,$0,9
Register Write to Reg: 0x12 Val: 0x00000009
[inst #3] nop 
[inst #4] addiu $17,$0,0
Register Write to Reg: 0x11 Val: 0x00000000
[inst #5] beq $16,$0,43
[inst #6] nop 
[inst #7] nop 
[inst #8] nop 
[inst #9] lui $1,4097
Register Write to Reg: 0x01 Val: 0x10010000
[inst #10] sll $0,$0,$0
Register Write to Reg: 0x00 Val: 0x00000000
[inst #11] sll $0,$0,$0
Register Write to Reg: 0x00 Val: 0x00000000
[inst #12] sll $0,$0,$0
Register Write to Reg: 0x00 Val: 0x00000000
[inst #13] ori $23,$1,0
Register Write to Reg: 0x17 Val: 0x10010000
[inst #14] addiu $16,$0,0
Register Write to Reg: 0x10 Val: 0x00000000
[inst #15] nop 
[inst #16] nop 
[inst #17] lw $8,0($23)
Register Write to Reg: 0x08 Val: 0x00000003
[inst #18] lw $9,4($23)
Register Write to Reg: 0x09 Val: 0x00000000
[inst #19] nop 
[inst #20] nop 
[inst #21] nop 
[inst #22] slt $1,$9,$8
Register Write to Reg: 0x01 Val: 0x00000001
[inst #23] nop 
[inst #24] nop 
[inst #25] nop 
[inst #26] bne $1,$0,7
[inst #27] addiu $16,$0,1
Register Write to Reg: 0x10 Val: 0x00000001
[inst #28] sw $8,4($23)
Memory Write to Addr: 0x10010004 Val: 0x00000003
[inst #29] sw $9,0($23)
Memory Write to Addr: 0x10010000 Val: 0x00000000
[inst #30] addiu $17,$17,1
Register Write to Reg: 0x11 Val: 0x00000001
[inst #31] addiu $23,$23,4
Register Write to Reg: 0x17 Val: 0x10010004
[inst #32] nop 
[inst #33] nop 
[inst #34] beq $17,$18,-38
[inst #35] nop 
[inst #36] nop 
[inst #37] nop 
[inst #38] j 4194368
[inst #39] lw $8,0($23)
Register Write to Reg: 0x08 Val: 0x00000003
[inst #40] lw $9,4($23)
Register Write to Reg: 0x09 Val: 0x00000000
[inst #41] nop 
[inst #42] nop 
[inst #43] nop 
[inst #44] slt $1,$9,$8
Register Write to Reg: 0x01 Val: 0x00000001
[inst #45] nop 
[inst #46] nop 
[inst #47] nop 
[inst #48] bne $1,$0,7
[inst #49] addiu $16,$0,1
Register Write to Reg: 0x10 Val: 0x00000001
[inst #50] sw $8,4($23)
Memory Write to Addr: 0x10010008 Val: 0x00000003
[inst #51] sw $9,0($23)
Memory Write to Addr: 0x10010004 Val: 0x00000000
[inst #52] addiu $17,$17,1
Register Write to Reg: 0x11 Val: 0x00000002
[inst #53] addiu $23,$23,4
Register Write to Reg: 0x17 Val: 0x10010008
[inst #54] nop 
[inst #55] nop 
[inst #56] beq $17,$18,-38
[inst #57] nop 
[inst #58] nop 
[inst #59] nop 
[inst #60] j 4194368
[inst #61] lw $8,0($23)
Register Write to Reg: 0x08 Val: 0x00000003
[inst #62] lw $9,4($23)
Register Write to Reg: 0x09 Val: 0x00000003
[inst #63] nop 
[inst #64] nop 
[inst #65] nop 
[inst #66] slt $1,$9,$8
Register Write to Reg: 0x01 Val: 0x00000000
[inst #67] nop 
[inst #68] nop 
[inst #69] nop 
[inst #70] bne $1,$0,7
[inst #71] nop 
[inst #72] nop 
[inst #73] nop 
[inst #74] j 4194448
[inst #75] addiu $17,$17,1
Register Write to Reg: 0x11 Val: 0x00000003
[inst #76] addiu $23,$23,4
Register Write to Reg: 0x17 Val: 0x1001000C
[inst #77] nop 
[inst #78] nop 
[inst #79] beq $17,$18,-38
[inst #80] nop 
[inst #81] nop 
[inst #82] nop 
[inst #83] j 4194368
[inst #84] lw $8,0($23)
Register Write to Reg: 0x08 Val: 0x00000003
[inst #85] lw $9,4($23)
Register Write to Reg: 0x09 Val: 0x00000036
[inst #86] nop 
[inst #87] nop 
[inst #88] nop 
[inst #89] slt $1,$9,$8
Register Write to Reg: 0x01 Val: 0x00000000
[inst #90] nop 
[inst #91] nop 
[inst #92] nop 
[inst #93] bne $1,$0,7
[inst #94] nop 
[inst #95] nop 
[inst #96] nop 
[inst #97] j 4194448
[inst #98] addiu $17,$17,1
Register Write to Reg: 0x11 Val: 0x00000004
[inst #99] addiu $23,$23,4
Register Write to Reg: 0x17 Val: 0x10010010
[inst #100] nop 
[inst #101] nop 
[inst #102] beq $17,$18,-38
[inst #103] nop 
[inst #104] nop 
[inst #105] nop 
[inst #106] j 4194368
[inst #107] lw $8,0($23)
Register Write to Reg: 0x08 Val: 0x00000036
[inst #108] lw $9,4($23)
Register Write to Reg: 0x09 Val: 0xFFFFFFFF
[inst #109] nop 
[inst #110] nop 
[inst #111] nop 
[inst #112] slt $1,$9,$8
Register Write to Reg: 0x01 Val: 0x00000001
[inst #113] nop 
[inst #114] nop 
[inst #115] nop 
[inst #116] bne $1,$0,7
[inst #117] addiu $16,$0,1
Register Write to Reg: 0x10 Val: 0x00000001
[inst #118] sw $8,4($23)
Memory Write to Addr: 0x10010014 Val: 0x00000036
[inst #119] sw $9,0($23)
Memory Write to Addr: 0x10010010 Val: 0xFFFFFFFF
[inst #120] addiu $17,$17,1
Register Write to Reg: 0x11 Val: 0x00000005
[inst #121] addiu $23,$23,4
Register Write to Reg: 0x17 Val: 0x10010014
[inst #122] nop 
[inst #123] nop 
[inst #124] beq $17,$18,-38
[inst #125] nop 
[inst #126] nop 
[inst #127] nop 
[inst #128] j 4194368
[inst #129] lw $8,0($23)
Register Write to Reg: 0x08 Val: 0x00000036
[inst #130] lw $9,4($23)
Register Write to Reg: 0x09 Val: 0x00000002
[inst #131] nop 
[inst #132] nop 
[inst #133] nop 
[inst #134] slt $1,$9,$8
Register Write to Reg: 0x01 Val: 0x00000001
[inst #135] nop 
[inst #136] nop 
[inst #137] nop 
[inst #138] bne $1,$0,7
[inst #139] addiu $16,$0,1
Register Write to Reg: 0x10 Val: 0x00000001
[inst #140] sw $8,4($23)
Memory Write to Addr: 0x10010018 Val: 0x00000036
[inst #141] sw $9,0($23)
Memory Write to Addr: 0x10010014 Val: 0x00000002
[inst #142] addiu $17,$17,1
Register Write to Reg: 0x11 Val: 0x00000006
[inst #143] addiu $23,$23,4
Register Write to Reg: 0x17 Val: 0x10010018
[inst #144] nop 
[inst #145] nop 
[inst #146] beq $17,$18,-38
[inst #147] nop 
[inst #148] nop 
[inst #149] nop 
[inst #150] j 4194368
[inst #151] lw $8,0($23)
Register Write to Reg: 0x08 Val: 0x00000036
[inst #152] lw $9,4($23)
Register Write to Reg: 0x09 Val: 0x00000100
[inst #153] nop 
[inst #154] nop 
[inst #155] nop 
[inst #156] slt $1,$9,$8
Register Write to Reg: 0x01 Val: 0x00000000
[inst #157] nop 
[inst #158] nop 
[inst #159] nop 
[inst #160] bne $1,$0,7
[inst #161] nop 
[inst #162] nop 
[inst #163] nop 
[inst #164] j 4194448
[inst #165] addiu $17,$17,1
Register Write to Reg: 0x11 Val: 0x00000007
[inst #166] addiu $23,$23,4
Register Write to Reg: 0x17 Val: 0x1001001C
[inst #167] nop 
[inst #168] nop 
[inst #169] beq $17,$18,-38
[inst #170] nop 
[inst #171] nop 
[inst #172] nop 
[inst #173] j 4194368
[inst #174] lw $8,0($23)
Register Write to Reg: 0x08 Val: 0x00000100
[inst #175] lw $9,4($23)
Register Write to Reg: 0x09 Val: 0xFFFFFFFD
[inst #176] nop 
[inst #177] nop 
[inst #178] nop 
[inst #179] slt $1,$9,$8
Register Write to Reg: 0x01 Val: 0x00000001
[inst #180] nop 
[inst #181] nop 
[inst #182] nop 
[inst #183] bne $1,$0,7
[inst #184] addiu $16,$0,1
Register Write to Reg: 0x10 Val: 0x00000001
[inst #185] sw $8,4($23)
Memory Write to Addr: 0x10010020 Val: 0x00000100
[inst #186] sw $9,0($23)
Memory Write to Addr: 0x1001001C Val: 0xFFFFFFFD
[inst #187] addiu $17,$17,1
Register Write to Reg: 0x11 Val: 0x00000008
[inst #188] addiu $23,$23,4
Register Write to Reg: 0x17 Val: 0x10010020
[inst #189] nop 
[inst #190] nop 
[inst #191] beq $17,$18,-38
[inst #192] nop 
[inst #193] nop 
[inst #194] nop 
[inst #195] j 4194368
[inst #196] lw $8,0($23)
Register Write to Reg: 0x08 Val: 0x00000100
[inst #197] lw $9,4($23)
Register Write to Reg: 0x09 Val: 0x00000000
[inst #198] nop 
[inst #199] nop 
[inst #200] nop 
[inst #201] slt $1,$9,$8
Register Write to Reg: 0x01 Val: 0x00000001
[inst #202] nop 
[inst #203] nop 
[inst #204] nop 
[inst #205] bne $1,$0,7
[inst #206] addiu $16,$0,1
Register Write to Reg: 0x10 Val: 0x00000001
[inst #207] sw $8,4($23)
Memory Write to Addr: 0x10010024 Val: 0x00000100
[inst #208] sw $9,0($23)
Memory Write to Addr: 0x10010020 Val: 0x00000000
[inst #209] addiu $17,$17,1
Register Write to Reg: 0x11 Val: 0x00000009
[inst #210] addiu $23,$23,4
Register Write to Reg: 0x17 Val: 0x10010024
[inst #211] nop 
[inst #212] nop 
[inst #213] beq $17,$18,-38
[inst #214] addiu $17,$0,0
Register Write to Reg: 0x11 Val: 0x00000000
[inst #215] beq $16,$0,43
[inst #216] nop 
[inst #217] nop 
[inst #218] nop 
[inst #219] lui $1,4097
Register Write to Reg: 0x01 Val: 0x10010000
[inst #220] sll $0,$0,$0
Register Write to Reg: 0x00 Val: 0x00000000
[inst #221] sll $0,$0,$0
Register Write to Reg: 0x00 Val: 0x00000000
[inst #222] sll $0,$0,$0
Register Write to Reg: 0x00 Val: 0x00000000
[inst #223] ori $23,$1,0
Register Write to Reg: 0x17 Val: 0x10010000
[inst #224] addiu $16,$0,0
Register Write to Reg: 0x10 Val: 0x00000000
[inst #225] nop 
[inst #226] nop 
[inst #227] lw $8,0($23)
Register Write to Reg: 0x08 Val: 0x00000000
[inst #228] lw $9,4($23)
Register Write to Reg: 0x09 Val: 0x00000000
[inst #229] nop 
[inst #230] nop 
[inst #231] nop 
[inst #232] slt $1,$9,$8
Register Write to Reg: 0x01 Val: 0x00000000
[inst #233] nop 
[inst #234] nop 
[inst #235] nop 
[inst #236] bne $1,$0,7
[inst #237] nop 
[inst #238] nop 
[inst #239] nop 
[inst #240] j 4194448
[inst #241] addiu $17,$17,1
Register Write to Reg: 0x11 Val: 0x00000001
[inst #242] addiu $23,$23,4
Register Write to Reg: 0x17 Val: 0x10010004
[inst #243] nop 
[inst #244] nop 
[inst #245] beq $17,$18,-38
[inst #246] nop 
[inst #247] nop 
[inst #248] nop 
[inst #249] j 4194368
[inst #250] lw $8,0($23)
Register Write to Reg: 0x08 Val: 0x00000000
[inst #251] lw $9,4($23)
Register Write to Reg: 0x09 Val: 0x00000003
[inst #252] nop 
[inst #253] nop 
[inst #254] nop 
[inst #255] slt $1,$9,$8
Register Write to Reg: 0x01 Val: 0x00000000
[inst #256] nop 
[inst #257] nop 
[inst #258] nop 
[inst #259] bne $1,$0,7
[inst #260] nop 
[inst #261] nop 
[inst #262] nop 
[inst #263] j 4194448
[inst #264] addiu $17,$17,1
Register Write to Reg: 0x11 Val: 0x00000002
[inst #265] addiu $23,$23,4
Register Write to Reg: 0x17 Val: 0x10010008
[inst #266] nop 
[inst #267] nop 
[inst #268] beq $17,$18,-38
[inst #269] nop 
[inst #270] nop 
[inst #271] nop 
[inst #272] j 4194368
[inst #273] lw $8,0($23)
Register Write to Reg: 0x08 Val: 0x00000003
[inst #274] lw $9,4($23)
Register Write to Reg: 0x09 Val: 0x00000003
[inst #275] nop 
[inst #276] nop 
[inst #277] nop 
[inst #278] slt $1,$9,$8
Register Write to Reg: 0x01 Val: 0x00000000
[inst #279] nop 
[inst #280] nop 
[inst #281] nop 
[inst #282] bne $1,$0,7
[inst #283] nop 
[inst #284] nop 
[inst #285] nop 
[inst #286] j 4194448
[inst #287] addiu $17,$17,1
Register Write to Reg: 0x11 Val: 0x00000003
[inst #288] addiu $23,$23,4
Register Write to Reg: 0x17 Val: 0x1001000C
[inst #289] nop 
[inst #290] nop 
[inst #291] beq $17,$18,-38
[inst #292] nop 
[inst #293] nop 
[inst #294] nop 
[inst #295] j 4194368
[inst #296] lw $8,0($23)
Register Write to Reg: 0x08 Val: 0x00000003
[inst #297] lw $9,4($23)
Register Write to Reg: 0x09 Val: 0xFFFFFFFF
[inst #298] nop 
[inst #299] nop 
[inst #300] nop 
[inst #301] slt $1,$9,$8
Register Write to Reg: 0x01 Val: 0x00000001
[inst #302] nop 
[inst #303] nop 
[inst #304] nop 
[inst #305] bne $1,$0,7
[inst #306] addiu $16,$0,1
Register Write to Reg: 0x10 Val: 0x00000001
[inst #307] sw $8,4($23)
Memory Write to Addr: 0x10010010 Val: 0x00000003
[inst #308] sw $9,0($23)
Memory Write to Addr: 0x1001000C Val: 0xFFFFFFFF
[inst #309] addiu $17,$17,1
Register Write to Reg: 0x11 Val: 0x00000004
[inst #310] addiu $23,$23,4
Register Write to Reg: 0x17 Val: 0x10010010
[inst #311] nop 
[inst #312] nop 
[inst #313] beq $17,$18,-38
[inst #314] nop 
[inst #315] nop 
[inst #316] nop 
[inst #317] j 4194368
[inst #318] lw $8,0($23)
Register Write to Reg: 0x08 Val: 0x00000003
[inst #319] lw $9,4($23)
Register Write to Reg: 0x09 Val: 0x00000002
[inst #320] nop 
[inst #321] nop 
[inst #322] nop 
[inst #323] slt $1,$9,$8
Register Write to Reg: 0x01 Val: 0x00000001
[inst #324] nop 
[inst #325] nop 
[inst #326] nop 
[inst #327] bne $1,$0,7
[inst #328] addiu $16,$0,1
Register Write to Reg: 0x10 Val: 0x00000001
[inst #329] sw $8,4($23)
Memory Write to Addr: 0x10010014 Val: 0x00000003
[inst #330] sw $9,0($23)
Memory Write to Addr: 0x10010010 Val: 0x00000002
[inst #331] addiu $17,$17,1
Register Write to Reg: 0x11 Val: 0x00000005
[inst #332] addiu $23,$23,4
Register Write to Reg: 0x17 Val: 0x10010014
[inst #333] nop 
[inst #334] nop 
[inst #335] beq $17,$18,-38
[inst #336] nop 
[inst #337] nop 
[inst #338] nop 
[inst #339] j 4194368
[inst #340] lw $8,0($23)
Register Write to Reg: 0x08 Val: 0x00000003
[inst #341] lw $9,4($23)
Register Write to Reg: 0x09 Val: 0x00000036
[inst #342] nop 
[inst #343] nop 
[inst #344] nop 
[inst #345] slt $1,$9,$8
Register Write to Reg: 0x01 Val: 0x00000000
[inst #346] nop 
[inst #347] nop 
[inst #348] nop 
[inst #349] bne $1,$0,7
[inst #350] nop 
[inst #351] nop 
[inst #352] nop 
[inst #353] j 4194448
[inst #354] addiu $17,$17,1
Register Write to Reg: 0x11 Val: 0x00000006
[inst #355] addiu $23,$23,4
Register Write to Reg: 0x17 Val: 0x10010018
[inst #356] nop 
[inst #357] nop 
[inst #358] beq $17,$18,-38
[inst #359] nop 
[inst #360] nop 
[inst #361] nop 
[inst #362] j 4194368
[inst #363] lw $8,0($23)
Register Write to Reg: 0x08 Val: 0x00000036
[inst #364] lw $9,4($23)
Register Write to Reg: 0x09 Val: 0xFFFFFFFD
[inst #365] nop 
[inst #366] nop 
[inst #367] nop 
[inst #368] slt $1,$9,$8
Register Write to Reg: 0x01 Val: 0x00000001
[inst #369] nop 
[inst #370] nop 
[inst #371] nop 
[inst #372] bne $1,$0,7
[inst #373] addiu $16,$0,1
Register Write to Reg: 0x10 Val: 0x00000001
[inst #374] sw $8,4($23)
Memory Write to Addr: 0x1001001C Val: 0x00000036
[inst #375] sw $9,0($23)
Memory Write to Addr: 0x10010018 Val: 0xFFFFFFFD
[inst #376] addiu $17,$17,1
Register Write to Reg: 0x11 Val: 0x00000007
[inst #377] addiu $23,$23,4
Register Write to Reg: 0x17 Val: 0x1001001C
[inst #378] nop 
[inst #379] nop 
[inst #380] beq $17,$18,-38
[inst #381] nop 
[inst #382] nop 
[inst #383] nop 
[inst #384] j 4194368
[inst #385] lw $8,0($23)
Register Write to Reg: 0x08 Val: 0x00000036
[inst #386] lw $9,4($23)
Register Write to Reg: 0x09 Val: 0x00000000
[inst #387] nop 
[inst #388] nop 
[inst #389] nop 
[inst #390] slt $1,$9,$8
Register Write to Reg: 0x01 Val: 0x00000001
[inst #391] nop 
[inst #392] nop 
[inst #393] nop 
[inst #394] bne $1,$0,7
[inst #395] addiu $16,$0,1
Register Write to Reg: 0x10 Val: 0x00000001
[inst #396] sw $8,4($23)
Memory Write to Addr: 0x10010020 Val: 0x00000036
[inst #397] sw $9,0($23)
Memory Write to Addr: 0x1001001C Val: 0x00000000
[inst #398] addiu $17,$17,1
Register Write to Reg: 0x11 Val: 0x00000008
[inst #399] addiu $23,$23,4
Register Write to Reg: 0x17 Val: 0x10010020
[inst #400] nop 
[inst #401] nop 
[inst #402] beq $17,$18,-38
[inst #403] nop 
[inst #404] nop 
[inst #405] nop 
[inst #406] j 4194368
[inst #407] lw $8,0($23)
Register Write to Reg: 0x08 Val: 0x00000036
[inst #408] lw $9,4($23)
Register Write to Reg: 0x09 Val: 0x00000100
[inst #409] nop 
[inst #410] nop 
[inst #411] nop 
[inst #412] slt $1,$9,$8
Register Write to Reg: 0x01 Val: 0x00000000
[inst #413] nop 
[inst #414] nop 
[inst #415] nop 
[inst #416] bne $1,$0,7
[inst #417] nop 
[inst #418] nop 
[inst #419] nop 
[inst #420] j 4194448
[inst #421] addiu $17,$17,1
Register Write to Reg: 0x11 Val: 0x00000009
[inst #422] addiu $23,$23,4
Register Write to Reg: 0x17 Val: 0x10010024
[inst #423] nop 
[inst #424] nop 
[inst #425] beq $17,$18,-38
[inst #426] addiu $17,$0,0
Register Write to Reg: 0x11 Val: 0x00000000
[inst #427] beq $16,$0,43
[inst #428] nop 
[inst #429] nop 
[inst #430] nop 
[inst #431] lui $1,4097
Register Write to Reg: 0x01 Val: 0x10010000
[inst #432] sll $0,$0,$0
Register Write to Reg: 0x00 Val: 0x00000000
[inst #433] sll $0,$0,$0
Register Write to Reg: 0x00 Val: 0x00000000
[inst #434] sll $0,$0,$0
Register Write to Reg: 0x00 Val: 0x00000000
[inst #435] ori $23,$1,0
Register Write to Reg: 0x17 Val: 0x10010000
[inst #436] addiu $16,$0,0
Register Write to Reg: 0x10 Val: 0x00000000
[inst #437] nop 
[inst #438] nop 
[inst #439] lw $8,0($23)
Register Write to Reg: 0x08 Val: 0x00000000
[inst #440] lw $9,4($23)
Register Write to Reg: 0x09 Val: 0x00000000
[inst #441] nop 
[inst #442] nop 
[inst #443] nop 
[inst #444] slt $1,$9,$8
Register Write to Reg: 0x01 Val: 0x00000000
[inst #445] nop 
[inst #446] nop 
[inst #447] nop 
[inst #448] bne $1,$0,7
[inst #449] nop 
[inst #450] nop 
[inst #451] nop 
[inst #452] j 4194448
[inst #453] addiu $17,$17,1
Register Write to Reg: 0x11 Val: 0x00000001
[inst #454] addiu $23,$23,4
Register Write to Reg: 0x17 Val: 0x10010004
[inst #455] nop 
[inst #456] nop 
[inst #457] beq $17,$18,-38
[inst #458] nop 
[inst #459] nop 
[inst #460] nop 
[inst #461] j 4194368
[inst #462] lw $8,0($23)
Register Write to Reg: 0x08 Val: 0x00000000
[inst #463] lw $9,4($23)
Register Write to Reg: 0x09 Val: 0x00000003
[inst #464] nop 
[inst #465] nop 
[inst #466] nop 
[inst #467] slt $1,$9,$8
Register Write to Reg: 0x01 Val: 0x00000000
[inst #468] nop 
[inst #469] nop 
[inst #470] nop 
[inst #471] bne $1,$0,7
[inst #472] nop 
[inst #473] nop 
[inst #474] nop 
[inst #475] j 4194448
[inst #476] addiu $17,$17,1
Register Write to Reg: 0x11 Val: 0x00000002
[inst #477] addiu $23,$23,4
Register Write to Reg: 0x17 Val: 0x10010008
[inst #478] nop 
[inst #479] nop 
[inst #480] beq $17,$18,-38
[inst #481] nop 
[inst #482] nop 
[inst #483] nop 
[inst #484] j 4194368
[inst #485] lw $8,0($23)
Register Write to Reg: 0x08 Val: 0x00000003
[inst #486] lw $9,4($23)
Register Write to Reg: 0x09 Val: 0xFFFFFFFF
[inst #487] nop 
[inst #488] nop 
[inst #489] nop 
[inst #490] slt $1,$9,$8
Register Write to Reg: 0x01 Val: 0x00000001
[inst #491] nop 
[inst #492] nop 
[inst #493] nop 
[inst #494] bne $1,$0,7
[inst #495] addiu $16,$0,1
Register Write to Reg: 0x10 Val: 0x00000001
[inst #496] sw $8,4($23)
Memory Write to Addr: 0x1001000C Val: 0x00000003
[inst #497] sw $9,0($23)
Memory Write to Addr: 0x10010008 Val: 0xFFFFFFFF
[inst #498] addiu $17,$17,1
Register Write to Reg: 0x11 Val: 0x00000003
[inst #499] addiu $23,$23,4
Register Write to Reg: 0x17 Val: 0x1001000C
[inst #500] nop 
[inst #501] nop 
[inst #502] beq $17,$18,-38
[inst #503] nop 
[inst #504] nop 
[inst #505] nop 
[inst #506] j 4194368
[inst #507] lw $8,0($23)
Register Write to Reg: 0x08 Val: 0x00000003
[inst #508] lw $9,4($23)
Register Write to Reg: 0x09 Val: 0x00000002
[inst #509] nop 
[inst #510] nop 
[inst #511] nop 
[inst #512] slt $1,$9,$8
Register Write to Reg: 0x01 Val: 0x00000001
[inst #513] nop 
[inst #514] nop 
[inst #515] nop 
[inst #516] bne $1,$0,7
[inst #517] addiu $16,$0,1
Register Write to Reg: 0x10 Val: 0x00000001
[inst #518] sw $8,4($23)
Memory Write to Addr: 0x10010010 Val: 0x00000003
[inst #519] sw $9,0($23)
Memory Write to Addr: 0x1001000C Val: 0x00000002
[inst #520] addiu $17,$17,1
Register Write to Reg: 0x11 Val: 0x00000004
[inst #521] addiu $23,$23,4
Register Write to Reg: 0x17 Val: 0x10010010
[inst #522] nop 
[inst #523] nop 
[inst #524] beq $17,$18,-38
[inst #525] nop 
[inst #526] nop 
[inst #527] nop 
[inst #528] j 4194368
[inst #529] lw $8,0($23)
Register Write to Reg: 0x08 Val: 0x00000003
[inst #530] lw $9,4($23)
Register Write to Reg: 0x09 Val: 0x00000003
[inst #531] nop 
[inst #532] nop 
[inst #533] nop 
[inst #534] slt $1,$9,$8
Register Write to Reg: 0x01 Val: 0x00000000
[inst #535] nop 
[inst #536] nop 
[inst #537] nop 
[inst #538] bne $1,$0,7
[inst #539] nop 
[inst #540] nop 
[inst #541] nop 
[inst #542] j 4194448
[inst #543] addiu $17,$17,1
Register Write to Reg: 0x11 Val: 0x00000005
[inst #544] addiu $23,$23,4
Register Write to Reg: 0x17 Val: 0x10010014
[inst #545] nop 
[inst #546] nop 
[inst #547] beq $17,$18,-38
[inst #548] nop 
[inst #549] nop 
[inst #550] nop 
[inst #551] j 4194368
[inst #552] lw $8,0($23)
Register Write to Reg: 0x08 Val: 0x00000003
[inst #553] lw $9,4($23)
Register Write to Reg: 0x09 Val: 0xFFFFFFFD
[inst #554] nop 
[inst #555] nop 
[inst #556] nop 
[inst #557] slt $1,$9,$8
Register Write to Reg: 0x01 Val: 0x00000001
[inst #558] nop 
[inst #559] nop 
[inst #560] nop 
[inst #561] bne $1,$0,7
[inst #562] addiu $16,$0,1
Register Write to Reg: 0x10 Val: 0x00000001
[inst #563] sw $8,4($23)
Memory Write to Addr: 0x10010018 Val: 0x00000003
[inst #564] sw $9,0($23)
Memory Write to Addr: 0x10010014 Val: 0xFFFFFFFD
[inst #565] addiu $17,$17,1
Register Write to Reg: 0x11 Val: 0x00000006
[inst #566] addiu $23,$23,4
Register Write to Reg: 0x17 Val: 0x10010018
[inst #567] nop 
[inst #568] nop 
[inst #569] beq $17,$18,-38
[inst #570] nop 
[inst #571] nop 
[inst #572] nop 
[inst #573] j 4194368
[inst #574] lw $8,0($23)
Register Write to Reg: 0x08 Val: 0x00000003
[inst #575] lw $9,4($23)
Register Write to Reg: 0x09 Val: 0x00000000
[inst #576] nop 
[inst #577] nop 
[inst #578] nop 
[inst #579] slt $1,$9,$8
Register Write to Reg: 0x01 Val: 0x00000001
[inst #580] nop 
[inst #581] nop 
[inst #582] nop 
[inst #583] bne $1,$0,7
[inst #584] addiu $16,$0,1
Register Write to Reg: 0x10 Val: 0x00000001
[inst #585] sw $8,4($23)
Memory Write to Addr: 0x1001001C Val: 0x00000003
[inst #586] sw $9,0($23)
Memory Write to Addr: 0x10010018 Val: 0x00000000
[inst #587] addiu $17,$17,1
Register Write to Reg: 0x11 Val: 0x00000007
[inst #588] addiu $23,$23,4
Register Write to Reg: 0x17 Val: 0x1001001C
[inst #589] nop 
[inst #590] nop 
[inst #591] beq $17,$18,-38
[inst #592] nop 
[inst #593] nop 
[inst #594] nop 
[inst #595] j 4194368
[inst #596] lw $8,0($23)
Register Write to Reg: 0x08 Val: 0x00000003
[inst #597] lw $9,4($23)
Register Write to Reg: 0x09 Val: 0x00000036
[inst #598] nop 
[inst #599] nop 
[inst #600] nop 
[inst #601] slt $1,$9,$8
Register Write to Reg: 0x01 Val: 0x00000000
[inst #602] nop 
[inst #603] nop 
[inst #604] nop 
[inst #605] bne $1,$0,7
[inst #606] nop 
[inst #607] nop 
[inst #608] nop 
[inst #609] j 4194448
[inst #610] addiu $17,$17,1
Register Write to Reg: 0x11 Val: 0x00000008
[inst #611] addiu $23,$23,4
Register Write to Reg: 0x17 Val: 0x10010020
[inst #612] nop 
[inst #613] nop 
[inst #614] beq $17,$18,-38
[inst #615] nop 
[inst #616] nop 
[inst #617] nop 
[inst #618] j 4194368
[inst #619] lw $8,0($23)
Register Write to Reg: 0x08 Val: 0x00000036
[inst #620] lw $9,4($23)
Register Write to Reg: 0x09 Val: 0x00000100
[inst #621] nop 
[inst #622] nop 
[inst #623] nop 
[inst #624] slt $1,$9,$8
Register Write to Reg: 0x01 Val: 0x00000000
[inst #625] nop 
[inst #626] nop 
[inst #627] nop 
[inst #628] bne $1,$0,7
[inst #629] nop 
[inst #630] nop 
[inst #631] nop 
[inst #632] j 4194448
[inst #633] addiu $17,$17,1
Register Write to Reg: 0x11 Val: 0x00000009
[inst #634] addiu $23,$23,4
Register Write to Reg: 0x17 Val: 0x10010024
[inst #635] nop 
[inst #636] nop 
[inst #637] beq $17,$18,-38
[inst #638] addiu $17,$0,0
Register Write to Reg: 0x11 Val: 0x00000000
[inst #639] beq $16,$0,43
[inst #640] nop 
[inst #641] nop 
[inst #642] nop 
[inst #643] lui $1,4097
Register Write to Reg: 0x01 Val: 0x10010000
[inst #644] sll $0,$0,$0
Register Write to Reg: 0x00 Val: 0x00000000
[inst #645] sll $0,$0,$0
Register Write to Reg: 0x00 Val: 0x00000000
[inst #646] sll $0,$0,$0
Register Write to Reg: 0x00 Val: 0x00000000
[inst #647] ori $23,$1,0
Register Write to Reg: 0x17 Val: 0x10010000
[inst #648] addiu $16,$0,0
Register Write to Reg: 0x10 Val: 0x00000000
[inst #649] nop 
[inst #650] nop 
[inst #651] lw $8,0($23)
Register Write to Reg: 0x08 Val: 0x00000000
[inst #652] lw $9,4($23)
Register Write to Reg: 0x09 Val: 0x00000000
[inst #653] nop 
[inst #654] nop 
[inst #655] nop 
[inst #656] slt $1,$9,$8
Register Write to Reg: 0x01 Val: 0x00000000
[inst #657] nop 
[inst #658] nop 
[inst #659] nop 
[inst #660] bne $1,$0,7
[inst #661] nop 
[inst #662] nop 
[inst #663] nop 
[inst #664] j 4194448
[inst #665] addiu $17,$17,1
Register Write to Reg: 0x11 Val: 0x00000001
[inst #666] addiu $23,$23,4
Register Write to Reg: 0x17 Val: 0x10010004
[inst #667] nop 
[inst #668] nop 
[inst #669] beq $17,$18,-38
[inst #670] nop 
[inst #671] nop 
[inst #672] nop 
[inst #673] j 4194368
[inst #674] lw $8,0($23)
Register Write to Reg: 0x08 Val: 0x00000000
[inst #675] lw $9,4($23)
Register Write to Reg: 0x09 Val: 0xFFFFFFFF
[inst #676] nop 
[inst #677] nop 
[inst #678] nop 
[inst #679] slt $1,$9,$8
Register Write to Reg: 0x01 Val: 0x00000001
[inst #680] nop 
[inst #681] nop 
[inst #682] nop 
[inst #683] bne $1,$0,7
[inst #684] addiu $16,$0,1
Register Write to Reg: 0x10 Val: 0x00000001
[inst #685] sw $8,4($23)
Memory Write to Addr: 0x10010008 Val: 0x00000000
[inst #686] sw $9,0($23)
Memory Write to Addr: 0x10010004 Val: 0xFFFFFFFF
[inst #687] addiu $17,$17,1
Register Write to Reg: 0x11 Val: 0x00000002
[inst #688] addiu $23,$23,4
Register Write to Reg: 0x17 Val: 0x10010008
[inst #689] nop 
[inst #690] nop 
[inst #691] beq $17,$18,-38
[inst #692] nop 
[inst #693] nop 
[inst #694] nop 
[inst #695] j 4194368
[inst #696] lw $8,0($23)
Register Write to Reg: 0x08 Val: 0x00000000
[inst #697] lw $9,4($23)
Register Write to Reg: 0x09 Val: 0x00000002
[inst #698] nop 
[inst #699] nop 
[inst #700] nop 
[inst #701] slt $1,$9,$8
Register Write to Reg: 0x01 Val: 0x00000000
[inst #702] nop 
[inst #703] nop 
[inst #704] nop 
[inst #705] bne $1,$0,7
[inst #706] nop 
[inst #707] nop 
[inst #708] nop 
[inst #709] j 4194448
[inst #710] addiu $17,$17,1
Register Write to Reg: 0x11 Val: 0x00000003
[inst #711] addiu $23,$23,4
Register Write to Reg: 0x17 Val: 0x1001000C
[inst #712] nop 
[inst #713] nop 
[inst #714] beq $17,$18,-38
[inst #715] nop 
[inst #716] nop 
[inst #717] nop 
[inst #718] j 4194368
[inst #719] lw $8,0($23)
Register Write to Reg: 0x08 Val: 0x00000002
[inst #720] lw $9,4($23)
Register Write to Reg: 0x09 Val: 0x00000003
[inst #721] nop 
[inst #722] nop 
[inst #723] nop 
[inst #724] slt $1,$9,$8
Register Write to Reg: 0x01 Val: 0x00000000
[inst #725] nop 
[inst #726] nop 
[inst #727] nop 
[inst #728] bne $1,$0,7
[inst #729] nop 
[inst #730] nop 
[inst #731] nop 
[inst #732] j 4194448
[inst #733] addiu $17,$17,1
Register Write to Reg: 0x11 Val: 0x00000004
[inst #734] addiu $23,$23,4
Register Write to Reg: 0x17 Val: 0x10010010
[inst #735] nop 
[inst #736] nop 
[inst #737] beq $17,$18,-38
[inst #738] nop 
[inst #739] nop 
[inst #740] nop 
[inst #741] j 4194368
[inst #742] lw $8,0($23)
Register Write to Reg: 0x08 Val: 0x00000003
[inst #743] lw $9,4($23)
Register Write to Reg: 0x09 Val: 0xFFFFFFFD
[inst #744] nop 
[inst #745] nop 
[inst #746] nop 
[inst #747] slt $1,$9,$8
Register Write to Reg: 0x01 Val: 0x00000001
[inst #748] nop 
[inst #749] nop 
[inst #750] nop 
[inst #751] bne $1,$0,7
[inst #752] addiu $16,$0,1
Register Write to Reg: 0x10 Val: 0x00000001
[inst #753] sw $8,4($23)
Memory Write to Addr: 0x10010014 Val: 0x00000003
[inst #754] sw $9,0($23)
Memory Write to Addr: 0x10010010 Val: 0xFFFFFFFD
[inst #755] addiu $17,$17,1
Register Write to Reg: 0x11 Val: 0x00000005
[inst #756] addiu $23,$23,4
Register Write to Reg: 0x17 Val: 0x10010014
[inst #757] nop 
[inst #758] nop 
[inst #759] beq $17,$18,-38
[inst #760] nop 
[inst #761] nop 
[inst #762] nop 
[inst #763] j 4194368
[inst #764] lw $8,0($23)
Register Write to Reg: 0x08 Val: 0x00000003
[inst #765] lw $9,4($23)
Register Write to Reg: 0x09 Val: 0x00000000
[inst #766] nop 
[inst #767] nop 
[inst #768] nop 
[inst #769] slt $1,$9,$8
Register Write to Reg: 0x01 Val: 0x00000001
[inst #770] nop 
[inst #771] nop 
[inst #772] nop 
[inst #773] bne $1,$0,7
[inst #774] addiu $16,$0,1
Register Write to Reg: 0x10 Val: 0x00000001
[inst #775] sw $8,4($23)
Memory Write to Addr: 0x10010018 Val: 0x00000003
[inst #776] sw $9,0($23)
Memory Write to Addr: 0x10010014 Val: 0x00000000
[inst #777] addiu $17,$17,1
Register Write to Reg: 0x11 Val: 0x00000006
[inst #778] addiu $23,$23,4
Register Write to Reg: 0x17 Val: 0x10010018
[inst #779] nop 
[inst #780] nop 
[inst #781] beq $17,$18,-38
[inst #782] nop 
[inst #783] nop 
[inst #784] nop 
[inst #785] j 4194368
[inst #786] lw $8,0($23)
Register Write to Reg: 0x08 Val: 0x00000003
[inst #787] lw $9,4($23)
Register Write to Reg: 0x09 Val: 0x00000003
[inst #788] nop 
[inst #789] nop 
[inst #790] nop 
[inst #791] slt $1,$9,$8
Register Write to Reg: 0x01 Val: 0x00000000
[inst #792] nop 
[inst #793] nop 
[inst #794] nop 
[inst #795] bne $1,$0,7
[inst #796] nop 
[inst #797] nop 
[inst #798] nop 
[inst #799] j 4194448
[inst #800] addiu $17,$17,1
Register Write to Reg: 0x11 Val: 0x00000007
[inst #801] addiu $23,$23,4
Register Write to Reg: 0x17 Val: 0x1001001C
[inst #802] nop 
[inst #803] nop 
[inst #804] beq $17,$18,-38
[inst #805] nop 
[inst #806] nop 
[inst #807] nop 
[inst #808] j 4194368
[inst #809] lw $8,0($23)
Register Write to Reg: 0x08 Val: 0x00000003
[inst #810] lw $9,4($23)
Register Write to Reg: 0x09 Val: 0x00000036
[inst #811] nop 
[inst #812] nop 
[inst #813] nop 
[inst #814] slt $1,$9,$8
Register Write to Reg: 0x01 Val: 0x00000000
[inst #815] nop 
[inst #816] nop 
[inst #817] nop 
[inst #818] bne $1,$0,7
[inst #819] nop 
[inst #820] nop 
[inst #821] nop 
[inst #822] j 4194448
[inst #823] addiu $17,$17,1
Register Write to Reg: 0x11 Val: 0x00000008
[inst #824] addiu $23,$23,4
Register Write to Reg: 0x17 Val: 0x10010020
[inst #825] nop 
[inst #826] nop 
[inst #827] beq $17,$18,-38
[inst #828] nop 
[inst #829] nop 
[inst #830] nop 
[inst #831] j 4194368
[inst #832] lw $8,0($23)
Register Write to Reg: 0x08 Val: 0x00000036
[inst #833] lw $9,4($23)
Register Write to Reg: 0x09 Val: 0x00000100
[inst #834] nop 
[inst #835] nop 
[inst #836] nop 
[inst #837] slt $1,$9,$8
Register Write to Reg: 0x01 Val: 0x00000000
[inst #838] nop 
[inst #839] nop 
[inst #840] nop 
[inst #841] bne $1,$0,7
[inst #842] nop 
[inst #843] nop 
[inst #844] nop 
[inst #845] j 4194448
[inst #846] addiu $17,$17,1
Register Write to Reg: 0x11 Val: 0x00000009
[inst #847] addiu $23,$23,4
Register Write to Reg: 0x17 Val: 0x10010024
[inst #848] nop 
[inst #849] nop 
[inst #850] beq $17,$18,-38
[inst #851] addiu $17,$0,0
Register Write to Reg: 0x11 Val: 0x00000000
[inst #852] beq $16,$0,43
[inst #853] nop 
[inst #854] nop 
[inst #855] nop 
[inst #856] lui $1,4097
Register Write to Reg: 0x01 Val: 0x10010000
[inst #857] sll $0,$0,$0
Register Write to Reg: 0x00 Val: 0x00000000
[inst #858] sll $0,$0,$0
Register Write to Reg: 0x00 Val: 0x00000000
[inst #859] sll $0,$0,$0
Register Write to Reg: 0x00 Val: 0x00000000
[inst #860] ori $23,$1,0
Register Write to Reg: 0x17 Val: 0x10010000
[inst #861] addiu $16,$0,0
Register Write to Reg: 0x10 Val: 0x00000000
[inst #862] nop 
[inst #863] nop 
[inst #864] lw $8,0($23)
Register Write to Reg: 0x08 Val: 0x00000000
[inst #865] lw $9,4($23)
Register Write to Reg: 0x09 Val: 0xFFFFFFFF
[inst #866] nop 
[inst #867] nop 
[inst #868] nop 
[inst #869] slt $1,$9,$8
Register Write to Reg: 0x01 Val: 0x00000001
[inst #870] nop 
[inst #871] nop 
[inst #872] nop 
[inst #873] bne $1,$0,7
[inst #874] addiu $16,$0,1
Register Write to Reg: 0x10 Val: 0x00000001
[inst #875] sw $8,4($23)
Memory Write to Addr: 0x10010004 Val: 0x00000000
[inst #876] sw $9,0($23)
Memory Write to Addr: 0x10010000 Val: 0xFFFFFFFF
[inst #877] addiu $17,$17,1
Register Write to Reg: 0x11 Val: 0x00000001
[inst #878] addiu $23,$23,4
Register Write to Reg: 0x17 Val: 0x10010004
[inst #879] nop 
[inst #880] nop 
[inst #881] beq $17,$18,-38
[inst #882] nop 
[inst #883] nop 
[inst #884] nop 
[inst #885] j 4194368
[inst #886] lw $8,0($23)
Register Write to Reg: 0x08 Val: 0x00000000
[inst #887] lw $9,4($23)
Register Write to Reg: 0x09 Val: 0x00000000
[inst #888] nop 
[inst #889] nop 
[inst #890] nop 
[inst #891] slt $1,$9,$8
Register Write to Reg: 0x01 Val: 0x00000000
[inst #892] nop 
[inst #893] nop 
[inst #894] nop 
[inst #895] bne $1,$0,7
[inst #896] nop 
[inst #897] nop 
[inst #898] nop 
[inst #899] j 4194448
[inst #900] addiu $17,$17,1
Register Write to Reg: 0x11 Val: 0x00000002
[inst #901] addiu $23,$23,4
Register Write to Reg: 0x17 Val: 0x10010008
[inst #902] nop 
[inst #903] nop 
[inst #904] beq $17,$18,-38
[inst #905] nop 
[inst #906] nop 
[inst #907] nop 
[inst #908] j 4194368
[inst #909] lw $8,0($23)
Register Write to Reg: 0x08 Val: 0x00000000
[inst #910] lw $9,4($23)
Register Write to Reg: 0x09 Val: 0x00000002
[inst #911] nop 
[inst #912] nop 
[inst #913] nop 
[inst #914] slt $1,$9,$8
Register Write to Reg: 0x01 Val: 0x00000000
[inst #915] nop 
[inst #916] nop 
[inst #917] nop 
[inst #918] bne $1,$0,7
[inst #919] nop 
[inst #920] nop 
[inst #921] nop 
[inst #922] j 4194448
[inst #923] addiu $17,$17,1
Register Write to Reg: 0x11 Val: 0x00000003
[inst #924] addiu $23,$23,4
Register Write to Reg: 0x17 Val: 0x1001000C
[inst #925] nop 
[inst #926] nop 
[inst #927] beq $17,$18,-38
[inst #928] nop 
[inst #929] nop 
[inst #930] nop 
[inst #931] j 4194368
[inst #932] lw $8,0($23)
Register Write to Reg: 0x08 Val: 0x00000002
[inst #933] lw $9,4($23)
Register Write to Reg: 0x09 Val: 0xFFFFFFFD
[inst #934] nop 
[inst #935] nop 
[inst #936] nop 
[inst #937] slt $1,$9,$8
Register Write to Reg: 0x01 Val: 0x00000001
[inst #938] nop 
[inst #939] nop 
[inst #940] nop 
[inst #941] bne $1,$0,7
[inst #942] addiu $16,$0,1
Register Write to Reg: 0x10 Val: 0x00000001
[inst #943] sw $8,4($23)
Memory Write to Addr: 0x10010010 Val: 0x00000002
[inst #944] sw $9,0($23)
Memory Write to Addr: 0x1001000C Val: 0xFFFFFFFD
[inst #945] addiu $17,$17,1
Register Write to Reg: 0x11 Val: 0x00000004
[inst #946] addiu $23,$23,4
Register Write to Reg: 0x17 Val: 0x10010010
[inst #947] nop 
[inst #948] nop 
[inst #949] beq $17,$18,-38
[inst #950] nop 
[inst #951] nop 
[inst #952] nop 
[inst #953] j 4194368
[inst #954] lw $8,0($23)
Register Write to Reg: 0x08 Val: 0x00000002
[inst #955] lw $9,4($23)
Register Write to Reg: 0x09 Val: 0x00000000
[inst #956] nop 
[inst #957] nop 
[inst #958] nop 
[inst #959] slt $1,$9,$8
Register Write to Reg: 0x01 Val: 0x00000001
[inst #960] nop 
[inst #961] nop 
[inst #962] nop 
[inst #963] bne $1,$0,7
[inst #964] addiu $16,$0,1
Register Write to Reg: 0x10 Val: 0x00000001
[inst #965] sw $8,4($23)
Memory Write to Addr: 0x10010014 Val: 0x00000002
[inst #966] sw $9,0($23)
Memory Write to Addr: 0x10010010 Val: 0x00000000
[inst #967] addiu $17,$17,1
Register Write to Reg: 0x11 Val: 0x00000005
[inst #968] addiu $23,$23,4
Register Write to Reg: 0x17 Val: 0x10010014
[inst #969] nop 
[inst #970] nop 
[inst #971] beq $17,$18,-38
[inst #972] nop 
[inst #973] nop 
[inst #974] nop 
[inst #975] j 4194368
[inst #976] lw $8,0($23)
Register Write to Reg: 0x08 Val: 0x00000002
[inst #977] lw $9,4($23)
Register Write to Reg: 0x09 Val: 0x00000003
[inst #978] nop 
[inst #979] nop 
[inst #980] nop 
[inst #981] slt $1,$9,$8
Register Write to Reg: 0x01 Val: 0x00000000
[inst #982] nop 
[inst #983] nop 
[inst #984] nop 
[inst #985] bne $1,$0,7
[inst #986] nop 
[inst #987] nop 
[inst #988] nop 
[inst #989] j 4194448
[inst #990] addiu $17,$17,1
Register Write to Reg: 0x11 Val: 0x00000006
[inst #991] addiu $23,$23,4
Register Write to Reg: 0x17 Val: 0x10010018
[inst #992] nop 
[inst #993] nop 
[inst #994] beq $17,$18,-38
[inst #995] nop 
[inst #996] nop 
[inst #997] nop 
[inst #998] j 4194368
[inst #999] lw $8,0($23)
Register Write to Reg: 0x08 Val: 0x00000003
[inst #1000] lw $9,4($23)
Register Write to Reg: 0x09 Val: 0x00000003
[inst #1001] nop 
[inst #1002] nop 
[inst #1003] nop 
[inst #1004] slt $1,$9,$8
Register Write to Reg: 0x01 Val: 0x00000000
[inst #1005] nop 
[inst #1006] nop 
[inst #1007] nop 
[inst #1008] bne $1,$0,7
[inst #1009] nop 
[inst #1010] nop 
[inst #1011] nop 
[inst #1012] j 4194448
[inst #1013] addiu $17,$17,1
Register Write to Reg: 0x11 Val: 0x00000007
[inst #1014] addiu $23,$23,4
Register Write to Reg: 0x17 Val: 0x1001001C
[inst #1015] nop 
[inst #1016] nop 
[inst #1017] beq $17,$18,-38
[inst #1018] nop 
[inst #1019] nop 
[inst #1020] nop 
[inst #1021] j 4194368
[inst #1022] lw $8,0($23)
Register Write to Reg: 0x08 Val: 0x00000003
[inst #1023] lw $9,4($23)
Register Write to Reg: 0x09 Val: 0x00000036
[inst #1024] nop 
[inst #1025] nop 
[inst #1026] nop 
[inst #1027] slt $1,$9,$8
Register Write to Reg: 0x01 Val: 0x00000000
[inst #1028] nop 
[inst #1029] nop 
[inst #1030] nop 
[inst #1031] bne $1,$0,7
[inst #1032] nop 
[inst #1033] nop 
[inst #1034] nop 
[inst #1035] j 4194448
[inst #1036] addiu $17,$17,1
Register Write to Reg: 0x11 Val: 0x00000008
[inst #1037] addiu $23,$23,4
Register Write to Reg: 0x17 Val: 0x10010020
[inst #1038] nop 
[inst #1039] nop 
[inst #1040] beq $17,$18,-38
[inst #1041] nop 
[inst #1042] nop 
[inst #1043] nop 
[inst #1044] j 4194368
[inst #1045] lw $8,0($23)
Register Write to Reg: 0x08 Val: 0x00000036
[inst #1046] lw $9,4($23)
Register Write to Reg: 0x09 Val: 0x00000100
[inst #1047] nop 
[inst #1048] nop 
[inst #1049] nop 
[inst #1050] slt $1,$9,$8
Register Write to Reg: 0x01 Val: 0x00000000
[inst #1051] nop 
[inst #1052] nop 
[inst #1053] nop 
[inst #1054] bne $1,$0,7
[inst #1055] nop 
[inst #1056] nop 
[inst #1057] nop 
[inst #1058] j 4194448
[inst #1059] addiu $17,$17,1
Register Write to Reg: 0x11 Val: 0x00000009
[inst #1060] addiu $23,$23,4
Register Write to Reg: 0x17 Val: 0x10010024
[inst #1061] nop 
[inst #1062] nop 
[inst #1063] beq $17,$18,-38
[inst #1064] addiu $17,$0,0
Register Write to Reg: 0x11 Val: 0x00000000
[inst #1065] beq $16,$0,43
[inst #1066] nop 
[inst #1067] nop 
[inst #1068] nop 
[inst #1069] lui $1,4097
Register Write to Reg: 0x01 Val: 0x10010000
[inst #1070] sll $0,$0,$0
Register Write to Reg: 0x00 Val: 0x00000000
[inst #1071] sll $0,$0,$0
Register Write to Reg: 0x00 Val: 0x00000000
[inst #1072] sll $0,$0,$0
Register Write to Reg: 0x00 Val: 0x00000000
[inst #1073] ori $23,$1,0
Register Write to Reg: 0x17 Val: 0x10010000
[inst #1074] addiu $16,$0,0
Register Write to Reg: 0x10 Val: 0x00000000
[inst #1075] nop 
[inst #1076] nop 
[inst #1077] lw $8,0($23)
Register Write to Reg: 0x08 Val: 0xFFFFFFFF
[inst #1078] lw $9,4($23)
Register Write to Reg: 0x09 Val: 0x00000000
[inst #1079] nop 
[inst #1080] nop 
[inst #1081] nop 
[inst #1082] slt $1,$9,$8
Register Write to Reg: 0x01 Val: 0x00000000
[inst #1083] nop 
[inst #1084] nop 
[inst #1085] nop 
[inst #1086] bne $1,$0,7
[inst #1087] nop 
[inst #1088] nop 
[inst #1089] nop 
[inst #1090] j 4194448
[inst #1091] addiu $17,$17,1
Register Write to Reg: 0x11 Val: 0x00000001
[inst #1092] addiu $23,$23,4
Register Write to Reg: 0x17 Val: 0x10010004
[inst #1093] nop 
[inst #1094] nop 
[inst #1095] beq $17,$18,-38
[inst #1096] nop 
[inst #1097] nop 
[inst #1098] nop 
[inst #1099] j 4194368
[inst #1100] lw $8,0($23)
Register Write to Reg: 0x08 Val: 0x00000000
[inst #1101] lw $9,4($23)
Register Write to Reg: 0x09 Val: 0x00000000
[inst #1102] nop 
[inst #1103] nop 
[inst #1104] nop 
[inst #1105] slt $1,$9,$8
Register Write to Reg: 0x01 Val: 0x00000000
[inst #1106] nop 
[inst #1107] nop 
[inst #1108] nop 
[inst #1109] bne $1,$0,7
[inst #1110] nop 
[inst #1111] nop 
[inst #1112] nop 
[inst #1113] j 4194448
[inst #1114] addiu $17,$17,1
Register Write to Reg: 0x11 Val: 0x00000002
[inst #1115] addiu $23,$23,4
Register Write to Reg: 0x17 Val: 0x10010008
[inst #1116] nop 
[inst #1117] nop 
[inst #1118] beq $17,$18,-38
[inst #1119] nop 
[inst #1120] nop 
[inst #1121] nop 
[inst #1122] j 4194368
[inst #1123] lw $8,0($23)
Register Write to Reg: 0x08 Val: 0x00000000
[inst #1124] lw $9,4($23)
Register Write to Reg: 0x09 Val: 0xFFFFFFFD
[inst #1125] nop 
[inst #1126] nop 
[inst #1127] nop 
[inst #1128] slt $1,$9,$8
Register Write to Reg: 0x01 Val: 0x00000001
[inst #1129] nop 
[inst #1130] nop 
[inst #1131] nop 
[inst #1132] bne $1,$0,7
[inst #1133] addiu $16,$0,1
Register Write to Reg: 0x10 Val: 0x00000001
[inst #1134] sw $8,4($23)
Memory Write to Addr: 0x1001000C Val: 0x00000000
[inst #1135] sw $9,0($23)
Memory Write to Addr: 0x10010008 Val: 0xFFFFFFFD
[inst #1136] addiu $17,$17,1
Register Write to Reg: 0x11 Val: 0x00000003
[inst #1137] addiu $23,$23,4
Register Write to Reg: 0x17 Val: 0x1001000C
[inst #1138] nop 
[inst #1139] nop 
[inst #1140] beq $17,$18,-38
[inst #1141] nop 
[inst #1142] nop 
[inst #1143] nop 
[inst #1144] j 4194368
[inst #1145] lw $8,0($23)
Register Write to Reg: 0x08 Val: 0x00000000
[inst #1146] lw $9,4($23)
Register Write to Reg: 0x09 Val: 0x00000000
[inst #1147] nop 
[inst #1148] nop 
[inst #1149] nop 
[inst #1150] slt $1,$9,$8
Register Write to Reg: 0x01 Val: 0x00000000
[inst #1151] nop 
[inst #1152] nop 
[inst #1153] nop 
[inst #1154] bne $1,$0,7
[inst #1155] nop 
[inst #1156] nop 
[inst #1157] nop 
[inst #1158] j 4194448
[inst #1159] addiu $17,$17,1
Register Write to Reg: 0x11 Val: 0x00000004
[inst #1160] addiu $23,$23,4
Register Write to Reg: 0x17 Val: 0x10010010
[inst #1161] nop 
[inst #1162] nop 
[inst #1163] beq $17,$18,-38
[inst #1164] nop 
[inst #1165] nop 
[inst #1166] nop 
[inst #1167] j 4194368
[inst #1168] lw $8,0($23)
Register Write to Reg: 0x08 Val: 0x00000000
[inst #1169] lw $9,4($23)
Register Write to Reg: 0x09 Val: 0x00000002
[inst #1170] nop 
[inst #1171] nop 
[inst #1172] nop 
[inst #1173] slt $1,$9,$8
Register Write to Reg: 0x01 Val: 0x00000000
[inst #1174] nop 
[inst #1175] nop 
[inst #1176] nop 
[inst #1177] bne $1,$0,7
[inst #1178] nop 
[inst #1179] nop 
[inst #1180] nop 
[inst #1181] j 4194448
[inst #1182] addiu $17,$17,1
Register Write to Reg: 0x11 Val: 0x00000005
[inst #1183] addiu $23,$23,4
Register Write to Reg: 0x17 Val: 0x10010014
[inst #1184] nop 
[inst #1185] nop 
[inst #1186] beq $17,$18,-38
[inst #1187] nop 
[inst #1188] nop 
[inst #1189] nop 
[inst #1190] j 4194368
[inst #1191] lw $8,0($23)
Register Write to Reg: 0x08 Val: 0x00000002
[inst #1192] lw $9,4($23)
Register Write to Reg: 0x09 Val: 0x00000003
[inst #1193] nop 
[inst #1194] nop 
[inst #1195] nop 
[inst #1196] slt $1,$9,$8
Register Write to Reg: 0x01 Val: 0x00000000
[inst #1197] nop 
[inst #1198] nop 
[inst #1199] nop 
[inst #1200] bne $1,$0,7
[inst #1201] nop 
[inst #1202] nop 
[inst #1203] nop 
[inst #1204] j 4194448
[inst #1205] addiu $17,$17,1
Register Write to Reg: 0x11 Val: 0x00000006
[inst #1206] addiu $23,$23,4
Register Write to Reg: 0x17 Val: 0x10010018
[inst #1207] nop 
[inst #1208] nop 
[inst #1209] beq $17,$18,-38
[inst #1210] nop 
[inst #1211] nop 
[inst #1212] nop 
[inst #1213] j 4194368
[inst #1214] lw $8,0($23)
Register Write to Reg: 0x08 Val: 0x00000003
[inst #1215] lw $9,4($23)
Register Write to Reg: 0x09 Val: 0x00000003
[inst #1216] nop 
[inst #1217] nop 
[inst #1218] nop 
[inst #1219] slt $1,$9,$8
Register Write to Reg: 0x01 Val: 0x00000000
[inst #1220] nop 
[inst #1221] nop 
[inst #1222] nop 
[inst #1223] bne $1,$0,7
[inst #1224] nop 
[inst #1225] nop 
[inst #1226] nop 
[inst #1227] j 4194448
[inst #1228] addiu $17,$17,1
Register Write to Reg: 0x11 Val: 0x00000007
[inst #1229] addiu $23,$23,4
Register Write to Reg: 0x17 Val: 0x1001001C
[inst #1230] nop 
[inst #1231] nop 
[inst #1232] beq $17,$18,-38
[inst #1233] nop 
[inst #1234] nop 
[inst #1235] nop 
[inst #1236] j 4194368
[inst #1237] lw $8,0($23)
Register Write to Reg: 0x08 Val: 0x00000003
[inst #1238] lw $9,4($23)
Register Write to Reg: 0x09 Val: 0x00000036
[inst #1239] nop 
[inst #1240] nop 
[inst #1241] nop 
[inst #1242] slt $1,$9,$8
Register Write to Reg: 0x01 Val: 0x00000000
[inst #1243] nop 
[inst #1244] nop 
[inst #1245] nop 
[inst #1246] bne $1,$0,7
[inst #1247] nop 
[inst #1248] nop 
[inst #1249] nop 
[inst #1250] j 4194448
[inst #1251] addiu $17,$17,1
Register Write to Reg: 0x11 Val: 0x00000008
[inst #1252] addiu $23,$23,4
Register Write to Reg: 0x17 Val: 0x10010020
[inst #1253] nop 
[inst #1254] nop 
[inst #1255] beq $17,$18,-38
[inst #1256] nop 
[inst #1257] nop 
[inst #1258] nop 
[inst #1259] j 4194368
[inst #1260] lw $8,0($23)
Register Write to Reg: 0x08 Val: 0x00000036
[inst #1261] lw $9,4($23)
Register Write to Reg: 0x09 Val: 0x00000100
[inst #1262] nop 
[inst #1263] nop 
[inst #1264] nop 
[inst #1265] slt $1,$9,$8
Register Write to Reg: 0x01 Val: 0x00000000
[inst #1266] nop 
[inst #1267] nop 
[inst #1268] nop 
[inst #1269] bne $1,$0,7
[inst #1270] nop 
[inst #1271] nop 
[inst #1272] nop 
[inst #1273] j 4194448
[inst #1274] addiu $17,$17,1
Register Write to Reg: 0x11 Val: 0x00000009
[inst #1275] addiu $23,$23,4
Register Write to Reg: 0x17 Val: 0x10010024
[inst #1276] nop 
[inst #1277] nop 
[inst #1278] beq $17,$18,-38
[inst #1279] addiu $17,$0,0
Register Write to Reg: 0x11 Val: 0x00000000
[inst #1280] beq $16,$0,43
[inst #1281] nop 
[inst #1282] nop 
[inst #1283] nop 
[inst #1284] lui $1,4097
Register Write to Reg: 0x01 Val: 0x10010000
[inst #1285] sll $0,$0,$0
Register Write to Reg: 0x00 Val: 0x00000000
[inst #1286] sll $0,$0,$0
Register Write to Reg: 0x00 Val: 0x00000000
[inst #1287] sll $0,$0,$0
Register Write to Reg: 0x00 Val: 0x00000000
[inst #1288] ori $23,$1,0
Register Write to Reg: 0x17 Val: 0x10010000
[inst #1289] addiu $16,$0,0
Register Write to Reg: 0x10 Val: 0x00000000
[inst #1290] nop 
[inst #1291] nop 
[inst #1292] lw $8,0($23)
Register Write to Reg: 0x08 Val: 0xFFFFFFFF
[inst #1293] lw $9,4($23)
Register Write to Reg: 0x09 Val: 0x00000000
[inst #1294] nop 
[inst #1295] nop 
[inst #1296] nop 
[inst #1297] slt $1,$9,$8
Register Write to Reg: 0x01 Val: 0x00000000
[inst #1298] nop 
[inst #1299] nop 
[inst #1300] nop 
[inst #1301] bne $1,$0,7
[inst #1302] nop 
[inst #1303] nop 
[inst #1304] nop 
[inst #1305] j 4194448
[inst #1306] addiu $17,$17,1
Register Write to Reg: 0x11 Val: 0x00000001
[inst #1307] addiu $23,$23,4
Register Write to Reg: 0x17 Val: 0x10010004
[inst #1308] nop 
[inst #1309] nop 
[inst #1310] beq $17,$18,-38
[inst #1311] nop 
[inst #1312] nop 
[inst #1313] nop 
[inst #1314] j 4194368
[inst #1315] lw $8,0($23)
Register Write to Reg: 0x08 Val: 0x00000000
[inst #1316] lw $9,4($23)
Register Write to Reg: 0x09 Val: 0xFFFFFFFD
[inst #1317] nop 
[inst #1318] nop 
[inst #1319] nop 
[inst #1320] slt $1,$9,$8
Register Write to Reg: 0x01 Val: 0x00000001
[inst #1321] nop 
[inst #1322] nop 
[inst #1323] nop 
[inst #1324] bne $1,$0,7
[inst #1325] addiu $16,$0,1
Register Write to Reg: 0x10 Val: 0x00000001
[inst #1326] sw $8,4($23)
Memory Write to Addr: 0x10010008 Val: 0x00000000
[inst #1327] sw $9,0($23)
Memory Write to Addr: 0x10010004 Val: 0xFFFFFFFD
[inst #1328] addiu $17,$17,1
Register Write to Reg: 0x11 Val: 0x00000002
[inst #1329] addiu $23,$23,4
Register Write to Reg: 0x17 Val: 0x10010008
[inst #1330] nop 
[inst #1331] nop 
[inst #1332] beq $17,$18,-38
[inst #1333] nop 
[inst #1334] nop 
[inst #1335] nop 
[inst #1336] j 4194368
[inst #1337] lw $8,0($23)
Register Write to Reg: 0x08 Val: 0x00000000
[inst #1338] lw $9,4($23)
Register Write to Reg: 0x09 Val: 0x00000000
[inst #1339] nop 
[inst #1340] nop 
[inst #1341] nop 
[inst #1342] slt $1,$9,$8
Register Write to Reg: 0x01 Val: 0x00000000
[inst #1343] nop 
[inst #1344] nop 
[inst #1345] nop 
[inst #1346] bne $1,$0,7
[inst #1347] nop 
[inst #1348] nop 
[inst #1349] nop 
[inst #1350] j 4194448
[inst #1351] addiu $17,$17,1
Register Write to Reg: 0x11 Val: 0x00000003
[inst #1352] addiu $23,$23,4
Register Write to Reg: 0x17 Val: 0x1001000C
[inst #1353] nop 
[inst #1354] nop 
[inst #1355] beq $17,$18,-38
[inst #1356] nop 
[inst #1357] nop 
[inst #1358] nop 
[inst #1359] j 4194368
[inst #1360] lw $8,0($23)
Register Write to Reg: 0x08 Val: 0x00000000
[inst #1361] lw $9,4($23)
Register Write to Reg: 0x09 Val: 0x00000000
[inst #1362] nop 
[inst #1363] nop 
[inst #1364] nop 
[inst #1365] slt $1,$9,$8
Register Write to Reg: 0x01 Val: 0x00000000
[inst #1366] nop 
[inst #1367] nop 
[inst #1368] nop 
[inst #1369] bne $1,$0,7
[inst #1370] nop 
[inst #1371] nop 
[inst #1372] nop 
[inst #1373] j 4194448
[inst #1374] addiu $17,$17,1
Register Write to Reg: 0x11 Val: 0x00000004
[inst #1375] addiu $23,$23,4
Register Write to Reg: 0x17 Val: 0x10010010
[inst #1376] nop 
[inst #1377] nop 
[inst #1378] beq $17,$18,-38
[inst #1379] nop 
[inst #1380] nop 
[inst #1381] nop 
[inst #1382] j 4194368
[inst #1383] lw $8,0($23)
Register Write to Reg: 0x08 Val: 0x00000000
[inst #1384] lw $9,4($23)
Register Write to Reg: 0x09 Val: 0x00000002
[inst #1385] nop 
[inst #1386] nop 
[inst #1387] nop 
[inst #1388] slt $1,$9,$8
Register Write to Reg: 0x01 Val: 0x00000000
[inst #1389] nop 
[inst #1390] nop 
[inst #1391] nop 
[inst #1392] bne $1,$0,7
[inst #1393] nop 
[inst #1394] nop 
[inst #1395] nop 
[inst #1396] j 4194448
[inst #1397] addiu $17,$17,1
Register Write to Reg: 0x11 Val: 0x00000005
[inst #1398] addiu $23,$23,4
Register Write to Reg: 0x17 Val: 0x10010014
[inst #1399] nop 
[inst #1400] nop 
[inst #1401] beq $17,$18,-38
[inst #1402] nop 
[inst #1403] nop 
[inst #1404] nop 
[inst #1405] j 4194368
[inst #1406] lw $8,0($23)
Register Write to Reg: 0x08 Val: 0x00000002
[inst #1407] lw $9,4($23)
Register Write to Reg: 0x09 Val: 0x00000003
[inst #1408] nop 
[inst #1409] nop 
[inst #1410] nop 
[inst #1411] slt $1,$9,$8
Register Write to Reg: 0x01 Val: 0x00000000
[inst #1412] nop 
[inst #1413] nop 
[inst #1414] nop 
[inst #1415] bne $1,$0,7
[inst #1416] nop 
[inst #1417] nop 
[inst #1418] nop 
[inst #1419] j 4194448
[inst #1420] addiu $17,$17,1
Register Write to Reg: 0x11 Val: 0x00000006
[inst #1421] addiu $23,$23,4
Register Write to Reg: 0x17 Val: 0x10010018
[inst #1422] nop 
[inst #1423] nop 
[inst #1424] beq $17,$18,-38
[inst #1425] nop 
[inst #1426] nop 
[inst #1427] nop 
[inst #1428] j 4194368
[inst #1429] lw $8,0($23)
Register Write to Reg: 0x08 Val: 0x00000003
[inst #1430] lw $9,4($23)
Register Write to Reg: 0x09 Val: 0x00000003
[inst #1431] nop 
[inst #1432] nop 
[inst #1433] nop 
[inst #1434] slt $1,$9,$8
Register Write to Reg: 0x01 Val: 0x00000000
[inst #1435] nop 
[inst #1436] nop 
[inst #1437] nop 
[inst #1438] bne $1,$0,7
[inst #1439] nop 
[inst #1440] nop 
[inst #1441] nop 
[inst #1442] j 4194448
[inst #1443] addiu $17,$17,1
Register Write to Reg: 0x11 Val: 0x00000007
[inst #1444] addiu $23,$23,4
Register Write to Reg: 0x17 Val: 0x1001001C
[inst #1445] nop 
[inst #1446] nop 
[inst #1447] beq $17,$18,-38
[inst #1448] nop 
[inst #1449] nop 
[inst #1450] nop 
[inst #1451] j 4194368
[inst #1452] lw $8,0($23)
Register Write to Reg: 0x08 Val: 0x00000003
[inst #1453] lw $9,4($23)
Register Write to Reg: 0x09 Val: 0x00000036
[inst #1454] nop 
[inst #1455] nop 
[inst #1456] nop 
[inst #1457] slt $1,$9,$8
Register Write to Reg: 0x01 Val: 0x00000000
[inst #1458] nop 
[inst #1459] nop 
[inst #1460] nop 
[inst #1461] bne $1,$0,7
[inst #1462] nop 
[inst #1463] nop 
[inst #1464] nop 
[inst #1465] j 4194448
[inst #1466] addiu $17,$17,1
Register Write to Reg: 0x11 Val: 0x00000008
[inst #1467] addiu $23,$23,4
Register Write to Reg: 0x17 Val: 0x10010020
[inst #1468] nop 
[inst #1469] nop 
[inst #1470] beq $17,$18,-38
[inst #1471] nop 
[inst #1472] nop 
[inst #1473] nop 
[inst #1474] j 4194368
[inst #1475] lw $8,0($23)
Register Write to Reg: 0x08 Val: 0x00000036
[inst #1476] lw $9,4($23)
Register Write to Reg: 0x09 Val: 0x00000100
[inst #1477] nop 
[inst #1478] nop 
[inst #1479] nop 
[inst #1480] slt $1,$9,$8
Register Write to Reg: 0x01 Val: 0x00000000
[inst #1481] nop 
[inst #1482] nop 
[inst #1483] nop 
[inst #1484] bne $1,$0,7
[inst #1485] nop 
[inst #1486] nop 
[inst #1487] nop 
[inst #1488] j 4194448
[inst #1489] addiu $17,$17,1
Register Write to Reg: 0x11 Val: 0x00000009
[inst #1490] addiu $23,$23,4
Register Write to Reg: 0x17 Val: 0x10010024
[inst #1491] nop 
[inst #1492] nop 
[inst #1493] beq $17,$18,-38
[inst #1494] addiu $17,$0,0
Register Write to Reg: 0x11 Val: 0x00000000
[inst #1495] beq $16,$0,43
[inst #1496] nop 
[inst #1497] nop 
[inst #1498] nop 
[inst #1499] lui $1,4097
Register Write to Reg: 0x01 Val: 0x10010000
[inst #1500] sll $0,$0,$0
Register Write to Reg: 0x00 Val: 0x00000000
[inst #1501] sll $0,$0,$0
Register Write to Reg: 0x00 Val: 0x00000000
[inst #1502] sll $0,$0,$0
Register Write to Reg: 0x00 Val: 0x00000000
[inst #1503] ori $23,$1,0
Register Write to Reg: 0x17 Val: 0x10010000
[inst #1504] addiu $16,$0,0
Register Write to Reg: 0x10 Val: 0x00000000
[inst #1505] nop 
[inst #1506] nop 
[inst #1507] lw $8,0($23)
Register Write to Reg: 0x08 Val: 0xFFFFFFFF
[inst #1508] lw $9,4($23)
Register Write to Reg: 0x09 Val: 0xFFFFFFFD
[inst #1509] nop 
[inst #1510] nop 
[inst #1511] nop 
[inst #1512] slt $1,$9,$8
Register Write to Reg: 0x01 Val: 0x00000001
[inst #1513] nop 
[inst #1514] nop 
[inst #1515] nop 
[inst #1516] bne $1,$0,7
[inst #1517] addiu $16,$0,1
Register Write to Reg: 0x10 Val: 0x00000001
[inst #1518] sw $8,4($23)
Memory Write to Addr: 0x10010004 Val: 0xFFFFFFFF
[inst #1519] sw $9,0($23)
Memory Write to Addr: 0x10010000 Val: 0xFFFFFFFD
[inst #1520] addiu $17,$17,1
Register Write to Reg: 0x11 Val: 0x00000001
[inst #1521] addiu $23,$23,4
Register Write to Reg: 0x17 Val: 0x10010004
[inst #1522] nop 
[inst #1523] nop 
[inst #1524] beq $17,$18,-38
[inst #1525] nop 
[inst #1526] nop 
[inst #1527] nop 
[inst #1528] j 4194368
[inst #1529] lw $8,0($23)
Register Write to Reg: 0x08 Val: 0xFFFFFFFF
[inst #1530] lw $9,4($23)
Register Write to Reg: 0x09 Val: 0x00000000
[inst #1531] nop 
[inst #1532] nop 
[inst #1533] nop 
[inst #1534] slt $1,$9,$8
Register Write to Reg: 0x01 Val: 0x00000000
[inst #1535] nop 
[inst #1536] nop 
[inst #1537] nop 
[inst #1538] bne $1,$0,7
[inst #1539] nop 
[inst #1540] nop 
[inst #1541] nop 
[inst #1542] j 4194448
[inst #1543] addiu $17,$17,1
Register Write to Reg: 0x11 Val: 0x00000002
[inst #1544] addiu $23,$23,4
Register Write to Reg: 0x17 Val: 0x10010008
[inst #1545] nop 
[inst #1546] nop 
[inst #1547] beq $17,$18,-38
[inst #1548] nop 
[inst #1549] nop 
[inst #1550] nop 
[inst #1551] j 4194368
[inst #1552] lw $8,0($23)
Register Write to Reg: 0x08 Val: 0x00000000
[inst #1553] lw $9,4($23)
Register Write to Reg: 0x09 Val: 0x00000000
[inst #1554] nop 
[inst #1555] nop 
[inst #1556] nop 
[inst #1557] slt $1,$9,$8
Register Write to Reg: 0x01 Val: 0x00000000
[inst #1558] nop 
[inst #1559] nop 
[inst #1560] nop 
[inst #1561] bne $1,$0,7
[inst #1562] nop 
[inst #1563] nop 
[inst #1564] nop 
[inst #1565] j 4194448
[inst #1566] addiu $17,$17,1
Register Write to Reg: 0x11 Val: 0x00000003
[inst #1567] addiu $23,$23,4
Register Write to Reg: 0x17 Val: 0x1001000C
[inst #1568] nop 
[inst #1569] nop 
[inst #1570] beq $17,$18,-38
[inst #1571] nop 
[inst #1572] nop 
[inst #1573] nop 
[inst #1574] j 4194368
[inst #1575] lw $8,0($23)
Register Write to Reg: 0x08 Val: 0x00000000
[inst #1576] lw $9,4($23)
Register Write to Reg: 0x09 Val: 0x00000000
[inst #1577] nop 
[inst #1578] nop 
[inst #1579] nop 
[inst #1580] slt $1,$9,$8
Register Write to Reg: 0x01 Val: 0x00000000
[inst #1581] nop 
[inst #1582] nop 
[inst #1583] nop 
[inst #1584] bne $1,$0,7
[inst #1585] nop 
[inst #1586] nop 
[inst #1587] nop 
[inst #1588] j 4194448
[inst #1589] addiu $17,$17,1
Register Write to Reg: 0x11 Val: 0x00000004
[inst #1590] addiu $23,$23,4
Register Write to Reg: 0x17 Val: 0x10010010
[inst #1591] nop 
[inst #1592] nop 
[inst #1593] beq $17,$18,-38
[inst #1594] nop 
[inst #1595] nop 
[inst #1596] nop 
[inst #1597] j 4194368
[inst #1598] lw $8,0($23)
Register Write to Reg: 0x08 Val: 0x00000000
[inst #1599] lw $9,4($23)
Register Write to Reg: 0x09 Val: 0x00000002
[inst #1600] nop 
[inst #1601] nop 
[inst #1602] nop 
[inst #1603] slt $1,$9,$8
Register Write to Reg: 0x01 Val: 0x00000000
[inst #1604] nop 
[inst #1605] nop 
[inst #1606] nop 
[inst #1607] bne $1,$0,7
[inst #1608] nop 
[inst #1609] nop 
[inst #1610] nop 
[inst #1611] j 4194448
[inst #1612] addiu $17,$17,1
Register Write to Reg: 0x11 Val: 0x00000005
[inst #1613] addiu $23,$23,4
Register Write to Reg: 0x17 Val: 0x10010014
[inst #1614] nop 
[inst #1615] nop 
[inst #1616] beq $17,$18,-38
[inst #1617] nop 
[inst #1618] nop 
[inst #1619] nop 
[inst #1620] j 4194368
[inst #1621] lw $8,0($23)
Register Write to Reg: 0x08 Val: 0x00000002
[inst #1622] lw $9,4($23)
Register Write to Reg: 0x09 Val: 0x00000003
[inst #1623] nop 
[inst #1624] nop 
[inst #1625] nop 
[inst #1626] slt $1,$9,$8
Register Write to Reg: 0x01 Val: 0x00000000
[inst #1627] nop 
[inst #1628] nop 
[inst #1629] nop 
[inst #1630] bne $1,$0,7
[inst #1631] nop 
[inst #1632] nop 
[inst #1633] nop 
[inst #1634] j 4194448
[inst #1635] addiu $17,$17,1
Register Write to Reg: 0x11 Val: 0x00000006
[inst #1636] addiu $23,$23,4
Register Write to Reg: 0x17 Val: 0x10010018
[inst #1637] nop 
[inst #1638] nop 
[inst #1639] beq $17,$18,-38
[inst #1640] nop 
[inst #1641] nop 
[inst #1642] nop 
[inst #1643] j 4194368
[inst #1644] lw $8,0($23)
Register Write to Reg: 0x08 Val: 0x00000003
[inst #1645] lw $9,4($23)
Register Write to Reg: 0x09 Val: 0x00000003
[inst #1646] nop 
[inst #1647] nop 
[inst #1648] nop 
[inst #1649] slt $1,$9,$8
Register Write to Reg: 0x01 Val: 0x00000000
[inst #1650] nop 
[inst #1651] nop 
[inst #1652] nop 
[inst #1653] bne $1,$0,7
[inst #1654] nop 
[inst #1655] nop 
[inst #1656] nop 
[inst #1657] j 4194448
[inst #1658] addiu $17,$17,1
Register Write to Reg: 0x11 Val: 0x00000007
[inst #1659] addiu $23,$23,4
Register Write to Reg: 0x17 Val: 0x1001001C
[inst #1660] nop 
[inst #1661] nop 
[inst #1662] beq $17,$18,-38
[inst #1663] nop 
[inst #1664] nop 
[inst #1665] nop 
[inst #1666] j 4194368
[inst #1667] lw $8,0($23)
Register Write to Reg: 0x08 Val: 0x00000003
[inst #1668] lw $9,4($23)
Register Write to Reg: 0x09 Val: 0x00000036
[inst #1669] nop 
[inst #1670] nop 
[inst #1671] nop 
[inst #1672] slt $1,$9,$8
Register Write to Reg: 0x01 Val: 0x00000000
[inst #1673] nop 
[inst #1674] nop 
[inst #1675] nop 
[inst #1676] bne $1,$0,7
[inst #1677] nop 
[inst #1678] nop 
[inst #1679] nop 
[inst #1680] j 4194448
[inst #1681] addiu $17,$17,1
Register Write to Reg: 0x11 Val: 0x00000008
[inst #1682] addiu $23,$23,4
Register Write to Reg: 0x17 Val: 0x10010020
[inst #1683] nop 
[inst #1684] nop 
[inst #1685] beq $17,$18,-38
[inst #1686] nop 
[inst #1687] nop 
[inst #1688] nop 
[inst #1689] j 4194368
[inst #1690] lw $8,0($23)
Register Write to Reg: 0x08 Val: 0x00000036
[inst #1691] lw $9,4($23)
Register Write to Reg: 0x09 Val: 0x00000100
[inst #1692] nop 
[inst #1693] nop 
[inst #1694] nop 
[inst #1695] slt $1,$9,$8
Register Write to Reg: 0x01 Val: 0x00000000
[inst #1696] nop 
[inst #1697] nop 
[inst #1698] nop 
[inst #1699] bne $1,$0,7
[inst #1700] nop 
[inst #1701] nop 
[inst #1702] nop 
[inst #1703] j 4194448
[inst #1704] addiu $17,$17,1
Register Write to Reg: 0x11 Val: 0x00000009
[inst #1705] addiu $23,$23,4
Register Write to Reg: 0x17 Val: 0x10010024
[inst #1706] nop 
[inst #1707] nop 
[inst #1708] beq $17,$18,-38
[inst #1709] addiu $17,$0,0
Register Write to Reg: 0x11 Val: 0x00000000
[inst #1710] beq $16,$0,43
[inst #1711] nop 
[inst #1712] nop 
[inst #1713] nop 
[inst #1714] lui $1,4097
Register Write to Reg: 0x01 Val: 0x10010000
[inst #1715] sll $0,$0,$0
Register Write to Reg: 0x00 Val: 0x00000000
[inst #1716] sll $0,$0,$0
Register Write to Reg: 0x00 Val: 0x00000000
[inst #1717] sll $0,$0,$0
Register Write to Reg: 0x00 Val: 0x00000000
[inst #1718] ori $23,$1,0
Register Write to Reg: 0x17 Val: 0x10010000
[inst #1719] addiu $16,$0,0
Register Write to Reg: 0x10 Val: 0x00000000
[inst #1720] nop 
[inst #1721] nop 
[inst #1722] lw $8,0($23)
Register Write to Reg: 0x08 Val: 0xFFFFFFFD
[inst #1723] lw $9,4($23)
Register Write to Reg: 0x09 Val: 0xFFFFFFFF
[inst #1724] nop 
[inst #1725] nop 
[inst #1726] nop 
[inst #1727] slt $1,$9,$8
Register Write to Reg: 0x01 Val: 0x00000000
[inst #1728] nop 
[inst #1729] nop 
[inst #1730] nop 
[inst #1731] bne $1,$0,7
[inst #1732] nop 
[inst #1733] nop 
[inst #1734] nop 
[inst #1735] j 4194448
[inst #1736] addiu $17,$17,1
Register Write to Reg: 0x11 Val: 0x00000001
[inst #1737] addiu $23,$23,4
Register Write to Reg: 0x17 Val: 0x10010004
[inst #1738] nop 
[inst #1739] nop 
[inst #1740] beq $17,$18,-38
[inst #1741] nop 
[inst #1742] nop 
[inst #1743] nop 
[inst #1744] j 4194368
[inst #1745] lw $8,0($23)
Register Write to Reg: 0x08 Val: 0xFFFFFFFF
[inst #1746] lw $9,4($23)
Register Write to Reg: 0x09 Val: 0x00000000
[inst #1747] nop 
[inst #1748] nop 
[inst #1749] nop 
[inst #1750] slt $1,$9,$8
Register Write to Reg: 0x01 Val: 0x00000000
[inst #1751] nop 
[inst #1752] nop 
[inst #1753] nop 
[inst #1754] bne $1,$0,7
[inst #1755] nop 
[inst #1756] nop 
[inst #1757] nop 
[inst #1758] j 4194448
[inst #1759] addiu $17,$17,1
Register Write to Reg: 0x11 Val: 0x00000002
[inst #1760] addiu $23,$23,4
Register Write to Reg: 0x17 Val: 0x10010008
[inst #1761] nop 
[inst #1762] nop 
[inst #1763] beq $17,$18,-38
[inst #1764] nop 
[inst #1765] nop 
[inst #1766] nop 
[inst #1767] j 4194368
[inst #1768] lw $8,0($23)
Register Write to Reg: 0x08 Val: 0x00000000
[inst #1769] lw $9,4($23)
Register Write to Reg: 0x09 Val: 0x00000000
[inst #1770] nop 
[inst #1771] nop 
[inst #1772] nop 
[inst #1773] slt $1,$9,$8
Register Write to Reg: 0x01 Val: 0x00000000
[inst #1774] nop 
[inst #1775] nop 
[inst #1776] nop 
[inst #1777] bne $1,$0,7
[inst #1778] nop 
[inst #1779] nop 
[inst #1780] nop 
[inst #1781] j 4194448
[inst #1782] addiu $17,$17,1
Register Write to Reg: 0x11 Val: 0x00000003
[inst #1783] addiu $23,$23,4
Register Write to Reg: 0x17 Val: 0x1001000C
[inst #1784] nop 
[inst #1785] nop 
[inst #1786] beq $17,$18,-38
[inst #1787] nop 
[inst #1788] nop 
[inst #1789] nop 
[inst #1790] j 4194368
[inst #1791] lw $8,0($23)
Register Write to Reg: 0x08 Val: 0x00000000
[inst #1792] lw $9,4($23)
Register Write to Reg: 0x09 Val: 0x00000000
[inst #1793] nop 
[inst #1794] nop 
[inst #1795] nop 
[inst #1796] slt $1,$9,$8
Register Write to Reg: 0x01 Val: 0x00000000
[inst #1797] nop 
[inst #1798] nop 
[inst #1799] nop 
[inst #1800] bne $1,$0,7
[inst #1801] nop 
[inst #1802] nop 
[inst #1803] nop 
[inst #1804] j 4194448
[inst #1805] addiu $17,$17,1
Register Write to Reg: 0x11 Val: 0x00000004
[inst #1806] addiu $23,$23,4
Register Write to Reg: 0x17 Val: 0x10010010
[inst #1807] nop 
[inst #1808] nop 
[inst #1809] beq $17,$18,-38
[inst #1810] nop 
[inst #1811] nop 
[inst #1812] nop 
[inst #1813] j 4194368
[inst #1814] lw $8,0($23)
Register Write to Reg: 0x08 Val: 0x00000000
[inst #1815] lw $9,4($23)
Register Write to Reg: 0x09 Val: 0x00000002
[inst #1816] nop 
[inst #1817] nop 
[inst #1818] nop 
[inst #1819] slt $1,$9,$8
Register Write to Reg: 0x01 Val: 0x00000000
[inst #1820] nop 
[inst #1821] nop 
[inst #1822] nop 
[inst #1823] bne $1,$0,7
[inst #1824] nop 
[inst #1825] nop 
[inst #1826] nop 
[inst #1827] j 4194448
[inst #1828] addiu $17,$17,1
Register Write to Reg: 0x11 Val: 0x00000005
[inst #1829] addiu $23,$23,4
Register Write to Reg: 0x17 Val: 0x10010014
[inst #1830] nop 
[inst #1831] nop 
[inst #1832] beq $17,$18,-38
[inst #1833] nop 
[inst #1834] nop 
[inst #1835] nop 
[inst #1836] j 4194368
[inst #1837] lw $8,0($23)
Register Write to Reg: 0x08 Val: 0x00000002
[inst #1838] lw $9,4($23)
Register Write to Reg: 0x09 Val: 0x00000003
[inst #1839] nop 
[inst #1840] nop 
[inst #1841] nop 
[inst #1842] slt $1,$9,$8
Register Write to Reg: 0x01 Val: 0x00000000
[inst #1843] nop 
[inst #1844] nop 
[inst #1845] nop 
[inst #1846] bne $1,$0,7
[inst #1847] nop 
[inst #1848] nop 
[inst #1849] nop 
[inst #1850] j 4194448
[inst #1851] addiu $17,$17,1
Register Write to Reg: 0x11 Val: 0x00000006
[inst #1852] addiu $23,$23,4
Register Write to Reg: 0x17 Val: 0x10010018
[inst #1853] nop 
[inst #1854] nop 
[inst #1855] beq $17,$18,-38
[inst #1856] nop 
[inst #1857] nop 
[inst #1858] nop 
[inst #1859] j 4194368
[inst #1860] lw $8,0($23)
Register Write to Reg: 0x08 Val: 0x00000003
[inst #1861] lw $9,4($23)
Register Write to Reg: 0x09 Val: 0x00000003
[inst #1862] nop 
[inst #1863] nop 
[inst #1864] nop 
[inst #1865] slt $1,$9,$8
Register Write to Reg: 0x01 Val: 0x00000000
[inst #1866] nop 
[inst #1867] nop 
[inst #1868] nop 
[inst #1869] bne $1,$0,7
[inst #1870] nop 
[inst #1871] nop 
[inst #1872] nop 
[inst #1873] j 4194448
[inst #1874] addiu $17,$17,1
Register Write to Reg: 0x11 Val: 0x00000007
[inst #1875] addiu $23,$23,4
Register Write to Reg: 0x17 Val: 0x1001001C
[inst #1876] nop 
[inst #1877] nop 
[inst #1878] beq $17,$18,-38
[inst #1879] nop 
[inst #1880] nop 
[inst #1881] nop 
[inst #1882] j 4194368
[inst #1883] lw $8,0($23)
Register Write to Reg: 0x08 Val: 0x00000003
[inst #1884] lw $9,4($23)
Register Write to Reg: 0x09 Val: 0x00000036
[inst #1885] nop 
[inst #1886] nop 
[inst #1887] nop 
[inst #1888] slt $1,$9,$8
Register Write to Reg: 0x01 Val: 0x00000000
[inst #1889] nop 
[inst #1890] nop 
[inst #1891] nop 
[inst #1892] bne $1,$0,7
[inst #1893] nop 
[inst #1894] nop 
[inst #1895] nop 
[inst #1896] j 4194448
[inst #1897] addiu $17,$17,1
Register Write to Reg: 0x11 Val: 0x00000008
[inst #1898] addiu $23,$23,4
Register Write to Reg: 0x17 Val: 0x10010020
[inst #1899] nop 
[inst #1900] nop 
[inst #1901] beq $17,$18,-38
[inst #1902] nop 
[inst #1903] nop 
[inst #1904] nop 
[inst #1905] j 4194368
[inst #1906] lw $8,0($23)
Register Write to Reg: 0x08 Val: 0x00000036
[inst #1907] lw $9,4($23)
Register Write to Reg: 0x09 Val: 0x00000100
[inst #1908] nop 
[inst #1909] nop 
[inst #1910] nop 
[inst #1911] slt $1,$9,$8
Register Write to Reg: 0x01 Val: 0x00000000
[inst #1912] nop 
[inst #1913] nop 
[inst #1914] nop 
[inst #1915] bne $1,$0,7
[inst #1916] nop 
[inst #1917] nop 
[inst #1918] nop 
[inst #1919] j 4194448
[inst #1920] addiu $17,$17,1
Register Write to Reg: 0x11 Val: 0x00000009
[inst #1921] addiu $23,$23,4
Register Write to Reg: 0x17 Val: 0x10010024
[inst #1922] nop 
[inst #1923] nop 
[inst #1924] beq $17,$18,-38
[inst #1925] addiu $17,$0,0
Register Write to Reg: 0x11 Val: 0x00000000
[inst #1926] beq $16,$0,43
[inst #1927] halt 

