In clock cycle: 2
Register Write to Reg: 0x00 Val: 0x00000000
In clock cycle: 3
Register Write to Reg: 0x00 Val: 0x00000000
In clock cycle: 4
Register Write to Reg: 0x01 Val: 0xD0D00000
In clock cycle: 7
Register Write to Reg: 0x01 Val: 0xD0D0F00D
In clock cycle: 10
Register Write to Reg: 0x09 Val: 0xD0D0F00D
In clock cycle: 11
Register Write to Reg: 0x01 Val: 0x10010000
In clock cycle: 14
Register Write to Reg: 0x01 Val: 0x10010000
In clock cycle: 16
Memory Write to Addr: 0x10010000 Val: 0xD0D0F00D
In clock cycle: 18
Register Write to Reg: 0x01 Val: 0x10010000
In clock cycle: 21
Register Write to Reg: 0x01 Val: 0x10010000
In clock cycle: 24
Register Write to Reg: 0x08 Val: 0x0000F00D
Execution is stopping! Clock Cycle: 25
