QuestaSim-64 vcom 2023.2_2 Compiler 2023.06 Jun  9 2023
Start time: 19:09:51 on Apr 26,2024
vcom -2008 -work internal/ModelSimContainer/work proj/src/MIPS_types.vhd internal/testpy/tb.vhd proj/src/invg.vhd proj/src/OnesComplementor.vhd proj/src/fetchLogic.vhd proj/src/andg_N.vhd proj/src/AdderSubtractor.vhd proj/src/andg2.vhd proj/src/pc_dffg.vhd proj/src/mux2t1_N.vhd proj/src/ByteShifter.vhd proj/src/Adder.vhd proj/src/ByteDecoder.vhd proj/src/BarrelShifter.vhd proj/src/decoder5_32.vhd proj/src/tb_ALU.vhd proj/src/RippleCarryAdder.vhd proj/src/dffg_N.vhd proj/src/WordShifter.vhd proj/src/norg_N.vhd proj/src/ALU.vhd proj/src/WordDecoder.vhd proj/src/xorg_N.vhd proj/src/Controller.vhd proj/src/MIPS_types.vhd proj/src/ControlDecoderLogic.vhd proj/src/extender16t32.vhd proj/src/xorg2.vhd proj/src/Shifter.vhd proj/src/org2.vhd proj/src/dffg.vhd proj/src/reg.vhd proj/src/org_N.vhd proj/src/mux4t1_N.vhd proj/src/mux2t1.vhd proj/src/mux8t1_N.vhd proj/src/mux32t1.vhd proj/src/TopLevel/mem.vhd proj/src/TopLevel/MIPS_Processor.vhd 
init_auxdbinfo(): INTERNAL ERROR: Cannot open page file "/home/anorris/CPRE381/ProjectGit/cpre_381/Project1/toolflow/internal/ModelSimContainer/work/_lib1_264.qpg" in read mode
flat_compact(): DATABASE ERROR: cannot open auxiliary database at path=/home/anorris/CPRE381/ProjectGit/cpre_381/Project1/toolflow/internal/ModelSimContainer/work (auxid=1, gen=264)
-- Loading package STANDARD
-- Loading package TEXTIO
-- Loading package std_logic_1164
-- Compiling package MIPS_types
-- Compiling package body MIPS_types
-- Loading package MIPS_types
-- Loading package std_logic_textio
-- Loading package ENV
** Warning: internal/testpy/tb.vhd(24): (vcom-1615) Existing entity 'tb' at /home/anorris/CPRE381/ProjectGit/cpre_381/toolflow/internal/testpy/tb.vhd(24) will be overwritten.
-- Compiling entity tb
** Warning: internal/testpy/tb.vhd(31): (vcom-1615) Existing architecture 'tb(mixed)' at /home/anorris/CPRE381/ProjectGit/cpre_381/toolflow/internal/testpy/tb.vhd(31) will be overwritten.
-- Compiling architecture mixed of tb
-- Compiling entity invg
-- Compiling architecture dataflow of invg
-- Compiling entity OnesComplementor
-- Compiling architecture Structural of OnesComplementor
-- Compiling entity fetchLogic
-- Compiling architecture structural of fetchLogic
-- Compiling entity andg_N
-- Compiling architecture structure of andg_N
-- Compiling entity AdderSubtractor
-- Compiling architecture Structural of AdderSubtractor
-- Compiling entity andg2
-- Compiling architecture dataflow of andg2
-- Compiling entity pc_dffg
-- Compiling architecture mixed of pc_dffg
-- Compiling entity mux2t1_N
-- Compiling architecture structural of mux2t1_N
-- Loading package std_logic_arith
-- Loading package STD_LOGIC_UNSIGNED
-- Compiling entity ByteShifter
-- Compiling architecture behavior of ByteShifter
-- Compiling entity Adder
-- Compiling architecture structure of Adder
-- Compiling entity ByteDecoder
-- Compiling architecture Behavioral of ByteDecoder
-- Compiling entity BarrelShifter
-- Compiling architecture behavior of BarrelShifter
-- Compiling entity decoder5_32
-- Compiling architecture mixed of decoder5_32
-- Loading package NUMERIC_STD
-- Compiling entity tb_ALU
-- Compiling architecture behavior of tb_ALU
-- Compiling entity RippleCarryAdder
-- Compiling architecture Structural of RippleCarryAdder
-- Compiling entity dffg_N
-- Compiling architecture structural of dffg_N
-- Compiling entity WordShifter
-- Compiling architecture behavior of WordShifter
-- Compiling entity norg_N
-- Compiling architecture structure of norg_N
-- Compiling entity ALU
-- Compiling architecture mixed of ALU
-- Compiling entity WordDecoder
-- Compiling architecture Behavioral of WordDecoder
-- Compiling entity xorg_N
-- Compiling architecture structure of xorg_N
-- Compiling entity Controller
-- Compiling architecture structure of Controller
** Warning: proj/src/MIPS_types.vhd(15): (vcom-1615) Existing package 'MIPS_types' at line 15 will be overwritten.
-- Compiling package MIPS_types
** Warning: proj/src/MIPS_types.vhd(31): (vcom-1615) Existing package body 'MIPS_types(body)' at line 31 will be overwritten.
-- Compiling package body MIPS_types
-- Loading package MIPS_types
-- Compiling entity ControlDecoderLogic
-- Compiling architecture sel_when of ControlDecoderLogic
-- Compiling entity extender16t32
-- Compiling architecture dataflow of extender16t32
-- Compiling entity xorg2
-- Compiling architecture dataflow of xorg2
-- Compiling entity Shifter
-- Compiling architecture behavior of Shifter
-- Compiling entity org2
-- Compiling architecture dataflow of org2
-- Compiling entity dffg
-- Compiling architecture mixed of dffg
-- Loading package MIPS_types
-- Compiling entity reg
-- Compiling architecture structural of reg
-- Compiling entity org_N
-- Compiling architecture structure of org_N
-- Compiling entity mux4t1_N
-- Compiling architecture Dataflow of mux4t1_N
-- Compiling entity mux2t1
-- Compiling architecture structure of mux2t1
-- Compiling entity mux8t1_N
-- Compiling architecture Dataflow of mux8t1_N
-- Compiling entity mux32t1
-- Compiling architecture dataflow of mux32t1
** Warning: proj/src/TopLevel/mem.vhd(8): (vcom-1615) Existing entity 'mem' at /home/anorris/CPRE381/ProjectGit/cpre_381/toolflow/proj/src/TopLevel/mem.vhd(8) will be overwritten.
-- Compiling entity mem
** Warning: proj/src/TopLevel/mem.vhd(27): (vcom-1615) Existing architecture 'mem(rtl)' at /home/anorris/CPRE381/ProjectGit/cpre_381/toolflow/proj/src/TopLevel/mem.vhd(27) will be overwritten.
-- Compiling architecture rtl of mem
-- Compiling entity MIPS_Processor
-- Compiling architecture structure of MIPS_Processor
End time: 19:09:52 on Apr 26,2024, Elapsed time: 0:00:01
Errors: 0, Warnings: 6
