Analysis & Synthesis report for toolflow
Fri Mar  1 09:22:21 2024
Quartus Prime Version 20.1.1 Build 720 11/11/2020 SJ Standard Edition


---------------------
; Table of Contents ;
---------------------
  1. Legal Notice
  2. Analysis & Synthesis Summary
  3. Analysis & Synthesis Settings
  4. Parallel Compilation
  5. Analysis & Synthesis Source Files Read
  6. Analysis & Synthesis Resource Usage Summary
  7. Analysis & Synthesis Resource Utilization by Entity
  8. General Register Statistics
  9. Parameter Settings for User Entity Instance: Top-level Entity: |MIPS_Processor
 10. Parameter Settings for User Entity Instance: mem:IMem
 11. Parameter Settings for User Entity Instance: mem:DMem
 12. Port Connectivity Checks: "mem:DMem"
 13. Port Connectivity Checks: "mem:IMem"
 14. Post-Synthesis Netlist Statistics for Top Partition
 15. Elapsed Time Per Partition
 16. Analysis & Synthesis Messages



----------------
; Legal Notice ;
----------------
Copyright (C) 2020  Intel Corporation. All rights reserved.
Your use of Intel Corporation's design tools, logic functions 
and other software and tools, and any partner logic 
functions, and any output files from any of the foregoing 
(including device programming or simulation files), and any 
associated documentation or information are expressly subject 
to the terms and conditions of the Intel Program License 
Subscription Agreement, the Intel Quartus Prime License Agreement,
the Intel FPGA IP License Agreement, or other applicable license
agreement, including, without limitation, that your use is for
the sole purpose of programming logic devices manufactured by
Intel and sold by Intel or its authorized distributors.  Please
refer to the applicable agreement for further details, at
https://fpgasoftware.intel.com/eula.



+--------------------------------------------------------------------------------------+
; Analysis & Synthesis Summary                                                         ;
+------------------------------------+-------------------------------------------------+
; Analysis & Synthesis Status        ; Successful - Fri Mar  1 09:22:21 2024           ;
; Quartus Prime Version              ; 20.1.1 Build 720 11/11/2020 SJ Standard Edition ;
; Revision Name                      ; toolflow                                        ;
; Top-level Entity Name              ; MIPS_Processor                                  ;
; Family                             ; Cyclone IV E                                    ;
; Total logic elements               ; 0                                               ;
;     Total combinational functions  ; 0                                               ;
;     Dedicated logic registers      ; 0                                               ;
; Total registers                    ; 0                                               ;
; Total pins                         ; 99                                              ;
; Total virtual pins                 ; 0                                               ;
; Total memory bits                  ; 0                                               ;
; Embedded Multiplier 9-bit elements ; 0                                               ;
; Total PLLs                         ; 0                                               ;
+------------------------------------+-------------------------------------------------+


+------------------------------------------------------------------------------------------------------------+
; Analysis & Synthesis Settings                                                                              ;
+------------------------------------------------------------------+--------------------+--------------------+
; Option                                                           ; Setting            ; Default Value      ;
+------------------------------------------------------------------+--------------------+--------------------+
; Device                                                           ; EP4CE115F29C7      ;                    ;
; Top-level entity name                                            ; MIPS_Processor     ; toolflow           ;
; Family name                                                      ; Cyclone IV E       ; Cyclone V          ;
; VHDL Version                                                     ; VHDL_2008          ; VHDL_1993          ;
; Use smart compilation                                            ; Off                ; Off                ;
; Enable parallel Assembler and Timing Analyzer during compilation ; On                 ; On                 ;
; Enable compact report table                                      ; Off                ; Off                ;
; Restructure Multiplexers                                         ; Auto               ; Auto               ;
; Create Debugging Nodes for IP Cores                              ; Off                ; Off                ;
; Preserve fewer node names                                        ; On                 ; On                 ;
; Intel FPGA IP Evaluation Mode                                    ; Enable             ; Enable             ;
; Verilog Version                                                  ; Verilog_2001       ; Verilog_2001       ;
; State Machine Processing                                         ; Auto               ; Auto               ;
; Safe State Machine                                               ; Off                ; Off                ;
; Extract Verilog State Machines                                   ; On                 ; On                 ;
; Extract VHDL State Machines                                      ; On                 ; On                 ;
; Ignore Verilog initial constructs                                ; Off                ; Off                ;
; Iteration limit for constant Verilog loops                       ; 5000               ; 5000               ;
; Iteration limit for non-constant Verilog loops                   ; 250                ; 250                ;
; Add Pass-Through Logic to Inferred RAMs                          ; On                 ; On                 ;
; Infer RAMs from Raw Logic                                        ; On                 ; On                 ;
; Parallel Synthesis                                               ; On                 ; On                 ;
; DSP Block Balancing                                              ; Auto               ; Auto               ;
; NOT Gate Push-Back                                               ; On                 ; On                 ;
; Power-Up Don't Care                                              ; On                 ; On                 ;
; Remove Redundant Logic Cells                                     ; Off                ; Off                ;
; Remove Duplicate Registers                                       ; On                 ; On                 ;
; Ignore CARRY Buffers                                             ; Off                ; Off                ;
; Ignore CASCADE Buffers                                           ; Off                ; Off                ;
; Ignore GLOBAL Buffers                                            ; Off                ; Off                ;
; Ignore ROW GLOBAL Buffers                                        ; Off                ; Off                ;
; Ignore LCELL Buffers                                             ; Off                ; Off                ;
; Ignore SOFT Buffers                                              ; On                 ; On                 ;
; Limit AHDL Integers to 32 Bits                                   ; Off                ; Off                ;
; Optimization Technique                                           ; Balanced           ; Balanced           ;
; Carry Chain Length                                               ; 70                 ; 70                 ;
; Auto Carry Chains                                                ; On                 ; On                 ;
; Auto Open-Drain Pins                                             ; On                 ; On                 ;
; Perform WYSIWYG Primitive Resynthesis                            ; Off                ; Off                ;
; Auto ROM Replacement                                             ; On                 ; On                 ;
; Auto RAM Replacement                                             ; On                 ; On                 ;
; Auto DSP Block Replacement                                       ; On                 ; On                 ;
; Auto Shift Register Replacement                                  ; Auto               ; Auto               ;
; Allow Shift Register Merging across Hierarchies                  ; Auto               ; Auto               ;
; Auto Clock Enable Replacement                                    ; On                 ; On                 ;
; Strict RAM Replacement                                           ; Off                ; Off                ;
; Allow Synchronous Control Signals                                ; On                 ; On                 ;
; Force Use of Synchronous Clear Signals                           ; Off                ; Off                ;
; Auto RAM Block Balancing                                         ; On                 ; On                 ;
; Auto RAM to Logic Cell Conversion                                ; Off                ; Off                ;
; Auto Resource Sharing                                            ; Off                ; Off                ;
; Allow Any RAM Size For Recognition                               ; Off                ; Off                ;
; Allow Any ROM Size For Recognition                               ; Off                ; Off                ;
; Allow Any Shift Register Size For Recognition                    ; Off                ; Off                ;
; Use LogicLock Constraints during Resource Balancing              ; On                 ; On                 ;
; Ignore translate_off and synthesis_off directives                ; Off                ; Off                ;
; Timing-Driven Synthesis                                          ; On                 ; On                 ;
; Report Parameter Settings                                        ; On                 ; On                 ;
; Report Source Assignments                                        ; On                 ; On                 ;
; Report Connectivity Checks                                       ; On                 ; On                 ;
; Ignore Maximum Fan-Out Assignments                               ; Off                ; Off                ;
; Synchronization Register Chain Length                            ; 2                  ; 2                  ;
; Power Optimization During Synthesis                              ; Normal compilation ; Normal compilation ;
; HDL message level                                                ; Level2             ; Level2             ;
; Suppress Register Optimization Related Messages                  ; Off                ; Off                ;
; Number of Removed Registers Reported in Synthesis Report         ; 5000               ; 5000               ;
; Number of Swept Nodes Reported in Synthesis Report               ; 5000               ; 5000               ;
; Number of Inverted Registers Reported in Synthesis Report        ; 100                ; 100                ;
; Clock MUX Protection                                             ; On                 ; On                 ;
; Auto Gated Clock Conversion                                      ; Off                ; Off                ;
; Block Design Naming                                              ; Auto               ; Auto               ;
; SDC constraint protection                                        ; Off                ; Off                ;
; Synthesis Effort                                                 ; Auto               ; Auto               ;
; Shift Register Replacement - Allow Asynchronous Clear Signal     ; On                 ; On                 ;
; Pre-Mapping Resynthesis Optimization                             ; Off                ; Off                ;
; Analysis & Synthesis Message Level                               ; Medium             ; Medium             ;
; Disable Register Merging Across Hierarchies                      ; Auto               ; Auto               ;
; Resource Aware Inference For Block RAM                           ; On                 ; On                 ;
+------------------------------------------------------------------+--------------------+--------------------+


+------------------------------------------+
; Parallel Compilation                     ;
+----------------------------+-------------+
; Processors                 ; Number      ;
+----------------------------+-------------+
; Number detected on machine ; 4           ;
; Maximum allowed            ; 4           ;
;                            ;             ;
; Average used               ; 1.00        ;
; Maximum used               ; 1           ;
;                            ;             ;
; Usage by Processor         ; % Time Used ;
;     Processor 1            ; 100.0%      ;
+----------------------------+-------------+


+------------------------------------------------------------------------------------------------------------------------------------------------------------------------+
; Analysis & Synthesis Source Files Read                                                                                                                                 ;
+--------------------------------------------+-----------------+-----------------+-----------------------------------------------------------------------------+---------+
; File Name with User-Entered Path           ; Used in Netlist ; File Type       ; File Name with Absolute Path                                                ; Library ;
+--------------------------------------------+-----------------+-----------------+-----------------------------------------------------------------------------+---------+
; ../../proj/src/MIPS_types.vhd              ; yes             ; User VHDL File  ; /home/dkearns/cpre381/cpre381-toolflow/proj/src/MIPS_types.vhd              ;         ;
; ../../proj/src/TopLevel/MIPS_Processor.vhd ; yes             ; User VHDL File  ; /home/dkearns/cpre381/cpre381-toolflow/proj/src/TopLevel/MIPS_Processor.vhd ;         ;
; ../../proj/src/TopLevel/mem.vhd            ; yes             ; User VHDL File  ; /home/dkearns/cpre381/cpre381-toolflow/proj/src/TopLevel/mem.vhd            ;         ;
+--------------------------------------------+-----------------+-----------------+-----------------------------------------------------------------------------+---------+


+-----------------------------------------------------+
; Analysis & Synthesis Resource Usage Summary         ;
+---------------------------------------------+-------+
; Resource                                    ; Usage ;
+---------------------------------------------+-------+
;                                             ;       ;
; Total combinational functions               ; 0     ;
; Logic element usage by number of LUT inputs ;       ;
;     -- 4 input functions                    ; 0     ;
;     -- 3 input functions                    ; 0     ;
;     -- <=2 input functions                  ; 0     ;
;                                             ;       ;
; Logic elements by mode                      ;       ;
;     -- normal mode                          ; 0     ;
;     -- arithmetic mode                      ; 0     ;
;                                             ;       ;
; Total registers                             ; 0     ;
;     -- Dedicated logic registers            ; 0     ;
;     -- I/O registers                        ; 0     ;
;                                             ;       ;
; I/O pins                                    ; 99    ;
;                                             ;       ;
; Embedded Multiplier 9-bit elements          ; 0     ;
;                                             ;       ;
; Maximum fan-out node                        ; iCLK  ;
; Maximum fan-out                             ; 1     ;
; Total fan-out                               ; 99    ;
; Average fan-out                             ; 0.50  ;
+---------------------------------------------+-------+


+-------------------------------------------------------------------------------------------------------------------------------------------------------------------------------------------------------------+
; Analysis & Synthesis Resource Utilization by Entity                                                                                                                                                         ;
+----------------------------+---------------------+---------------------------+-------------+--------------+---------+-----------+------+--------------+---------------------+----------------+--------------+
; Compilation Hierarchy Node ; Combinational ALUTs ; Dedicated Logic Registers ; Memory Bits ; DSP Elements ; DSP 9x9 ; DSP 18x18 ; Pins ; Virtual Pins ; Full Hierarchy Name ; Entity Name    ; Library Name ;
+----------------------------+---------------------+---------------------------+-------------+--------------+---------+-----------+------+--------------+---------------------+----------------+--------------+
; |MIPS_Processor            ; 0 (0)               ; 0 (0)                     ; 0           ; 0            ; 0       ; 0         ; 99   ; 0            ; |MIPS_Processor     ; MIPS_Processor ; work         ;
+----------------------------+---------------------+---------------------------+-------------+--------------+---------+-----------+------+--------------+---------------------+----------------+--------------+
Note: For table entries with two numbers listed, the numbers in parentheses indicate the number of resources of the given type used by the specific entity alone. The numbers listed outside of parentheses indicate the total resources of the given type used by the specific entity and all of its sub-entities in the hierarchy.


+------------------------------------------------------+
; General Register Statistics                          ;
+----------------------------------------------+-------+
; Statistic                                    ; Value ;
+----------------------------------------------+-------+
; Total registers                              ; 0     ;
; Number of registers using Synchronous Clear  ; 0     ;
; Number of registers using Synchronous Load   ; 0     ;
; Number of registers using Asynchronous Clear ; 0     ;
; Number of registers using Asynchronous Load  ; 0     ;
; Number of registers using Clock Enable       ; 0     ;
; Number of registers using Preset             ; 0     ;
+----------------------------------------------+-------+


+--------------------------------------------------------------------------------+
; Parameter Settings for User Entity Instance: Top-level Entity: |MIPS_Processor ;
+----------------+-------+-------------------------------------------------------+
; Parameter Name ; Value ; Type                                                  ;
+----------------+-------+-------------------------------------------------------+
; N              ; 32    ; Signed Integer                                        ;
+----------------+-------+-------------------------------------------------------+
Note: In order to hide this table in the UI and the text report file, please set the "Show Parameter Settings in Synthesis Report" option in "Analysis and Synthesis Settings -> More Settings" to "Off".


+-------------------------------------------------------+
; Parameter Settings for User Entity Instance: mem:IMem ;
+----------------+-------+------------------------------+
; Parameter Name ; Value ; Type                         ;
+----------------+-------+------------------------------+
; data_width     ; 32    ; Signed Integer               ;
; addr_width     ; 10    ; Signed Integer               ;
+----------------+-------+------------------------------+
Note: In order to hide this table in the UI and the text report file, please set the "Show Parameter Settings in Synthesis Report" option in "Analysis and Synthesis Settings -> More Settings" to "Off".


+-------------------------------------------------------+
; Parameter Settings for User Entity Instance: mem:DMem ;
+----------------+-------+------------------------------+
; Parameter Name ; Value ; Type                         ;
+----------------+-------+------------------------------+
; data_width     ; 32    ; Signed Integer               ;
; addr_width     ; 10    ; Signed Integer               ;
+----------------+-------+------------------------------+
Note: In order to hide this table in the UI and the text report file, please set the "Show Parameter Settings in Synthesis Report" option in "Analysis and Synthesis Settings -> More Settings" to "Off".


+----------------------------------------------------------------------------------------------------------------+
; Port Connectivity Checks: "mem:DMem"                                                                           ;
+------+--------+----------+-------------------------------------------------------------------------------------+
; Port ; Type   ; Severity ; Details                                                                             ;
+------+--------+----------+-------------------------------------------------------------------------------------+
; q    ; Output ; Info     ; Connected to dangling logic. Logic that only feeds a dangling port will be removed. ;
+------+--------+----------+-------------------------------------------------------------------------------------+


+----------------------------------------------------------------------------------------------------------------+
; Port Connectivity Checks: "mem:IMem"                                                                           ;
+------+--------+----------+-------------------------------------------------------------------------------------+
; Port ; Type   ; Severity ; Details                                                                             ;
+------+--------+----------+-------------------------------------------------------------------------------------+
; q    ; Output ; Info     ; Connected to dangling logic. Logic that only feeds a dangling port will be removed. ;
+------+--------+----------+-------------------------------------------------------------------------------------+


+-----------------------------------------------------+
; Post-Synthesis Netlist Statistics for Top Partition ;
+-----------------------+-----------------------------+
; Type                  ; Count                       ;
+-----------------------+-----------------------------+
; boundary_port         ; 99                          ;
; cycloneiii_lcell_comb ; 1                           ;
;     normal            ; 1                           ;
;         0 data inputs ; 1                           ;
;                       ;                             ;
; Max LUT depth         ; 0.00                        ;
; Average LUT depth     ; 0.00                        ;
+-----------------------+-----------------------------+


+-------------------------------+
; Elapsed Time Per Partition    ;
+----------------+--------------+
; Partition Name ; Elapsed Time ;
+----------------+--------------+
; Top            ; 00:00:00     ;
+----------------+--------------+


+-------------------------------+
; Analysis & Synthesis Messages ;
+-------------------------------+
Info: *******************************************************************
Info: Running Quartus Prime Analysis & Synthesis
    Info: Version 20.1.1 Build 720 11/11/2020 SJ Standard Edition
    Info: Copyright (C) 2020  Intel Corporation. All rights reserved.
    Info: Your use of Intel Corporation's design tools, logic functions 
    Info: and other software and tools, and any partner logic 
    Info: functions, and any output files from any of the foregoing 
    Info: (including device programming or simulation files), and any 
    Info: associated documentation or information are expressly subject 
    Info: to the terms and conditions of the Intel Program License 
    Info: Subscription Agreement, the Intel Quartus Prime License Agreement,
    Info: the Intel FPGA IP License Agreement, or other applicable license
    Info: agreement, including, without limitation, that your use is for
    Info: the sole purpose of programming logic devices manufactured by
    Info: Intel and sold by Intel or its authorized distributors.  Please
    Info: refer to the applicable agreement for further details, at
    Info: https://fpgasoftware.intel.com/eula.
    Info: Processing started: Fri Mar  1 09:22:08 2024
Info: Command: quartus_map --read_settings_files=on --write_settings_files=off toolflow -c toolflow
Warning (18236): Number of processors has not been specified which may cause overloading on shared machines.  Set the global assignment NUM_PARALLEL_PROCESSORS in your QSF to an appropriate value for best performance.
Info (20030): Parallel compilation is enabled and will use 4 of the 4 processors detected
Info (12021): Found 2 design units, including 0 entities, in source file /home/dkearns/cpre381/cpre381-toolflow/proj/src/MIPS_types.vhd
    Info (12022): Found design unit 1: MIPS_types File: /home/dkearns/cpre381/cpre381-toolflow/proj/src/MIPS_types.vhd Line: 15
    Info (12022): Found design unit 2: MIPS_types-body File: /home/dkearns/cpre381/cpre381-toolflow/proj/src/MIPS_types.vhd Line: 29
Info (12021): Found 2 design units, including 1 entities, in source file /home/dkearns/cpre381/cpre381-toolflow/proj/src/TopLevel/MIPS_Processor.vhd
    Info (12022): Found design unit 1: MIPS_Processor-structure File: /home/dkearns/cpre381/cpre381-toolflow/proj/src/TopLevel/MIPS_Processor.vhd Line: 35
    Info (12023): Found entity 1: MIPS_Processor File: /home/dkearns/cpre381/cpre381-toolflow/proj/src/TopLevel/MIPS_Processor.vhd Line: 23
Info (12021): Found 2 design units, including 1 entities, in source file /home/dkearns/cpre381/cpre381-toolflow/proj/src/TopLevel/mem.vhd
    Info (12022): Found design unit 1: mem-rtl File: /home/dkearns/cpre381/cpre381-toolflow/proj/src/TopLevel/mem.vhd Line: 27
    Info (12023): Found entity 1: mem File: /home/dkearns/cpre381/cpre381-toolflow/proj/src/TopLevel/mem.vhd Line: 8
Info (12127): Elaborating entity "MIPS_Processor" for the top level hierarchy
Warning (10541): VHDL Signal Declaration warning at MIPS_Processor.vhd(30): used implicit default value for signal "oALUOut" because signal was never assigned a value or an explicit default value. Use of implicit default value may introduce unintended design optimizations. File: /home/dkearns/cpre381/cpre381-toolflow/proj/src/TopLevel/MIPS_Processor.vhd Line: 30
Warning (10541): VHDL Signal Declaration warning at MIPS_Processor.vhd(38): used implicit default value for signal "s_DMemWr" because signal was never assigned a value or an explicit default value. Use of implicit default value may introduce unintended design optimizations. File: /home/dkearns/cpre381/cpre381-toolflow/proj/src/TopLevel/MIPS_Processor.vhd Line: 38
Warning (10541): VHDL Signal Declaration warning at MIPS_Processor.vhd(39): used implicit default value for signal "s_DMemAddr" because signal was never assigned a value or an explicit default value. Use of implicit default value may introduce unintended design optimizations. File: /home/dkearns/cpre381/cpre381-toolflow/proj/src/TopLevel/MIPS_Processor.vhd Line: 39
Warning (10541): VHDL Signal Declaration warning at MIPS_Processor.vhd(40): used implicit default value for signal "s_DMemData" because signal was never assigned a value or an explicit default value. Use of implicit default value may introduce unintended design optimizations. File: /home/dkearns/cpre381/cpre381-toolflow/proj/src/TopLevel/MIPS_Processor.vhd Line: 40
Warning (10036): Verilog HDL or VHDL warning at MIPS_Processor.vhd(41): object "s_DMemOut" assigned a value but never read File: /home/dkearns/cpre381/cpre381-toolflow/proj/src/TopLevel/MIPS_Processor.vhd Line: 41
Warning (10541): VHDL Signal Declaration warning at MIPS_Processor.vhd(50): used implicit default value for signal "s_NextInstAddr" because signal was never assigned a value or an explicit default value. Use of implicit default value may introduce unintended design optimizations. File: /home/dkearns/cpre381/cpre381-toolflow/proj/src/TopLevel/MIPS_Processor.vhd Line: 50
Warning (10036): Verilog HDL or VHDL warning at MIPS_Processor.vhd(51): object "s_Inst" assigned a value but never read File: /home/dkearns/cpre381/cpre381-toolflow/proj/src/TopLevel/MIPS_Processor.vhd Line: 51
Info (12128): Elaborating entity "mem" for hierarchy "mem:IMem" File: /home/dkearns/cpre381/cpre381-toolflow/proj/src/TopLevel/MIPS_Processor.vhd Line: 81
Warning (13024): Output pins are stuck at VCC or GND
    Warning (13410): Pin "oALUOut[0]" is stuck at GND File: /home/dkearns/cpre381/cpre381-toolflow/proj/src/TopLevel/MIPS_Processor.vhd Line: 30
    Warning (13410): Pin "oALUOut[1]" is stuck at GND File: /home/dkearns/cpre381/cpre381-toolflow/proj/src/TopLevel/MIPS_Processor.vhd Line: 30
    Warning (13410): Pin "oALUOut[2]" is stuck at GND File: /home/dkearns/cpre381/cpre381-toolflow/proj/src/TopLevel/MIPS_Processor.vhd Line: 30
    Warning (13410): Pin "oALUOut[3]" is stuck at GND File: /home/dkearns/cpre381/cpre381-toolflow/proj/src/TopLevel/MIPS_Processor.vhd Line: 30
    Warning (13410): Pin "oALUOut[4]" is stuck at GND File: /home/dkearns/cpre381/cpre381-toolflow/proj/src/TopLevel/MIPS_Processor.vhd Line: 30
    Warning (13410): Pin "oALUOut[5]" is stuck at GND File: /home/dkearns/cpre381/cpre381-toolflow/proj/src/TopLevel/MIPS_Processor.vhd Line: 30
    Warning (13410): Pin "oALUOut[6]" is stuck at GND File: /home/dkearns/cpre381/cpre381-toolflow/proj/src/TopLevel/MIPS_Processor.vhd Line: 30
    Warning (13410): Pin "oALUOut[7]" is stuck at GND File: /home/dkearns/cpre381/cpre381-toolflow/proj/src/TopLevel/MIPS_Processor.vhd Line: 30
    Warning (13410): Pin "oALUOut[8]" is stuck at GND File: /home/dkearns/cpre381/cpre381-toolflow/proj/src/TopLevel/MIPS_Processor.vhd Line: 30
    Warning (13410): Pin "oALUOut[9]" is stuck at GND File: /home/dkearns/cpre381/cpre381-toolflow/proj/src/TopLevel/MIPS_Processor.vhd Line: 30
    Warning (13410): Pin "oALUOut[10]" is stuck at GND File: /home/dkearns/cpre381/cpre381-toolflow/proj/src/TopLevel/MIPS_Processor.vhd Line: 30
    Warning (13410): Pin "oALUOut[11]" is stuck at GND File: /home/dkearns/cpre381/cpre381-toolflow/proj/src/TopLevel/MIPS_Processor.vhd Line: 30
    Warning (13410): Pin "oALUOut[12]" is stuck at GND File: /home/dkearns/cpre381/cpre381-toolflow/proj/src/TopLevel/MIPS_Processor.vhd Line: 30
    Warning (13410): Pin "oALUOut[13]" is stuck at GND File: /home/dkearns/cpre381/cpre381-toolflow/proj/src/TopLevel/MIPS_Processor.vhd Line: 30
    Warning (13410): Pin "oALUOut[14]" is stuck at GND File: /home/dkearns/cpre381/cpre381-toolflow/proj/src/TopLevel/MIPS_Processor.vhd Line: 30
    Warning (13410): Pin "oALUOut[15]" is stuck at GND File: /home/dkearns/cpre381/cpre381-toolflow/proj/src/TopLevel/MIPS_Processor.vhd Line: 30
    Warning (13410): Pin "oALUOut[16]" is stuck at GND File: /home/dkearns/cpre381/cpre381-toolflow/proj/src/TopLevel/MIPS_Processor.vhd Line: 30
    Warning (13410): Pin "oALUOut[17]" is stuck at GND File: /home/dkearns/cpre381/cpre381-toolflow/proj/src/TopLevel/MIPS_Processor.vhd Line: 30
    Warning (13410): Pin "oALUOut[18]" is stuck at GND File: /home/dkearns/cpre381/cpre381-toolflow/proj/src/TopLevel/MIPS_Processor.vhd Line: 30
    Warning (13410): Pin "oALUOut[19]" is stuck at GND File: /home/dkearns/cpre381/cpre381-toolflow/proj/src/TopLevel/MIPS_Processor.vhd Line: 30
    Warning (13410): Pin "oALUOut[20]" is stuck at GND File: /home/dkearns/cpre381/cpre381-toolflow/proj/src/TopLevel/MIPS_Processor.vhd Line: 30
    Warning (13410): Pin "oALUOut[21]" is stuck at GND File: /home/dkearns/cpre381/cpre381-toolflow/proj/src/TopLevel/MIPS_Processor.vhd Line: 30
    Warning (13410): Pin "oALUOut[22]" is stuck at GND File: /home/dkearns/cpre381/cpre381-toolflow/proj/src/TopLevel/MIPS_Processor.vhd Line: 30
    Warning (13410): Pin "oALUOut[23]" is stuck at GND File: /home/dkearns/cpre381/cpre381-toolflow/proj/src/TopLevel/MIPS_Processor.vhd Line: 30
    Warning (13410): Pin "oALUOut[24]" is stuck at GND File: /home/dkearns/cpre381/cpre381-toolflow/proj/src/TopLevel/MIPS_Processor.vhd Line: 30
    Warning (13410): Pin "oALUOut[25]" is stuck at GND File: /home/dkearns/cpre381/cpre381-toolflow/proj/src/TopLevel/MIPS_Processor.vhd Line: 30
    Warning (13410): Pin "oALUOut[26]" is stuck at GND File: /home/dkearns/cpre381/cpre381-toolflow/proj/src/TopLevel/MIPS_Processor.vhd Line: 30
    Warning (13410): Pin "oALUOut[27]" is stuck at GND File: /home/dkearns/cpre381/cpre381-toolflow/proj/src/TopLevel/MIPS_Processor.vhd Line: 30
    Warning (13410): Pin "oALUOut[28]" is stuck at GND File: /home/dkearns/cpre381/cpre381-toolflow/proj/src/TopLevel/MIPS_Processor.vhd Line: 30
    Warning (13410): Pin "oALUOut[29]" is stuck at GND File: /home/dkearns/cpre381/cpre381-toolflow/proj/src/TopLevel/MIPS_Processor.vhd Line: 30
    Warning (13410): Pin "oALUOut[30]" is stuck at GND File: /home/dkearns/cpre381/cpre381-toolflow/proj/src/TopLevel/MIPS_Processor.vhd Line: 30
    Warning (13410): Pin "oALUOut[31]" is stuck at GND File: /home/dkearns/cpre381/cpre381-toolflow/proj/src/TopLevel/MIPS_Processor.vhd Line: 30
Info (16010): Generating hard_block partition "hard_block:auto_generated_inst"
    Info (16011): Adding 0 node(s), including 0 DDIO, 0 PLL, 0 transceiver and 0 LCELL
Warning (21074): Design contains 67 input pin(s) that do not drive logic
    Warning (15610): No output dependent on input pin "iCLK" File: /home/dkearns/cpre381/cpre381-toolflow/proj/src/TopLevel/MIPS_Processor.vhd Line: 25
    Warning (15610): No output dependent on input pin "iRST" File: /home/dkearns/cpre381/cpre381-toolflow/proj/src/TopLevel/MIPS_Processor.vhd Line: 26
    Warning (15610): No output dependent on input pin "iInstLd" File: /home/dkearns/cpre381/cpre381-toolflow/proj/src/TopLevel/MIPS_Processor.vhd Line: 27
    Warning (15610): No output dependent on input pin "iInstAddr[0]" File: /home/dkearns/cpre381/cpre381-toolflow/proj/src/TopLevel/MIPS_Processor.vhd Line: 28
    Warning (15610): No output dependent on input pin "iInstAddr[1]" File: /home/dkearns/cpre381/cpre381-toolflow/proj/src/TopLevel/MIPS_Processor.vhd Line: 28
    Warning (15610): No output dependent on input pin "iInstAddr[2]" File: /home/dkearns/cpre381/cpre381-toolflow/proj/src/TopLevel/MIPS_Processor.vhd Line: 28
    Warning (15610): No output dependent on input pin "iInstAddr[3]" File: /home/dkearns/cpre381/cpre381-toolflow/proj/src/TopLevel/MIPS_Processor.vhd Line: 28
    Warning (15610): No output dependent on input pin "iInstAddr[4]" File: /home/dkearns/cpre381/cpre381-toolflow/proj/src/TopLevel/MIPS_Processor.vhd Line: 28
    Warning (15610): No output dependent on input pin "iInstAddr[5]" File: /home/dkearns/cpre381/cpre381-toolflow/proj/src/TopLevel/MIPS_Processor.vhd Line: 28
    Warning (15610): No output dependent on input pin "iInstAddr[6]" File: /home/dkearns/cpre381/cpre381-toolflow/proj/src/TopLevel/MIPS_Processor.vhd Line: 28
    Warning (15610): No output dependent on input pin "iInstAddr[7]" File: /home/dkearns/cpre381/cpre381-toolflow/proj/src/TopLevel/MIPS_Processor.vhd Line: 28
    Warning (15610): No output dependent on input pin "iInstAddr[8]" File: /home/dkearns/cpre381/cpre381-toolflow/proj/src/TopLevel/MIPS_Processor.vhd Line: 28
    Warning (15610): No output dependent on input pin "iInstAddr[9]" File: /home/dkearns/cpre381/cpre381-toolflow/proj/src/TopLevel/MIPS_Processor.vhd Line: 28
    Warning (15610): No output dependent on input pin "iInstAddr[10]" File: /home/dkearns/cpre381/cpre381-toolflow/proj/src/TopLevel/MIPS_Processor.vhd Line: 28
    Warning (15610): No output dependent on input pin "iInstAddr[11]" File: /home/dkearns/cpre381/cpre381-toolflow/proj/src/TopLevel/MIPS_Processor.vhd Line: 28
    Warning (15610): No output dependent on input pin "iInstAddr[12]" File: /home/dkearns/cpre381/cpre381-toolflow/proj/src/TopLevel/MIPS_Processor.vhd Line: 28
    Warning (15610): No output dependent on input pin "iInstAddr[13]" File: /home/dkearns/cpre381/cpre381-toolflow/proj/src/TopLevel/MIPS_Processor.vhd Line: 28
    Warning (15610): No output dependent on input pin "iInstAddr[14]" File: /home/dkearns/cpre381/cpre381-toolflow/proj/src/TopLevel/MIPS_Processor.vhd Line: 28
    Warning (15610): No output dependent on input pin "iInstAddr[15]" File: /home/dkearns/cpre381/cpre381-toolflow/proj/src/TopLevel/MIPS_Processor.vhd Line: 28
    Warning (15610): No output dependent on input pin "iInstAddr[16]" File: /home/dkearns/cpre381/cpre381-toolflow/proj/src/TopLevel/MIPS_Processor.vhd Line: 28
    Warning (15610): No output dependent on input pin "iInstAddr[17]" File: /home/dkearns/cpre381/cpre381-toolflow/proj/src/TopLevel/MIPS_Processor.vhd Line: 28
    Warning (15610): No output dependent on input pin "iInstAddr[18]" File: /home/dkearns/cpre381/cpre381-toolflow/proj/src/TopLevel/MIPS_Processor.vhd Line: 28
    Warning (15610): No output dependent on input pin "iInstAddr[19]" File: /home/dkearns/cpre381/cpre381-toolflow/proj/src/TopLevel/MIPS_Processor.vhd Line: 28
    Warning (15610): No output dependent on input pin "iInstAddr[20]" File: /home/dkearns/cpre381/cpre381-toolflow/proj/src/TopLevel/MIPS_Processor.vhd Line: 28
    Warning (15610): No output dependent on input pin "iInstAddr[21]" File: /home/dkearns/cpre381/cpre381-toolflow/proj/src/TopLevel/MIPS_Processor.vhd Line: 28
    Warning (15610): No output dependent on input pin "iInstAddr[22]" File: /home/dkearns/cpre381/cpre381-toolflow/proj/src/TopLevel/MIPS_Processor.vhd Line: 28
    Warning (15610): No output dependent on input pin "iInstAddr[23]" File: /home/dkearns/cpre381/cpre381-toolflow/proj/src/TopLevel/MIPS_Processor.vhd Line: 28
    Warning (15610): No output dependent on input pin "iInstAddr[24]" File: /home/dkearns/cpre381/cpre381-toolflow/proj/src/TopLevel/MIPS_Processor.vhd Line: 28
    Warning (15610): No output dependent on input pin "iInstAddr[25]" File: /home/dkearns/cpre381/cpre381-toolflow/proj/src/TopLevel/MIPS_Processor.vhd Line: 28
    Warning (15610): No output dependent on input pin "iInstAddr[26]" File: /home/dkearns/cpre381/cpre381-toolflow/proj/src/TopLevel/MIPS_Processor.vhd Line: 28
    Warning (15610): No output dependent on input pin "iInstAddr[27]" File: /home/dkearns/cpre381/cpre381-toolflow/proj/src/TopLevel/MIPS_Processor.vhd Line: 28
    Warning (15610): No output dependent on input pin "iInstAddr[28]" File: /home/dkearns/cpre381/cpre381-toolflow/proj/src/TopLevel/MIPS_Processor.vhd Line: 28
    Warning (15610): No output dependent on input pin "iInstAddr[29]" File: /home/dkearns/cpre381/cpre381-toolflow/proj/src/TopLevel/MIPS_Processor.vhd Line: 28
    Warning (15610): No output dependent on input pin "iInstAddr[30]" File: /home/dkearns/cpre381/cpre381-toolflow/proj/src/TopLevel/MIPS_Processor.vhd Line: 28
    Warning (15610): No output dependent on input pin "iInstAddr[31]" File: /home/dkearns/cpre381/cpre381-toolflow/proj/src/TopLevel/MIPS_Processor.vhd Line: 28
    Warning (15610): No output dependent on input pin "iInstExt[0]" File: /home/dkearns/cpre381/cpre381-toolflow/proj/src/TopLevel/MIPS_Processor.vhd Line: 29
    Warning (15610): No output dependent on input pin "iInstExt[1]" File: /home/dkearns/cpre381/cpre381-toolflow/proj/src/TopLevel/MIPS_Processor.vhd Line: 29
    Warning (15610): No output dependent on input pin "iInstExt[2]" File: /home/dkearns/cpre381/cpre381-toolflow/proj/src/TopLevel/MIPS_Processor.vhd Line: 29
    Warning (15610): No output dependent on input pin "iInstExt[3]" File: /home/dkearns/cpre381/cpre381-toolflow/proj/src/TopLevel/MIPS_Processor.vhd Line: 29
    Warning (15610): No output dependent on input pin "iInstExt[4]" File: /home/dkearns/cpre381/cpre381-toolflow/proj/src/TopLevel/MIPS_Processor.vhd Line: 29
    Warning (15610): No output dependent on input pin "iInstExt[5]" File: /home/dkearns/cpre381/cpre381-toolflow/proj/src/TopLevel/MIPS_Processor.vhd Line: 29
    Warning (15610): No output dependent on input pin "iInstExt[6]" File: /home/dkearns/cpre381/cpre381-toolflow/proj/src/TopLevel/MIPS_Processor.vhd Line: 29
    Warning (15610): No output dependent on input pin "iInstExt[7]" File: /home/dkearns/cpre381/cpre381-toolflow/proj/src/TopLevel/MIPS_Processor.vhd Line: 29
    Warning (15610): No output dependent on input pin "iInstExt[8]" File: /home/dkearns/cpre381/cpre381-toolflow/proj/src/TopLevel/MIPS_Processor.vhd Line: 29
    Warning (15610): No output dependent on input pin "iInstExt[9]" File: /home/dkearns/cpre381/cpre381-toolflow/proj/src/TopLevel/MIPS_Processor.vhd Line: 29
    Warning (15610): No output dependent on input pin "iInstExt[10]" File: /home/dkearns/cpre381/cpre381-toolflow/proj/src/TopLevel/MIPS_Processor.vhd Line: 29
    Warning (15610): No output dependent on input pin "iInstExt[11]" File: /home/dkearns/cpre381/cpre381-toolflow/proj/src/TopLevel/MIPS_Processor.vhd Line: 29
    Warning (15610): No output dependent on input pin "iInstExt[12]" File: /home/dkearns/cpre381/cpre381-toolflow/proj/src/TopLevel/MIPS_Processor.vhd Line: 29
    Warning (15610): No output dependent on input pin "iInstExt[13]" File: /home/dkearns/cpre381/cpre381-toolflow/proj/src/TopLevel/MIPS_Processor.vhd Line: 29
    Warning (15610): No output dependent on input pin "iInstExt[14]" File: /home/dkearns/cpre381/cpre381-toolflow/proj/src/TopLevel/MIPS_Processor.vhd Line: 29
    Warning (15610): No output dependent on input pin "iInstExt[15]" File: /home/dkearns/cpre381/cpre381-toolflow/proj/src/TopLevel/MIPS_Processor.vhd Line: 29
    Warning (15610): No output dependent on input pin "iInstExt[16]" File: /home/dkearns/cpre381/cpre381-toolflow/proj/src/TopLevel/MIPS_Processor.vhd Line: 29
    Warning (15610): No output dependent on input pin "iInstExt[17]" File: /home/dkearns/cpre381/cpre381-toolflow/proj/src/TopLevel/MIPS_Processor.vhd Line: 29
    Warning (15610): No output dependent on input pin "iInstExt[18]" File: /home/dkearns/cpre381/cpre381-toolflow/proj/src/TopLevel/MIPS_Processor.vhd Line: 29
    Warning (15610): No output dependent on input pin "iInstExt[19]" File: /home/dkearns/cpre381/cpre381-toolflow/proj/src/TopLevel/MIPS_Processor.vhd Line: 29
    Warning (15610): No output dependent on input pin "iInstExt[20]" File: /home/dkearns/cpre381/cpre381-toolflow/proj/src/TopLevel/MIPS_Processor.vhd Line: 29
    Warning (15610): No output dependent on input pin "iInstExt[21]" File: /home/dkearns/cpre381/cpre381-toolflow/proj/src/TopLevel/MIPS_Processor.vhd Line: 29
    Warning (15610): No output dependent on input pin "iInstExt[22]" File: /home/dkearns/cpre381/cpre381-toolflow/proj/src/TopLevel/MIPS_Processor.vhd Line: 29
    Warning (15610): No output dependent on input pin "iInstExt[23]" File: /home/dkearns/cpre381/cpre381-toolflow/proj/src/TopLevel/MIPS_Processor.vhd Line: 29
    Warning (15610): No output dependent on input pin "iInstExt[24]" File: /home/dkearns/cpre381/cpre381-toolflow/proj/src/TopLevel/MIPS_Processor.vhd Line: 29
    Warning (15610): No output dependent on input pin "iInstExt[25]" File: /home/dkearns/cpre381/cpre381-toolflow/proj/src/TopLevel/MIPS_Processor.vhd Line: 29
    Warning (15610): No output dependent on input pin "iInstExt[26]" File: /home/dkearns/cpre381/cpre381-toolflow/proj/src/TopLevel/MIPS_Processor.vhd Line: 29
    Warning (15610): No output dependent on input pin "iInstExt[27]" File: /home/dkearns/cpre381/cpre381-toolflow/proj/src/TopLevel/MIPS_Processor.vhd Line: 29
    Warning (15610): No output dependent on input pin "iInstExt[28]" File: /home/dkearns/cpre381/cpre381-toolflow/proj/src/TopLevel/MIPS_Processor.vhd Line: 29
    Warning (15610): No output dependent on input pin "iInstExt[29]" File: /home/dkearns/cpre381/cpre381-toolflow/proj/src/TopLevel/MIPS_Processor.vhd Line: 29
    Warning (15610): No output dependent on input pin "iInstExt[30]" File: /home/dkearns/cpre381/cpre381-toolflow/proj/src/TopLevel/MIPS_Processor.vhd Line: 29
    Warning (15610): No output dependent on input pin "iInstExt[31]" File: /home/dkearns/cpre381/cpre381-toolflow/proj/src/TopLevel/MIPS_Processor.vhd Line: 29
Info (21057): Implemented 99 device resources after synthesis - the final resource count might be different
    Info (21058): Implemented 67 input pins
    Info (21059): Implemented 32 output pins
Info: Quartus Prime Analysis & Synthesis was successful. 0 errors, 109 warnings
    Info: Peak virtual memory: 681 megabytes
    Info: Processing ended: Fri Mar  1 09:22:21 2024
    Info: Elapsed time: 00:00:13
    Info: Total CPU time (on all processors): 00:00:16


