In clock cycle: 2
Register Write to Reg: 0x00 Val: 0x00000000
In clock cycle: 3
Register Write to Reg: 0x00 Val: 0x00000000
In clock cycle: 4
Register Write to Reg: 0x08 Val: 0x00000001
In clock cycle: 5
Register Write to Reg: 0x01 Val: 0x00000000
In clock cycle: 8
Register Write to Reg: 0x01 Val: 0x0000FFFF
In clock cycle: 11
Register Write to Reg: 0x09 Val: 0x0000FFFF
In clock cycle: 14
Register Write to Reg: 0x09 Val: 0xFFFF0000
In clock cycle: 15
Register Write to Reg: 0x01 Val: 0x00000000
In clock cycle: 18
Register Write to Reg: 0x01 Val: 0x0000FFFF
In clock cycle: 21
Register Write to Reg: 0x09 Val: 0xFFFFFFFF
In clock cycle: 22
Register Write to Reg: 0x0A Val: 0x00000000
In clock cycle: 23
Register Write to Reg: 0x0A Val: 0x00000000
In clock cycle: 24
Register Write to Reg: 0x0A Val: 0x00000001
In clock cycle: 25
Register Write to Reg: 0x0B Val: 0x00000001
In clock cycle: 26
Register Write to Reg: 0x08 Val: 0x00000002
In clock cycle: 29
Register Write to Reg: 0x0A Val: 0x00000002
In clock cycle: 30
Register Write to Reg: 0x0B Val: 0x00000002
In clock cycle: 31
Register Write to Reg: 0x08 Val: 0x00000004
In clock cycle: 34
Register Write to Reg: 0x0A Val: 0x00000004
In clock cycle: 35
Register Write to Reg: 0x0B Val: 0x00000004
In clock cycle: 36
Register Write to Reg: 0x08 Val: 0x00000008
In clock cycle: 39
Register Write to Reg: 0x0A Val: 0x00000008
In clock cycle: 40
Register Write to Reg: 0x0B Val: 0x00000008
In clock cycle: 41
Register Write to Reg: 0x08 Val: 0x00000010
In clock cycle: 44
Register Write to Reg: 0x0A Val: 0x00000010
In clock cycle: 45
Register Write to Reg: 0x0B Val: 0x00000010
In clock cycle: 46
Register Write to Reg: 0x08 Val: 0x00000020
In clock cycle: 49
Register Write to Reg: 0x0A Val: 0x00000020
In clock cycle: 50
Register Write to Reg: 0x0B Val: 0x00000020
In clock cycle: 51
Register Write to Reg: 0x08 Val: 0x00000040
In clock cycle: 54
Register Write to Reg: 0x0A Val: 0x00000040
In clock cycle: 55
Register Write to Reg: 0x0B Val: 0x00000040
In clock cycle: 56
Register Write to Reg: 0x08 Val: 0x00000080
In clock cycle: 59
Register Write to Reg: 0x0A Val: 0x00000080
In clock cycle: 60
Register Write to Reg: 0x0B Val: 0x00000080
In clock cycle: 61
Register Write to Reg: 0x08 Val: 0x00000100
In clock cycle: 64
Register Write to Reg: 0x0A Val: 0x00000100
In clock cycle: 65
Register Write to Reg: 0x0B Val: 0x00000100
In clock cycle: 66
Register Write to Reg: 0x08 Val: 0x00000200
In clock cycle: 69
Register Write to Reg: 0x0A Val: 0x00000200
In clock cycle: 70
Register Write to Reg: 0x0B Val: 0x00000200
In clock cycle: 71
Register Write to Reg: 0x08 Val: 0x00000400
In clock cycle: 74
Register Write to Reg: 0x0A Val: 0x00000400
In clock cycle: 75
Register Write to Reg: 0x0B Val: 0x00000400
In clock cycle: 76
Register Write to Reg: 0x08 Val: 0x00000800
In clock cycle: 79
Register Write to Reg: 0x0A Val: 0x00000800
In clock cycle: 80
Register Write to Reg: 0x0B Val: 0x00000800
In clock cycle: 81
Register Write to Reg: 0x08 Val: 0x00001000
In clock cycle: 84
Register Write to Reg: 0x0A Val: 0x00001000
In clock cycle: 85
Register Write to Reg: 0x0B Val: 0x00001000
In clock cycle: 86
Register Write to Reg: 0x08 Val: 0x00002000
In clock cycle: 89
Register Write to Reg: 0x0A Val: 0x00002000
In clock cycle: 90
Register Write to Reg: 0x0B Val: 0x00002000
In clock cycle: 91
Register Write to Reg: 0x08 Val: 0x00004000
In clock cycle: 94
Register Write to Reg: 0x0A Val: 0x00004000
In clock cycle: 95
Register Write to Reg: 0x0B Val: 0x00004000
In clock cycle: 96
Register Write to Reg: 0x08 Val: 0x00008000
In clock cycle: 99
Register Write to Reg: 0x0A Val: 0x00008000
In clock cycle: 100
Register Write to Reg: 0x0B Val: 0x00008000
In clock cycle: 101
Register Write to Reg: 0x08 Val: 0x00010000
In clock cycle: 104
Register Write to Reg: 0x0A Val: 0x00010000
In clock cycle: 105
Register Write to Reg: 0x0B Val: 0x00010000
In clock cycle: 106
Register Write to Reg: 0x08 Val: 0x00020000
In clock cycle: 109
Register Write to Reg: 0x0A Val: 0x00020000
In clock cycle: 110
Register Write to Reg: 0x0B Val: 0x00020000
In clock cycle: 111
Register Write to Reg: 0x08 Val: 0x00040000
In clock cycle: 114
Register Write to Reg: 0x0A Val: 0x00040000
In clock cycle: 115
Register Write to Reg: 0x0B Val: 0x00040000
In clock cycle: 116
Register Write to Reg: 0x08 Val: 0x00080000
In clock cycle: 119
Register Write to Reg: 0x0A Val: 0x00080000
In clock cycle: 120
Register Write to Reg: 0x0B Val: 0x00080000
In clock cycle: 121
Register Write to Reg: 0x08 Val: 0x00100000
In clock cycle: 124
Register Write to Reg: 0x0A Val: 0x00100000
In clock cycle: 125
Register Write to Reg: 0x0B Val: 0x00100000
In clock cycle: 126
Register Write to Reg: 0x08 Val: 0x00200000
In clock cycle: 129
Register Write to Reg: 0x0A Val: 0x00200000
In clock cycle: 130
Register Write to Reg: 0x0B Val: 0x00200000
In clock cycle: 131
Register Write to Reg: 0x08 Val: 0x00400000
In clock cycle: 134
Register Write to Reg: 0x0A Val: 0x00400000
In clock cycle: 135
Register Write to Reg: 0x0B Val: 0x00400000
In clock cycle: 136
Register Write to Reg: 0x08 Val: 0x00800000
In clock cycle: 139
Register Write to Reg: 0x0A Val: 0x00800000
In clock cycle: 140
Register Write to Reg: 0x0B Val: 0x00800000
In clock cycle: 141
Register Write to Reg: 0x08 Val: 0x01000000
In clock cycle: 144
Register Write to Reg: 0x0A Val: 0x01000000
In clock cycle: 145
Register Write to Reg: 0x0B Val: 0x01000000
In clock cycle: 146
Register Write to Reg: 0x08 Val: 0x02000000
In clock cycle: 149
Register Write to Reg: 0x0A Val: 0x02000000
In clock cycle: 150
Register Write to Reg: 0x0B Val: 0x02000000
In clock cycle: 151
Register Write to Reg: 0x08 Val: 0x04000000
In clock cycle: 154
Register Write to Reg: 0x0A Val: 0x04000000
In clock cycle: 155
Register Write to Reg: 0x0B Val: 0x04000000
In clock cycle: 156
Register Write to Reg: 0x08 Val: 0x08000000
In clock cycle: 159
Register Write to Reg: 0x0A Val: 0x08000000
In clock cycle: 160
Register Write to Reg: 0x0B Val: 0x08000000
In clock cycle: 161
Register Write to Reg: 0x08 Val: 0x10000000
In clock cycle: 164
Register Write to Reg: 0x0A Val: 0x10000000
In clock cycle: 165
Register Write to Reg: 0x0B Val: 0x10000000
In clock cycle: 166
Register Write to Reg: 0x08 Val: 0x20000000
In clock cycle: 169
Register Write to Reg: 0x0A Val: 0x20000000
In clock cycle: 170
Register Write to Reg: 0x0B Val: 0x20000000
In clock cycle: 171
Register Write to Reg: 0x08 Val: 0x40000000
In clock cycle: 174
Register Write to Reg: 0x0A Val: 0x40000000
In clock cycle: 175
Register Write to Reg: 0x0B Val: 0x40000000
In clock cycle: 176
Register Write to Reg: 0x08 Val: 0x80000000
In clock cycle: 179
Register Write to Reg: 0x0A Val: 0x80000000
In clock cycle: 180
Register Write to Reg: 0x0B Val: 0x80000000
Execution is stopping! Clock Cycle: 181
