In clock cycle: 2
Register Write to Reg: 0x00 Val: 0x00000000
In clock cycle: 3
Register Write to Reg: 0x00 Val: 0x00000000
In clock cycle: 4
Register Write to Reg: 0x01 Val: 0xFFFFFFFF
In clock cycle: 7
Register Write to Reg: 0x02 Val: 0x00000001
In clock cycle: 8
Register Write to Reg: 0x01 Val: 0xFFFF8000
In clock cycle: 11
Register Write to Reg: 0x03 Val: 0x00000001
In clock cycle: 12
Register Write to Reg: 0x01 Val: 0x00007FFF
In clock cycle: 15
Register Write to Reg: 0x04 Val: 0x00000000
In clock cycle: 16
Register Write to Reg: 0x01 Val: 0xFFFFFDCC
In clock cycle: 19
Register Write to Reg: 0x05 Val: 0x00000001
In clock cycle: 20
Register Write to Reg: 0x01 Val: 0x00001ED6
In clock cycle: 23
Register Write to Reg: 0x06 Val: 0x00000000
In clock cycle: 24
Register Write to Reg: 0x01 Val: 0xFFFFF79F
In clock cycle: 27
Register Write to Reg: 0x07 Val: 0x00000001
Execution is stopping! Clock Cycle: 28
