[inst #1] addiu $16,$0,1
Register Write to Reg: 0x10 Val: 0x00000001
[inst #2] addiu $18,$0,9
Register Write to Reg: 0x12 Val: 0x00000009
[inst #3] j 4194316
[inst #4] addiu $17,$0,0
Register Write to Reg: 0x11 Val: 0x00000000
[inst #5] addi $1,$0,0
Register Write to Reg: 0x01 Val: 0x00000000
[inst #6] beq $1,$16,15
[inst #7] addiu $16,$0,0
Register Write to Reg: 0x10 Val: 0x00000000
[inst #8] lui $1,4097
Register Write to Reg: 0x01 Val: 0x10010000
[inst #9] ori $23,$1,0
Register Write to Reg: 0x17 Val: 0x10010000
[inst #10] lw $8,0($23)
Register Write to Reg: 0x08 Val: 0x00000003
[inst #11] lw $9,4($23)
Register Write to Reg: 0x09 Val: 0x00000000
[inst #12] slt $1,$9,$8
Register Write to Reg: 0x01 Val: 0x00000001
[inst #13] bne $1,$0,1
[inst #14] addiu $16,$0,1
Register Write to Reg: 0x10 Val: 0x00000001
[inst #15] sw $8,4($23)
Memory Write to Addr: 0x10010004 Val: 0x00000003
[inst #16] sw $9,0($23)
Memory Write to Addr: 0x10010000 Val: 0x00000000
[inst #17] addiu $23,$23,4
Register Write to Reg: 0x17 Val: 0x10010004
[inst #18] addiu $17,$17,1
Register Write to Reg: 0x11 Val: 0x00000001
[inst #19] beq $17,$18,-17
[inst #20] j 4194340
[inst #21] lw $8,0($23)
Register Write to Reg: 0x08 Val: 0x00000003
[inst #22] lw $9,4($23)
Register Write to Reg: 0x09 Val: 0x00000000
[inst #23] slt $1,$9,$8
Register Write to Reg: 0x01 Val: 0x00000001
[inst #24] bne $1,$0,1
[inst #25] addiu $16,$0,1
Register Write to Reg: 0x10 Val: 0x00000001
[inst #26] sw $8,4($23)
Memory Write to Addr: 0x10010008 Val: 0x00000003
[inst #27] sw $9,0($23)
Memory Write to Addr: 0x10010004 Val: 0x00000000
[inst #28] addiu $23,$23,4
Register Write to Reg: 0x17 Val: 0x10010008
[inst #29] addiu $17,$17,1
Register Write to Reg: 0x11 Val: 0x00000002
[inst #30] beq $17,$18,-17
[inst #31] j 4194340
[inst #32] lw $8,0($23)
Register Write to Reg: 0x08 Val: 0x00000003
[inst #33] lw $9,4($23)
Register Write to Reg: 0x09 Val: 0x00000003
[inst #34] slt $1,$9,$8
Register Write to Reg: 0x01 Val: 0x00000000
[inst #35] bne $1,$0,1
[inst #36] j 4194372
[inst #37] addiu $23,$23,4
Register Write to Reg: 0x17 Val: 0x1001000C
[inst #38] addiu $17,$17,1
Register Write to Reg: 0x11 Val: 0x00000003
[inst #39] beq $17,$18,-17
[inst #40] j 4194340
[inst #41] lw $8,0($23)
Register Write to Reg: 0x08 Val: 0x00000003
[inst #42] lw $9,4($23)
Register Write to Reg: 0x09 Val: 0x00000036
[inst #43] slt $1,$9,$8
Register Write to Reg: 0x01 Val: 0x00000000
[inst #44] bne $1,$0,1
[inst #45] j 4194372
[inst #46] addiu $23,$23,4
Register Write to Reg: 0x17 Val: 0x10010010
[inst #47] addiu $17,$17,1
Register Write to Reg: 0x11 Val: 0x00000004
[inst #48] beq $17,$18,-17
[inst #49] j 4194340
[inst #50] lw $8,0($23)
Register Write to Reg: 0x08 Val: 0x00000036
[inst #51] lw $9,4($23)
Register Write to Reg: 0x09 Val: 0xFFFFFFFF
[inst #52] slt $1,$9,$8
Register Write to Reg: 0x01 Val: 0x00000001
[inst #53] bne $1,$0,1
[inst #54] addiu $16,$0,1
Register Write to Reg: 0x10 Val: 0x00000001
[inst #55] sw $8,4($23)
Memory Write to Addr: 0x10010014 Val: 0x00000036
[inst #56] sw $9,0($23)
Memory Write to Addr: 0x10010010 Val: 0xFFFFFFFF
[inst #57] addiu $23,$23,4
Register Write to Reg: 0x17 Val: 0x10010014
[inst #58] addiu $17,$17,1
Register Write to Reg: 0x11 Val: 0x00000005
[inst #59] beq $17,$18,-17
[inst #60] j 4194340
[inst #61] lw $8,0($23)
Register Write to Reg: 0x08 Val: 0x00000036
[inst #62] lw $9,4($23)
Register Write to Reg: 0x09 Val: 0x00000002
[inst #63] slt $1,$9,$8
Register Write to Reg: 0x01 Val: 0x00000001
[inst #64] bne $1,$0,1
[inst #65] addiu $16,$0,1
Register Write to Reg: 0x10 Val: 0x00000001
[inst #66] sw $8,4($23)
Memory Write to Addr: 0x10010018 Val: 0x00000036
[inst #67] sw $9,0($23)
Memory Write to Addr: 0x10010014 Val: 0x00000002
[inst #68] addiu $23,$23,4
Register Write to Reg: 0x17 Val: 0x10010018
[inst #69] addiu $17,$17,1
Register Write to Reg: 0x11 Val: 0x00000006
[inst #70] beq $17,$18,-17
[inst #71] j 4194340
[inst #72] lw $8,0($23)
Register Write to Reg: 0x08 Val: 0x00000036
[inst #73] lw $9,4($23)
Register Write to Reg: 0x09 Val: 0x00000100
[inst #74] slt $1,$9,$8
Register Write to Reg: 0x01 Val: 0x00000000
[inst #75] bne $1,$0,1
[inst #76] j 4194372
[inst #77] addiu $23,$23,4
Register Write to Reg: 0x17 Val: 0x1001001C
[inst #78] addiu $17,$17,1
Register Write to Reg: 0x11 Val: 0x00000007
[inst #79] beq $17,$18,-17
[inst #80] j 4194340
[inst #81] lw $8,0($23)
Register Write to Reg: 0x08 Val: 0x00000100
[inst #82] lw $9,4($23)
Register Write to Reg: 0x09 Val: 0xFFFFFFFD
[inst #83] slt $1,$9,$8
Register Write to Reg: 0x01 Val: 0x00000001
[inst #84] bne $1,$0,1
[inst #85] addiu $16,$0,1
Register Write to Reg: 0x10 Val: 0x00000001
[inst #86] sw $8,4($23)
Memory Write to Addr: 0x10010020 Val: 0x00000100
[inst #87] sw $9,0($23)
Memory Write to Addr: 0x1001001C Val: 0xFFFFFFFD
[inst #88] addiu $23,$23,4
Register Write to Reg: 0x17 Val: 0x10010020
[inst #89] addiu $17,$17,1
Register Write to Reg: 0x11 Val: 0x00000008
[inst #90] beq $17,$18,-17
[inst #91] j 4194340
[inst #92] lw $8,0($23)
Register Write to Reg: 0x08 Val: 0x00000100
[inst #93] lw $9,4($23)
Register Write to Reg: 0x09 Val: 0x00000000
[inst #94] slt $1,$9,$8
Register Write to Reg: 0x01 Val: 0x00000001
[inst #95] bne $1,$0,1
[inst #96] addiu $16,$0,1
Register Write to Reg: 0x10 Val: 0x00000001
[inst #97] sw $8,4($23)
Memory Write to Addr: 0x10010024 Val: 0x00000100
[inst #98] sw $9,0($23)
Memory Write to Addr: 0x10010020 Val: 0x00000000
[inst #99] addiu $23,$23,4
Register Write to Reg: 0x17 Val: 0x10010024
[inst #100] addiu $17,$17,1
Register Write to Reg: 0x11 Val: 0x00000009
[inst #101] beq $17,$18,-17
[inst #102] addiu $17,$0,0
Register Write to Reg: 0x11 Val: 0x00000000
[inst #103] addi $1,$0,0
Register Write to Reg: 0x01 Val: 0x00000000
[inst #104] beq $1,$16,15
[inst #105] addiu $16,$0,0
Register Write to Reg: 0x10 Val: 0x00000000
[inst #106] lui $1,4097
Register Write to Reg: 0x01 Val: 0x10010000
[inst #107] ori $23,$1,0
Register Write to Reg: 0x17 Val: 0x10010000
[inst #108] lw $8,0($23)
Register Write to Reg: 0x08 Val: 0x00000000
[inst #109] lw $9,4($23)
Register Write to Reg: 0x09 Val: 0x00000000
[inst #110] slt $1,$9,$8
Register Write to Reg: 0x01 Val: 0x00000000
[inst #111] bne $1,$0,1
[inst #112] j 4194372
[inst #113] addiu $23,$23,4
Register Write to Reg: 0x17 Val: 0x10010004
[inst #114] addiu $17,$17,1
Register Write to Reg: 0x11 Val: 0x00000001
[inst #115] beq $17,$18,-17
[inst #116] j 4194340
[inst #117] lw $8,0($23)
Register Write to Reg: 0x08 Val: 0x00000000
[inst #118] lw $9,4($23)
Register Write to Reg: 0x09 Val: 0x00000003
[inst #119] slt $1,$9,$8
Register Write to Reg: 0x01 Val: 0x00000000
[inst #120] bne $1,$0,1
[inst #121] j 4194372
[inst #122] addiu $23,$23,4
Register Write to Reg: 0x17 Val: 0x10010008
[inst #123] addiu $17,$17,1
Register Write to Reg: 0x11 Val: 0x00000002
[inst #124] beq $17,$18,-17
[inst #125] j 4194340
[inst #126] lw $8,0($23)
Register Write to Reg: 0x08 Val: 0x00000003
[inst #127] lw $9,4($23)
Register Write to Reg: 0x09 Val: 0x00000003
[inst #128] slt $1,$9,$8
Register Write to Reg: 0x01 Val: 0x00000000
[inst #129] bne $1,$0,1
[inst #130] j 4194372
[inst #131] addiu $23,$23,4
Register Write to Reg: 0x17 Val: 0x1001000C
[inst #132] addiu $17,$17,1
Register Write to Reg: 0x11 Val: 0x00000003
[inst #133] beq $17,$18,-17
[inst #134] j 4194340
[inst #135] lw $8,0($23)
Register Write to Reg: 0x08 Val: 0x00000003
[inst #136] lw $9,4($23)
Register Write to Reg: 0x09 Val: 0xFFFFFFFF
[inst #137] slt $1,$9,$8
Register Write to Reg: 0x01 Val: 0x00000001
[inst #138] bne $1,$0,1
[inst #139] addiu $16,$0,1
Register Write to Reg: 0x10 Val: 0x00000001
[inst #140] sw $8,4($23)
Memory Write to Addr: 0x10010010 Val: 0x00000003
[inst #141] sw $9,0($23)
Memory Write to Addr: 0x1001000C Val: 0xFFFFFFFF
[inst #142] addiu $23,$23,4
Register Write to Reg: 0x17 Val: 0x10010010
[inst #143] addiu $17,$17,1
Register Write to Reg: 0x11 Val: 0x00000004
[inst #144] beq $17,$18,-17
[inst #145] j 4194340
[inst #146] lw $8,0($23)
Register Write to Reg: 0x08 Val: 0x00000003
[inst #147] lw $9,4($23)
Register Write to Reg: 0x09 Val: 0x00000002
[inst #148] slt $1,$9,$8
Register Write to Reg: 0x01 Val: 0x00000001
[inst #149] bne $1,$0,1
[inst #150] addiu $16,$0,1
Register Write to Reg: 0x10 Val: 0x00000001
[inst #151] sw $8,4($23)
Memory Write to Addr: 0x10010014 Val: 0x00000003
[inst #152] sw $9,0($23)
Memory Write to Addr: 0x10010010 Val: 0x00000002
[inst #153] addiu $23,$23,4
Register Write to Reg: 0x17 Val: 0x10010014
[inst #154] addiu $17,$17,1
Register Write to Reg: 0x11 Val: 0x00000005
[inst #155] beq $17,$18,-17
[inst #156] j 4194340
[inst #157] lw $8,0($23)
Register Write to Reg: 0x08 Val: 0x00000003
[inst #158] lw $9,4($23)
Register Write to Reg: 0x09 Val: 0x00000036
[inst #159] slt $1,$9,$8
Register Write to Reg: 0x01 Val: 0x00000000
[inst #160] bne $1,$0,1
[inst #161] j 4194372
[inst #162] addiu $23,$23,4
Register Write to Reg: 0x17 Val: 0x10010018
[inst #163] addiu $17,$17,1
Register Write to Reg: 0x11 Val: 0x00000006
[inst #164] beq $17,$18,-17
[inst #165] j 4194340
[inst #166] lw $8,0($23)
Register Write to Reg: 0x08 Val: 0x00000036
[inst #167] lw $9,4($23)
Register Write to Reg: 0x09 Val: 0xFFFFFFFD
[inst #168] slt $1,$9,$8
Register Write to Reg: 0x01 Val: 0x00000001
[inst #169] bne $1,$0,1
[inst #170] addiu $16,$0,1
Register Write to Reg: 0x10 Val: 0x00000001
[inst #171] sw $8,4($23)
Memory Write to Addr: 0x1001001C Val: 0x00000036
[inst #172] sw $9,0($23)
Memory Write to Addr: 0x10010018 Val: 0xFFFFFFFD
[inst #173] addiu $23,$23,4
Register Write to Reg: 0x17 Val: 0x1001001C
[inst #174] addiu $17,$17,1
Register Write to Reg: 0x11 Val: 0x00000007
[inst #175] beq $17,$18,-17
[inst #176] j 4194340
[inst #177] lw $8,0($23)
Register Write to Reg: 0x08 Val: 0x00000036
[inst #178] lw $9,4($23)
Register Write to Reg: 0x09 Val: 0x00000000
[inst #179] slt $1,$9,$8
Register Write to Reg: 0x01 Val: 0x00000001
[inst #180] bne $1,$0,1
[inst #181] addiu $16,$0,1
Register Write to Reg: 0x10 Val: 0x00000001
[inst #182] sw $8,4($23)
Memory Write to Addr: 0x10010020 Val: 0x00000036
[inst #183] sw $9,0($23)
Memory Write to Addr: 0x1001001C Val: 0x00000000
[inst #184] addiu $23,$23,4
Register Write to Reg: 0x17 Val: 0x10010020
[inst #185] addiu $17,$17,1
Register Write to Reg: 0x11 Val: 0x00000008
[inst #186] beq $17,$18,-17
[inst #187] j 4194340
[inst #188] lw $8,0($23)
Register Write to Reg: 0x08 Val: 0x00000036
[inst #189] lw $9,4($23)
Register Write to Reg: 0x09 Val: 0x00000100
[inst #190] slt $1,$9,$8
Register Write to Reg: 0x01 Val: 0x00000000
[inst #191] bne $1,$0,1
[inst #192] j 4194372
[inst #193] addiu $23,$23,4
Register Write to Reg: 0x17 Val: 0x10010024
[inst #194] addiu $17,$17,1
Register Write to Reg: 0x11 Val: 0x00000009
[inst #195] beq $17,$18,-17
[inst #196] addiu $17,$0,0
Register Write to Reg: 0x11 Val: 0x00000000
[inst #197] addi $1,$0,0
Register Write to Reg: 0x01 Val: 0x00000000
[inst #198] beq $1,$16,15
[inst #199] addiu $16,$0,0
Register Write to Reg: 0x10 Val: 0x00000000
[inst #200] lui $1,4097
Register Write to Reg: 0x01 Val: 0x10010000
[inst #201] ori $23,$1,0
Register Write to Reg: 0x17 Val: 0x10010000
[inst #202] lw $8,0($23)
Register Write to Reg: 0x08 Val: 0x00000000
[inst #203] lw $9,4($23)
Register Write to Reg: 0x09 Val: 0x00000000
[inst #204] slt $1,$9,$8
Register Write to Reg: 0x01 Val: 0x00000000
[inst #205] bne $1,$0,1
[inst #206] j 4194372
[inst #207] addiu $23,$23,4
Register Write to Reg: 0x17 Val: 0x10010004
[inst #208] addiu $17,$17,1
Register Write to Reg: 0x11 Val: 0x00000001
[inst #209] beq $17,$18,-17
[inst #210] j 4194340
[inst #211] lw $8,0($23)
Register Write to Reg: 0x08 Val: 0x00000000
[inst #212] lw $9,4($23)
Register Write to Reg: 0x09 Val: 0x00000003
[inst #213] slt $1,$9,$8
Register Write to Reg: 0x01 Val: 0x00000000
[inst #214] bne $1,$0,1
[inst #215] j 4194372
[inst #216] addiu $23,$23,4
Register Write to Reg: 0x17 Val: 0x10010008
[inst #217] addiu $17,$17,1
Register Write to Reg: 0x11 Val: 0x00000002
[inst #218] beq $17,$18,-17
[inst #219] j 4194340
[inst #220] lw $8,0($23)
Register Write to Reg: 0x08 Val: 0x00000003
[inst #221] lw $9,4($23)
Register Write to Reg: 0x09 Val: 0xFFFFFFFF
[inst #222] slt $1,$9,$8
Register Write to Reg: 0x01 Val: 0x00000001
[inst #223] bne $1,$0,1
[inst #224] addiu $16,$0,1
Register Write to Reg: 0x10 Val: 0x00000001
[inst #225] sw $8,4($23)
Memory Write to Addr: 0x1001000C Val: 0x00000003
[inst #226] sw $9,0($23)
Memory Write to Addr: 0x10010008 Val: 0xFFFFFFFF
[inst #227] addiu $23,$23,4
Register Write to Reg: 0x17 Val: 0x1001000C
[inst #228] addiu $17,$17,1
Register Write to Reg: 0x11 Val: 0x00000003
[inst #229] beq $17,$18,-17
[inst #230] j 4194340
[inst #231] lw $8,0($23)
Register Write to Reg: 0x08 Val: 0x00000003
[inst #232] lw $9,4($23)
Register Write to Reg: 0x09 Val: 0x00000002
[inst #233] slt $1,$9,$8
Register Write to Reg: 0x01 Val: 0x00000001
[inst #234] bne $1,$0,1
[inst #235] addiu $16,$0,1
Register Write to Reg: 0x10 Val: 0x00000001
[inst #236] sw $8,4($23)
Memory Write to Addr: 0x10010010 Val: 0x00000003
[inst #237] sw $9,0($23)
Memory Write to Addr: 0x1001000C Val: 0x00000002
[inst #238] addiu $23,$23,4
Register Write to Reg: 0x17 Val: 0x10010010
[inst #239] addiu $17,$17,1
Register Write to Reg: 0x11 Val: 0x00000004
[inst #240] beq $17,$18,-17
[inst #241] j 4194340
[inst #242] lw $8,0($23)
Register Write to Reg: 0x08 Val: 0x00000003
[inst #243] lw $9,4($23)
Register Write to Reg: 0x09 Val: 0x00000003
[inst #244] slt $1,$9,$8
Register Write to Reg: 0x01 Val: 0x00000000
[inst #245] bne $1,$0,1
[inst #246] j 4194372
[inst #247] addiu $23,$23,4
Register Write to Reg: 0x17 Val: 0x10010014
[inst #248] addiu $17,$17,1
Register Write to Reg: 0x11 Val: 0x00000005
[inst #249] beq $17,$18,-17
[inst #250] j 4194340
[inst #251] lw $8,0($23)
Register Write to Reg: 0x08 Val: 0x00000003
[inst #252] lw $9,4($23)
Register Write to Reg: 0x09 Val: 0xFFFFFFFD
[inst #253] slt $1,$9,$8
Register Write to Reg: 0x01 Val: 0x00000001
[inst #254] bne $1,$0,1
[inst #255] addiu $16,$0,1
Register Write to Reg: 0x10 Val: 0x00000001
[inst #256] sw $8,4($23)
Memory Write to Addr: 0x10010018 Val: 0x00000003
[inst #257] sw $9,0($23)
Memory Write to Addr: 0x10010014 Val: 0xFFFFFFFD
[inst #258] addiu $23,$23,4
Register Write to Reg: 0x17 Val: 0x10010018
[inst #259] addiu $17,$17,1
Register Write to Reg: 0x11 Val: 0x00000006
[inst #260] beq $17,$18,-17
[inst #261] j 4194340
[inst #262] lw $8,0($23)
Register Write to Reg: 0x08 Val: 0x00000003
[inst #263] lw $9,4($23)
Register Write to Reg: 0x09 Val: 0x00000000
[inst #264] slt $1,$9,$8
Register Write to Reg: 0x01 Val: 0x00000001
[inst #265] bne $1,$0,1
[inst #266] addiu $16,$0,1
Register Write to Reg: 0x10 Val: 0x00000001
[inst #267] sw $8,4($23)
Memory Write to Addr: 0x1001001C Val: 0x00000003
[inst #268] sw $9,0($23)
Memory Write to Addr: 0x10010018 Val: 0x00000000
[inst #269] addiu $23,$23,4
Register Write to Reg: 0x17 Val: 0x1001001C
[inst #270] addiu $17,$17,1
Register Write to Reg: 0x11 Val: 0x00000007
[inst #271] beq $17,$18,-17
[inst #272] j 4194340
[inst #273] lw $8,0($23)
Register Write to Reg: 0x08 Val: 0x00000003
[inst #274] lw $9,4($23)
Register Write to Reg: 0x09 Val: 0x00000036
[inst #275] slt $1,$9,$8
Register Write to Reg: 0x01 Val: 0x00000000
[inst #276] bne $1,$0,1
[inst #277] j 4194372
[inst #278] addiu $23,$23,4
Register Write to Reg: 0x17 Val: 0x10010020
[inst #279] addiu $17,$17,1
Register Write to Reg: 0x11 Val: 0x00000008
[inst #280] beq $17,$18,-17
[inst #281] j 4194340
[inst #282] lw $8,0($23)
Register Write to Reg: 0x08 Val: 0x00000036
[inst #283] lw $9,4($23)
Register Write to Reg: 0x09 Val: 0x00000100
[inst #284] slt $1,$9,$8
Register Write to Reg: 0x01 Val: 0x00000000
[inst #285] bne $1,$0,1
[inst #286] j 4194372
[inst #287] addiu $23,$23,4
Register Write to Reg: 0x17 Val: 0x10010024
[inst #288] addiu $17,$17,1
Register Write to Reg: 0x11 Val: 0x00000009
[inst #289] beq $17,$18,-17
[inst #290] addiu $17,$0,0
Register Write to Reg: 0x11 Val: 0x00000000
[inst #291] addi $1,$0,0
Register Write to Reg: 0x01 Val: 0x00000000
[inst #292] beq $1,$16,15
[inst #293] addiu $16,$0,0
Register Write to Reg: 0x10 Val: 0x00000000
[inst #294] lui $1,4097
Register Write to Reg: 0x01 Val: 0x10010000
[inst #295] ori $23,$1,0
Register Write to Reg: 0x17 Val: 0x10010000
[inst #296] lw $8,0($23)
Register Write to Reg: 0x08 Val: 0x00000000
[inst #297] lw $9,4($23)
Register Write to Reg: 0x09 Val: 0x00000000
[inst #298] slt $1,$9,$8
Register Write to Reg: 0x01 Val: 0x00000000
[inst #299] bne $1,$0,1
[inst #300] j 4194372
[inst #301] addiu $23,$23,4
Register Write to Reg: 0x17 Val: 0x10010004
[inst #302] addiu $17,$17,1
Register Write to Reg: 0x11 Val: 0x00000001
[inst #303] beq $17,$18,-17
[inst #304] j 4194340
[inst #305] lw $8,0($23)
Register Write to Reg: 0x08 Val: 0x00000000
[inst #306] lw $9,4($23)
Register Write to Reg: 0x09 Val: 0xFFFFFFFF
[inst #307] slt $1,$9,$8
Register Write to Reg: 0x01 Val: 0x00000001
[inst #308] bne $1,$0,1
[inst #309] addiu $16,$0,1
Register Write to Reg: 0x10 Val: 0x00000001
[inst #310] sw $8,4($23)
Memory Write to Addr: 0x10010008 Val: 0x00000000
[inst #311] sw $9,0($23)
Memory Write to Addr: 0x10010004 Val: 0xFFFFFFFF
[inst #312] addiu $23,$23,4
Register Write to Reg: 0x17 Val: 0x10010008
[inst #313] addiu $17,$17,1
Register Write to Reg: 0x11 Val: 0x00000002
[inst #314] beq $17,$18,-17
[inst #315] j 4194340
[inst #316] lw $8,0($23)
Register Write to Reg: 0x08 Val: 0x00000000
[inst #317] lw $9,4($23)
Register Write to Reg: 0x09 Val: 0x00000002
[inst #318] slt $1,$9,$8
Register Write to Reg: 0x01 Val: 0x00000000
[inst #319] bne $1,$0,1
[inst #320] j 4194372
[inst #321] addiu $23,$23,4
Register Write to Reg: 0x17 Val: 0x1001000C
[inst #322] addiu $17,$17,1
Register Write to Reg: 0x11 Val: 0x00000003
[inst #323] beq $17,$18,-17
[inst #324] j 4194340
[inst #325] lw $8,0($23)
Register Write to Reg: 0x08 Val: 0x00000002
[inst #326] lw $9,4($23)
Register Write to Reg: 0x09 Val: 0x00000003
[inst #327] slt $1,$9,$8
Register Write to Reg: 0x01 Val: 0x00000000
[inst #328] bne $1,$0,1
[inst #329] j 4194372
[inst #330] addiu $23,$23,4
Register Write to Reg: 0x17 Val: 0x10010010
[inst #331] addiu $17,$17,1
Register Write to Reg: 0x11 Val: 0x00000004
[inst #332] beq $17,$18,-17
[inst #333] j 4194340
[inst #334] lw $8,0($23)
Register Write to Reg: 0x08 Val: 0x00000003
[inst #335] lw $9,4($23)
Register Write to Reg: 0x09 Val: 0xFFFFFFFD
[inst #336] slt $1,$9,$8
Register Write to Reg: 0x01 Val: 0x00000001
[inst #337] bne $1,$0,1
[inst #338] addiu $16,$0,1
Register Write to Reg: 0x10 Val: 0x00000001
[inst #339] sw $8,4($23)
Memory Write to Addr: 0x10010014 Val: 0x00000003
[inst #340] sw $9,0($23)
Memory Write to Addr: 0x10010010 Val: 0xFFFFFFFD
[inst #341] addiu $23,$23,4
Register Write to Reg: 0x17 Val: 0x10010014
[inst #342] addiu $17,$17,1
Register Write to Reg: 0x11 Val: 0x00000005
[inst #343] beq $17,$18,-17
[inst #344] j 4194340
[inst #345] lw $8,0($23)
Register Write to Reg: 0x08 Val: 0x00000003
[inst #346] lw $9,4($23)
Register Write to Reg: 0x09 Val: 0x00000000
[inst #347] slt $1,$9,$8
Register Write to Reg: 0x01 Val: 0x00000001
[inst #348] bne $1,$0,1
[inst #349] addiu $16,$0,1
Register Write to Reg: 0x10 Val: 0x00000001
[inst #350] sw $8,4($23)
Memory Write to Addr: 0x10010018 Val: 0x00000003
[inst #351] sw $9,0($23)
Memory Write to Addr: 0x10010014 Val: 0x00000000
[inst #352] addiu $23,$23,4
Register Write to Reg: 0x17 Val: 0x10010018
[inst #353] addiu $17,$17,1
Register Write to Reg: 0x11 Val: 0x00000006
[inst #354] beq $17,$18,-17
[inst #355] j 4194340
[inst #356] lw $8,0($23)
Register Write to Reg: 0x08 Val: 0x00000003
[inst #357] lw $9,4($23)
Register Write to Reg: 0x09 Val: 0x00000003
[inst #358] slt $1,$9,$8
Register Write to Reg: 0x01 Val: 0x00000000
[inst #359] bne $1,$0,1
[inst #360] j 4194372
[inst #361] addiu $23,$23,4
Register Write to Reg: 0x17 Val: 0x1001001C
[inst #362] addiu $17,$17,1
Register Write to Reg: 0x11 Val: 0x00000007
[inst #363] beq $17,$18,-17
[inst #364] j 4194340
[inst #365] lw $8,0($23)
Register Write to Reg: 0x08 Val: 0x00000003
[inst #366] lw $9,4($23)
Register Write to Reg: 0x09 Val: 0x00000036
[inst #367] slt $1,$9,$8
Register Write to Reg: 0x01 Val: 0x00000000
[inst #368] bne $1,$0,1
[inst #369] j 4194372
[inst #370] addiu $23,$23,4
Register Write to Reg: 0x17 Val: 0x10010020
[inst #371] addiu $17,$17,1
Register Write to Reg: 0x11 Val: 0x00000008
[inst #372] beq $17,$18,-17
[inst #373] j 4194340
[inst #374] lw $8,0($23)
Register Write to Reg: 0x08 Val: 0x00000036
[inst #375] lw $9,4($23)
Register Write to Reg: 0x09 Val: 0x00000100
[inst #376] slt $1,$9,$8
Register Write to Reg: 0x01 Val: 0x00000000
[inst #377] bne $1,$0,1
[inst #378] j 4194372
[inst #379] addiu $23,$23,4
Register Write to Reg: 0x17 Val: 0x10010024
[inst #380] addiu $17,$17,1
Register Write to Reg: 0x11 Val: 0x00000009
[inst #381] beq $17,$18,-17
[inst #382] addiu $17,$0,0
Register Write to Reg: 0x11 Val: 0x00000000
[inst #383] addi $1,$0,0
Register Write to Reg: 0x01 Val: 0x00000000
[inst #384] beq $1,$16,15
[inst #385] addiu $16,$0,0
Register Write to Reg: 0x10 Val: 0x00000000
[inst #386] lui $1,4097
Register Write to Reg: 0x01 Val: 0x10010000
[inst #387] ori $23,$1,0
Register Write to Reg: 0x17 Val: 0x10010000
[inst #388] lw $8,0($23)
Register Write to Reg: 0x08 Val: 0x00000000
[inst #389] lw $9,4($23)
Register Write to Reg: 0x09 Val: 0xFFFFFFFF
[inst #390] slt $1,$9,$8
Register Write to Reg: 0x01 Val: 0x00000001
[inst #391] bne $1,$0,1
[inst #392] addiu $16,$0,1
Register Write to Reg: 0x10 Val: 0x00000001
[inst #393] sw $8,4($23)
Memory Write to Addr: 0x10010004 Val: 0x00000000
[inst #394] sw $9,0($23)
Memory Write to Addr: 0x10010000 Val: 0xFFFFFFFF
[inst #395] addiu $23,$23,4
Register Write to Reg: 0x17 Val: 0x10010004
[inst #396] addiu $17,$17,1
Register Write to Reg: 0x11 Val: 0x00000001
[inst #397] beq $17,$18,-17
[inst #398] j 4194340
[inst #399] lw $8,0($23)
Register Write to Reg: 0x08 Val: 0x00000000
[inst #400] lw $9,4($23)
Register Write to Reg: 0x09 Val: 0x00000000
[inst #401] slt $1,$9,$8
Register Write to Reg: 0x01 Val: 0x00000000
[inst #402] bne $1,$0,1
[inst #403] j 4194372
[inst #404] addiu $23,$23,4
Register Write to Reg: 0x17 Val: 0x10010008
[inst #405] addiu $17,$17,1
Register Write to Reg: 0x11 Val: 0x00000002
[inst #406] beq $17,$18,-17
[inst #407] j 4194340
[inst #408] lw $8,0($23)
Register Write to Reg: 0x08 Val: 0x00000000
[inst #409] lw $9,4($23)
Register Write to Reg: 0x09 Val: 0x00000002
[inst #410] slt $1,$9,$8
Register Write to Reg: 0x01 Val: 0x00000000
[inst #411] bne $1,$0,1
[inst #412] j 4194372
[inst #413] addiu $23,$23,4
Register Write to Reg: 0x17 Val: 0x1001000C
[inst #414] addiu $17,$17,1
Register Write to Reg: 0x11 Val: 0x00000003
[inst #415] beq $17,$18,-17
[inst #416] j 4194340
[inst #417] lw $8,0($23)
Register Write to Reg: 0x08 Val: 0x00000002
[inst #418] lw $9,4($23)
Register Write to Reg: 0x09 Val: 0xFFFFFFFD
[inst #419] slt $1,$9,$8
Register Write to Reg: 0x01 Val: 0x00000001
[inst #420] bne $1,$0,1
[inst #421] addiu $16,$0,1
Register Write to Reg: 0x10 Val: 0x00000001
[inst #422] sw $8,4($23)
Memory Write to Addr: 0x10010010 Val: 0x00000002
[inst #423] sw $9,0($23)
Memory Write to Addr: 0x1001000C Val: 0xFFFFFFFD
[inst #424] addiu $23,$23,4
Register Write to Reg: 0x17 Val: 0x10010010
[inst #425] addiu $17,$17,1
Register Write to Reg: 0x11 Val: 0x00000004
[inst #426] beq $17,$18,-17
[inst #427] j 4194340
[inst #428] lw $8,0($23)
Register Write to Reg: 0x08 Val: 0x00000002
[inst #429] lw $9,4($23)
Register Write to Reg: 0x09 Val: 0x00000000
[inst #430] slt $1,$9,$8
Register Write to Reg: 0x01 Val: 0x00000001
[inst #431] bne $1,$0,1
[inst #432] addiu $16,$0,1
Register Write to Reg: 0x10 Val: 0x00000001
[inst #433] sw $8,4($23)
Memory Write to Addr: 0x10010014 Val: 0x00000002
[inst #434] sw $9,0($23)
Memory Write to Addr: 0x10010010 Val: 0x00000000
[inst #435] addiu $23,$23,4
Register Write to Reg: 0x17 Val: 0x10010014
[inst #436] addiu $17,$17,1
Register Write to Reg: 0x11 Val: 0x00000005
[inst #437] beq $17,$18,-17
[inst #438] j 4194340
[inst #439] lw $8,0($23)
Register Write to Reg: 0x08 Val: 0x00000002
[inst #440] lw $9,4($23)
Register Write to Reg: 0x09 Val: 0x00000003
[inst #441] slt $1,$9,$8
Register Write to Reg: 0x01 Val: 0x00000000
[inst #442] bne $1,$0,1
[inst #443] j 4194372
[inst #444] addiu $23,$23,4
Register Write to Reg: 0x17 Val: 0x10010018
[inst #445] addiu $17,$17,1
Register Write to Reg: 0x11 Val: 0x00000006
[inst #446] beq $17,$18,-17
[inst #447] j 4194340
[inst #448] lw $8,0($23)
Register Write to Reg: 0x08 Val: 0x00000003
[inst #449] lw $9,4($23)
Register Write to Reg: 0x09 Val: 0x00000003
[inst #450] slt $1,$9,$8
Register Write to Reg: 0x01 Val: 0x00000000
[inst #451] bne $1,$0,1
[inst #452] j 4194372
[inst #453] addiu $23,$23,4
Register Write to Reg: 0x17 Val: 0x1001001C
[inst #454] addiu $17,$17,1
Register Write to Reg: 0x11 Val: 0x00000007
[inst #455] beq $17,$18,-17
[inst #456] j 4194340
[inst #457] lw $8,0($23)
Register Write to Reg: 0x08 Val: 0x00000003
[inst #458] lw $9,4($23)
Register Write to Reg: 0x09 Val: 0x00000036
[inst #459] slt $1,$9,$8
Register Write to Reg: 0x01 Val: 0x00000000
[inst #460] bne $1,$0,1
[inst #461] j 4194372
[inst #462] addiu $23,$23,4
Register Write to Reg: 0x17 Val: 0x10010020
[inst #463] addiu $17,$17,1
Register Write to Reg: 0x11 Val: 0x00000008
[inst #464] beq $17,$18,-17
[inst #465] j 4194340
[inst #466] lw $8,0($23)
Register Write to Reg: 0x08 Val: 0x00000036
[inst #467] lw $9,4($23)
Register Write to Reg: 0x09 Val: 0x00000100
[inst #468] slt $1,$9,$8
Register Write to Reg: 0x01 Val: 0x00000000
[inst #469] bne $1,$0,1
[inst #470] j 4194372
[inst #471] addiu $23,$23,4
Register Write to Reg: 0x17 Val: 0x10010024
[inst #472] addiu $17,$17,1
Register Write to Reg: 0x11 Val: 0x00000009
[inst #473] beq $17,$18,-17
[inst #474] addiu $17,$0,0
Register Write to Reg: 0x11 Val: 0x00000000
[inst #475] addi $1,$0,0
Register Write to Reg: 0x01 Val: 0x00000000
[inst #476] beq $1,$16,15
[inst #477] addiu $16,$0,0
Register Write to Reg: 0x10 Val: 0x00000000
[inst #478] lui $1,4097
Register Write to Reg: 0x01 Val: 0x10010000
[inst #479] ori $23,$1,0
Register Write to Reg: 0x17 Val: 0x10010000
[inst #480] lw $8,0($23)
Register Write to Reg: 0x08 Val: 0xFFFFFFFF
[inst #481] lw $9,4($23)
Register Write to Reg: 0x09 Val: 0x00000000
[inst #482] slt $1,$9,$8
Register Write to Reg: 0x01 Val: 0x00000000
[inst #483] bne $1,$0,1
[inst #484] j 4194372
[inst #485] addiu $23,$23,4
Register Write to Reg: 0x17 Val: 0x10010004
[inst #486] addiu $17,$17,1
Register Write to Reg: 0x11 Val: 0x00000001
[inst #487] beq $17,$18,-17
[inst #488] j 4194340
[inst #489] lw $8,0($23)
Register Write to Reg: 0x08 Val: 0x00000000
[inst #490] lw $9,4($23)
Register Write to Reg: 0x09 Val: 0x00000000
[inst #491] slt $1,$9,$8
Register Write to Reg: 0x01 Val: 0x00000000
[inst #492] bne $1,$0,1
[inst #493] j 4194372
[inst #494] addiu $23,$23,4
Register Write to Reg: 0x17 Val: 0x10010008
[inst #495] addiu $17,$17,1
Register Write to Reg: 0x11 Val: 0x00000002
[inst #496] beq $17,$18,-17
[inst #497] j 4194340
[inst #498] lw $8,0($23)
Register Write to Reg: 0x08 Val: 0x00000000
[inst #499] lw $9,4($23)
Register Write to Reg: 0x09 Val: 0xFFFFFFFD
[inst #500] slt $1,$9,$8
Register Write to Reg: 0x01 Val: 0x00000001
[inst #501] bne $1,$0,1
[inst #502] addiu $16,$0,1
Register Write to Reg: 0x10 Val: 0x00000001
[inst #503] sw $8,4($23)
Memory Write to Addr: 0x1001000C Val: 0x00000000
[inst #504] sw $9,0($23)
Memory Write to Addr: 0x10010008 Val: 0xFFFFFFFD
[inst #505] addiu $23,$23,4
Register Write to Reg: 0x17 Val: 0x1001000C
[inst #506] addiu $17,$17,1
Register Write to Reg: 0x11 Val: 0x00000003
[inst #507] beq $17,$18,-17
[inst #508] j 4194340
[inst #509] lw $8,0($23)
Register Write to Reg: 0x08 Val: 0x00000000
[inst #510] lw $9,4($23)
Register Write to Reg: 0x09 Val: 0x00000000
[inst #511] slt $1,$9,$8
Register Write to Reg: 0x01 Val: 0x00000000
[inst #512] bne $1,$0,1
[inst #513] j 4194372
[inst #514] addiu $23,$23,4
Register Write to Reg: 0x17 Val: 0x10010010
[inst #515] addiu $17,$17,1
Register Write to Reg: 0x11 Val: 0x00000004
[inst #516] beq $17,$18,-17
[inst #517] j 4194340
[inst #518] lw $8,0($23)
Register Write to Reg: 0x08 Val: 0x00000000
[inst #519] lw $9,4($23)
Register Write to Reg: 0x09 Val: 0x00000002
[inst #520] slt $1,$9,$8
Register Write to Reg: 0x01 Val: 0x00000000
[inst #521] bne $1,$0,1
[inst #522] j 4194372
[inst #523] addiu $23,$23,4
Register Write to Reg: 0x17 Val: 0x10010014
[inst #524] addiu $17,$17,1
Register Write to Reg: 0x11 Val: 0x00000005
[inst #525] beq $17,$18,-17
[inst #526] j 4194340
[inst #527] lw $8,0($23)
Register Write to Reg: 0x08 Val: 0x00000002
[inst #528] lw $9,4($23)
Register Write to Reg: 0x09 Val: 0x00000003
[inst #529] slt $1,$9,$8
Register Write to Reg: 0x01 Val: 0x00000000
[inst #530] bne $1,$0,1
[inst #531] j 4194372
[inst #532] addiu $23,$23,4
Register Write to Reg: 0x17 Val: 0x10010018
[inst #533] addiu $17,$17,1
Register Write to Reg: 0x11 Val: 0x00000006
[inst #534] beq $17,$18,-17
[inst #535] j 4194340
[inst #536] lw $8,0($23)
Register Write to Reg: 0x08 Val: 0x00000003
[inst #537] lw $9,4($23)
Register Write to Reg: 0x09 Val: 0x00000003
[inst #538] slt $1,$9,$8
Register Write to Reg: 0x01 Val: 0x00000000
[inst #539] bne $1,$0,1
[inst #540] j 4194372
[inst #541] addiu $23,$23,4
Register Write to Reg: 0x17 Val: 0x1001001C
[inst #542] addiu $17,$17,1
Register Write to Reg: 0x11 Val: 0x00000007
[inst #543] beq $17,$18,-17
[inst #544] j 4194340
[inst #545] lw $8,0($23)
Register Write to Reg: 0x08 Val: 0x00000003
[inst #546] lw $9,4($23)
Register Write to Reg: 0x09 Val: 0x00000036
[inst #547] slt $1,$9,$8
Register Write to Reg: 0x01 Val: 0x00000000
[inst #548] bne $1,$0,1
[inst #549] j 4194372
[inst #550] addiu $23,$23,4
Register Write to Reg: 0x17 Val: 0x10010020
[inst #551] addiu $17,$17,1
Register Write to Reg: 0x11 Val: 0x00000008
[inst #552] beq $17,$18,-17
[inst #553] j 4194340
[inst #554] lw $8,0($23)
Register Write to Reg: 0x08 Val: 0x00000036
[inst #555] lw $9,4($23)
Register Write to Reg: 0x09 Val: 0x00000100
[inst #556] slt $1,$9,$8
Register Write to Reg: 0x01 Val: 0x00000000
[inst #557] bne $1,$0,1
[inst #558] j 4194372
[inst #559] addiu $23,$23,4
Register Write to Reg: 0x17 Val: 0x10010024
[inst #560] addiu $17,$17,1
Register Write to Reg: 0x11 Val: 0x00000009
[inst #561] beq $17,$18,-17
[inst #562] addiu $17,$0,0
Register Write to Reg: 0x11 Val: 0x00000000
[inst #563] addi $1,$0,0
Register Write to Reg: 0x01 Val: 0x00000000
[inst #564] beq $1,$16,15
[inst #565] addiu $16,$0,0
Register Write to Reg: 0x10 Val: 0x00000000
[inst #566] lui $1,4097
Register Write to Reg: 0x01 Val: 0x10010000
[inst #567] ori $23,$1,0
Register Write to Reg: 0x17 Val: 0x10010000
[inst #568] lw $8,0($23)
Register Write to Reg: 0x08 Val: 0xFFFFFFFF
[inst #569] lw $9,4($23)
Register Write to Reg: 0x09 Val: 0x00000000
[inst #570] slt $1,$9,$8
Register Write to Reg: 0x01 Val: 0x00000000
[inst #571] bne $1,$0,1
[inst #572] j 4194372
[inst #573] addiu $23,$23,4
Register Write to Reg: 0x17 Val: 0x10010004
[inst #574] addiu $17,$17,1
Register Write to Reg: 0x11 Val: 0x00000001
[inst #575] beq $17,$18,-17
[inst #576] j 4194340
[inst #577] lw $8,0($23)
Register Write to Reg: 0x08 Val: 0x00000000
[inst #578] lw $9,4($23)
Register Write to Reg: 0x09 Val: 0xFFFFFFFD
[inst #579] slt $1,$9,$8
Register Write to Reg: 0x01 Val: 0x00000001
[inst #580] bne $1,$0,1
[inst #581] addiu $16,$0,1
Register Write to Reg: 0x10 Val: 0x00000001
[inst #582] sw $8,4($23)
Memory Write to Addr: 0x10010008 Val: 0x00000000
[inst #583] sw $9,0($23)
Memory Write to Addr: 0x10010004 Val: 0xFFFFFFFD
[inst #584] addiu $23,$23,4
Register Write to Reg: 0x17 Val: 0x10010008
[inst #585] addiu $17,$17,1
Register Write to Reg: 0x11 Val: 0x00000002
[inst #586] beq $17,$18,-17
[inst #587] j 4194340
[inst #588] lw $8,0($23)
Register Write to Reg: 0x08 Val: 0x00000000
[inst #589] lw $9,4($23)
Register Write to Reg: 0x09 Val: 0x00000000
[inst #590] slt $1,$9,$8
Register Write to Reg: 0x01 Val: 0x00000000
[inst #591] bne $1,$0,1
[inst #592] j 4194372
[inst #593] addiu $23,$23,4
Register Write to Reg: 0x17 Val: 0x1001000C
[inst #594] addiu $17,$17,1
Register Write to Reg: 0x11 Val: 0x00000003
[inst #595] beq $17,$18,-17
[inst #596] j 4194340
[inst #597] lw $8,0($23)
Register Write to Reg: 0x08 Val: 0x00000000
[inst #598] lw $9,4($23)
Register Write to Reg: 0x09 Val: 0x00000000
[inst #599] slt $1,$9,$8
Register Write to Reg: 0x01 Val: 0x00000000
[inst #600] bne $1,$0,1
[inst #601] j 4194372
[inst #602] addiu $23,$23,4
Register Write to Reg: 0x17 Val: 0x10010010
[inst #603] addiu $17,$17,1
Register Write to Reg: 0x11 Val: 0x00000004
[inst #604] beq $17,$18,-17
[inst #605] j 4194340
[inst #606] lw $8,0($23)
Register Write to Reg: 0x08 Val: 0x00000000
[inst #607] lw $9,4($23)
Register Write to Reg: 0x09 Val: 0x00000002
[inst #608] slt $1,$9,$8
Register Write to Reg: 0x01 Val: 0x00000000
[inst #609] bne $1,$0,1
[inst #610] j 4194372
[inst #611] addiu $23,$23,4
Register Write to Reg: 0x17 Val: 0x10010014
[inst #612] addiu $17,$17,1
Register Write to Reg: 0x11 Val: 0x00000005
[inst #613] beq $17,$18,-17
[inst #614] j 4194340
[inst #615] lw $8,0($23)
Register Write to Reg: 0x08 Val: 0x00000002
[inst #616] lw $9,4($23)
Register Write to Reg: 0x09 Val: 0x00000003
[inst #617] slt $1,$9,$8
Register Write to Reg: 0x01 Val: 0x00000000
[inst #618] bne $1,$0,1
[inst #619] j 4194372
[inst #620] addiu $23,$23,4
Register Write to Reg: 0x17 Val: 0x10010018
[inst #621] addiu $17,$17,1
Register Write to Reg: 0x11 Val: 0x00000006
[inst #622] beq $17,$18,-17
[inst #623] j 4194340
[inst #624] lw $8,0($23)
Register Write to Reg: 0x08 Val: 0x00000003
[inst #625] lw $9,4($23)
Register Write to Reg: 0x09 Val: 0x00000003
[inst #626] slt $1,$9,$8
Register Write to Reg: 0x01 Val: 0x00000000
[inst #627] bne $1,$0,1
[inst #628] j 4194372
[inst #629] addiu $23,$23,4
Register Write to Reg: 0x17 Val: 0x1001001C
[inst #630] addiu $17,$17,1
Register Write to Reg: 0x11 Val: 0x00000007
[inst #631] beq $17,$18,-17
[inst #632] j 4194340
[inst #633] lw $8,0($23)
Register Write to Reg: 0x08 Val: 0x00000003
[inst #634] lw $9,4($23)
Register Write to Reg: 0x09 Val: 0x00000036
[inst #635] slt $1,$9,$8
Register Write to Reg: 0x01 Val: 0x00000000
[inst #636] bne $1,$0,1
[inst #637] j 4194372
[inst #638] addiu $23,$23,4
Register Write to Reg: 0x17 Val: 0x10010020
[inst #639] addiu $17,$17,1
Register Write to Reg: 0x11 Val: 0x00000008
[inst #640] beq $17,$18,-17
[inst #641] j 4194340
[inst #642] lw $8,0($23)
Register Write to Reg: 0x08 Val: 0x00000036
[inst #643] lw $9,4($23)
Register Write to Reg: 0x09 Val: 0x00000100
[inst #644] slt $1,$9,$8
Register Write to Reg: 0x01 Val: 0x00000000
[inst #645] bne $1,$0,1
[inst #646] j 4194372
[inst #647] addiu $23,$23,4
Register Write to Reg: 0x17 Val: 0x10010024
[inst #648] addiu $17,$17,1
Register Write to Reg: 0x11 Val: 0x00000009
[inst #649] beq $17,$18,-17
[inst #650] addiu $17,$0,0
Register Write to Reg: 0x11 Val: 0x00000000
[inst #651] addi $1,$0,0
Register Write to Reg: 0x01 Val: 0x00000000
[inst #652] beq $1,$16,15
[inst #653] addiu $16,$0,0
Register Write to Reg: 0x10 Val: 0x00000000
[inst #654] lui $1,4097
Register Write to Reg: 0x01 Val: 0x10010000
[inst #655] ori $23,$1,0
Register Write to Reg: 0x17 Val: 0x10010000
[inst #656] lw $8,0($23)
Register Write to Reg: 0x08 Val: 0xFFFFFFFF
[inst #657] lw $9,4($23)
Register Write to Reg: 0x09 Val: 0xFFFFFFFD
[inst #658] slt $1,$9,$8
Register Write to Reg: 0x01 Val: 0x00000001
[inst #659] bne $1,$0,1
[inst #660] addiu $16,$0,1
Register Write to Reg: 0x10 Val: 0x00000001
[inst #661] sw $8,4($23)
Memory Write to Addr: 0x10010004 Val: 0xFFFFFFFF
[inst #662] sw $9,0($23)
Memory Write to Addr: 0x10010000 Val: 0xFFFFFFFD
[inst #663] addiu $23,$23,4
Register Write to Reg: 0x17 Val: 0x10010004
[inst #664] addiu $17,$17,1
Register Write to Reg: 0x11 Val: 0x00000001
[inst #665] beq $17,$18,-17
[inst #666] j 4194340
[inst #667] lw $8,0($23)
Register Write to Reg: 0x08 Val: 0xFFFFFFFF
[inst #668] lw $9,4($23)
Register Write to Reg: 0x09 Val: 0x00000000
[inst #669] slt $1,$9,$8
Register Write to Reg: 0x01 Val: 0x00000000
[inst #670] bne $1,$0,1
[inst #671] j 4194372
[inst #672] addiu $23,$23,4
Register Write to Reg: 0x17 Val: 0x10010008
[inst #673] addiu $17,$17,1
Register Write to Reg: 0x11 Val: 0x00000002
[inst #674] beq $17,$18,-17
[inst #675] j 4194340
[inst #676] lw $8,0($23)
Register Write to Reg: 0x08 Val: 0x00000000
[inst #677] lw $9,4($23)
Register Write to Reg: 0x09 Val: 0x00000000
[inst #678] slt $1,$9,$8
Register Write to Reg: 0x01 Val: 0x00000000
[inst #679] bne $1,$0,1
[inst #680] j 4194372
[inst #681] addiu $23,$23,4
Register Write to Reg: 0x17 Val: 0x1001000C
[inst #682] addiu $17,$17,1
Register Write to Reg: 0x11 Val: 0x00000003
[inst #683] beq $17,$18,-17
[inst #684] j 4194340
[inst #685] lw $8,0($23)
Register Write to Reg: 0x08 Val: 0x00000000
[inst #686] lw $9,4($23)
Register Write to Reg: 0x09 Val: 0x00000000
[inst #687] slt $1,$9,$8
Register Write to Reg: 0x01 Val: 0x00000000
[inst #688] bne $1,$0,1
[inst #689] j 4194372
[inst #690] addiu $23,$23,4
Register Write to Reg: 0x17 Val: 0x10010010
[inst #691] addiu $17,$17,1
Register Write to Reg: 0x11 Val: 0x00000004
[inst #692] beq $17,$18,-17
[inst #693] j 4194340
[inst #694] lw $8,0($23)
Register Write to Reg: 0x08 Val: 0x00000000
[inst #695] lw $9,4($23)
Register Write to Reg: 0x09 Val: 0x00000002
[inst #696] slt $1,$9,$8
Register Write to Reg: 0x01 Val: 0x00000000
[inst #697] bne $1,$0,1
[inst #698] j 4194372
[inst #699] addiu $23,$23,4
Register Write to Reg: 0x17 Val: 0x10010014
[inst #700] addiu $17,$17,1
Register Write to Reg: 0x11 Val: 0x00000005
[inst #701] beq $17,$18,-17
[inst #702] j 4194340
[inst #703] lw $8,0($23)
Register Write to Reg: 0x08 Val: 0x00000002
[inst #704] lw $9,4($23)
Register Write to Reg: 0x09 Val: 0x00000003
[inst #705] slt $1,$9,$8
Register Write to Reg: 0x01 Val: 0x00000000
[inst #706] bne $1,$0,1
[inst #707] j 4194372
[inst #708] addiu $23,$23,4
Register Write to Reg: 0x17 Val: 0x10010018
[inst #709] addiu $17,$17,1
Register Write to Reg: 0x11 Val: 0x00000006
[inst #710] beq $17,$18,-17
[inst #711] j 4194340
[inst #712] lw $8,0($23)
Register Write to Reg: 0x08 Val: 0x00000003
[inst #713] lw $9,4($23)
Register Write to Reg: 0x09 Val: 0x00000003
[inst #714] slt $1,$9,$8
Register Write to Reg: 0x01 Val: 0x00000000
[inst #715] bne $1,$0,1
[inst #716] j 4194372
[inst #717] addiu $23,$23,4
Register Write to Reg: 0x17 Val: 0x1001001C
[inst #718] addiu $17,$17,1
Register Write to Reg: 0x11 Val: 0x00000007
[inst #719] beq $17,$18,-17
[inst #720] j 4194340
[inst #721] lw $8,0($23)
Register Write to Reg: 0x08 Val: 0x00000003
[inst #722] lw $9,4($23)
Register Write to Reg: 0x09 Val: 0x00000036
[inst #723] slt $1,$9,$8
Register Write to Reg: 0x01 Val: 0x00000000
[inst #724] bne $1,$0,1
[inst #725] j 4194372
[inst #726] addiu $23,$23,4
Register Write to Reg: 0x17 Val: 0x10010020
[inst #727] addiu $17,$17,1
Register Write to Reg: 0x11 Val: 0x00000008
[inst #728] beq $17,$18,-17
[inst #729] j 4194340
[inst #730] lw $8,0($23)
Register Write to Reg: 0x08 Val: 0x00000036
[inst #731] lw $9,4($23)
Register Write to Reg: 0x09 Val: 0x00000100
[inst #732] slt $1,$9,$8
Register Write to Reg: 0x01 Val: 0x00000000
[inst #733] bne $1,$0,1
[inst #734] j 4194372
[inst #735] addiu $23,$23,4
Register Write to Reg: 0x17 Val: 0x10010024
[inst #736] addiu $17,$17,1
Register Write to Reg: 0x11 Val: 0x00000009
[inst #737] beq $17,$18,-17
[inst #738] addiu $17,$0,0
Register Write to Reg: 0x11 Val: 0x00000000
[inst #739] addi $1,$0,0
Register Write to Reg: 0x01 Val: 0x00000000
[inst #740] beq $1,$16,15
[inst #741] addiu $16,$0,0
Register Write to Reg: 0x10 Val: 0x00000000
[inst #742] lui $1,4097
Register Write to Reg: 0x01 Val: 0x10010000
[inst #743] ori $23,$1,0
Register Write to Reg: 0x17 Val: 0x10010000
[inst #744] lw $8,0($23)
Register Write to Reg: 0x08 Val: 0xFFFFFFFD
[inst #745] lw $9,4($23)
Register Write to Reg: 0x09 Val: 0xFFFFFFFF
[inst #746] slt $1,$9,$8
Register Write to Reg: 0x01 Val: 0x00000000
[inst #747] bne $1,$0,1
[inst #748] j 4194372
[inst #749] addiu $23,$23,4
Register Write to Reg: 0x17 Val: 0x10010004
[inst #750] addiu $17,$17,1
Register Write to Reg: 0x11 Val: 0x00000001
[inst #751] beq $17,$18,-17
[inst #752] j 4194340
[inst #753] lw $8,0($23)
Register Write to Reg: 0x08 Val: 0xFFFFFFFF
[inst #754] lw $9,4($23)
Register Write to Reg: 0x09 Val: 0x00000000
[inst #755] slt $1,$9,$8
Register Write to Reg: 0x01 Val: 0x00000000
[inst #756] bne $1,$0,1
[inst #757] j 4194372
[inst #758] addiu $23,$23,4
Register Write to Reg: 0x17 Val: 0x10010008
[inst #759] addiu $17,$17,1
Register Write to Reg: 0x11 Val: 0x00000002
[inst #760] beq $17,$18,-17
[inst #761] j 4194340
[inst #762] lw $8,0($23)
Register Write to Reg: 0x08 Val: 0x00000000
[inst #763] lw $9,4($23)
Register Write to Reg: 0x09 Val: 0x00000000
[inst #764] slt $1,$9,$8
Register Write to Reg: 0x01 Val: 0x00000000
[inst #765] bne $1,$0,1
[inst #766] j 4194372
[inst #767] addiu $23,$23,4
Register Write to Reg: 0x17 Val: 0x1001000C
[inst #768] addiu $17,$17,1
Register Write to Reg: 0x11 Val: 0x00000003
[inst #769] beq $17,$18,-17
[inst #770] j 4194340
[inst #771] lw $8,0($23)
Register Write to Reg: 0x08 Val: 0x00000000
[inst #772] lw $9,4($23)
Register Write to Reg: 0x09 Val: 0x00000000
[inst #773] slt $1,$9,$8
Register Write to Reg: 0x01 Val: 0x00000000
[inst #774] bne $1,$0,1
[inst #775] j 4194372
[inst #776] addiu $23,$23,4
Register Write to Reg: 0x17 Val: 0x10010010
[inst #777] addiu $17,$17,1
Register Write to Reg: 0x11 Val: 0x00000004
[inst #778] beq $17,$18,-17
[inst #779] j 4194340
[inst #780] lw $8,0($23)
Register Write to Reg: 0x08 Val: 0x00000000
[inst #781] lw $9,4($23)
Register Write to Reg: 0x09 Val: 0x00000002
[inst #782] slt $1,$9,$8
Register Write to Reg: 0x01 Val: 0x00000000
[inst #783] bne $1,$0,1
[inst #784] j 4194372
[inst #785] addiu $23,$23,4
Register Write to Reg: 0x17 Val: 0x10010014
[inst #786] addiu $17,$17,1
Register Write to Reg: 0x11 Val: 0x00000005
[inst #787] beq $17,$18,-17
[inst #788] j 4194340
[inst #789] lw $8,0($23)
Register Write to Reg: 0x08 Val: 0x00000002
[inst #790] lw $9,4($23)
Register Write to Reg: 0x09 Val: 0x00000003
[inst #791] slt $1,$9,$8
Register Write to Reg: 0x01 Val: 0x00000000
[inst #792] bne $1,$0,1
[inst #793] j 4194372
[inst #794] addiu $23,$23,4
Register Write to Reg: 0x17 Val: 0x10010018
[inst #795] addiu $17,$17,1
Register Write to Reg: 0x11 Val: 0x00000006
[inst #796] beq $17,$18,-17
[inst #797] j 4194340
[inst #798] lw $8,0($23)
Register Write to Reg: 0x08 Val: 0x00000003
[inst #799] lw $9,4($23)
Register Write to Reg: 0x09 Val: 0x00000003
[inst #800] slt $1,$9,$8
Register Write to Reg: 0x01 Val: 0x00000000
[inst #801] bne $1,$0,1
[inst #802] j 4194372
[inst #803] addiu $23,$23,4
Register Write to Reg: 0x17 Val: 0x1001001C
[inst #804] addiu $17,$17,1
Register Write to Reg: 0x11 Val: 0x00000007
[inst #805] beq $17,$18,-17
[inst #806] j 4194340
[inst #807] lw $8,0($23)
Register Write to Reg: 0x08 Val: 0x00000003
[inst #808] lw $9,4($23)
Register Write to Reg: 0x09 Val: 0x00000036
[inst #809] slt $1,$9,$8
Register Write to Reg: 0x01 Val: 0x00000000
[inst #810] bne $1,$0,1
[inst #811] j 4194372
[inst #812] addiu $23,$23,4
Register Write to Reg: 0x17 Val: 0x10010020
[inst #813] addiu $17,$17,1
Register Write to Reg: 0x11 Val: 0x00000008
[inst #814] beq $17,$18,-17
[inst #815] j 4194340
[inst #816] lw $8,0($23)
Register Write to Reg: 0x08 Val: 0x00000036
[inst #817] lw $9,4($23)
Register Write to Reg: 0x09 Val: 0x00000100
[inst #818] slt $1,$9,$8
Register Write to Reg: 0x01 Val: 0x00000000
[inst #819] bne $1,$0,1
[inst #820] j 4194372
[inst #821] addiu $23,$23,4
Register Write to Reg: 0x17 Val: 0x10010024
[inst #822] addiu $17,$17,1
Register Write to Reg: 0x11 Val: 0x00000009
[inst #823] beq $17,$18,-17
[inst #824] addiu $17,$0,0
Register Write to Reg: 0x11 Val: 0x00000000
[inst #825] addi $1,$0,0
Register Write to Reg: 0x01 Val: 0x00000000
[inst #826] beq $1,$16,15
[inst #827] halt 

