In clock cycle: 2
Register Write to Reg: 0x00 Val: 0x00000000
In clock cycle: 3
Register Write to Reg: 0x00 Val: 0x00000000
In clock cycle: 4
Register Write to Reg: 0x10 Val: 0x00000001
In clock cycle: 5
Register Write to Reg: 0x12 Val: 0x00000009
In clock cycle: 10
Register Write to Reg: 0x00 Val: 0x00000000
In clock cycle: 11
Register Write to Reg: 0x11 Val: 0x00000000
In clock cycle: 12
Register Write to Reg: 0x01 Val: 0x00000000
In clock cycle: 16
Register Write to Reg: 0x10 Val: 0x00000000
In clock cycle: 17
Register Write to Reg: 0x01 Val: 0x10010000
In clock cycle: 20
Register Write to Reg: 0x17 Val: 0x10010000
In clock cycle: 23
Register Write to Reg: 0x08 Val: 0x00000003
In clock cycle: 24
Register Write to Reg: 0x09 Val: 0x00000000
In clock cycle: 27
Register Write to Reg: 0x01 Val: 0x00000001
In clock cycle: 33
Register Write to Reg: 0x00 Val: 0x00000000
In clock cycle: 34
Register Write to Reg: 0x10 Val: 0x00000001
In clock cycle: 34
Memory Write to Addr: 0x10010004 Val: 0x00000003
In clock cycle: 35
Memory Write to Addr: 0x10010000 Val: 0x00000000
In clock cycle: 37
Register Write to Reg: 0x17 Val: 0x10010004
In clock cycle: 38
Register Write to Reg: 0x11 Val: 0x00000001
In clock cycle: 45
Register Write to Reg: 0x00 Val: 0x00000000
In clock cycle: 46
Register Write to Reg: 0x08 Val: 0x00000003
In clock cycle: 47
Register Write to Reg: 0x09 Val: 0x00000000
In clock cycle: 50
Register Write to Reg: 0x01 Val: 0x00000001
In clock cycle: 56
Register Write to Reg: 0x00 Val: 0x00000000
In clock cycle: 57
Register Write to Reg: 0x10 Val: 0x00000001
In clock cycle: 57
Memory Write to Addr: 0x10010008 Val: 0x00000003
In clock cycle: 58
Memory Write to Addr: 0x10010004 Val: 0x00000000
In clock cycle: 60
Register Write to Reg: 0x17 Val: 0x10010008
In clock cycle: 61
Register Write to Reg: 0x11 Val: 0x00000002
In clock cycle: 68
Register Write to Reg: 0x00 Val: 0x00000000
In clock cycle: 69
Register Write to Reg: 0x08 Val: 0x00000003
In clock cycle: 70
Register Write to Reg: 0x09 Val: 0x00000003
In clock cycle: 73
Register Write to Reg: 0x01 Val: 0x00000000
In clock cycle: 80
Register Write to Reg: 0x00 Val: 0x00000000
In clock cycle: 81
Register Write to Reg: 0x17 Val: 0x1001000C
In clock cycle: 82
Register Write to Reg: 0x11 Val: 0x00000003
In clock cycle: 89
Register Write to Reg: 0x00 Val: 0x00000000
In clock cycle: 90
Register Write to Reg: 0x08 Val: 0x00000003
In clock cycle: 91
Register Write to Reg: 0x09 Val: 0x00000036
In clock cycle: 94
Register Write to Reg: 0x01 Val: 0x00000000
In clock cycle: 101
Register Write to Reg: 0x00 Val: 0x00000000
In clock cycle: 102
Register Write to Reg: 0x17 Val: 0x10010010
In clock cycle: 103
Register Write to Reg: 0x11 Val: 0x00000004
In clock cycle: 110
Register Write to Reg: 0x00 Val: 0x00000000
In clock cycle: 111
Register Write to Reg: 0x08 Val: 0x00000036
In clock cycle: 112
Register Write to Reg: 0x09 Val: 0xFFFFFFFF
In clock cycle: 115
Register Write to Reg: 0x01 Val: 0x00000001
In clock cycle: 121
Register Write to Reg: 0x00 Val: 0x00000000
In clock cycle: 122
Register Write to Reg: 0x10 Val: 0x00000001
In clock cycle: 122
Memory Write to Addr: 0x10010014 Val: 0x00000036
In clock cycle: 123
Memory Write to Addr: 0x10010010 Val: 0xFFFFFFFF
In clock cycle: 125
Register Write to Reg: 0x17 Val: 0x10010014
In clock cycle: 126
Register Write to Reg: 0x11 Val: 0x00000005
In clock cycle: 133
Register Write to Reg: 0x00 Val: 0x00000000
In clock cycle: 134
Register Write to Reg: 0x08 Val: 0x00000036
In clock cycle: 135
Register Write to Reg: 0x09 Val: 0x00000002
In clock cycle: 138
Register Write to Reg: 0x01 Val: 0x00000001
In clock cycle: 144
Register Write to Reg: 0x00 Val: 0x00000000
In clock cycle: 145
Register Write to Reg: 0x10 Val: 0x00000001
In clock cycle: 145
Memory Write to Addr: 0x10010018 Val: 0x00000036
In clock cycle: 146
Memory Write to Addr: 0x10010014 Val: 0x00000002
In clock cycle: 148
Register Write to Reg: 0x17 Val: 0x10010018
In clock cycle: 149
Register Write to Reg: 0x11 Val: 0x00000006
In clock cycle: 156
Register Write to Reg: 0x00 Val: 0x00000000
In clock cycle: 157
Register Write to Reg: 0x08 Val: 0x00000036
In clock cycle: 158
Register Write to Reg: 0x09 Val: 0x00000100
In clock cycle: 161
Register Write to Reg: 0x01 Val: 0x00000000
In clock cycle: 168
Register Write to Reg: 0x00 Val: 0x00000000
In clock cycle: 169
Register Write to Reg: 0x17 Val: 0x1001001C
In clock cycle: 170
Register Write to Reg: 0x11 Val: 0x00000007
In clock cycle: 177
Register Write to Reg: 0x00 Val: 0x00000000
In clock cycle: 178
Register Write to Reg: 0x08 Val: 0x00000100
In clock cycle: 179
Register Write to Reg: 0x09 Val: 0xFFFFFFFD
In clock cycle: 182
Register Write to Reg: 0x01 Val: 0x00000001
In clock cycle: 188
Register Write to Reg: 0x00 Val: 0x00000000
In clock cycle: 189
Register Write to Reg: 0x10 Val: 0x00000001
In clock cycle: 189
Memory Write to Addr: 0x10010020 Val: 0x00000100
In clock cycle: 190
Memory Write to Addr: 0x1001001C Val: 0xFFFFFFFD
In clock cycle: 192
Register Write to Reg: 0x17 Val: 0x10010020
In clock cycle: 193
Register Write to Reg: 0x11 Val: 0x00000008
In clock cycle: 200
Register Write to Reg: 0x00 Val: 0x00000000
In clock cycle: 201
Register Write to Reg: 0x08 Val: 0x00000100
In clock cycle: 202
Register Write to Reg: 0x09 Val: 0x00000000
In clock cycle: 205
Register Write to Reg: 0x01 Val: 0x00000001
In clock cycle: 211
Register Write to Reg: 0x00 Val: 0x00000000
In clock cycle: 212
Register Write to Reg: 0x10 Val: 0x00000001
In clock cycle: 212
Memory Write to Addr: 0x10010024 Val: 0x00000100
In clock cycle: 213
Memory Write to Addr: 0x10010020 Val: 0x00000000
In clock cycle: 215
Register Write to Reg: 0x17 Val: 0x10010024
In clock cycle: 216
Register Write to Reg: 0x11 Val: 0x00000009
In clock cycle: 222
Register Write to Reg: 0x00 Val: 0x00000000
In clock cycle: 223
Register Write to Reg: 0x11 Val: 0x00000000
In clock cycle: 224
Register Write to Reg: 0x01 Val: 0x00000000
In clock cycle: 228
Register Write to Reg: 0x10 Val: 0x00000000
In clock cycle: 229
Register Write to Reg: 0x01 Val: 0x10010000
In clock cycle: 232
Register Write to Reg: 0x17 Val: 0x10010000
In clock cycle: 235
Register Write to Reg: 0x08 Val: 0x00000000
In clock cycle: 236
Register Write to Reg: 0x09 Val: 0x00000000
In clock cycle: 239
Register Write to Reg: 0x01 Val: 0x00000000
In clock cycle: 246
Register Write to Reg: 0x00 Val: 0x00000000
In clock cycle: 247
Register Write to Reg: 0x17 Val: 0x10010004
In clock cycle: 248
Register Write to Reg: 0x11 Val: 0x00000001
In clock cycle: 255
Register Write to Reg: 0x00 Val: 0x00000000
In clock cycle: 256
Register Write to Reg: 0x08 Val: 0x00000000
In clock cycle: 257
Register Write to Reg: 0x09 Val: 0x00000003
In clock cycle: 260
Register Write to Reg: 0x01 Val: 0x00000000
In clock cycle: 267
Register Write to Reg: 0x00 Val: 0x00000000
In clock cycle: 268
Register Write to Reg: 0x17 Val: 0x10010008
In clock cycle: 269
Register Write to Reg: 0x11 Val: 0x00000002
In clock cycle: 276
Register Write to Reg: 0x00 Val: 0x00000000
In clock cycle: 277
Register Write to Reg: 0x08 Val: 0x00000003
In clock cycle: 278
Register Write to Reg: 0x09 Val: 0x00000003
In clock cycle: 281
Register Write to Reg: 0x01 Val: 0x00000000
In clock cycle: 288
Register Write to Reg: 0x00 Val: 0x00000000
In clock cycle: 289
Register Write to Reg: 0x17 Val: 0x1001000C
In clock cycle: 290
Register Write to Reg: 0x11 Val: 0x00000003
In clock cycle: 297
Register Write to Reg: 0x00 Val: 0x00000000
In clock cycle: 298
Register Write to Reg: 0x08 Val: 0x00000003
In clock cycle: 299
Register Write to Reg: 0x09 Val: 0xFFFFFFFF
In clock cycle: 302
Register Write to Reg: 0x01 Val: 0x00000001
In clock cycle: 308
Register Write to Reg: 0x00 Val: 0x00000000
In clock cycle: 309
Register Write to Reg: 0x10 Val: 0x00000001
In clock cycle: 309
Memory Write to Addr: 0x10010010 Val: 0x00000003
In clock cycle: 310
Memory Write to Addr: 0x1001000C Val: 0xFFFFFFFF
In clock cycle: 312
Register Write to Reg: 0x17 Val: 0x10010010
In clock cycle: 313
Register Write to Reg: 0x11 Val: 0x00000004
In clock cycle: 320
Register Write to Reg: 0x00 Val: 0x00000000
In clock cycle: 321
Register Write to Reg: 0x08 Val: 0x00000003
In clock cycle: 322
Register Write to Reg: 0x09 Val: 0x00000002
In clock cycle: 325
Register Write to Reg: 0x01 Val: 0x00000001
In clock cycle: 331
Register Write to Reg: 0x00 Val: 0x00000000
In clock cycle: 332
Register Write to Reg: 0x10 Val: 0x00000001
In clock cycle: 332
Memory Write to Addr: 0x10010014 Val: 0x00000003
In clock cycle: 333
Memory Write to Addr: 0x10010010 Val: 0x00000002
In clock cycle: 335
Register Write to Reg: 0x17 Val: 0x10010014
In clock cycle: 336
Register Write to Reg: 0x11 Val: 0x00000005
In clock cycle: 343
Register Write to Reg: 0x00 Val: 0x00000000
In clock cycle: 344
Register Write to Reg: 0x08 Val: 0x00000003
In clock cycle: 345
Register Write to Reg: 0x09 Val: 0x00000036
In clock cycle: 348
Register Write to Reg: 0x01 Val: 0x00000000
In clock cycle: 355
Register Write to Reg: 0x00 Val: 0x00000000
In clock cycle: 356
Register Write to Reg: 0x17 Val: 0x10010018
In clock cycle: 357
Register Write to Reg: 0x11 Val: 0x00000006
In clock cycle: 364
Register Write to Reg: 0x00 Val: 0x00000000
In clock cycle: 365
Register Write to Reg: 0x08 Val: 0x00000036
In clock cycle: 366
Register Write to Reg: 0x09 Val: 0xFFFFFFFD
In clock cycle: 369
Register Write to Reg: 0x01 Val: 0x00000001
In clock cycle: 375
Register Write to Reg: 0x00 Val: 0x00000000
In clock cycle: 376
Register Write to Reg: 0x10 Val: 0x00000001
In clock cycle: 376
Memory Write to Addr: 0x1001001C Val: 0x00000036
In clock cycle: 377
Memory Write to Addr: 0x10010018 Val: 0xFFFFFFFD
In clock cycle: 379
Register Write to Reg: 0x17 Val: 0x1001001C
In clock cycle: 380
Register Write to Reg: 0x11 Val: 0x00000007
In clock cycle: 387
Register Write to Reg: 0x00 Val: 0x00000000
In clock cycle: 388
Register Write to Reg: 0x08 Val: 0x00000036
In clock cycle: 389
Register Write to Reg: 0x09 Val: 0x00000000
In clock cycle: 392
Register Write to Reg: 0x01 Val: 0x00000001
In clock cycle: 398
Register Write to Reg: 0x00 Val: 0x00000000
In clock cycle: 399
Register Write to Reg: 0x10 Val: 0x00000001
In clock cycle: 399
Memory Write to Addr: 0x10010020 Val: 0x00000036
In clock cycle: 400
Memory Write to Addr: 0x1001001C Val: 0x00000000
In clock cycle: 402
Register Write to Reg: 0x17 Val: 0x10010020
In clock cycle: 403
Register Write to Reg: 0x11 Val: 0x00000008
In clock cycle: 410
Register Write to Reg: 0x00 Val: 0x00000000
In clock cycle: 411
Register Write to Reg: 0x08 Val: 0x00000036
In clock cycle: 412
Register Write to Reg: 0x09 Val: 0x00000100
In clock cycle: 415
Register Write to Reg: 0x01 Val: 0x00000000
In clock cycle: 422
Register Write to Reg: 0x00 Val: 0x00000000
In clock cycle: 423
Register Write to Reg: 0x17 Val: 0x10010024
In clock cycle: 424
Register Write to Reg: 0x11 Val: 0x00000009
In clock cycle: 430
Register Write to Reg: 0x00 Val: 0x00000000
In clock cycle: 431
Register Write to Reg: 0x11 Val: 0x00000000
In clock cycle: 432
Register Write to Reg: 0x01 Val: 0x00000000
In clock cycle: 436
Register Write to Reg: 0x10 Val: 0x00000000
In clock cycle: 437
Register Write to Reg: 0x01 Val: 0x10010000
In clock cycle: 440
Register Write to Reg: 0x17 Val: 0x10010000
In clock cycle: 443
Register Write to Reg: 0x08 Val: 0x00000000
In clock cycle: 444
Register Write to Reg: 0x09 Val: 0x00000000
In clock cycle: 447
Register Write to Reg: 0x01 Val: 0x00000000
In clock cycle: 454
Register Write to Reg: 0x00 Val: 0x00000000
In clock cycle: 455
Register Write to Reg: 0x17 Val: 0x10010004
In clock cycle: 456
Register Write to Reg: 0x11 Val: 0x00000001
In clock cycle: 463
Register Write to Reg: 0x00 Val: 0x00000000
In clock cycle: 464
Register Write to Reg: 0x08 Val: 0x00000000
In clock cycle: 465
Register Write to Reg: 0x09 Val: 0x00000003
In clock cycle: 468
Register Write to Reg: 0x01 Val: 0x00000000
In clock cycle: 475
Register Write to Reg: 0x00 Val: 0x00000000
In clock cycle: 476
Register Write to Reg: 0x17 Val: 0x10010008
In clock cycle: 477
Register Write to Reg: 0x11 Val: 0x00000002
In clock cycle: 484
Register Write to Reg: 0x00 Val: 0x00000000
In clock cycle: 485
Register Write to Reg: 0x08 Val: 0x00000003
In clock cycle: 486
Register Write to Reg: 0x09 Val: 0xFFFFFFFF
In clock cycle: 489
Register Write to Reg: 0x01 Val: 0x00000001
In clock cycle: 495
Register Write to Reg: 0x00 Val: 0x00000000
In clock cycle: 496
Register Write to Reg: 0x10 Val: 0x00000001
In clock cycle: 496
Memory Write to Addr: 0x1001000C Val: 0x00000003
In clock cycle: 497
Memory Write to Addr: 0x10010008 Val: 0xFFFFFFFF
In clock cycle: 499
Register Write to Reg: 0x17 Val: 0x1001000C
In clock cycle: 500
Register Write to Reg: 0x11 Val: 0x00000003
In clock cycle: 507
Register Write to Reg: 0x00 Val: 0x00000000
In clock cycle: 508
Register Write to Reg: 0x08 Val: 0x00000003
In clock cycle: 509
Register Write to Reg: 0x09 Val: 0x00000002
In clock cycle: 512
Register Write to Reg: 0x01 Val: 0x00000001
In clock cycle: 518
Register Write to Reg: 0x00 Val: 0x00000000
In clock cycle: 519
Register Write to Reg: 0x10 Val: 0x00000001
In clock cycle: 519
Memory Write to Addr: 0x10010010 Val: 0x00000003
In clock cycle: 520
Memory Write to Addr: 0x1001000C Val: 0x00000002
In clock cycle: 522
Register Write to Reg: 0x17 Val: 0x10010010
In clock cycle: 523
Register Write to Reg: 0x11 Val: 0x00000004
In clock cycle: 530
Register Write to Reg: 0x00 Val: 0x00000000
In clock cycle: 531
Register Write to Reg: 0x08 Val: 0x00000003
In clock cycle: 532
Register Write to Reg: 0x09 Val: 0x00000003
In clock cycle: 535
Register Write to Reg: 0x01 Val: 0x00000000
In clock cycle: 542
Register Write to Reg: 0x00 Val: 0x00000000
In clock cycle: 543
Register Write to Reg: 0x17 Val: 0x10010014
In clock cycle: 544
Register Write to Reg: 0x11 Val: 0x00000005
In clock cycle: 551
Register Write to Reg: 0x00 Val: 0x00000000
In clock cycle: 552
Register Write to Reg: 0x08 Val: 0x00000003
In clock cycle: 553
Register Write to Reg: 0x09 Val: 0xFFFFFFFD
In clock cycle: 556
Register Write to Reg: 0x01 Val: 0x00000001
In clock cycle: 562
Register Write to Reg: 0x00 Val: 0x00000000
In clock cycle: 563
Register Write to Reg: 0x10 Val: 0x00000001
In clock cycle: 563
Memory Write to Addr: 0x10010018 Val: 0x00000003
In clock cycle: 564
Memory Write to Addr: 0x10010014 Val: 0xFFFFFFFD
In clock cycle: 566
Register Write to Reg: 0x17 Val: 0x10010018
In clock cycle: 567
Register Write to Reg: 0x11 Val: 0x00000006
In clock cycle: 574
Register Write to Reg: 0x00 Val: 0x00000000
In clock cycle: 575
Register Write to Reg: 0x08 Val: 0x00000003
In clock cycle: 576
Register Write to Reg: 0x09 Val: 0x00000000
In clock cycle: 579
Register Write to Reg: 0x01 Val: 0x00000001
In clock cycle: 585
Register Write to Reg: 0x00 Val: 0x00000000
In clock cycle: 586
Register Write to Reg: 0x10 Val: 0x00000001
In clock cycle: 586
Memory Write to Addr: 0x1001001C Val: 0x00000003
In clock cycle: 587
Memory Write to Addr: 0x10010018 Val: 0x00000000
In clock cycle: 589
Register Write to Reg: 0x17 Val: 0x1001001C
In clock cycle: 590
Register Write to Reg: 0x11 Val: 0x00000007
In clock cycle: 597
Register Write to Reg: 0x00 Val: 0x00000000
In clock cycle: 598
Register Write to Reg: 0x08 Val: 0x00000003
In clock cycle: 599
Register Write to Reg: 0x09 Val: 0x00000036
In clock cycle: 602
Register Write to Reg: 0x01 Val: 0x00000000
In clock cycle: 609
Register Write to Reg: 0x00 Val: 0x00000000
In clock cycle: 610
Register Write to Reg: 0x17 Val: 0x10010020
In clock cycle: 611
Register Write to Reg: 0x11 Val: 0x00000008
In clock cycle: 618
Register Write to Reg: 0x00 Val: 0x00000000
In clock cycle: 619
Register Write to Reg: 0x08 Val: 0x00000036
In clock cycle: 620
Register Write to Reg: 0x09 Val: 0x00000100
In clock cycle: 623
Register Write to Reg: 0x01 Val: 0x00000000
In clock cycle: 630
Register Write to Reg: 0x00 Val: 0x00000000
In clock cycle: 631
Register Write to Reg: 0x17 Val: 0x10010024
In clock cycle: 632
Register Write to Reg: 0x11 Val: 0x00000009
In clock cycle: 638
Register Write to Reg: 0x00 Val: 0x00000000
In clock cycle: 639
Register Write to Reg: 0x11 Val: 0x00000000
In clock cycle: 640
Register Write to Reg: 0x01 Val: 0x00000000
In clock cycle: 644
Register Write to Reg: 0x10 Val: 0x00000000
In clock cycle: 645
Register Write to Reg: 0x01 Val: 0x10010000
In clock cycle: 648
Register Write to Reg: 0x17 Val: 0x10010000
In clock cycle: 651
Register Write to Reg: 0x08 Val: 0x00000000
In clock cycle: 652
Register Write to Reg: 0x09 Val: 0x00000000
In clock cycle: 655
Register Write to Reg: 0x01 Val: 0x00000000
In clock cycle: 662
Register Write to Reg: 0x00 Val: 0x00000000
In clock cycle: 663
Register Write to Reg: 0x17 Val: 0x10010004
In clock cycle: 664
Register Write to Reg: 0x11 Val: 0x00000001
In clock cycle: 671
Register Write to Reg: 0x00 Val: 0x00000000
In clock cycle: 672
Register Write to Reg: 0x08 Val: 0x00000000
In clock cycle: 673
Register Write to Reg: 0x09 Val: 0xFFFFFFFF
In clock cycle: 676
Register Write to Reg: 0x01 Val: 0x00000001
In clock cycle: 682
Register Write to Reg: 0x00 Val: 0x00000000
In clock cycle: 683
Register Write to Reg: 0x10 Val: 0x00000001
In clock cycle: 683
Memory Write to Addr: 0x10010008 Val: 0x00000000
In clock cycle: 684
Memory Write to Addr: 0x10010004 Val: 0xFFFFFFFF
In clock cycle: 686
Register Write to Reg: 0x17 Val: 0x10010008
In clock cycle: 687
Register Write to Reg: 0x11 Val: 0x00000002
In clock cycle: 694
Register Write to Reg: 0x00 Val: 0x00000000
In clock cycle: 695
Register Write to Reg: 0x08 Val: 0x00000000
In clock cycle: 696
Register Write to Reg: 0x09 Val: 0x00000002
In clock cycle: 699
Register Write to Reg: 0x01 Val: 0x00000000
In clock cycle: 706
Register Write to Reg: 0x00 Val: 0x00000000
In clock cycle: 707
Register Write to Reg: 0x17 Val: 0x1001000C
In clock cycle: 708
Register Write to Reg: 0x11 Val: 0x00000003
In clock cycle: 715
Register Write to Reg: 0x00 Val: 0x00000000
In clock cycle: 716
Register Write to Reg: 0x08 Val: 0x00000002
In clock cycle: 717
Register Write to Reg: 0x09 Val: 0x00000003
In clock cycle: 720
Register Write to Reg: 0x01 Val: 0x00000000
In clock cycle: 727
Register Write to Reg: 0x00 Val: 0x00000000
In clock cycle: 728
Register Write to Reg: 0x17 Val: 0x10010010
In clock cycle: 729
Register Write to Reg: 0x11 Val: 0x00000004
In clock cycle: 736
Register Write to Reg: 0x00 Val: 0x00000000
In clock cycle: 737
Register Write to Reg: 0x08 Val: 0x00000003
In clock cycle: 738
Register Write to Reg: 0x09 Val: 0xFFFFFFFD
In clock cycle: 741
Register Write to Reg: 0x01 Val: 0x00000001
In clock cycle: 747
Register Write to Reg: 0x00 Val: 0x00000000
In clock cycle: 748
Register Write to Reg: 0x10 Val: 0x00000001
In clock cycle: 748
Memory Write to Addr: 0x10010014 Val: 0x00000003
In clock cycle: 749
Memory Write to Addr: 0x10010010 Val: 0xFFFFFFFD
In clock cycle: 751
Register Write to Reg: 0x17 Val: 0x10010014
In clock cycle: 752
Register Write to Reg: 0x11 Val: 0x00000005
In clock cycle: 759
Register Write to Reg: 0x00 Val: 0x00000000
In clock cycle: 760
Register Write to Reg: 0x08 Val: 0x00000003
In clock cycle: 761
Register Write to Reg: 0x09 Val: 0x00000000
In clock cycle: 764
Register Write to Reg: 0x01 Val: 0x00000001
In clock cycle: 770
Register Write to Reg: 0x00 Val: 0x00000000
In clock cycle: 771
Register Write to Reg: 0x10 Val: 0x00000001
In clock cycle: 771
Memory Write to Addr: 0x10010018 Val: 0x00000003
In clock cycle: 772
Memory Write to Addr: 0x10010014 Val: 0x00000000
In clock cycle: 774
Register Write to Reg: 0x17 Val: 0x10010018
In clock cycle: 775
Register Write to Reg: 0x11 Val: 0x00000006
In clock cycle: 782
Register Write to Reg: 0x00 Val: 0x00000000
In clock cycle: 783
Register Write to Reg: 0x08 Val: 0x00000003
In clock cycle: 784
Register Write to Reg: 0x09 Val: 0x00000003
In clock cycle: 787
Register Write to Reg: 0x01 Val: 0x00000000
In clock cycle: 794
Register Write to Reg: 0x00 Val: 0x00000000
In clock cycle: 795
Register Write to Reg: 0x17 Val: 0x1001001C
In clock cycle: 796
Register Write to Reg: 0x11 Val: 0x00000007
In clock cycle: 803
Register Write to Reg: 0x00 Val: 0x00000000
In clock cycle: 804
Register Write to Reg: 0x08 Val: 0x00000003
In clock cycle: 805
Register Write to Reg: 0x09 Val: 0x00000036
In clock cycle: 808
Register Write to Reg: 0x01 Val: 0x00000000
In clock cycle: 815
Register Write to Reg: 0x00 Val: 0x00000000
In clock cycle: 816
Register Write to Reg: 0x17 Val: 0x10010020
In clock cycle: 817
Register Write to Reg: 0x11 Val: 0x00000008
In clock cycle: 824
Register Write to Reg: 0x00 Val: 0x00000000
In clock cycle: 825
Register Write to Reg: 0x08 Val: 0x00000036
In clock cycle: 826
Register Write to Reg: 0x09 Val: 0x00000100
In clock cycle: 829
Register Write to Reg: 0x01 Val: 0x00000000
In clock cycle: 836
Register Write to Reg: 0x00 Val: 0x00000000
In clock cycle: 837
Register Write to Reg: 0x17 Val: 0x10010024
In clock cycle: 838
Register Write to Reg: 0x11 Val: 0x00000009
In clock cycle: 844
Register Write to Reg: 0x00 Val: 0x00000000
In clock cycle: 845
Register Write to Reg: 0x11 Val: 0x00000000
In clock cycle: 846
Register Write to Reg: 0x01 Val: 0x00000000
In clock cycle: 850
Register Write to Reg: 0x10 Val: 0x00000000
In clock cycle: 851
Register Write to Reg: 0x01 Val: 0x10010000
In clock cycle: 854
Register Write to Reg: 0x17 Val: 0x10010000
In clock cycle: 857
Register Write to Reg: 0x08 Val: 0x00000000
In clock cycle: 858
Register Write to Reg: 0x09 Val: 0xFFFFFFFF
In clock cycle: 861
Register Write to Reg: 0x01 Val: 0x00000001
In clock cycle: 867
Register Write to Reg: 0x00 Val: 0x00000000
In clock cycle: 868
Register Write to Reg: 0x10 Val: 0x00000001
In clock cycle: 868
Memory Write to Addr: 0x10010004 Val: 0x00000000
In clock cycle: 869
Memory Write to Addr: 0x10010000 Val: 0xFFFFFFFF
In clock cycle: 871
Register Write to Reg: 0x17 Val: 0x10010004
In clock cycle: 872
Register Write to Reg: 0x11 Val: 0x00000001
In clock cycle: 879
Register Write to Reg: 0x00 Val: 0x00000000
In clock cycle: 880
Register Write to Reg: 0x08 Val: 0x00000000
In clock cycle: 881
Register Write to Reg: 0x09 Val: 0x00000000
In clock cycle: 884
Register Write to Reg: 0x01 Val: 0x00000000
In clock cycle: 891
Register Write to Reg: 0x00 Val: 0x00000000
In clock cycle: 892
Register Write to Reg: 0x17 Val: 0x10010008
In clock cycle: 893
Register Write to Reg: 0x11 Val: 0x00000002
In clock cycle: 900
Register Write to Reg: 0x00 Val: 0x00000000
In clock cycle: 901
Register Write to Reg: 0x08 Val: 0x00000000
In clock cycle: 902
Register Write to Reg: 0x09 Val: 0x00000002
In clock cycle: 905
Register Write to Reg: 0x01 Val: 0x00000000
In clock cycle: 912
Register Write to Reg: 0x00 Val: 0x00000000
In clock cycle: 913
Register Write to Reg: 0x17 Val: 0x1001000C
In clock cycle: 914
Register Write to Reg: 0x11 Val: 0x00000003
In clock cycle: 921
Register Write to Reg: 0x00 Val: 0x00000000
In clock cycle: 922
Register Write to Reg: 0x08 Val: 0x00000002
In clock cycle: 923
Register Write to Reg: 0x09 Val: 0xFFFFFFFD
In clock cycle: 926
Register Write to Reg: 0x01 Val: 0x00000001
In clock cycle: 932
Register Write to Reg: 0x00 Val: 0x00000000
In clock cycle: 933
Register Write to Reg: 0x10 Val: 0x00000001
In clock cycle: 933
Memory Write to Addr: 0x10010010 Val: 0x00000002
In clock cycle: 934
Memory Write to Addr: 0x1001000C Val: 0xFFFFFFFD
In clock cycle: 936
Register Write to Reg: 0x17 Val: 0x10010010
In clock cycle: 937
Register Write to Reg: 0x11 Val: 0x00000004
In clock cycle: 944
Register Write to Reg: 0x00 Val: 0x00000000
In clock cycle: 945
Register Write to Reg: 0x08 Val: 0x00000002
In clock cycle: 946
Register Write to Reg: 0x09 Val: 0x00000000
In clock cycle: 949
Register Write to Reg: 0x01 Val: 0x00000001
In clock cycle: 955
Register Write to Reg: 0x00 Val: 0x00000000
In clock cycle: 956
Register Write to Reg: 0x10 Val: 0x00000001
In clock cycle: 956
Memory Write to Addr: 0x10010014 Val: 0x00000002
In clock cycle: 957
Memory Write to Addr: 0x10010010 Val: 0x00000000
In clock cycle: 959
Register Write to Reg: 0x17 Val: 0x10010014
In clock cycle: 960
Register Write to Reg: 0x11 Val: 0x00000005
In clock cycle: 967
Register Write to Reg: 0x00 Val: 0x00000000
In clock cycle: 968
Register Write to Reg: 0x08 Val: 0x00000002
In clock cycle: 969
Register Write to Reg: 0x09 Val: 0x00000003
In clock cycle: 972
Register Write to Reg: 0x01 Val: 0x00000000
In clock cycle: 979
Register Write to Reg: 0x00 Val: 0x00000000
In clock cycle: 980
Register Write to Reg: 0x17 Val: 0x10010018
In clock cycle: 981
Register Write to Reg: 0x11 Val: 0x00000006
In clock cycle: 988
Register Write to Reg: 0x00 Val: 0x00000000
In clock cycle: 989
Register Write to Reg: 0x08 Val: 0x00000003
In clock cycle: 990
Register Write to Reg: 0x09 Val: 0x00000003
In clock cycle: 993
Register Write to Reg: 0x01 Val: 0x00000000
In clock cycle: 1000
Register Write to Reg: 0x00 Val: 0x00000000
In clock cycle: 1001
Register Write to Reg: 0x17 Val: 0x1001001C
In clock cycle: 1002
Register Write to Reg: 0x11 Val: 0x00000007
In clock cycle: 1009
Register Write to Reg: 0x00 Val: 0x00000000
In clock cycle: 1010
Register Write to Reg: 0x08 Val: 0x00000003
In clock cycle: 1011
Register Write to Reg: 0x09 Val: 0x00000036
In clock cycle: 1014
Register Write to Reg: 0x01 Val: 0x00000000
In clock cycle: 1021
Register Write to Reg: 0x00 Val: 0x00000000
In clock cycle: 1022
Register Write to Reg: 0x17 Val: 0x10010020
In clock cycle: 1023
Register Write to Reg: 0x11 Val: 0x00000008
In clock cycle: 1030
Register Write to Reg: 0x00 Val: 0x00000000
In clock cycle: 1031
Register Write to Reg: 0x08 Val: 0x00000036
In clock cycle: 1032
Register Write to Reg: 0x09 Val: 0x00000100
In clock cycle: 1035
Register Write to Reg: 0x01 Val: 0x00000000
In clock cycle: 1042
Register Write to Reg: 0x00 Val: 0x00000000
In clock cycle: 1043
Register Write to Reg: 0x17 Val: 0x10010024
In clock cycle: 1044
Register Write to Reg: 0x11 Val: 0x00000009
In clock cycle: 1050
Register Write to Reg: 0x00 Val: 0x00000000
In clock cycle: 1051
Register Write to Reg: 0x11 Val: 0x00000000
In clock cycle: 1052
Register Write to Reg: 0x01 Val: 0x00000000
In clock cycle: 1056
Register Write to Reg: 0x10 Val: 0x00000000
In clock cycle: 1057
Register Write to Reg: 0x01 Val: 0x10010000
In clock cycle: 1060
Register Write to Reg: 0x17 Val: 0x10010000
In clock cycle: 1063
Register Write to Reg: 0x08 Val: 0xFFFFFFFF
In clock cycle: 1064
Register Write to Reg: 0x09 Val: 0x00000000
In clock cycle: 1067
Register Write to Reg: 0x01 Val: 0x00000000
In clock cycle: 1074
Register Write to Reg: 0x00 Val: 0x00000000
In clock cycle: 1075
Register Write to Reg: 0x17 Val: 0x10010004
In clock cycle: 1076
Register Write to Reg: 0x11 Val: 0x00000001
In clock cycle: 1083
Register Write to Reg: 0x00 Val: 0x00000000
In clock cycle: 1084
Register Write to Reg: 0x08 Val: 0x00000000
In clock cycle: 1085
Register Write to Reg: 0x09 Val: 0x00000000
In clock cycle: 1088
Register Write to Reg: 0x01 Val: 0x00000000
In clock cycle: 1095
Register Write to Reg: 0x00 Val: 0x00000000
In clock cycle: 1096
Register Write to Reg: 0x17 Val: 0x10010008
In clock cycle: 1097
Register Write to Reg: 0x11 Val: 0x00000002
In clock cycle: 1104
Register Write to Reg: 0x00 Val: 0x00000000
In clock cycle: 1105
Register Write to Reg: 0x08 Val: 0x00000000
In clock cycle: 1106
Register Write to Reg: 0x09 Val: 0xFFFFFFFD
In clock cycle: 1109
Register Write to Reg: 0x01 Val: 0x00000001
In clock cycle: 1115
Register Write to Reg: 0x00 Val: 0x00000000
In clock cycle: 1116
Register Write to Reg: 0x10 Val: 0x00000001
In clock cycle: 1116
Memory Write to Addr: 0x1001000C Val: 0x00000000
In clock cycle: 1117
Memory Write to Addr: 0x10010008 Val: 0xFFFFFFFD
In clock cycle: 1119
Register Write to Reg: 0x17 Val: 0x1001000C
In clock cycle: 1120
Register Write to Reg: 0x11 Val: 0x00000003
In clock cycle: 1127
Register Write to Reg: 0x00 Val: 0x00000000
In clock cycle: 1128
Register Write to Reg: 0x08 Val: 0x00000000
In clock cycle: 1129
Register Write to Reg: 0x09 Val: 0x00000000
In clock cycle: 1132
Register Write to Reg: 0x01 Val: 0x00000000
In clock cycle: 1139
Register Write to Reg: 0x00 Val: 0x00000000
In clock cycle: 1140
Register Write to Reg: 0x17 Val: 0x10010010
In clock cycle: 1141
Register Write to Reg: 0x11 Val: 0x00000004
In clock cycle: 1148
Register Write to Reg: 0x00 Val: 0x00000000
In clock cycle: 1149
Register Write to Reg: 0x08 Val: 0x00000000
In clock cycle: 1150
Register Write to Reg: 0x09 Val: 0x00000002
In clock cycle: 1153
Register Write to Reg: 0x01 Val: 0x00000000
In clock cycle: 1160
Register Write to Reg: 0x00 Val: 0x00000000
In clock cycle: 1161
Register Write to Reg: 0x17 Val: 0x10010014
In clock cycle: 1162
Register Write to Reg: 0x11 Val: 0x00000005
In clock cycle: 1169
Register Write to Reg: 0x00 Val: 0x00000000
In clock cycle: 1170
Register Write to Reg: 0x08 Val: 0x00000002
In clock cycle: 1171
Register Write to Reg: 0x09 Val: 0x00000003
In clock cycle: 1174
Register Write to Reg: 0x01 Val: 0x00000000
In clock cycle: 1181
Register Write to Reg: 0x00 Val: 0x00000000
In clock cycle: 1182
Register Write to Reg: 0x17 Val: 0x10010018
In clock cycle: 1183
Register Write to Reg: 0x11 Val: 0x00000006
In clock cycle: 1190
Register Write to Reg: 0x00 Val: 0x00000000
In clock cycle: 1191
Register Write to Reg: 0x08 Val: 0x00000003
In clock cycle: 1192
Register Write to Reg: 0x09 Val: 0x00000003
In clock cycle: 1195
Register Write to Reg: 0x01 Val: 0x00000000
In clock cycle: 1202
Register Write to Reg: 0x00 Val: 0x00000000
In clock cycle: 1203
Register Write to Reg: 0x17 Val: 0x1001001C
In clock cycle: 1204
Register Write to Reg: 0x11 Val: 0x00000007
In clock cycle: 1211
Register Write to Reg: 0x00 Val: 0x00000000
In clock cycle: 1212
Register Write to Reg: 0x08 Val: 0x00000003
In clock cycle: 1213
Register Write to Reg: 0x09 Val: 0x00000036
In clock cycle: 1216
Register Write to Reg: 0x01 Val: 0x00000000
In clock cycle: 1223
Register Write to Reg: 0x00 Val: 0x00000000
In clock cycle: 1224
Register Write to Reg: 0x17 Val: 0x10010020
In clock cycle: 1225
Register Write to Reg: 0x11 Val: 0x00000008
In clock cycle: 1232
Register Write to Reg: 0x00 Val: 0x00000000
In clock cycle: 1233
Register Write to Reg: 0x08 Val: 0x00000036
In clock cycle: 1234
Register Write to Reg: 0x09 Val: 0x00000100
In clock cycle: 1237
Register Write to Reg: 0x01 Val: 0x00000000
In clock cycle: 1244
Register Write to Reg: 0x00 Val: 0x00000000
In clock cycle: 1245
Register Write to Reg: 0x17 Val: 0x10010024
In clock cycle: 1246
Register Write to Reg: 0x11 Val: 0x00000009
In clock cycle: 1252
Register Write to Reg: 0x00 Val: 0x00000000
In clock cycle: 1253
Register Write to Reg: 0x11 Val: 0x00000000
In clock cycle: 1254
Register Write to Reg: 0x01 Val: 0x00000000
In clock cycle: 1258
Register Write to Reg: 0x10 Val: 0x00000000
In clock cycle: 1259
Register Write to Reg: 0x01 Val: 0x10010000
In clock cycle: 1262
Register Write to Reg: 0x17 Val: 0x10010000
In clock cycle: 1265
Register Write to Reg: 0x08 Val: 0xFFFFFFFF
In clock cycle: 1266
Register Write to Reg: 0x09 Val: 0x00000000
In clock cycle: 1269
Register Write to Reg: 0x01 Val: 0x00000000
In clock cycle: 1276
Register Write to Reg: 0x00 Val: 0x00000000
In clock cycle: 1277
Register Write to Reg: 0x17 Val: 0x10010004
In clock cycle: 1278
Register Write to Reg: 0x11 Val: 0x00000001
In clock cycle: 1285
Register Write to Reg: 0x00 Val: 0x00000000
In clock cycle: 1286
Register Write to Reg: 0x08 Val: 0x00000000
In clock cycle: 1287
Register Write to Reg: 0x09 Val: 0xFFFFFFFD
In clock cycle: 1290
Register Write to Reg: 0x01 Val: 0x00000001
In clock cycle: 1296
Register Write to Reg: 0x00 Val: 0x00000000
In clock cycle: 1297
Register Write to Reg: 0x10 Val: 0x00000001
In clock cycle: 1297
Memory Write to Addr: 0x10010008 Val: 0x00000000
In clock cycle: 1298
Memory Write to Addr: 0x10010004 Val: 0xFFFFFFFD
In clock cycle: 1300
Register Write to Reg: 0x17 Val: 0x10010008
In clock cycle: 1301
Register Write to Reg: 0x11 Val: 0x00000002
In clock cycle: 1308
Register Write to Reg: 0x00 Val: 0x00000000
In clock cycle: 1309
Register Write to Reg: 0x08 Val: 0x00000000
In clock cycle: 1310
Register Write to Reg: 0x09 Val: 0x00000000
In clock cycle: 1313
Register Write to Reg: 0x01 Val: 0x00000000
In clock cycle: 1320
Register Write to Reg: 0x00 Val: 0x00000000
In clock cycle: 1321
Register Write to Reg: 0x17 Val: 0x1001000C
In clock cycle: 1322
Register Write to Reg: 0x11 Val: 0x00000003
In clock cycle: 1329
Register Write to Reg: 0x00 Val: 0x00000000
In clock cycle: 1330
Register Write to Reg: 0x08 Val: 0x00000000
In clock cycle: 1331
Register Write to Reg: 0x09 Val: 0x00000000
In clock cycle: 1334
Register Write to Reg: 0x01 Val: 0x00000000
In clock cycle: 1341
Register Write to Reg: 0x00 Val: 0x00000000
In clock cycle: 1342
Register Write to Reg: 0x17 Val: 0x10010010
In clock cycle: 1343
Register Write to Reg: 0x11 Val: 0x00000004
In clock cycle: 1350
Register Write to Reg: 0x00 Val: 0x00000000
In clock cycle: 1351
Register Write to Reg: 0x08 Val: 0x00000000
In clock cycle: 1352
Register Write to Reg: 0x09 Val: 0x00000002
In clock cycle: 1355
Register Write to Reg: 0x01 Val: 0x00000000
In clock cycle: 1362
Register Write to Reg: 0x00 Val: 0x00000000
In clock cycle: 1363
Register Write to Reg: 0x17 Val: 0x10010014
In clock cycle: 1364
Register Write to Reg: 0x11 Val: 0x00000005
In clock cycle: 1371
Register Write to Reg: 0x00 Val: 0x00000000
In clock cycle: 1372
Register Write to Reg: 0x08 Val: 0x00000002
In clock cycle: 1373
Register Write to Reg: 0x09 Val: 0x00000003
In clock cycle: 1376
Register Write to Reg: 0x01 Val: 0x00000000
In clock cycle: 1383
Register Write to Reg: 0x00 Val: 0x00000000
In clock cycle: 1384
Register Write to Reg: 0x17 Val: 0x10010018
In clock cycle: 1385
Register Write to Reg: 0x11 Val: 0x00000006
In clock cycle: 1392
Register Write to Reg: 0x00 Val: 0x00000000
In clock cycle: 1393
Register Write to Reg: 0x08 Val: 0x00000003
In clock cycle: 1394
Register Write to Reg: 0x09 Val: 0x00000003
In clock cycle: 1397
Register Write to Reg: 0x01 Val: 0x00000000
In clock cycle: 1404
Register Write to Reg: 0x00 Val: 0x00000000
In clock cycle: 1405
Register Write to Reg: 0x17 Val: 0x1001001C
In clock cycle: 1406
Register Write to Reg: 0x11 Val: 0x00000007
In clock cycle: 1413
Register Write to Reg: 0x00 Val: 0x00000000
In clock cycle: 1414
Register Write to Reg: 0x08 Val: 0x00000003
In clock cycle: 1415
Register Write to Reg: 0x09 Val: 0x00000036
In clock cycle: 1418
Register Write to Reg: 0x01 Val: 0x00000000
In clock cycle: 1425
Register Write to Reg: 0x00 Val: 0x00000000
In clock cycle: 1426
Register Write to Reg: 0x17 Val: 0x10010020
In clock cycle: 1427
Register Write to Reg: 0x11 Val: 0x00000008
In clock cycle: 1434
Register Write to Reg: 0x00 Val: 0x00000000
In clock cycle: 1435
Register Write to Reg: 0x08 Val: 0x00000036
In clock cycle: 1436
Register Write to Reg: 0x09 Val: 0x00000100
In clock cycle: 1439
Register Write to Reg: 0x01 Val: 0x00000000
In clock cycle: 1446
Register Write to Reg: 0x00 Val: 0x00000000
In clock cycle: 1447
Register Write to Reg: 0x17 Val: 0x10010024
In clock cycle: 1448
Register Write to Reg: 0x11 Val: 0x00000009
In clock cycle: 1454
Register Write to Reg: 0x00 Val: 0x00000000
In clock cycle: 1455
Register Write to Reg: 0x11 Val: 0x00000000
In clock cycle: 1456
Register Write to Reg: 0x01 Val: 0x00000000
In clock cycle: 1460
Register Write to Reg: 0x10 Val: 0x00000000
In clock cycle: 1461
Register Write to Reg: 0x01 Val: 0x10010000
In clock cycle: 1464
Register Write to Reg: 0x17 Val: 0x10010000
In clock cycle: 1467
Register Write to Reg: 0x08 Val: 0xFFFFFFFF
In clock cycle: 1468
Register Write to Reg: 0x09 Val: 0xFFFFFFFD
In clock cycle: 1471
Register Write to Reg: 0x01 Val: 0x00000001
In clock cycle: 1477
Register Write to Reg: 0x00 Val: 0x00000000
In clock cycle: 1478
Register Write to Reg: 0x10 Val: 0x00000001
In clock cycle: 1478
Memory Write to Addr: 0x10010004 Val: 0xFFFFFFFF
In clock cycle: 1479
Memory Write to Addr: 0x10010000 Val: 0xFFFFFFFD
In clock cycle: 1481
Register Write to Reg: 0x17 Val: 0x10010004
In clock cycle: 1482
Register Write to Reg: 0x11 Val: 0x00000001
In clock cycle: 1489
Register Write to Reg: 0x00 Val: 0x00000000
In clock cycle: 1490
Register Write to Reg: 0x08 Val: 0xFFFFFFFF
In clock cycle: 1491
Register Write to Reg: 0x09 Val: 0x00000000
In clock cycle: 1494
Register Write to Reg: 0x01 Val: 0x00000000
In clock cycle: 1501
Register Write to Reg: 0x00 Val: 0x00000000
In clock cycle: 1502
Register Write to Reg: 0x17 Val: 0x10010008
In clock cycle: 1503
Register Write to Reg: 0x11 Val: 0x00000002
In clock cycle: 1510
Register Write to Reg: 0x00 Val: 0x00000000
In clock cycle: 1511
Register Write to Reg: 0x08 Val: 0x00000000
In clock cycle: 1512
Register Write to Reg: 0x09 Val: 0x00000000
In clock cycle: 1515
Register Write to Reg: 0x01 Val: 0x00000000
In clock cycle: 1522
Register Write to Reg: 0x00 Val: 0x00000000
In clock cycle: 1523
Register Write to Reg: 0x17 Val: 0x1001000C
In clock cycle: 1524
Register Write to Reg: 0x11 Val: 0x00000003
In clock cycle: 1531
Register Write to Reg: 0x00 Val: 0x00000000
In clock cycle: 1532
Register Write to Reg: 0x08 Val: 0x00000000
In clock cycle: 1533
Register Write to Reg: 0x09 Val: 0x00000000
In clock cycle: 1536
Register Write to Reg: 0x01 Val: 0x00000000
In clock cycle: 1543
Register Write to Reg: 0x00 Val: 0x00000000
In clock cycle: 1544
Register Write to Reg: 0x17 Val: 0x10010010
In clock cycle: 1545
Register Write to Reg: 0x11 Val: 0x00000004
In clock cycle: 1552
Register Write to Reg: 0x00 Val: 0x00000000
In clock cycle: 1553
Register Write to Reg: 0x08 Val: 0x00000000
In clock cycle: 1554
Register Write to Reg: 0x09 Val: 0x00000002
In clock cycle: 1557
Register Write to Reg: 0x01 Val: 0x00000000
In clock cycle: 1564
Register Write to Reg: 0x00 Val: 0x00000000
In clock cycle: 1565
Register Write to Reg: 0x17 Val: 0x10010014
In clock cycle: 1566
Register Write to Reg: 0x11 Val: 0x00000005
In clock cycle: 1573
Register Write to Reg: 0x00 Val: 0x00000000
In clock cycle: 1574
Register Write to Reg: 0x08 Val: 0x00000002
In clock cycle: 1575
Register Write to Reg: 0x09 Val: 0x00000003
In clock cycle: 1578
Register Write to Reg: 0x01 Val: 0x00000000
In clock cycle: 1585
Register Write to Reg: 0x00 Val: 0x00000000
In clock cycle: 1586
Register Write to Reg: 0x17 Val: 0x10010018
In clock cycle: 1587
Register Write to Reg: 0x11 Val: 0x00000006
In clock cycle: 1594
Register Write to Reg: 0x00 Val: 0x00000000
In clock cycle: 1595
Register Write to Reg: 0x08 Val: 0x00000003
In clock cycle: 1596
Register Write to Reg: 0x09 Val: 0x00000003
In clock cycle: 1599
Register Write to Reg: 0x01 Val: 0x00000000
In clock cycle: 1606
Register Write to Reg: 0x00 Val: 0x00000000
In clock cycle: 1607
Register Write to Reg: 0x17 Val: 0x1001001C
In clock cycle: 1608
Register Write to Reg: 0x11 Val: 0x00000007
In clock cycle: 1615
Register Write to Reg: 0x00 Val: 0x00000000
In clock cycle: 1616
Register Write to Reg: 0x08 Val: 0x00000003
In clock cycle: 1617
Register Write to Reg: 0x09 Val: 0x00000036
In clock cycle: 1620
Register Write to Reg: 0x01 Val: 0x00000000
In clock cycle: 1627
Register Write to Reg: 0x00 Val: 0x00000000
In clock cycle: 1628
Register Write to Reg: 0x17 Val: 0x10010020
In clock cycle: 1629
Register Write to Reg: 0x11 Val: 0x00000008
In clock cycle: 1636
Register Write to Reg: 0x00 Val: 0x00000000
In clock cycle: 1637
Register Write to Reg: 0x08 Val: 0x00000036
In clock cycle: 1638
Register Write to Reg: 0x09 Val: 0x00000100
In clock cycle: 1641
Register Write to Reg: 0x01 Val: 0x00000000
In clock cycle: 1648
Register Write to Reg: 0x00 Val: 0x00000000
In clock cycle: 1649
Register Write to Reg: 0x17 Val: 0x10010024
In clock cycle: 1650
Register Write to Reg: 0x11 Val: 0x00000009
In clock cycle: 1656
Register Write to Reg: 0x00 Val: 0x00000000
In clock cycle: 1657
Register Write to Reg: 0x11 Val: 0x00000000
In clock cycle: 1658
Register Write to Reg: 0x01 Val: 0x00000000
In clock cycle: 1662
Register Write to Reg: 0x10 Val: 0x00000000
In clock cycle: 1663
Register Write to Reg: 0x01 Val: 0x10010000
In clock cycle: 1666
Register Write to Reg: 0x17 Val: 0x10010000
In clock cycle: 1669
Register Write to Reg: 0x08 Val: 0xFFFFFFFD
In clock cycle: 1670
Register Write to Reg: 0x09 Val: 0xFFFFFFFF
In clock cycle: 1673
Register Write to Reg: 0x01 Val: 0x00000000
In clock cycle: 1680
Register Write to Reg: 0x00 Val: 0x00000000
In clock cycle: 1681
Register Write to Reg: 0x17 Val: 0x10010004
In clock cycle: 1682
Register Write to Reg: 0x11 Val: 0x00000001
In clock cycle: 1689
Register Write to Reg: 0x00 Val: 0x00000000
In clock cycle: 1690
Register Write to Reg: 0x08 Val: 0xFFFFFFFF
In clock cycle: 1691
Register Write to Reg: 0x09 Val: 0x00000000
In clock cycle: 1694
Register Write to Reg: 0x01 Val: 0x00000000
In clock cycle: 1701
Register Write to Reg: 0x00 Val: 0x00000000
In clock cycle: 1702
Register Write to Reg: 0x17 Val: 0x10010008
In clock cycle: 1703
Register Write to Reg: 0x11 Val: 0x00000002
In clock cycle: 1710
Register Write to Reg: 0x00 Val: 0x00000000
In clock cycle: 1711
Register Write to Reg: 0x08 Val: 0x00000000
In clock cycle: 1712
Register Write to Reg: 0x09 Val: 0x00000000
In clock cycle: 1715
Register Write to Reg: 0x01 Val: 0x00000000
In clock cycle: 1722
Register Write to Reg: 0x00 Val: 0x00000000
In clock cycle: 1723
Register Write to Reg: 0x17 Val: 0x1001000C
In clock cycle: 1724
Register Write to Reg: 0x11 Val: 0x00000003
In clock cycle: 1731
Register Write to Reg: 0x00 Val: 0x00000000
In clock cycle: 1732
Register Write to Reg: 0x08 Val: 0x00000000
In clock cycle: 1733
Register Write to Reg: 0x09 Val: 0x00000000
In clock cycle: 1736
Register Write to Reg: 0x01 Val: 0x00000000
In clock cycle: 1743
Register Write to Reg: 0x00 Val: 0x00000000
In clock cycle: 1744
Register Write to Reg: 0x17 Val: 0x10010010
In clock cycle: 1745
Register Write to Reg: 0x11 Val: 0x00000004
In clock cycle: 1752
Register Write to Reg: 0x00 Val: 0x00000000
In clock cycle: 1753
Register Write to Reg: 0x08 Val: 0x00000000
In clock cycle: 1754
Register Write to Reg: 0x09 Val: 0x00000002
In clock cycle: 1757
Register Write to Reg: 0x01 Val: 0x00000000
In clock cycle: 1764
Register Write to Reg: 0x00 Val: 0x00000000
In clock cycle: 1765
Register Write to Reg: 0x17 Val: 0x10010014
In clock cycle: 1766
Register Write to Reg: 0x11 Val: 0x00000005
In clock cycle: 1773
Register Write to Reg: 0x00 Val: 0x00000000
In clock cycle: 1774
Register Write to Reg: 0x08 Val: 0x00000002
In clock cycle: 1775
Register Write to Reg: 0x09 Val: 0x00000003
In clock cycle: 1778
Register Write to Reg: 0x01 Val: 0x00000000
In clock cycle: 1785
Register Write to Reg: 0x00 Val: 0x00000000
In clock cycle: 1786
Register Write to Reg: 0x17 Val: 0x10010018
In clock cycle: 1787
Register Write to Reg: 0x11 Val: 0x00000006
In clock cycle: 1794
Register Write to Reg: 0x00 Val: 0x00000000
In clock cycle: 1795
Register Write to Reg: 0x08 Val: 0x00000003
In clock cycle: 1796
Register Write to Reg: 0x09 Val: 0x00000003
In clock cycle: 1799
Register Write to Reg: 0x01 Val: 0x00000000
In clock cycle: 1806
Register Write to Reg: 0x00 Val: 0x00000000
In clock cycle: 1807
Register Write to Reg: 0x17 Val: 0x1001001C
In clock cycle: 1808
Register Write to Reg: 0x11 Val: 0x00000007
In clock cycle: 1815
Register Write to Reg: 0x00 Val: 0x00000000
In clock cycle: 1816
Register Write to Reg: 0x08 Val: 0x00000003
In clock cycle: 1817
Register Write to Reg: 0x09 Val: 0x00000036
In clock cycle: 1820
Register Write to Reg: 0x01 Val: 0x00000000
In clock cycle: 1827
Register Write to Reg: 0x00 Val: 0x00000000
In clock cycle: 1828
Register Write to Reg: 0x17 Val: 0x10010020
In clock cycle: 1829
Register Write to Reg: 0x11 Val: 0x00000008
In clock cycle: 1836
Register Write to Reg: 0x00 Val: 0x00000000
In clock cycle: 1837
Register Write to Reg: 0x08 Val: 0x00000036
In clock cycle: 1838
Register Write to Reg: 0x09 Val: 0x00000100
In clock cycle: 1841
Register Write to Reg: 0x01 Val: 0x00000000
In clock cycle: 1848
Register Write to Reg: 0x00 Val: 0x00000000
In clock cycle: 1849
Register Write to Reg: 0x17 Val: 0x10010024
In clock cycle: 1850
Register Write to Reg: 0x11 Val: 0x00000009
In clock cycle: 1856
Register Write to Reg: 0x00 Val: 0x00000000
In clock cycle: 1857
Register Write to Reg: 0x11 Val: 0x00000000
In clock cycle: 1858
Register Write to Reg: 0x01 Val: 0x00000000
In clock cycle: 1864
Register Write to Reg: 0x00 Val: 0x00000000
Execution is stopping! Clock Cycle: 1865
