QuestaSim-64 vcom 2023.2_2 Compiler 2023.06 Jun  9 2023
Start time: 15:59:56 on Apr 25,2024
vcom -2008 -work internal/ModelSimContainer/work proj/src/MIPS_types.vhd internal/testpy/tb.vhd proj/src/norg_N.vhd proj/src/dffg_N.vhd proj/src/AdderSubtractor.vhd proj/src/RippleCarryAdder.vhd proj/src/org2.vhd proj/src/dffg.vhd proj/src/xorg_N.vhd proj/src/mux2t1_N.vhd proj/src/xorg2.vhd proj/src/HazardDetectionUnit.vhd proj/src/WordShifter.vhd proj/src/ControlDecoderLogic.vhd proj/src/extender16t32.vhd proj/src/WordDecoder.vhd proj/src/mux32t1.vhd proj/src/mux2t1.vhd proj/src/MIPS_types.vhd proj/src/Shifter.vhd proj/src/OnesComplementor.vhd proj/src/Controller.vhd proj/src/ID_EX_pipe.vhd proj/src/org_N.vhd proj/src/reg.vhd proj/src/pc_dffg.vhd proj/src/ByteShifter.vhd proj/src/IF_ID_pipe.vhd proj/src/ByteDecoder.vhd proj/src/andg_N.vhd proj/src/andg2.vhd proj/src/decoder5_32.vhd proj/src/Adder.vhd proj/src/BarrelShifter.vhd proj/src/ALU.vhd proj/src/mux4t1_N.vhd proj/src/mux8t1_N.vhd proj/src/MEM_WB_pipe.vhd proj/src/invg.vhd proj/src/EX_MEM_pipe.vhd proj/src/TopLevel/mem.vhd proj/src/TopLevel/MIPS_Processor.vhd 
-- Loading package STANDARD
-- Loading package TEXTIO
-- Loading package std_logic_1164
-- Compiling package MIPS_types
-- Compiling package body MIPS_types
-- Loading package MIPS_types
-- Loading package std_logic_textio
-- Loading package ENV
-- Compiling entity tb
-- Compiling architecture mixed of tb
-- Compiling entity norg_N
-- Compiling architecture structure of norg_N
-- Compiling entity dffg_N
-- Compiling architecture structural of dffg_N
-- Compiling entity AdderSubtractor
-- Compiling architecture Structural of AdderSubtractor
-- Compiling entity RippleCarryAdder
-- Compiling architecture Structural of RippleCarryAdder
-- Compiling entity org2
-- Compiling architecture dataflow of org2
-- Compiling entity dffg
-- Compiling architecture mixed of dffg
-- Compiling entity xorg_N
-- Compiling architecture structure of xorg_N
-- Compiling entity mux2t1_N
-- Compiling architecture structural of mux2t1_N
-- Compiling entity xorg2
-- Compiling architecture dataflow of xorg2
-- Compiling entity HazardDetectionUnit
-- Compiling architecture mixed of HazardDetectionUnit
** Warning: proj/src/HazardDetectionUnit.vhd(48): (vcom-1083) Implicit array operator "=" always returns FALSE (left length 5 is not equal to right length 8).
** Warning: proj/src/HazardDetectionUnit.vhd(48): (vcom-1083) Implicit array operator "=" always returns FALSE (left length 5 is not equal to right length 8).
-- Loading package std_logic_arith
-- Loading package STD_LOGIC_UNSIGNED
-- Compiling entity WordShifter
-- Compiling architecture behavior of WordShifter
-- Compiling entity ControlDecoderLogic
-- Compiling architecture sel_when of ControlDecoderLogic
-- Compiling entity extender16t32
-- Compiling architecture dataflow of extender16t32
-- Compiling entity WordDecoder
-- Compiling architecture Behavioral of WordDecoder
-- Loading package MIPS_types
-- Loading package NUMERIC_STD
-- Compiling entity mux32t1
-- Compiling architecture dataflow of mux32t1
-- Compiling entity mux2t1
-- Compiling architecture structure of mux2t1
** Warning: proj/src/MIPS_types.vhd(15): (vcom-1615) Existing package 'MIPS_types' at line 15 will be overwritten.
-- Compiling package MIPS_types
** Warning: proj/src/MIPS_types.vhd(31): (vcom-1615) Existing package body 'MIPS_types(body)' at line 31 will be overwritten.
-- Compiling package body MIPS_types
-- Loading package MIPS_types
-- Compiling entity Shifter
-- Compiling architecture behavior of Shifter
-- Compiling entity OnesComplementor
-- Compiling architecture Structural of OnesComplementor
-- Compiling entity Controller
-- Compiling architecture structure of Controller
-- Compiling entity ID_EX_pipe
-- Compiling architecture mixed of ID_EX_pipe
-- Compiling entity org_N
-- Compiling architecture structure of org_N
-- Loading package MIPS_types
-- Compiling entity reg
-- Compiling architecture structural of reg
-- Compiling entity pc_dffg
-- Compiling architecture mixed of pc_dffg
-- Compiling entity ByteShifter
-- Compiling architecture behavior of ByteShifter
-- Compiling entity IF_ID_pipe
-- Compiling architecture mixed of IF_ID_pipe
-- Compiling entity ByteDecoder
-- Compiling architecture Behavioral of ByteDecoder
-- Compiling entity andg_N
-- Compiling architecture structure of andg_N
-- Compiling entity andg2
-- Compiling architecture dataflow of andg2
-- Compiling entity decoder5_32
-- Compiling architecture mixed of decoder5_32
-- Compiling entity Adder
-- Compiling architecture structure of Adder
-- Compiling entity BarrelShifter
-- Compiling architecture behavior of BarrelShifter
-- Compiling entity ALU
-- Compiling architecture mixed of ALU
-- Compiling entity mux4t1_N
-- Compiling architecture Dataflow of mux4t1_N
-- Compiling entity mux8t1_N
-- Compiling architecture Dataflow of mux8t1_N
-- Compiling entity MEM_WB_pipe
-- Compiling architecture mixed of MEM_WB_pipe
-- Compiling entity invg
-- Compiling architecture dataflow of invg
-- Compiling entity EX_MEM_pipe
-- Compiling architecture mixed of EX_MEM_pipe
-- Compiling entity mem
-- Compiling architecture rtl of mem
-- Compiling entity MIPS_Processor
-- Compiling architecture structure of MIPS_Processor
End time: 15:59:56 on Apr 25,2024, Elapsed time: 0:00:00
Errors: 0, Warnings: 4
