In clock cycle: 2
Register Write to Reg: 0x00 Val: 0x00000000
In clock cycle: 3
Register Write to Reg: 0x00 Val: 0x00000000
In clock cycle: 4
Register Write to Reg: 0x01 Val: 0x00000000
In clock cycle: 7
Register Write to Reg: 0x01 Val: 0x0000AA1F
In clock cycle: 10
Register Write to Reg: 0x08 Val: 0x0000AA1F
In clock cycle: 11
Register Write to Reg: 0x01 Val: 0x10000000
In clock cycle: 14
Register Write to Reg: 0x01 Val: 0x10000000
In clock cycle: 16
Memory Write to Addr: 0x10000000 Val: 0x0000AA1F
In clock cycle: 18
Register Write to Reg: 0x01 Val: 0x10000000
In clock cycle: 21
Register Write to Reg: 0x01 Val: 0x10000000
In clock cycle: 24
Register Write to Reg: 0x0A Val: 0x0000001F
Execution is stopping! Clock Cycle: 25
