In clock cycle: 2
Register Write to Reg: 0x00 Val: 0x00000000
In clock cycle: 3
Register Write to Reg: 0x00 Val: 0x00000000
In clock cycle: 4
Register Write to Reg: 0x01 Val: 0xAAAA0000
In clock cycle: 7
Register Write to Reg: 0x01 Val: 0xAAAAAAAA
In clock cycle: 10
Register Write to Reg: 0x00 Val: 0xAAAAAAAA
In clock cycle: 11
Register Write to Reg: 0x01 Val: 0x55550000
In clock cycle: 14
Register Write to Reg: 0x01 Val: 0x55555555
In clock cycle: 17
Register Write to Reg: 0x11 Val: 0x55555555
In clock cycle: 20
Register Write to Reg: 0x08 Val: 0x00000000
In clock cycle: 21
Register Write to Reg: 0x01 Val: 0xAAAA0000
In clock cycle: 24
Register Write to Reg: 0x01 Val: 0xAAAAAAAA
In clock cycle: 27
Register Write to Reg: 0x12 Val: 0xAAAAAAAA
In clock cycle: 28
Register Write to Reg: 0x01 Val: 0x55550000
In clock cycle: 31
Register Write to Reg: 0x01 Val: 0x55555555
In clock cycle: 34
Register Write to Reg: 0x13 Val: 0x55555555
In clock cycle: 37
Register Write to Reg: 0x10 Val: 0x00000000
In clock cycle: 38
Register Write to Reg: 0x01 Val: 0xAAAA0000
In clock cycle: 41
Register Write to Reg: 0x01 Val: 0xAAAAAAAA
In clock cycle: 44
Register Write to Reg: 0x14 Val: 0xAAAAAAAA
In clock cycle: 45
Register Write to Reg: 0x01 Val: 0xAAAA0000
In clock cycle: 48
Register Write to Reg: 0x01 Val: 0xAAAAAAAA
In clock cycle: 51
Register Write to Reg: 0x15 Val: 0xAAAAAAAA
In clock cycle: 54
Register Write to Reg: 0x10 Val: 0xAAAAAAAA
Execution is stopping! Clock Cycle: 55
