In clock cycle: 2
Register Write to Reg: 0x00 Val: 0x00000000
In clock cycle: 3
Register Write to Reg: 0x00 Val: 0x00000000
In clock cycle: 4
Register Write to Reg: 0x01 Val: 0x10010000
In clock cycle: 7
Register Write to Reg: 0x08 Val: 0x0000007F
In clock cycle: 8
Register Write to Reg: 0x01 Val: 0xFFFF0000
In clock cycle: 11
Register Write to Reg: 0x01 Val: 0xFFFFFF00
In clock cycle: 14
Register Write to Reg: 0x11 Val: 0x00000000
In clock cycle: 15
Register Write to Reg: 0x01 Val: 0x10010000
In clock cycle: 18
Register Write to Reg: 0x08 Val: 0xFFFFFFFF
In clock cycle: 19
Register Write to Reg: 0x01 Val: 0xFFFF0000
In clock cycle: 22
Register Write to Reg: 0x01 Val: 0xFFFFFF00
In clock cycle: 25
Register Write to Reg: 0x12 Val: 0xFFFFFF00
In clock cycle: 26
Register Write to Reg: 0x01 Val: 0x10010000
In clock cycle: 29
Register Write to Reg: 0x13 Val: 0x00000000
Execution is stopping! Clock Cycle: 30
