In clock cycle: 2
Register Write to Reg: 0x00 Val: 0x00000000
In clock cycle: 3
Register Write to Reg: 0x00 Val: 0x00000000
In clock cycle: 4
Register Write to Reg: 0x01 Val: 0xFEDC0000
In clock cycle: 7
Register Write to Reg: 0x01 Val: 0xFEDCBA98
In clock cycle: 10
Register Write to Reg: 0x01 Val: 0xFEDCBA98
In clock cycle: 13
Register Write to Reg: 0x01 Val: 0xFEDC0000
In clock cycle: 16
Register Write to Reg: 0x01 Val: 0xFEDCBA98
In clock cycle: 19
Register Write to Reg: 0x02 Val: 0xFEDCBA98
In clock cycle: 20
Register Write to Reg: 0x01 Val: 0xFEDC0000
In clock cycle: 23
Register Write to Reg: 0x01 Val: 0xFEDCBA98
In clock cycle: 26
Register Write to Reg: 0x03 Val: 0xFEDCBA98
In clock cycle: 27
Register Write to Reg: 0x01 Val: 0xFEDC0000
In clock cycle: 30
Register Write to Reg: 0x01 Val: 0xFEDCBA98
In clock cycle: 33
Register Write to Reg: 0x04 Val: 0xFEDCBA98
In clock cycle: 34
Register Write to Reg: 0x01 Val: 0xFEDC0000
In clock cycle: 37
Register Write to Reg: 0x01 Val: 0xFEDCBA98
In clock cycle: 40
Register Write to Reg: 0x05 Val: 0xFEDCBA98
In clock cycle: 41
Register Write to Reg: 0x01 Val: 0xFEDC0000
In clock cycle: 44
Register Write to Reg: 0x01 Val: 0xFEDCBA98
In clock cycle: 47
Register Write to Reg: 0x06 Val: 0xFEDCBA98
In clock cycle: 48
Register Write to Reg: 0x01 Val: 0xFEDC0000
In clock cycle: 51
Register Write to Reg: 0x01 Val: 0xFEDCBA98
In clock cycle: 54
Register Write to Reg: 0x07 Val: 0xFEDCBA98
In clock cycle: 55
Register Write to Reg: 0x01 Val: 0xFEDC0000
In clock cycle: 58
Register Write to Reg: 0x01 Val: 0xFEDCBA98
In clock cycle: 61
Register Write to Reg: 0x08 Val: 0xFEDCBA98
In clock cycle: 62
Register Write to Reg: 0x01 Val: 0xFEDC0000
In clock cycle: 65
Register Write to Reg: 0x01 Val: 0xFEDCBA98
In clock cycle: 68
Register Write to Reg: 0x09 Val: 0xFEDCBA98
In clock cycle: 69
Register Write to Reg: 0x01 Val: 0xFEDC0000
In clock cycle: 72
Register Write to Reg: 0x01 Val: 0xFEDCBA98
In clock cycle: 75
Register Write to Reg: 0x0A Val: 0xFEDCBA98
In clock cycle: 76
Register Write to Reg: 0x01 Val: 0xFEDC0000
In clock cycle: 79
Register Write to Reg: 0x01 Val: 0xFEDCBA98
In clock cycle: 82
Register Write to Reg: 0x0B Val: 0xFEDCBA98
In clock cycle: 83
Register Write to Reg: 0x01 Val: 0xFEDC0000
In clock cycle: 86
Register Write to Reg: 0x01 Val: 0xFEDCBA98
In clock cycle: 89
Register Write to Reg: 0x0C Val: 0xFEDCBA98
In clock cycle: 90
Register Write to Reg: 0x01 Val: 0xFEDC0000
In clock cycle: 93
Register Write to Reg: 0x01 Val: 0xFEDCBA98
In clock cycle: 96
Register Write to Reg: 0x0D Val: 0xFEDCBA98
In clock cycle: 97
Register Write to Reg: 0x01 Val: 0xFEDC0000
In clock cycle: 100
Register Write to Reg: 0x01 Val: 0xFEDCBA98
In clock cycle: 103
Register Write to Reg: 0x0E Val: 0xFEDCBA98
In clock cycle: 104
Register Write to Reg: 0x01 Val: 0xFEDC0000
In clock cycle: 107
Register Write to Reg: 0x01 Val: 0xFEDCBA98
In clock cycle: 110
Register Write to Reg: 0x0F Val: 0xFEDCBA98
In clock cycle: 111
Register Write to Reg: 0x01 Val: 0xFEDC0000
In clock cycle: 114
Register Write to Reg: 0x01 Val: 0xFEDCBA98
In clock cycle: 117
Register Write to Reg: 0x10 Val: 0xFEDCBA98
In clock cycle: 118
Register Write to Reg: 0x01 Val: 0xFEDC0000
In clock cycle: 121
Register Write to Reg: 0x01 Val: 0xFEDCBA98
In clock cycle: 124
Register Write to Reg: 0x11 Val: 0xFEDCBA98
In clock cycle: 125
Register Write to Reg: 0x01 Val: 0xFEDC0000
In clock cycle: 128
Register Write to Reg: 0x01 Val: 0xFEDCBA98
In clock cycle: 131
Register Write to Reg: 0x12 Val: 0xFEDCBA98
In clock cycle: 132
Register Write to Reg: 0x01 Val: 0xFEDC0000
In clock cycle: 135
Register Write to Reg: 0x01 Val: 0xFEDCBA98
In clock cycle: 138
Register Write to Reg: 0x13 Val: 0xFEDCBA98
In clock cycle: 139
Register Write to Reg: 0x01 Val: 0xFEDC0000
In clock cycle: 142
Register Write to Reg: 0x01 Val: 0xFEDCBA98
In clock cycle: 145
Register Write to Reg: 0x14 Val: 0xFEDCBA98
In clock cycle: 146
Register Write to Reg: 0x01 Val: 0xFEDC0000
In clock cycle: 149
Register Write to Reg: 0x01 Val: 0xFEDCBA98
In clock cycle: 152
Register Write to Reg: 0x15 Val: 0xFEDCBA98
In clock cycle: 153
Register Write to Reg: 0x01 Val: 0xFEDC0000
In clock cycle: 156
Register Write to Reg: 0x01 Val: 0xFEDCBA98
In clock cycle: 159
Register Write to Reg: 0x16 Val: 0xFEDCBA98
In clock cycle: 160
Register Write to Reg: 0x01 Val: 0xFEDC0000
In clock cycle: 163
Register Write to Reg: 0x01 Val: 0xFEDCBA98
In clock cycle: 166
Register Write to Reg: 0x17 Val: 0xFEDCBA98
In clock cycle: 167
Register Write to Reg: 0x01 Val: 0xFEDC0000
In clock cycle: 170
Register Write to Reg: 0x01 Val: 0xFEDCBA98
In clock cycle: 173
Register Write to Reg: 0x18 Val: 0xFEDCBA98
In clock cycle: 174
Register Write to Reg: 0x01 Val: 0xFEDC0000
In clock cycle: 177
Register Write to Reg: 0x01 Val: 0xFEDCBA98
In clock cycle: 180
Register Write to Reg: 0x19 Val: 0xFEDCBA98
In clock cycle: 181
Register Write to Reg: 0x01 Val: 0xFEDC0000
In clock cycle: 184
Register Write to Reg: 0x01 Val: 0xFEDCBA98
In clock cycle: 187
Register Write to Reg: 0x1A Val: 0xFEDCBA98
In clock cycle: 188
Register Write to Reg: 0x01 Val: 0xFEDC0000
In clock cycle: 191
Register Write to Reg: 0x01 Val: 0xFEDCBA98
In clock cycle: 194
Register Write to Reg: 0x1B Val: 0xFEDCBA98
In clock cycle: 195
Register Write to Reg: 0x01 Val: 0xFEDC0000
In clock cycle: 198
Register Write to Reg: 0x01 Val: 0xFEDCBA98
In clock cycle: 201
Register Write to Reg: 0x1C Val: 0xFEDCBA98
In clock cycle: 202
Register Write to Reg: 0x01 Val: 0xFEDC0000
In clock cycle: 205
Register Write to Reg: 0x01 Val: 0xFEDCBA98
In clock cycle: 208
Register Write to Reg: 0x1D Val: 0xFEDCBA98
In clock cycle: 209
Register Write to Reg: 0x01 Val: 0xFEDC0000
In clock cycle: 212
Register Write to Reg: 0x01 Val: 0xFEDCBA98
In clock cycle: 215
Register Write to Reg: 0x1E Val: 0xFEDCBA98
In clock cycle: 216
Register Write to Reg: 0x01 Val: 0xFEDC0000
In clock cycle: 219
Register Write to Reg: 0x01 Val: 0xFEDCBA98
In clock cycle: 222
Register Write to Reg: 0x00 Val: 0xFEDCBA98
In clock cycle: 223
Register Write to Reg: 0x01 Val: 0xFEDC0000
In clock cycle: 226
Register Write to Reg: 0x01 Val: 0xFEDCBA98
In clock cycle: 229
Register Write to Reg: 0x01 Val: 0xFEDCBA98
In clock cycle: 232
Register Write to Reg: 0x01 Val: 0xFEDCBA98
In clock cycle: 233
Register Write to Reg: 0x02 Val: 0xFEDCBA98
In clock cycle: 234
Register Write to Reg: 0x03 Val: 0xFEDCBA98
In clock cycle: 235
Register Write to Reg: 0x04 Val: 0xFEDCBA98
In clock cycle: 236
Register Write to Reg: 0x05 Val: 0xFEDCBA98
In clock cycle: 237
Register Write to Reg: 0x06 Val: 0xFEDCBA98
In clock cycle: 238
Register Write to Reg: 0x07 Val: 0xFEDCBA98
In clock cycle: 239
Register Write to Reg: 0x08 Val: 0xFEDCBA98
In clock cycle: 240
Register Write to Reg: 0x09 Val: 0xFEDCBA98
In clock cycle: 241
Register Write to Reg: 0x0A Val: 0xFEDCBA98
In clock cycle: 242
Register Write to Reg: 0x0B Val: 0xFEDCBA98
In clock cycle: 243
Register Write to Reg: 0x0C Val: 0xFEDCBA98
In clock cycle: 244
Register Write to Reg: 0x0D Val: 0xFEDCBA98
In clock cycle: 245
Register Write to Reg: 0x0E Val: 0xFEDCBA98
In clock cycle: 246
Register Write to Reg: 0x0F Val: 0xFEDCBA98
In clock cycle: 247
Register Write to Reg: 0x10 Val: 0xFEDCBA98
In clock cycle: 248
Register Write to Reg: 0x11 Val: 0xFEDCBA98
In clock cycle: 249
Register Write to Reg: 0x12 Val: 0xFEDCBA98
In clock cycle: 250
Register Write to Reg: 0x13 Val: 0xFEDCBA98
In clock cycle: 251
Register Write to Reg: 0x14 Val: 0xFEDCBA98
In clock cycle: 252
Register Write to Reg: 0x15 Val: 0xFEDCBA98
In clock cycle: 253
Register Write to Reg: 0x16 Val: 0xFEDCBA98
In clock cycle: 254
Register Write to Reg: 0x17 Val: 0xFEDCBA98
In clock cycle: 255
Register Write to Reg: 0x18 Val: 0xFEDCBA98
In clock cycle: 256
Register Write to Reg: 0x19 Val: 0xFEDCBA98
In clock cycle: 257
Register Write to Reg: 0x1A Val: 0xFEDCBA98
In clock cycle: 258
Register Write to Reg: 0x1B Val: 0xFEDCBA98
In clock cycle: 259
Register Write to Reg: 0x1C Val: 0xFEDCBA98
In clock cycle: 260
Register Write to Reg: 0x1D Val: 0xFEDCBA98
In clock cycle: 261
Register Write to Reg: 0x1E Val: 0xFEDCBA98
In clock cycle: 262
Register Write to Reg: 0x00 Val: 0x00000000
Execution is stopping! Clock Cycle: 263
